29-Oct-2019 19:30:10.432 INFO [main] org.apache.catalina.startup.VersionLoggerListener.log 서버 버전 이름:        Apache Tomcat/9.0.27
29-Oct-2019 19:30:10.436 INFO [main] org.apache.catalina.startup.VersionLoggerListener.log Server 빌드 시각:          Oct 7 2019 09:57:22 UTC
29-Oct-2019 19:30:10.436 INFO [main] org.apache.catalina.startup.VersionLoggerListener.log Server 버전 번호:         9.0.27.0
29-Oct-2019 19:30:10.436 INFO [main] org.apache.catalina.startup.VersionLoggerListener.log 운영체제 이름:               Windows 10
29-Oct-2019 19:30:10.436 INFO [main] org.apache.catalina.startup.VersionLoggerListener.log 운영체제 버전:            10.0
29-Oct-2019 19:30:10.440 INFO [main] org.apache.catalina.startup.VersionLoggerListener.log 아키텍처:          amd64
29-Oct-2019 19:30:10.440 INFO [main] org.apache.catalina.startup.VersionLoggerListener.log 자바 홈:             C:\Program Files\Java\jdk-13.0.1
29-Oct-2019 19:30:10.440 INFO [main] org.apache.catalina.startup.VersionLoggerListener.log JVM 버전:           13.0.1+9
29-Oct-2019 19:30:10.440 INFO [main] org.apache.catalina.startup.VersionLoggerListener.log JVM 벤더:            Oracle Corporation
29-Oct-2019 19:30:10.440 INFO [main] org.apache.catalina.startup.VersionLoggerListener.log CATALINA_BASE:         C:\Users\MSK10\OneDrive\html\apache-tomcat-9.0.27
29-Oct-2019 19:30:10.440 INFO [main] org.apache.catalina.startup.VersionLoggerListener.log CATALINA_HOME:         C:\Users\MSK10\OneDrive\html\apache-tomcat-9.0.27
29-Oct-2019 19:30:10.464 INFO [main] org.apache.catalina.startup.VersionLoggerListener.log 명령 행 아규먼트: --add-opens=java.base/java.lang=ALL-UNNAMED
29-Oct-2019 19:30:10.468 INFO [main] org.apache.catalina.startup.VersionLoggerListener.log 명령 행 아규먼트: --add-opens=java.base/java.io=ALL-UNNAMED
29-Oct-2019 19:30:10.468 INFO [main] org.apache.catalina.startup.VersionLoggerListener.log 명령 행 아규먼트: --add-opens=java.rmi/sun.rmi.transport=ALL-UNNAMED
29-Oct-2019 19:30:10.468 INFO [main] org.apache.catalina.startup.VersionLoggerListener.log 명령 행 아규먼트: -Djava.util.logging.config.file=C:\Users\MSK10\OneDrive\html\apache-tomcat-9.0.27\conf\logging.properties
29-Oct-2019 19:30:10.468 INFO [main] org.apache.catalina.startup.VersionLoggerListener.log 명령 행 아규먼트: -Djava.util.logging.manager=org.apache.juli.ClassLoaderLogManager
29-Oct-2019 19:30:10.468 INFO [main] org.apache.catalina.startup.VersionLoggerListener.log 명령 행 아규먼트: -Djdk.tls.ephemeralDHKeySize=2048
29-Oct-2019 19:30:10.468 INFO [main] org.apache.catalina.startup.VersionLoggerListener.log 명령 행 아규먼트: -Djava.protocol.handler.pkgs=org.apache.catalina.webresources
29-Oct-2019 19:30:10.472 INFO [main] org.apache.catalina.startup.VersionLoggerListener.log 명령 행 아규먼트: -Dignore.endorsed.dirs=
29-Oct-2019 19:30:10.472 INFO [main] org.apache.catalina.startup.VersionLoggerListener.log 명령 행 아규먼트: -Dcatalina.base=C:\Users\MSK10\OneDrive\html\apache-tomcat-9.0.27
29-Oct-2019 19:30:10.472 INFO [main] org.apache.catalina.startup.VersionLoggerListener.log 명령 행 아규먼트: -Dcatalina.home=C:\Users\MSK10\OneDrive\html\apache-tomcat-9.0.27
29-Oct-2019 19:30:10.472 INFO [main] org.apache.catalina.startup.VersionLoggerListener.log 명령 행 아규먼트: -Djava.io.tmpdir=C:\Users\MSK10\OneDrive\html\apache-tomcat-9.0.27\temp
29-Oct-2019 19:30:10.472 INFO [main] org.apache.catalina.core.AprLifecycleListener.lifecycleEvent APR 버전 [1.7.0]을(를) 사용한, APR 기반 Apache Tomcat Native 라이브러리 [1.2.23]을(를) 로드했습니다.
29-Oct-2019 19:30:10.476 INFO [main] org.apache.catalina.core.AprLifecycleListener.lifecycleEvent APR 용량정보들: IPv6 [true], sendfile [true], accept filters [false], random [true].
29-Oct-2019 19:30:10.480 INFO [main] org.apache.catalina.core.AprLifecycleListener.lifecycleEvent APR/OpenSSL 설정: useAprConnector [false], useOpenSSL [true]
29-Oct-2019 19:30:10.492 INFO [main] org.apache.catalina.core.AprLifecycleListener.initializeSSL OpenSSL이 성공적으로 초기화되었습니다: [OpenSSL 1.1.1c  28 May 2019]
29-Oct-2019 19:30:10.708 INFO [main] org.apache.coyote.AbstractProtocol.init 프로토콜 핸들러 ["http-nio-8080"]을(를) 초기화합니다.
29-Oct-2019 19:30:10.920 INFO [main] org.apache.coyote.AbstractProtocol.init 프로토콜 핸들러 ["ajp-nio-8009"]을(를) 초기화합니다.
29-Oct-2019 19:30:10.924 INFO [main] org.apache.catalina.startup.Catalina.load [715] 밀리초 내에 서버가 초기화되었습니다.
29-Oct-2019 19:30:10.964 INFO [main] org.apache.catalina.core.StandardService.startInternal 서비스 [Catalina]을(를) 시작합니다.
29-Oct-2019 19:30:10.964 INFO [main] org.apache.catalina.core.StandardEngine.startInternal 서버 엔진을 시작합니다: [Apache Tomcat/9.0.27]
29-Oct-2019 19:30:10.976 INFO [main] org.apache.catalina.startup.HostConfig.deployDirectory 웹 애플리케이션 디렉토리 [C:\Users\MSK10\OneDrive\html\apache-tomcat-9.0.27\webapps\docs]을(를) 배치합니다.
29-Oct-2019 19:30:11.308 INFO [main] org.apache.catalina.startup.HostConfig.deployDirectory 웹 애플리케이션 디렉토리 [C:\Users\MSK10\OneDrive\html\apache-tomcat-9.0.27\webapps\docs]에 대한 배치가 [332] 밀리초에 완료되었습니다.
29-Oct-2019 19:30:11.312 INFO [main] org.apache.catalina.startup.HostConfig.deployDirectory 웹 애플리케이션 디렉토리 [C:\Users\MSK10\OneDrive\html\apache-tomcat-9.0.27\webapps\examples]을(를) 배치합니다.
29-Oct-2019 19:30:12.181 INFO [main] org.apache.catalina.startup.HostConfig.deployDirectory 웹 애플리케이션 디렉토리 [C:\Users\MSK10\OneDrive\html\apache-tomcat-9.0.27\webapps\examples]에 대한 배치가 [865] 밀리초에 완료되었습니다.
29-Oct-2019 19:30:12.181 INFO [main] org.apache.catalina.startup.HostConfig.deployDirectory 웹 애플리케이션 디렉토리 [C:\Users\MSK10\OneDrive\html\apache-tomcat-9.0.27\webapps\host-manager]을(를) 배치합니다.
29-Oct-2019 19:30:12.225 INFO [main] org.apache.catalina.startup.HostConfig.deployDirectory 웹 애플리케이션 디렉토리 [C:\Users\MSK10\OneDrive\html\apache-tomcat-9.0.27\webapps\host-manager]에 대한 배치가 [44] 밀리초에 완료되었습니다.
29-Oct-2019 19:30:12.229 INFO [main] org.apache.catalina.startup.HostConfig.deployDirectory 웹 애플리케이션 디렉토리 [C:\Users\MSK10\OneDrive\html\apache-tomcat-9.0.27\webapps\manager]을(를) 배치합니다.
29-Oct-2019 19:30:12.269 INFO [main] org.apache.catalina.startup.HostConfig.deployDirectory 웹 애플리케이션 디렉토리 [C:\Users\MSK10\OneDrive\html\apache-tomcat-9.0.27\webapps\manager]에 대한 배치가 [40] 밀리초에 완료되었습니다.
29-Oct-2019 19:30:12.273 INFO [main] org.apache.catalina.startup.HostConfig.deployDirectory 웹 애플리케이션 디렉토리 [C:\Users\MSK10\OneDrive\html\apache-tomcat-9.0.27\webapps\ROOT]을(를) 배치합니다.
29-Oct-2019 19:30:12.305 INFO [main] org.apache.catalina.startup.HostConfig.deployDirectory 웹 애플리케이션 디렉토리 [C:\Users\MSK10\OneDrive\html\apache-tomcat-9.0.27\webapps\ROOT]에 대한 배치가 [32] 밀리초에 완료되었습니다.
29-Oct-2019 19:30:12.305 INFO [main] org.apache.catalina.startup.HostConfig.deployDirectory 웹 애플리케이션 디렉토리 [C:\Users\MSK10\OneDrive\html\apache-tomcat-9.0.27\webapps\t1]을(를) 배치합니다.
29-Oct-2019 19:30:12.349 INFO [main] org.apache.catalina.startup.HostConfig.deployDirectory 웹 애플리케이션 디렉토리 [C:\Users\MSK10\OneDrive\html\apache-tomcat-9.0.27\webapps\t1]에 대한 배치가 [44] 밀리초에 완료되었습니다.
29-Oct-2019 19:30:12.357 INFO [main] org.apache.coyote.AbstractProtocol.start 프로토콜 핸들러 ["http-nio-8080"]을(를) 시작합니다.
29-Oct-2019 19:30:12.369 INFO [main] org.apache.coyote.AbstractProtocol.start 프로토콜 핸들러 ["ajp-nio-8009"]을(를) 시작합니다.
29-Oct-2019 19:30:12.373 INFO [main] org.apache.catalina.startup.Catalina.start 서버가 [1,445] 밀리초 내에 시작되었습니다.
