25-Nov-2019 08:53:45.081 INFO [main] org.apache.catalina.startup.VersionLoggerListener.log 서버 버전 이름:        Apache Tomcat/9.0.27
25-Nov-2019 08:53:45.121 INFO [main] org.apache.catalina.startup.VersionLoggerListener.log Server 빌드 시각:          Oct 7 2019 09:57:22 UTC
25-Nov-2019 08:53:45.122 INFO [main] org.apache.catalina.startup.VersionLoggerListener.log Server 버전 번호:         9.0.27.0
25-Nov-2019 08:53:45.122 INFO [main] org.apache.catalina.startup.VersionLoggerListener.log 운영체제 이름:               Windows 7
25-Nov-2019 08:53:45.123 INFO [main] org.apache.catalina.startup.VersionLoggerListener.log 운영체제 버전:            6.1
25-Nov-2019 08:53:45.123 INFO [main] org.apache.catalina.startup.VersionLoggerListener.log 아키텍처:          amd64
25-Nov-2019 08:53:45.124 INFO [main] org.apache.catalina.startup.VersionLoggerListener.log 자바 홈:             C:\Program Files\Java\jdk-13.0.1
25-Nov-2019 08:53:45.124 INFO [main] org.apache.catalina.startup.VersionLoggerListener.log JVM 버전:           13.0.1+9
25-Nov-2019 08:53:45.124 INFO [main] org.apache.catalina.startup.VersionLoggerListener.log JVM 벤더:            Oracle Corporation
25-Nov-2019 08:53:45.125 INFO [main] org.apache.catalina.startup.VersionLoggerListener.log CATALINA_BASE:         C:\Users\acorn\OneDrive\html\apache-tomcat-9.0.27
25-Nov-2019 08:53:45.125 INFO [main] org.apache.catalina.startup.VersionLoggerListener.log CATALINA_HOME:         C:\Users\acorn\OneDrive\html\apache-tomcat-9.0.27
25-Nov-2019 08:53:45.225 INFO [main] org.apache.catalina.startup.VersionLoggerListener.log 명령 행 아규먼트: --add-opens=java.base/java.lang=ALL-UNNAMED
25-Nov-2019 08:53:45.226 INFO [main] org.apache.catalina.startup.VersionLoggerListener.log 명령 행 아규먼트: --add-opens=java.base/java.io=ALL-UNNAMED
25-Nov-2019 08:53:45.227 INFO [main] org.apache.catalina.startup.VersionLoggerListener.log 명령 행 아규먼트: --add-opens=java.rmi/sun.rmi.transport=ALL-UNNAMED
25-Nov-2019 08:53:45.227 INFO [main] org.apache.catalina.startup.VersionLoggerListener.log 명령 행 아규먼트: -Djava.util.logging.config.file=C:\Users\acorn\OneDrive\html\apache-tomcat-9.0.27\conf\logging.properties
25-Nov-2019 08:53:45.228 INFO [main] org.apache.catalina.startup.VersionLoggerListener.log 명령 행 아규먼트: -Djava.util.logging.manager=org.apache.juli.ClassLoaderLogManager
25-Nov-2019 08:53:45.229 INFO [main] org.apache.catalina.startup.VersionLoggerListener.log 명령 행 아규먼트: -Dfile.encoding=EUC_KR
25-Nov-2019 08:53:45.229 INFO [main] org.apache.catalina.startup.VersionLoggerListener.log 명령 행 아규먼트: -Xms128m
25-Nov-2019 08:53:45.230 INFO [main] org.apache.catalina.startup.VersionLoggerListener.log 명령 행 아규먼트: -Xmx1024m
25-Nov-2019 08:53:45.230 INFO [main] org.apache.catalina.startup.VersionLoggerListener.log 명령 행 아규먼트: -XX:PermSize=64m
25-Nov-2019 08:53:45.231 INFO [main] org.apache.catalina.startup.VersionLoggerListener.log 명령 행 아규먼트: -XX:MaxPermSize=256m
25-Nov-2019 08:53:45.231 INFO [main] org.apache.catalina.startup.VersionLoggerListener.log 명령 행 아규먼트: -Djdk.tls.ephemeralDHKeySize=2048
25-Nov-2019 08:53:45.232 INFO [main] org.apache.catalina.startup.VersionLoggerListener.log 명령 행 아규먼트: -Djava.protocol.handler.pkgs=org.apache.catalina.webresources
25-Nov-2019 08:53:45.233 INFO [main] org.apache.catalina.startup.VersionLoggerListener.log 명령 행 아규먼트: -Dignore.endorsed.dirs=
25-Nov-2019 08:53:45.234 INFO [main] org.apache.catalina.startup.VersionLoggerListener.log 명령 행 아규먼트: -Dcatalina.base=C:\Users\acorn\OneDrive\html\apache-tomcat-9.0.27
25-Nov-2019 08:53:45.235 INFO [main] org.apache.catalina.startup.VersionLoggerListener.log 명령 행 아규먼트: -Dcatalina.home=C:\Users\acorn\OneDrive\html\apache-tomcat-9.0.27
25-Nov-2019 08:53:45.236 INFO [main] org.apache.catalina.startup.VersionLoggerListener.log 명령 행 아규먼트: -Djava.io.tmpdir=C:\Users\acorn\OneDrive\html\apache-tomcat-9.0.27\temp
25-Nov-2019 08:53:45.237 INFO [main] org.apache.catalina.core.AprLifecycleListener.lifecycleEvent APR 버전 [1.7.0]을(를) 사용한, APR 기반 Apache Tomcat Native 라이브러리 [1.2.23]을(를) 로드했습니다.
25-Nov-2019 08:53:45.238 INFO [main] org.apache.catalina.core.AprLifecycleListener.lifecycleEvent APR 용량정보들: IPv6 [true], sendfile [true], accept filters [false], random [true].
25-Nov-2019 08:53:45.239 INFO [main] org.apache.catalina.core.AprLifecycleListener.lifecycleEvent APR/OpenSSL 설정: useAprConnector [false], useOpenSSL [true]
25-Nov-2019 08:53:45.246 INFO [main] org.apache.catalina.core.AprLifecycleListener.initializeSSL OpenSSL이 성공적으로 초기화되었습니다: [OpenSSL 1.1.1c  28 May 2019]
25-Nov-2019 08:53:45.616 INFO [main] org.apache.coyote.AbstractProtocol.init 프로토콜 핸들러 ["http-nio-8080"]을(를) 초기화합니다.
25-Nov-2019 08:53:45.708 INFO [main] org.apache.coyote.AbstractProtocol.init 프로토콜 핸들러 ["ajp-nio-8009"]을(를) 초기화합니다.
25-Nov-2019 08:53:45.730 INFO [main] org.apache.catalina.startup.Catalina.load [1,145] 밀리초 내에 서버가 초기화되었습니다.
25-Nov-2019 08:53:45.809 INFO [main] org.apache.catalina.core.StandardService.startInternal 서비스 [Catalina]을(를) 시작합니다.
25-Nov-2019 08:53:45.810 INFO [main] org.apache.catalina.core.StandardEngine.startInternal 서버 엔진을 시작합니다: [Apache Tomcat/9.0.27]
25-Nov-2019 08:53:45.818 INFO [main] org.apache.catalina.startup.HostConfig.deployDirectory 웹 애플리케이션 디렉토리 [C:\Users\acorn\OneDrive\html\apache-tomcat-9.0.27\webapps\docs]을(를) 배치합니다.
25-Nov-2019 08:53:46.231 INFO [main] org.apache.catalina.startup.HostConfig.deployDirectory 웹 애플리케이션 디렉토리 [C:\Users\acorn\OneDrive\html\apache-tomcat-9.0.27\webapps\docs]에 대한 배치가 [412] 밀리초에 완료되었습니다.
25-Nov-2019 08:53:46.232 INFO [main] org.apache.catalina.startup.HostConfig.deployDirectory 웹 애플리케이션 디렉토리 [C:\Users\acorn\OneDrive\html\apache-tomcat-9.0.27\webapps\examples]을(를) 배치합니다.
25-Nov-2019 08:53:46.759 INFO [main] org.apache.catalina.startup.HostConfig.deployDirectory 웹 애플리케이션 디렉토리 [C:\Users\acorn\OneDrive\html\apache-tomcat-9.0.27\webapps\examples]에 대한 배치가 [527] 밀리초에 완료되었습니다.
25-Nov-2019 08:53:46.761 INFO [main] org.apache.catalina.startup.HostConfig.deployDirectory 웹 애플리케이션 디렉토리 [C:\Users\acorn\OneDrive\html\apache-tomcat-9.0.27\webapps\host-manager]을(를) 배치합니다.
25-Nov-2019 08:53:46.813 INFO [main] org.apache.catalina.startup.HostConfig.deployDirectory 웹 애플리케이션 디렉토리 [C:\Users\acorn\OneDrive\html\apache-tomcat-9.0.27\webapps\host-manager]에 대한 배치가 [51] 밀리초에 완료되었습니다.
25-Nov-2019 08:53:46.814 INFO [main] org.apache.catalina.startup.HostConfig.deployDirectory 웹 애플리케이션 디렉토리 [C:\Users\acorn\OneDrive\html\apache-tomcat-9.0.27\webapps\manager]을(를) 배치합니다.
25-Nov-2019 08:53:46.853 INFO [main] org.apache.catalina.startup.HostConfig.deployDirectory 웹 애플리케이션 디렉토리 [C:\Users\acorn\OneDrive\html\apache-tomcat-9.0.27\webapps\manager]에 대한 배치가 [39] 밀리초에 완료되었습니다.
25-Nov-2019 08:53:46.854 INFO [main] org.apache.catalina.startup.HostConfig.deployDirectory 웹 애플리케이션 디렉토리 [C:\Users\acorn\OneDrive\html\apache-tomcat-9.0.27\webapps\ROOT]을(를) 배치합니다.
25-Nov-2019 08:53:46.883 INFO [main] org.apache.catalina.startup.HostConfig.deployDirectory 웹 애플리케이션 디렉토리 [C:\Users\acorn\OneDrive\html\apache-tomcat-9.0.27\webapps\ROOT]에 대한 배치가 [28] 밀리초에 완료되었습니다.
25-Nov-2019 08:53:46.885 INFO [main] org.apache.catalina.startup.HostConfig.deployDirectory 웹 애플리케이션 디렉토리 [C:\Users\acorn\OneDrive\html\apache-tomcat-9.0.27\webapps\t1]을(를) 배치합니다.
25-Nov-2019 08:53:46.944 INFO [main] org.apache.catalina.startup.HostConfig.deployDirectory 웹 애플리케이션 디렉토리 [C:\Users\acorn\OneDrive\html\apache-tomcat-9.0.27\webapps\t1]에 대한 배치가 [58] 밀리초에 완료되었습니다.
25-Nov-2019 08:53:46.949 INFO [main] org.apache.coyote.AbstractProtocol.start 프로토콜 핸들러 ["http-nio-8080"]을(를) 시작합니다.
25-Nov-2019 08:53:46.960 INFO [main] org.apache.coyote.AbstractProtocol.start 프로토콜 핸들러 ["ajp-nio-8009"]을(를) 시작합니다.
25-Nov-2019 08:53:46.966 INFO [main] org.apache.catalina.startup.Catalina.start 서버가 [1,220] 밀리초 내에 시작되었습니다.
