02-Dec-2019 18:18:42.109 INFO [main] org.apache.catalina.startup.VersionLoggerListener.log 서버 버전 이름:        Apache Tomcat/9.0.27
02-Dec-2019 18:18:42.113 INFO [main] org.apache.catalina.startup.VersionLoggerListener.log Server 빌드 시각:          Oct 7 2019 09:57:22 UTC
02-Dec-2019 18:18:42.114 INFO [main] org.apache.catalina.startup.VersionLoggerListener.log Server 버전 번호:         9.0.27.0
02-Dec-2019 18:18:42.115 INFO [main] org.apache.catalina.startup.VersionLoggerListener.log 운영체제 이름:               Windows 7
02-Dec-2019 18:18:42.115 INFO [main] org.apache.catalina.startup.VersionLoggerListener.log 운영체제 버전:            6.1
02-Dec-2019 18:18:42.116 INFO [main] org.apache.catalina.startup.VersionLoggerListener.log 아키텍처:          amd64
02-Dec-2019 18:18:42.118 INFO [main] org.apache.catalina.startup.VersionLoggerListener.log 자바 홈:             C:\Program Files\Java\jdk-13.0.1
02-Dec-2019 18:18:42.118 INFO [main] org.apache.catalina.startup.VersionLoggerListener.log JVM 버전:           13.0.1+9
02-Dec-2019 18:18:42.118 INFO [main] org.apache.catalina.startup.VersionLoggerListener.log JVM 벤더:            Oracle Corporation
02-Dec-2019 18:18:42.119 INFO [main] org.apache.catalina.startup.VersionLoggerListener.log CATALINA_BASE:         C:\Users\acorn\OneDrive\html\apache-tomcat-9.0.27
02-Dec-2019 18:18:42.120 INFO [main] org.apache.catalina.startup.VersionLoggerListener.log CATALINA_HOME:         C:\Users\acorn\OneDrive\html\apache-tomcat-9.0.27
02-Dec-2019 18:18:42.129 INFO [main] org.apache.catalina.startup.VersionLoggerListener.log 명령 행 아규먼트: --add-opens=java.base/java.lang=ALL-UNNAMED
02-Dec-2019 18:18:42.131 INFO [main] org.apache.catalina.startup.VersionLoggerListener.log 명령 행 아규먼트: --add-opens=java.base/java.io=ALL-UNNAMED
02-Dec-2019 18:18:42.132 INFO [main] org.apache.catalina.startup.VersionLoggerListener.log 명령 행 아규먼트: --add-opens=java.rmi/sun.rmi.transport=ALL-UNNAMED
02-Dec-2019 18:18:42.133 INFO [main] org.apache.catalina.startup.VersionLoggerListener.log 명령 행 아규먼트: -Djava.util.logging.config.file=C:\Users\acorn\OneDrive\html\apache-tomcat-9.0.27\conf\logging.properties
02-Dec-2019 18:18:42.134 INFO [main] org.apache.catalina.startup.VersionLoggerListener.log 명령 행 아규먼트: -Djava.util.logging.manager=org.apache.juli.ClassLoaderLogManager
02-Dec-2019 18:18:42.134 INFO [main] org.apache.catalina.startup.VersionLoggerListener.log 명령 행 아규먼트: -Dfile.encoding=EUC_KR
02-Dec-2019 18:18:42.135 INFO [main] org.apache.catalina.startup.VersionLoggerListener.log 명령 행 아규먼트: -Xms128m
02-Dec-2019 18:18:42.136 INFO [main] org.apache.catalina.startup.VersionLoggerListener.log 명령 행 아규먼트: -Xmx1024m
02-Dec-2019 18:18:42.136 INFO [main] org.apache.catalina.startup.VersionLoggerListener.log 명령 행 아규먼트: -XX:PermSize=64m
02-Dec-2019 18:18:42.136 INFO [main] org.apache.catalina.startup.VersionLoggerListener.log 명령 행 아규먼트: -XX:MaxPermSize=256m
02-Dec-2019 18:18:42.137 INFO [main] org.apache.catalina.startup.VersionLoggerListener.log 명령 행 아규먼트: -Djdk.tls.ephemeralDHKeySize=2048
02-Dec-2019 18:18:42.138 INFO [main] org.apache.catalina.startup.VersionLoggerListener.log 명령 행 아규먼트: -Djava.protocol.handler.pkgs=org.apache.catalina.webresources
02-Dec-2019 18:18:42.139 INFO [main] org.apache.catalina.startup.VersionLoggerListener.log 명령 행 아규먼트: -Dignore.endorsed.dirs=
02-Dec-2019 18:18:42.141 INFO [main] org.apache.catalina.startup.VersionLoggerListener.log 명령 행 아규먼트: -Dcatalina.base=C:\Users\acorn\OneDrive\html\apache-tomcat-9.0.27
02-Dec-2019 18:18:42.142 INFO [main] org.apache.catalina.startup.VersionLoggerListener.log 명령 행 아규먼트: -Dcatalina.home=C:\Users\acorn\OneDrive\html\apache-tomcat-9.0.27
02-Dec-2019 18:18:42.143 INFO [main] org.apache.catalina.startup.VersionLoggerListener.log 명령 행 아규먼트: -Djava.io.tmpdir=C:\Users\acorn\OneDrive\html\apache-tomcat-9.0.27\temp
02-Dec-2019 18:18:42.143 INFO [main] org.apache.catalina.core.AprLifecycleListener.lifecycleEvent APR 버전 [1.7.0]을(를) 사용한, APR 기반 Apache Tomcat Native 라이브러리 [1.2.23]을(를) 로드했습니다.
02-Dec-2019 18:18:42.144 INFO [main] org.apache.catalina.core.AprLifecycleListener.lifecycleEvent APR 용량정보들: IPv6 [true], sendfile [true], accept filters [false], random [true].
02-Dec-2019 18:18:42.146 INFO [main] org.apache.catalina.core.AprLifecycleListener.lifecycleEvent APR/OpenSSL 설정: useAprConnector [false], useOpenSSL [true]
02-Dec-2019 18:18:42.153 INFO [main] org.apache.catalina.core.AprLifecycleListener.initializeSSL OpenSSL이 성공적으로 초기화되었습니다: [OpenSSL 1.1.1c  28 May 2019]
02-Dec-2019 18:18:42.393 INFO [main] org.apache.coyote.AbstractProtocol.init 프로토콜 핸들러 ["http-nio-8080"]을(를) 초기화합니다.
02-Dec-2019 18:18:42.478 INFO [main] org.apache.coyote.AbstractProtocol.init 프로토콜 핸들러 ["ajp-nio-8009"]을(를) 초기화합니다.
02-Dec-2019 18:18:42.484 INFO [main] org.apache.catalina.startup.Catalina.load [596] 밀리초 내에 서버가 초기화되었습니다.
02-Dec-2019 18:18:42.520 INFO [main] org.apache.catalina.core.StandardService.startInternal 서비스 [Catalina]을(를) 시작합니다.
02-Dec-2019 18:18:42.521 INFO [main] org.apache.catalina.core.StandardEngine.startInternal 서버 엔진을 시작합니다: [Apache Tomcat/9.0.27]
02-Dec-2019 18:18:42.529 INFO [main] org.apache.catalina.startup.HostConfig.deployDirectory 웹 애플리케이션 디렉토리 [C:\Users\acorn\OneDrive\html\apache-tomcat-9.0.27\webapps\docs]을(를) 배치합니다.
02-Dec-2019 18:18:42.785 INFO [main] org.apache.catalina.startup.HostConfig.deployDirectory 웹 애플리케이션 디렉토리 [C:\Users\acorn\OneDrive\html\apache-tomcat-9.0.27\webapps\docs]에 대한 배치가 [256] 밀리초에 완료되었습니다.
02-Dec-2019 18:18:42.787 INFO [main] org.apache.catalina.startup.HostConfig.deployDirectory 웹 애플리케이션 디렉토리 [C:\Users\acorn\OneDrive\html\apache-tomcat-9.0.27\webapps\examples]을(를) 배치합니다.
02-Dec-2019 18:18:43.145 INFO [main] org.apache.catalina.startup.HostConfig.deployDirectory 웹 애플리케이션 디렉토리 [C:\Users\acorn\OneDrive\html\apache-tomcat-9.0.27\webapps\examples]에 대한 배치가 [358] 밀리초에 완료되었습니다.
02-Dec-2019 18:18:43.146 INFO [main] org.apache.catalina.startup.HostConfig.deployDirectory 웹 애플리케이션 디렉토리 [C:\Users\acorn\OneDrive\html\apache-tomcat-9.0.27\webapps\host-manager]을(를) 배치합니다.
02-Dec-2019 18:18:43.182 INFO [main] org.apache.catalina.startup.HostConfig.deployDirectory 웹 애플리케이션 디렉토리 [C:\Users\acorn\OneDrive\html\apache-tomcat-9.0.27\webapps\host-manager]에 대한 배치가 [36] 밀리초에 완료되었습니다.
02-Dec-2019 18:18:43.183 INFO [main] org.apache.catalina.startup.HostConfig.deployDirectory 웹 애플리케이션 디렉토리 [C:\Users\acorn\OneDrive\html\apache-tomcat-9.0.27\webapps\manager]을(를) 배치합니다.
02-Dec-2019 18:18:43.214 INFO [main] org.apache.catalina.startup.HostConfig.deployDirectory 웹 애플리케이션 디렉토리 [C:\Users\acorn\OneDrive\html\apache-tomcat-9.0.27\webapps\manager]에 대한 배치가 [30] 밀리초에 완료되었습니다.
02-Dec-2019 18:18:43.215 INFO [main] org.apache.catalina.startup.HostConfig.deployDirectory 웹 애플리케이션 디렉토리 [C:\Users\acorn\OneDrive\html\apache-tomcat-9.0.27\webapps\ROOT]을(를) 배치합니다.
02-Dec-2019 18:18:43.236 INFO [main] org.apache.catalina.startup.HostConfig.deployDirectory 웹 애플리케이션 디렉토리 [C:\Users\acorn\OneDrive\html\apache-tomcat-9.0.27\webapps\ROOT]에 대한 배치가 [21] 밀리초에 완료되었습니다.
02-Dec-2019 18:18:43.238 INFO [main] org.apache.catalina.startup.HostConfig.deployDirectory 웹 애플리케이션 디렉토리 [C:\Users\acorn\OneDrive\html\apache-tomcat-9.0.27\webapps\t1]을(를) 배치합니다.
02-Dec-2019 18:18:43.271 INFO [main] org.apache.catalina.startup.HostConfig.deployDirectory 웹 애플리케이션 디렉토리 [C:\Users\acorn\OneDrive\html\apache-tomcat-9.0.27\webapps\t1]에 대한 배치가 [34] 밀리초에 완료되었습니다.
02-Dec-2019 18:18:43.276 INFO [main] org.apache.coyote.AbstractProtocol.start 프로토콜 핸들러 ["http-nio-8080"]을(를) 시작합니다.
02-Dec-2019 18:18:43.285 INFO [main] org.apache.coyote.AbstractProtocol.start 프로토콜 핸들러 ["ajp-nio-8009"]을(를) 시작합니다.
02-Dec-2019 18:18:43.290 INFO [main] org.apache.catalina.startup.Catalina.start 서버가 [803] 밀리초 내에 시작되었습니다.
