25-Oct-2019 08:59:11.669 INFO [main] org.apache.catalina.startup.VersionLoggerListener.log 서버 버전 이름:        Apache Tomcat/9.0.27
25-Oct-2019 08:59:11.693 INFO [main] org.apache.catalina.startup.VersionLoggerListener.log Server 빌드 시각:          Oct 7 2019 09:57:22 UTC
25-Oct-2019 08:59:11.693 INFO [main] org.apache.catalina.startup.VersionLoggerListener.log Server 버전 번호:         9.0.27.0
25-Oct-2019 08:59:11.693 INFO [main] org.apache.catalina.startup.VersionLoggerListener.log 운영체제 이름:               Windows 7
25-Oct-2019 08:59:11.693 INFO [main] org.apache.catalina.startup.VersionLoggerListener.log 운영체제 버전:            6.1
25-Oct-2019 08:59:11.693 INFO [main] org.apache.catalina.startup.VersionLoggerListener.log 아키텍처:          amd64
25-Oct-2019 08:59:11.708 INFO [main] org.apache.catalina.startup.VersionLoggerListener.log 자바 홈:             C:\Program Files\Java\jdk-13.0.1
25-Oct-2019 08:59:11.708 INFO [main] org.apache.catalina.startup.VersionLoggerListener.log JVM 버전:           13.0.1+9
25-Oct-2019 08:59:11.708 INFO [main] org.apache.catalina.startup.VersionLoggerListener.log JVM 벤더:            Oracle Corporation
25-Oct-2019 08:59:11.708 INFO [main] org.apache.catalina.startup.VersionLoggerListener.log CATALINA_BASE:         C:\html\apache-tomcat-9.0.27
25-Oct-2019 08:59:11.708 INFO [main] org.apache.catalina.startup.VersionLoggerListener.log CATALINA_HOME:         C:\html\apache-tomcat-9.0.27
25-Oct-2019 08:59:11.708 INFO [main] org.apache.catalina.startup.VersionLoggerListener.log 명령 행 아규먼트: --add-opens=java.base/java.lang=ALL-UNNAMED
25-Oct-2019 08:59:11.708 INFO [main] org.apache.catalina.startup.VersionLoggerListener.log 명령 행 아규먼트: --add-opens=java.base/java.io=ALL-UNNAMED
25-Oct-2019 08:59:11.708 INFO [main] org.apache.catalina.startup.VersionLoggerListener.log 명령 행 아규먼트: --add-opens=java.rmi/sun.rmi.transport=ALL-UNNAMED
25-Oct-2019 08:59:11.708 INFO [main] org.apache.catalina.startup.VersionLoggerListener.log 명령 행 아규먼트: -Djava.util.logging.config.file=C:\html\apache-tomcat-9.0.27\conf\logging.properties
25-Oct-2019 08:59:11.708 INFO [main] org.apache.catalina.startup.VersionLoggerListener.log 명령 행 아규먼트: -Djava.util.logging.manager=org.apache.juli.ClassLoaderLogManager
25-Oct-2019 08:59:11.708 INFO [main] org.apache.catalina.startup.VersionLoggerListener.log 명령 행 아규먼트: -Djdk.tls.ephemeralDHKeySize=2048
25-Oct-2019 08:59:11.708 INFO [main] org.apache.catalina.startup.VersionLoggerListener.log 명령 행 아규먼트: -Djava.protocol.handler.pkgs=org.apache.catalina.webresources
25-Oct-2019 08:59:11.708 INFO [main] org.apache.catalina.startup.VersionLoggerListener.log 명령 행 아규먼트: -Dignore.endorsed.dirs=
25-Oct-2019 08:59:11.708 INFO [main] org.apache.catalina.startup.VersionLoggerListener.log 명령 행 아규먼트: -Dcatalina.base=C:\html\apache-tomcat-9.0.27
25-Oct-2019 08:59:11.708 INFO [main] org.apache.catalina.startup.VersionLoggerListener.log 명령 행 아규먼트: -Dcatalina.home=C:\html\apache-tomcat-9.0.27
25-Oct-2019 08:59:11.708 INFO [main] org.apache.catalina.startup.VersionLoggerListener.log 명령 행 아규먼트: -Djava.io.tmpdir=C:\html\apache-tomcat-9.0.27\temp
25-Oct-2019 08:59:11.708 INFO [main] org.apache.catalina.core.AprLifecycleListener.lifecycleEvent APR 버전 [1.7.0]을(를) 사용한, APR 기반 Apache Tomcat Native 라이브러리 [1.2.23]을(를) 로드했습니다.
25-Oct-2019 08:59:11.708 INFO [main] org.apache.catalina.core.AprLifecycleListener.lifecycleEvent APR 용량정보들: IPv6 [true], sendfile [true], accept filters [false], random [true].
25-Oct-2019 08:59:11.708 INFO [main] org.apache.catalina.core.AprLifecycleListener.lifecycleEvent APR/OpenSSL 설정: useAprConnector [false], useOpenSSL [true]
25-Oct-2019 08:59:11.927 INFO [main] org.apache.catalina.core.AprLifecycleListener.initializeSSL OpenSSL이 성공적으로 초기화되었습니다: [OpenSSL 1.1.1c  28 May 2019]
25-Oct-2019 08:59:12.454 INFO [main] org.apache.coyote.AbstractProtocol.init 프로토콜 핸들러 ["http-nio-8080"]을(를) 초기화합니다.
25-Oct-2019 08:59:12.545 INFO [main] org.apache.coyote.AbstractProtocol.init 프로토콜 핸들러 ["ajp-nio-8009"]을(를) 초기화합니다.
25-Oct-2019 08:59:12.551 INFO [main] org.apache.catalina.startup.Catalina.load [1,989] 밀리초 내에 서버가 초기화되었습니다.
25-Oct-2019 08:59:12.662 INFO [main] org.apache.catalina.core.StandardService.startInternal 서비스 [Catalina]을(를) 시작합니다.
25-Oct-2019 08:59:12.662 INFO [main] org.apache.catalina.core.StandardEngine.startInternal 서버 엔진을 시작합니다: [Apache Tomcat/9.0.27]
25-Oct-2019 08:59:12.677 INFO [main] org.apache.catalina.startup.HostConfig.deployDirectory 웹 애플리케이션 디렉토리 [C:\html\apache-tomcat-9.0.27\webapps\docs]을(를) 배치합니다.
25-Oct-2019 08:59:13.513 INFO [main] org.apache.catalina.startup.HostConfig.deployDirectory 웹 애플리케이션 디렉토리 [C:\html\apache-tomcat-9.0.27\webapps\docs]에 대한 배치가 [836] 밀리초에 완료되었습니다.
25-Oct-2019 08:59:13.515 INFO [main] org.apache.catalina.startup.HostConfig.deployDirectory 웹 애플리케이션 디렉토리 [C:\html\apache-tomcat-9.0.27\webapps\examples]을(를) 배치합니다.
25-Oct-2019 08:59:14.618 INFO [main] org.apache.catalina.startup.HostConfig.deployDirectory 웹 애플리케이션 디렉토리 [C:\html\apache-tomcat-9.0.27\webapps\examples]에 대한 배치가 [1,102] 밀리초에 완료되었습니다.
25-Oct-2019 08:59:14.626 INFO [main] org.apache.catalina.startup.HostConfig.deployDirectory 웹 애플리케이션 디렉토리 [C:\html\apache-tomcat-9.0.27\webapps\host-manager]을(를) 배치합니다.
25-Oct-2019 08:59:14.683 INFO [main] org.apache.catalina.startup.HostConfig.deployDirectory 웹 애플리케이션 디렉토리 [C:\html\apache-tomcat-9.0.27\webapps\host-manager]에 대한 배치가 [57] 밀리초에 완료되었습니다.
25-Oct-2019 08:59:14.685 INFO [main] org.apache.catalina.startup.HostConfig.deployDirectory 웹 애플리케이션 디렉토리 [C:\html\apache-tomcat-9.0.27\webapps\manager]을(를) 배치합니다.
25-Oct-2019 08:59:14.755 INFO [main] org.apache.catalina.startup.HostConfig.deployDirectory 웹 애플리케이션 디렉토리 [C:\html\apache-tomcat-9.0.27\webapps\manager]에 대한 배치가 [70] 밀리초에 완료되었습니다.
25-Oct-2019 08:59:14.756 INFO [main] org.apache.catalina.startup.HostConfig.deployDirectory 웹 애플리케이션 디렉토리 [C:\html\apache-tomcat-9.0.27\webapps\ROOT]을(를) 배치합니다.
25-Oct-2019 08:59:14.792 INFO [main] org.apache.catalina.startup.HostConfig.deployDirectory 웹 애플리케이션 디렉토리 [C:\html\apache-tomcat-9.0.27\webapps\ROOT]에 대한 배치가 [36] 밀리초에 완료되었습니다.
25-Oct-2019 08:59:14.801 INFO [main] org.apache.catalina.startup.HostConfig.deployDirectory 웹 애플리케이션 디렉토리 [C:\html\apache-tomcat-9.0.27\webapps\t1]을(를) 배치합니다.
25-Oct-2019 08:59:14.911 INFO [main] org.apache.catalina.startup.HostConfig.deployDirectory 웹 애플리케이션 디렉토리 [C:\html\apache-tomcat-9.0.27\webapps\t1]에 대한 배치가 [110] 밀리초에 완료되었습니다.
25-Oct-2019 08:59:14.926 INFO [main] org.apache.coyote.AbstractProtocol.start 프로토콜 핸들러 ["http-nio-8080"]을(를) 시작합니다.
25-Oct-2019 08:59:14.964 INFO [main] org.apache.coyote.AbstractProtocol.start 프로토콜 핸들러 ["ajp-nio-8009"]을(를) 시작합니다.
25-Oct-2019 08:59:14.973 INFO [main] org.apache.catalina.startup.Catalina.start 서버가 [2,420] 밀리초 내에 시작되었습니다.
