11-Nov-2019 12:01:33.261 INFO [main] org.apache.catalina.startup.VersionLoggerListener.log 서버 버전 이름:        Apache Tomcat/9.0.27
11-Nov-2019 12:01:33.269 INFO [main] org.apache.catalina.startup.VersionLoggerListener.log Server 빌드 시각:          Oct 7 2019 09:57:22 UTC
11-Nov-2019 12:01:33.270 INFO [main] org.apache.catalina.startup.VersionLoggerListener.log Server 버전 번호:         9.0.27.0
11-Nov-2019 12:01:33.270 INFO [main] org.apache.catalina.startup.VersionLoggerListener.log 운영체제 이름:               Windows 7
11-Nov-2019 12:01:33.270 INFO [main] org.apache.catalina.startup.VersionLoggerListener.log 운영체제 버전:            6.1
11-Nov-2019 12:01:33.271 INFO [main] org.apache.catalina.startup.VersionLoggerListener.log 아키텍처:          amd64
11-Nov-2019 12:01:33.271 INFO [main] org.apache.catalina.startup.VersionLoggerListener.log 자바 홈:             C:\Program Files\Java\jdk-13.0.1
11-Nov-2019 12:01:33.271 INFO [main] org.apache.catalina.startup.VersionLoggerListener.log JVM 버전:           13.0.1+9
11-Nov-2019 12:01:33.272 INFO [main] org.apache.catalina.startup.VersionLoggerListener.log JVM 벤더:            Oracle Corporation
11-Nov-2019 12:01:33.272 INFO [main] org.apache.catalina.startup.VersionLoggerListener.log CATALINA_BASE:         C:\Users\kitcoop\OneDrive\html\apache-tomcat-9.0.27
11-Nov-2019 12:01:33.272 INFO [main] org.apache.catalina.startup.VersionLoggerListener.log CATALINA_HOME:         C:\Users\kitcoop\OneDrive\html\apache-tomcat-9.0.27
11-Nov-2019 12:01:33.397 INFO [main] org.apache.catalina.startup.VersionLoggerListener.log 명령 행 아규먼트: --add-opens=java.base/java.lang=ALL-UNNAMED
11-Nov-2019 12:01:33.398 INFO [main] org.apache.catalina.startup.VersionLoggerListener.log 명령 행 아규먼트: --add-opens=java.base/java.io=ALL-UNNAMED
11-Nov-2019 12:01:33.400 INFO [main] org.apache.catalina.startup.VersionLoggerListener.log 명령 행 아규먼트: --add-opens=java.rmi/sun.rmi.transport=ALL-UNNAMED
11-Nov-2019 12:01:33.401 INFO [main] org.apache.catalina.startup.VersionLoggerListener.log 명령 행 아규먼트: -Djava.util.logging.config.file=C:\Users\kitcoop\OneDrive\html\apache-tomcat-9.0.27\conf\logging.properties
11-Nov-2019 12:01:33.403 INFO [main] org.apache.catalina.startup.VersionLoggerListener.log 명령 행 아규먼트: -Djava.util.logging.manager=org.apache.juli.ClassLoaderLogManager
11-Nov-2019 12:01:33.404 INFO [main] org.apache.catalina.startup.VersionLoggerListener.log 명령 행 아규먼트: -Djdk.tls.ephemeralDHKeySize=2048
11-Nov-2019 12:01:33.406 INFO [main] org.apache.catalina.startup.VersionLoggerListener.log 명령 행 아규먼트: -Djava.protocol.handler.pkgs=org.apache.catalina.webresources
11-Nov-2019 12:01:33.407 INFO [main] org.apache.catalina.startup.VersionLoggerListener.log 명령 행 아규먼트: -Dignore.endorsed.dirs=
11-Nov-2019 12:01:33.408 INFO [main] org.apache.catalina.startup.VersionLoggerListener.log 명령 행 아규먼트: -Dcatalina.base=C:\Users\kitcoop\OneDrive\html\apache-tomcat-9.0.27
11-Nov-2019 12:01:33.410 INFO [main] org.apache.catalina.startup.VersionLoggerListener.log 명령 행 아규먼트: -Dcatalina.home=C:\Users\kitcoop\OneDrive\html\apache-tomcat-9.0.27
11-Nov-2019 12:01:33.412 INFO [main] org.apache.catalina.startup.VersionLoggerListener.log 명령 행 아규먼트: -Djava.io.tmpdir=C:\Users\kitcoop\OneDrive\html\apache-tomcat-9.0.27\temp
11-Nov-2019 12:01:33.413 INFO [main] org.apache.catalina.core.AprLifecycleListener.lifecycleEvent APR 버전 [1.7.0]을(를) 사용한, APR 기반 Apache Tomcat Native 라이브러리 [1.2.23]을(를) 로드했습니다.
11-Nov-2019 12:01:33.428 INFO [main] org.apache.catalina.core.AprLifecycleListener.lifecycleEvent APR 용량정보들: IPv6 [true], sendfile [true], accept filters [false], random [true].
11-Nov-2019 12:01:33.430 INFO [main] org.apache.catalina.core.AprLifecycleListener.lifecycleEvent APR/OpenSSL 설정: useAprConnector [false], useOpenSSL [true]
11-Nov-2019 12:01:33.549 INFO [main] org.apache.catalina.core.AprLifecycleListener.initializeSSL OpenSSL이 성공적으로 초기화되었습니다: [OpenSSL 1.1.1c  28 May 2019]
11-Nov-2019 12:01:33.853 INFO [main] org.apache.coyote.AbstractProtocol.init 프로토콜 핸들러 ["http-nio-8080"]을(를) 초기화합니다.
11-Nov-2019 12:01:33.931 INFO [main] org.apache.coyote.AbstractProtocol.init 프로토콜 핸들러 ["ajp-nio-8009"]을(를) 초기화합니다.
11-Nov-2019 12:01:33.935 INFO [main] org.apache.catalina.startup.Catalina.load [967] 밀리초 내에 서버가 초기화되었습니다.
11-Nov-2019 12:01:34.020 INFO [main] org.apache.catalina.core.StandardService.startInternal 서비스 [Catalina]을(를) 시작합니다.
11-Nov-2019 12:01:34.021 INFO [main] org.apache.catalina.core.StandardEngine.startInternal 서버 엔진을 시작합니다: [Apache Tomcat/9.0.27]
11-Nov-2019 12:01:34.060 INFO [main] org.apache.catalina.startup.HostConfig.deployDirectory 웹 애플리케이션 디렉토리 [C:\Users\kitcoop\OneDrive\html\apache-tomcat-9.0.27\webapps\docs]을(를) 배치합니다.
11-Nov-2019 12:01:34.608 INFO [main] org.apache.catalina.startup.HostConfig.deployDirectory 웹 애플리케이션 디렉토리 [C:\Users\kitcoop\OneDrive\html\apache-tomcat-9.0.27\webapps\docs]에 대한 배치가 [548] 밀리초에 완료되었습니다.
11-Nov-2019 12:01:34.610 INFO [main] org.apache.catalina.startup.HostConfig.deployDirectory 웹 애플리케이션 디렉토리 [C:\Users\kitcoop\OneDrive\html\apache-tomcat-9.0.27\webapps\examples]을(를) 배치합니다.
11-Nov-2019 12:01:35.920 INFO [main] org.apache.catalina.startup.HostConfig.deployDirectory 웹 애플리케이션 디렉토리 [C:\Users\kitcoop\OneDrive\html\apache-tomcat-9.0.27\webapps\examples]에 대한 배치가 [1,309] 밀리초에 완료되었습니다.
11-Nov-2019 12:01:35.921 INFO [main] org.apache.catalina.startup.HostConfig.deployDirectory 웹 애플리케이션 디렉토리 [C:\Users\kitcoop\OneDrive\html\apache-tomcat-9.0.27\webapps\host-manager]을(를) 배치합니다.
11-Nov-2019 12:01:35.985 INFO [main] org.apache.catalina.startup.HostConfig.deployDirectory 웹 애플리케이션 디렉토리 [C:\Users\kitcoop\OneDrive\html\apache-tomcat-9.0.27\webapps\host-manager]에 대한 배치가 [64] 밀리초에 완료되었습니다.
11-Nov-2019 12:01:35.986 INFO [main] org.apache.catalina.startup.HostConfig.deployDirectory 웹 애플리케이션 디렉토리 [C:\Users\kitcoop\OneDrive\html\apache-tomcat-9.0.27\webapps\manager]을(를) 배치합니다.
11-Nov-2019 12:01:36.025 INFO [main] org.apache.catalina.startup.HostConfig.deployDirectory 웹 애플리케이션 디렉토리 [C:\Users\kitcoop\OneDrive\html\apache-tomcat-9.0.27\webapps\manager]에 대한 배치가 [39] 밀리초에 완료되었습니다.
11-Nov-2019 12:01:36.027 INFO [main] org.apache.catalina.startup.HostConfig.deployDirectory 웹 애플리케이션 디렉토리 [C:\Users\kitcoop\OneDrive\html\apache-tomcat-9.0.27\webapps\ROOT]을(를) 배치합니다.
11-Nov-2019 12:01:36.051 INFO [main] org.apache.catalina.startup.HostConfig.deployDirectory 웹 애플리케이션 디렉토리 [C:\Users\kitcoop\OneDrive\html\apache-tomcat-9.0.27\webapps\ROOT]에 대한 배치가 [25] 밀리초에 완료되었습니다.
11-Nov-2019 12:01:36.053 INFO [main] org.apache.catalina.startup.HostConfig.deployDirectory 웹 애플리케이션 디렉토리 [C:\Users\kitcoop\OneDrive\html\apache-tomcat-9.0.27\webapps\t1]을(를) 배치합니다.
11-Nov-2019 12:01:36.106 INFO [main] org.apache.catalina.startup.HostConfig.deployDirectory 웹 애플리케이션 디렉토리 [C:\Users\kitcoop\OneDrive\html\apache-tomcat-9.0.27\webapps\t1]에 대한 배치가 [52] 밀리초에 완료되었습니다.
11-Nov-2019 12:01:36.114 INFO [main] org.apache.coyote.AbstractProtocol.start 프로토콜 핸들러 ["http-nio-8080"]을(를) 시작합니다.
11-Nov-2019 12:01:36.132 INFO [main] org.apache.coyote.AbstractProtocol.start 프로토콜 핸들러 ["ajp-nio-8009"]을(를) 시작합니다.
11-Nov-2019 12:01:36.139 INFO [main] org.apache.catalina.startup.Catalina.start 서버가 [2,202] 밀리초 내에 시작되었습니다.
