31-Oct-2019 12:19:56.047 INFO [main] org.apache.catalina.startup.VersionLoggerListener.log 서버 버전 이름:        Apache Tomcat/9.0.27
31-Oct-2019 12:19:56.055 INFO [main] org.apache.catalina.startup.VersionLoggerListener.log Server 빌드 시각:          Oct 7 2019 09:57:22 UTC
31-Oct-2019 12:19:56.056 INFO [main] org.apache.catalina.startup.VersionLoggerListener.log Server 버전 번호:         9.0.27.0
31-Oct-2019 12:19:56.057 INFO [main] org.apache.catalina.startup.VersionLoggerListener.log 운영체제 이름:               Windows 7
31-Oct-2019 12:19:56.058 INFO [main] org.apache.catalina.startup.VersionLoggerListener.log 운영체제 버전:            6.1
31-Oct-2019 12:19:56.058 INFO [main] org.apache.catalina.startup.VersionLoggerListener.log 아키텍처:          amd64
31-Oct-2019 12:19:56.059 INFO [main] org.apache.catalina.startup.VersionLoggerListener.log 자바 홈:             C:\Program Files\Java\jdk-13.0.1
31-Oct-2019 12:19:56.060 INFO [main] org.apache.catalina.startup.VersionLoggerListener.log JVM 버전:           13.0.1+9
31-Oct-2019 12:19:56.060 INFO [main] org.apache.catalina.startup.VersionLoggerListener.log JVM 벤더:            Oracle Corporation
31-Oct-2019 12:19:56.061 INFO [main] org.apache.catalina.startup.VersionLoggerListener.log CATALINA_BASE:         C:\Users\kitcoop\OneDrive\html\apache-tomcat-9.0.27
31-Oct-2019 12:19:56.061 INFO [main] org.apache.catalina.startup.VersionLoggerListener.log CATALINA_HOME:         C:\Users\kitcoop\OneDrive\html\apache-tomcat-9.0.27
31-Oct-2019 12:19:56.201 INFO [main] org.apache.catalina.startup.VersionLoggerListener.log 명령 행 아규먼트: --add-opens=java.base/java.lang=ALL-UNNAMED
31-Oct-2019 12:19:56.203 INFO [main] org.apache.catalina.startup.VersionLoggerListener.log 명령 행 아규먼트: --add-opens=java.base/java.io=ALL-UNNAMED
31-Oct-2019 12:19:56.205 INFO [main] org.apache.catalina.startup.VersionLoggerListener.log 명령 행 아규먼트: --add-opens=java.rmi/sun.rmi.transport=ALL-UNNAMED
31-Oct-2019 12:19:56.207 INFO [main] org.apache.catalina.startup.VersionLoggerListener.log 명령 행 아규먼트: -Djava.util.logging.config.file=C:\Users\kitcoop\OneDrive\html\apache-tomcat-9.0.27\conf\logging.properties
31-Oct-2019 12:19:56.209 INFO [main] org.apache.catalina.startup.VersionLoggerListener.log 명령 행 아규먼트: -Djava.util.logging.manager=org.apache.juli.ClassLoaderLogManager
31-Oct-2019 12:19:56.211 INFO [main] org.apache.catalina.startup.VersionLoggerListener.log 명령 행 아규먼트: -Djdk.tls.ephemeralDHKeySize=2048
31-Oct-2019 12:19:56.212 INFO [main] org.apache.catalina.startup.VersionLoggerListener.log 명령 행 아규먼트: -Djava.protocol.handler.pkgs=org.apache.catalina.webresources
31-Oct-2019 12:19:56.214 INFO [main] org.apache.catalina.startup.VersionLoggerListener.log 명령 행 아규먼트: -Dignore.endorsed.dirs=
31-Oct-2019 12:19:56.215 INFO [main] org.apache.catalina.startup.VersionLoggerListener.log 명령 행 아규먼트: -Dcatalina.base=C:\Users\kitcoop\OneDrive\html\apache-tomcat-9.0.27
31-Oct-2019 12:19:56.216 INFO [main] org.apache.catalina.startup.VersionLoggerListener.log 명령 행 아규먼트: -Dcatalina.home=C:\Users\kitcoop\OneDrive\html\apache-tomcat-9.0.27
31-Oct-2019 12:19:56.218 INFO [main] org.apache.catalina.startup.VersionLoggerListener.log 명령 행 아규먼트: -Djava.io.tmpdir=C:\Users\kitcoop\OneDrive\html\apache-tomcat-9.0.27\temp
31-Oct-2019 12:19:56.220 INFO [main] org.apache.catalina.core.AprLifecycleListener.lifecycleEvent APR 버전 [1.7.0]을(를) 사용한, APR 기반 Apache Tomcat Native 라이브러리 [1.2.23]을(를) 로드했습니다.
31-Oct-2019 12:19:56.222 INFO [main] org.apache.catalina.core.AprLifecycleListener.lifecycleEvent APR 용량정보들: IPv6 [true], sendfile [true], accept filters [false], random [true].
31-Oct-2019 12:19:56.223 INFO [main] org.apache.catalina.core.AprLifecycleListener.lifecycleEvent APR/OpenSSL 설정: useAprConnector [false], useOpenSSL [true]
31-Oct-2019 12:19:56.313 INFO [main] org.apache.catalina.core.AprLifecycleListener.initializeSSL OpenSSL이 성공적으로 초기화되었습니다: [OpenSSL 1.1.1c  28 May 2019]
31-Oct-2019 12:19:56.800 INFO [main] org.apache.coyote.AbstractProtocol.init 프로토콜 핸들러 ["http-nio-8080"]을(를) 초기화합니다.
31-Oct-2019 12:19:57.070 INFO [main] org.apache.coyote.AbstractProtocol.init 프로토콜 핸들러 ["ajp-nio-8009"]을(를) 초기화합니다.
31-Oct-2019 12:19:57.075 INFO [main] org.apache.catalina.startup.Catalina.load [2,077] 밀리초 내에 서버가 초기화되었습니다.
31-Oct-2019 12:19:57.238 INFO [main] org.apache.catalina.core.StandardService.startInternal 서비스 [Catalina]을(를) 시작합니다.
31-Oct-2019 12:19:57.239 INFO [main] org.apache.catalina.core.StandardEngine.startInternal 서버 엔진을 시작합니다: [Apache Tomcat/9.0.27]
31-Oct-2019 12:19:57.294 INFO [main] org.apache.catalina.startup.HostConfig.deployDirectory 웹 애플리케이션 디렉토리 [C:\Users\kitcoop\OneDrive\html\apache-tomcat-9.0.27\webapps\docs]을(를) 배치합니다.
31-Oct-2019 12:19:58.079 INFO [main] org.apache.catalina.startup.HostConfig.deployDirectory 웹 애플리케이션 디렉토리 [C:\Users\kitcoop\OneDrive\html\apache-tomcat-9.0.27\webapps\docs]에 대한 배치가 [784] 밀리초에 완료되었습니다.
31-Oct-2019 12:19:58.080 INFO [main] org.apache.catalina.startup.HostConfig.deployDirectory 웹 애플리케이션 디렉토리 [C:\Users\kitcoop\OneDrive\html\apache-tomcat-9.0.27\webapps\examples]을(를) 배치합니다.
31-Oct-2019 12:19:59.819 INFO [main] org.apache.catalina.startup.HostConfig.deployDirectory 웹 애플리케이션 디렉토리 [C:\Users\kitcoop\OneDrive\html\apache-tomcat-9.0.27\webapps\examples]에 대한 배치가 [1,738] 밀리초에 완료되었습니다.
31-Oct-2019 12:19:59.820 INFO [main] org.apache.catalina.startup.HostConfig.deployDirectory 웹 애플리케이션 디렉토리 [C:\Users\kitcoop\OneDrive\html\apache-tomcat-9.0.27\webapps\host-manager]을(를) 배치합니다.
31-Oct-2019 12:19:59.907 INFO [main] org.apache.catalina.startup.HostConfig.deployDirectory 웹 애플리케이션 디렉토리 [C:\Users\kitcoop\OneDrive\html\apache-tomcat-9.0.27\webapps\host-manager]에 대한 배치가 [87] 밀리초에 완료되었습니다.
31-Oct-2019 12:19:59.908 INFO [main] org.apache.catalina.startup.HostConfig.deployDirectory 웹 애플리케이션 디렉토리 [C:\Users\kitcoop\OneDrive\html\apache-tomcat-9.0.27\webapps\manager]을(를) 배치합니다.
31-Oct-2019 12:19:59.950 INFO [main] org.apache.catalina.startup.HostConfig.deployDirectory 웹 애플리케이션 디렉토리 [C:\Users\kitcoop\OneDrive\html\apache-tomcat-9.0.27\webapps\manager]에 대한 배치가 [42] 밀리초에 완료되었습니다.
31-Oct-2019 12:19:59.952 INFO [main] org.apache.catalina.startup.HostConfig.deployDirectory 웹 애플리케이션 디렉토리 [C:\Users\kitcoop\OneDrive\html\apache-tomcat-9.0.27\webapps\ROOT]을(를) 배치합니다.
31-Oct-2019 12:19:59.980 INFO [main] org.apache.catalina.startup.HostConfig.deployDirectory 웹 애플리케이션 디렉토리 [C:\Users\kitcoop\OneDrive\html\apache-tomcat-9.0.27\webapps\ROOT]에 대한 배치가 [29] 밀리초에 완료되었습니다.
31-Oct-2019 12:19:59.981 INFO [main] org.apache.catalina.startup.HostConfig.deployDirectory 웹 애플리케이션 디렉토리 [C:\Users\kitcoop\OneDrive\html\apache-tomcat-9.0.27\webapps\t1]을(를) 배치합니다.
31-Oct-2019 12:20:00.035 INFO [main] org.apache.catalina.startup.HostConfig.deployDirectory 웹 애플리케이션 디렉토리 [C:\Users\kitcoop\OneDrive\html\apache-tomcat-9.0.27\webapps\t1]에 대한 배치가 [54] 밀리초에 완료되었습니다.
31-Oct-2019 12:20:00.040 INFO [main] org.apache.coyote.AbstractProtocol.start 프로토콜 핸들러 ["http-nio-8080"]을(를) 시작합니다.
31-Oct-2019 12:20:00.070 INFO [main] org.apache.coyote.AbstractProtocol.start 프로토콜 핸들러 ["ajp-nio-8009"]을(를) 시작합니다.
31-Oct-2019 12:20:00.074 INFO [main] org.apache.catalina.startup.Catalina.start 서버가 [2,998] 밀리초 내에 시작되었습니다.
