10-Dec-2019 19:09:25.305 INFO [main] org.apache.catalina.startup.VersionLoggerListener.log 서버 버전 이름:        Apache Tomcat/9.0.27
10-Dec-2019 19:09:25.330 INFO [main] org.apache.catalina.startup.VersionLoggerListener.log Server 빌드 시각:          Oct 7 2019 09:57:22 UTC
10-Dec-2019 19:09:25.331 INFO [main] org.apache.catalina.startup.VersionLoggerListener.log Server 버전 번호:         9.0.27.0
10-Dec-2019 19:09:25.332 INFO [main] org.apache.catalina.startup.VersionLoggerListener.log 운영체제 이름:               Windows 7
10-Dec-2019 19:09:25.332 INFO [main] org.apache.catalina.startup.VersionLoggerListener.log 운영체제 버전:            6.1
10-Dec-2019 19:09:25.332 INFO [main] org.apache.catalina.startup.VersionLoggerListener.log 아키텍처:          amd64
10-Dec-2019 19:09:25.333 INFO [main] org.apache.catalina.startup.VersionLoggerListener.log 자바 홈:             C:\Program Files\Java\jdk-13.0.1
10-Dec-2019 19:09:25.333 INFO [main] org.apache.catalina.startup.VersionLoggerListener.log JVM 버전:           13.0.1+9
10-Dec-2019 19:09:25.334 INFO [main] org.apache.catalina.startup.VersionLoggerListener.log JVM 벤더:            Oracle Corporation
10-Dec-2019 19:09:25.334 INFO [main] org.apache.catalina.startup.VersionLoggerListener.log CATALINA_BASE:         C:\MyCloud\OneDrive\html\apache-tomcat-9.0.27
10-Dec-2019 19:09:25.335 INFO [main] org.apache.catalina.startup.VersionLoggerListener.log CATALINA_HOME:         C:\MyCloud\OneDrive\html\apache-tomcat-9.0.27
10-Dec-2019 19:09:25.336 INFO [main] org.apache.catalina.startup.VersionLoggerListener.log 명령 행 아규먼트: --add-opens=java.base/java.lang=ALL-UNNAMED
10-Dec-2019 19:09:25.337 INFO [main] org.apache.catalina.startup.VersionLoggerListener.log 명령 행 아규먼트: --add-opens=java.base/java.io=ALL-UNNAMED
10-Dec-2019 19:09:25.337 INFO [main] org.apache.catalina.startup.VersionLoggerListener.log 명령 행 아규먼트: --add-opens=java.rmi/sun.rmi.transport=ALL-UNNAMED
10-Dec-2019 19:09:25.338 INFO [main] org.apache.catalina.startup.VersionLoggerListener.log 명령 행 아규먼트: -Djava.util.logging.config.file=C:\MyCloud\OneDrive\html\apache-tomcat-9.0.27\conf\logging.properties
10-Dec-2019 19:09:25.339 INFO [main] org.apache.catalina.startup.VersionLoggerListener.log 명령 행 아규먼트: -Djava.util.logging.manager=org.apache.juli.ClassLoaderLogManager
10-Dec-2019 19:09:25.340 INFO [main] org.apache.catalina.startup.VersionLoggerListener.log 명령 행 아규먼트: -Dfile.encoding=EUC_KR
10-Dec-2019 19:09:25.341 INFO [main] org.apache.catalina.startup.VersionLoggerListener.log 명령 행 아규먼트: -Xms128m
10-Dec-2019 19:09:25.341 INFO [main] org.apache.catalina.startup.VersionLoggerListener.log 명령 행 아규먼트: -Xmx1024m
10-Dec-2019 19:09:25.342 INFO [main] org.apache.catalina.startup.VersionLoggerListener.log 명령 행 아규먼트: -XX:PermSize=64m
10-Dec-2019 19:09:25.342 INFO [main] org.apache.catalina.startup.VersionLoggerListener.log 명령 행 아규먼트: -XX:MaxPermSize=256m
10-Dec-2019 19:09:25.343 INFO [main] org.apache.catalina.startup.VersionLoggerListener.log 명령 행 아규먼트: -Djdk.tls.ephemeralDHKeySize=2048
10-Dec-2019 19:09:25.343 INFO [main] org.apache.catalina.startup.VersionLoggerListener.log 명령 행 아규먼트: -Djava.protocol.handler.pkgs=org.apache.catalina.webresources
10-Dec-2019 19:09:25.344 INFO [main] org.apache.catalina.startup.VersionLoggerListener.log 명령 행 아규먼트: -Dignore.endorsed.dirs=
10-Dec-2019 19:09:25.345 INFO [main] org.apache.catalina.startup.VersionLoggerListener.log 명령 행 아규먼트: -Dcatalina.base=C:\MyCloud\OneDrive\html\apache-tomcat-9.0.27
10-Dec-2019 19:09:25.346 INFO [main] org.apache.catalina.startup.VersionLoggerListener.log 명령 행 아규먼트: -Dcatalina.home=C:\MyCloud\OneDrive\html\apache-tomcat-9.0.27
10-Dec-2019 19:09:25.347 INFO [main] org.apache.catalina.startup.VersionLoggerListener.log 명령 행 아규먼트: -Djava.io.tmpdir=C:\MyCloud\OneDrive\html\apache-tomcat-9.0.27\temp
10-Dec-2019 19:09:25.348 INFO [main] org.apache.catalina.core.AprLifecycleListener.lifecycleEvent APR 버전 [1.7.0]을(를) 사용한, APR 기반 Apache Tomcat Native 라이브러리 [1.2.23]을(를) 로드했습니다.
10-Dec-2019 19:09:25.349 INFO [main] org.apache.catalina.core.AprLifecycleListener.lifecycleEvent APR 용량정보들: IPv6 [true], sendfile [true], accept filters [false], random [true].
10-Dec-2019 19:09:25.350 INFO [main] org.apache.catalina.core.AprLifecycleListener.lifecycleEvent APR/OpenSSL 설정: useAprConnector [false], useOpenSSL [true]
10-Dec-2019 19:09:25.451 INFO [main] org.apache.catalina.core.AprLifecycleListener.initializeSSL OpenSSL이 성공적으로 초기화되었습니다: [OpenSSL 1.1.1c  28 May 2019]
10-Dec-2019 19:09:25.783 INFO [main] org.apache.coyote.AbstractProtocol.init 프로토콜 핸들러 ["http-nio-8080"]을(를) 초기화합니다.
10-Dec-2019 19:09:25.890 INFO [main] org.apache.coyote.AbstractProtocol.init 프로토콜 핸들러 ["ajp-nio-8009"]을(를) 초기화합니다.
10-Dec-2019 19:09:25.897 INFO [main] org.apache.catalina.startup.Catalina.load [1,053] 밀리초 내에 서버가 초기화되었습니다.
10-Dec-2019 19:09:25.963 INFO [main] org.apache.catalina.core.StandardService.startInternal 서비스 [Catalina]을(를) 시작합니다.
10-Dec-2019 19:09:25.964 INFO [main] org.apache.catalina.core.StandardEngine.startInternal 서버 엔진을 시작합니다: [Apache Tomcat/9.0.27]
10-Dec-2019 19:09:25.994 INFO [main] org.apache.catalina.startup.HostConfig.deployDirectory 웹 애플리케이션 디렉토리 [C:\MyCloud\OneDrive\html\apache-tomcat-9.0.27\webapps\docs]을(를) 배치합니다.
10-Dec-2019 19:09:26.561 INFO [main] org.apache.catalina.startup.HostConfig.deployDirectory 웹 애플리케이션 디렉토리 [C:\MyCloud\OneDrive\html\apache-tomcat-9.0.27\webapps\docs]에 대한 배치가 [567] 밀리초에 완료되었습니다.
10-Dec-2019 19:09:26.562 INFO [main] org.apache.catalina.startup.HostConfig.deployDirectory 웹 애플리케이션 디렉토리 [C:\MyCloud\OneDrive\html\apache-tomcat-9.0.27\webapps\examples]을(를) 배치합니다.
10-Dec-2019 19:09:27.854 INFO [main] org.apache.catalina.startup.HostConfig.deployDirectory 웹 애플리케이션 디렉토리 [C:\MyCloud\OneDrive\html\apache-tomcat-9.0.27\webapps\examples]에 대한 배치가 [1,292] 밀리초에 완료되었습니다.
10-Dec-2019 19:09:27.856 INFO [main] org.apache.catalina.startup.HostConfig.deployDirectory 웹 애플리케이션 디렉토리 [C:\MyCloud\OneDrive\html\apache-tomcat-9.0.27\webapps\host-manager]을(를) 배치합니다.
10-Dec-2019 19:09:27.954 INFO [main] org.apache.catalina.startup.HostConfig.deployDirectory 웹 애플리케이션 디렉토리 [C:\MyCloud\OneDrive\html\apache-tomcat-9.0.27\webapps\host-manager]에 대한 배치가 [98] 밀리초에 완료되었습니다.
10-Dec-2019 19:09:27.956 INFO [main] org.apache.catalina.startup.HostConfig.deployDirectory 웹 애플리케이션 디렉토리 [C:\MyCloud\OneDrive\html\apache-tomcat-9.0.27\webapps\manager]을(를) 배치합니다.
10-Dec-2019 19:09:27.996 INFO [main] org.apache.catalina.startup.HostConfig.deployDirectory 웹 애플리케이션 디렉토리 [C:\MyCloud\OneDrive\html\apache-tomcat-9.0.27\webapps\manager]에 대한 배치가 [40] 밀리초에 완료되었습니다.
10-Dec-2019 19:09:27.997 INFO [main] org.apache.catalina.startup.HostConfig.deployDirectory 웹 애플리케이션 디렉토리 [C:\MyCloud\OneDrive\html\apache-tomcat-9.0.27\webapps\ROOT]을(를) 배치합니다.
10-Dec-2019 19:09:28.026 INFO [main] org.apache.catalina.startup.HostConfig.deployDirectory 웹 애플리케이션 디렉토리 [C:\MyCloud\OneDrive\html\apache-tomcat-9.0.27\webapps\ROOT]에 대한 배치가 [29] 밀리초에 완료되었습니다.
10-Dec-2019 19:09:28.027 INFO [main] org.apache.catalina.startup.HostConfig.deployDirectory 웹 애플리케이션 디렉토리 [C:\MyCloud\OneDrive\html\apache-tomcat-9.0.27\webapps\t1]을(를) 배치합니다.
10-Dec-2019 19:09:28.067 INFO [main] org.apache.catalina.startup.HostConfig.deployDirectory 웹 애플리케이션 디렉토리 [C:\MyCloud\OneDrive\html\apache-tomcat-9.0.27\webapps\t1]에 대한 배치가 [40] 밀리초에 완료되었습니다.
10-Dec-2019 19:09:28.073 INFO [main] org.apache.coyote.AbstractProtocol.start 프로토콜 핸들러 ["http-nio-8080"]을(를) 시작합니다.
10-Dec-2019 19:09:28.103 INFO [main] org.apache.coyote.AbstractProtocol.start 프로토콜 핸들러 ["ajp-nio-8009"]을(를) 시작합니다.
10-Dec-2019 19:09:28.110 INFO [main] org.apache.catalina.startup.Catalina.start 서버가 [2,211] 밀리초 내에 시작되었습니다.
10-Dec-2019 20:29:16.741 INFO [Thread-4] org.apache.coyote.AbstractProtocol.pause 프로토콜 핸들러 ["http-nio-8080"]을(를) 일시 정지 중
