03-Dec-2019 12:38:35.608 INFO [Thread-4] org.apache.coyote.AbstractProtocol.pause 프로토콜 핸들러 ["http-nio-8080"]을(를) 일시 정지 중
03-Dec-2019 12:50:53.940 INFO [main] org.apache.catalina.startup.VersionLoggerListener.log 서버 버전 이름:        Apache Tomcat/9.0.27
03-Dec-2019 12:50:53.944 INFO [main] org.apache.catalina.startup.VersionLoggerListener.log Server 빌드 시각:          Oct 7 2019 09:57:22 UTC
03-Dec-2019 12:50:53.945 INFO [main] org.apache.catalina.startup.VersionLoggerListener.log Server 버전 번호:         9.0.27.0
03-Dec-2019 12:50:53.946 INFO [main] org.apache.catalina.startup.VersionLoggerListener.log 운영체제 이름:               Windows 7
03-Dec-2019 12:50:53.947 INFO [main] org.apache.catalina.startup.VersionLoggerListener.log 운영체제 버전:            6.1
03-Dec-2019 12:50:53.947 INFO [main] org.apache.catalina.startup.VersionLoggerListener.log 아키텍처:          amd64
03-Dec-2019 12:50:53.948 INFO [main] org.apache.catalina.startup.VersionLoggerListener.log 자바 홈:             C:\Program Files\Java\jdk-13.0.1
03-Dec-2019 12:50:53.948 INFO [main] org.apache.catalina.startup.VersionLoggerListener.log JVM 버전:           13.0.1+9
03-Dec-2019 12:50:53.948 INFO [main] org.apache.catalina.startup.VersionLoggerListener.log JVM 벤더:            Oracle Corporation
03-Dec-2019 12:50:53.951 INFO [main] org.apache.catalina.startup.VersionLoggerListener.log CATALINA_BASE:         C:\Users\acorn\OneDrive\html\apache-tomcat-9.0.27
03-Dec-2019 12:50:53.952 INFO [main] org.apache.catalina.startup.VersionLoggerListener.log CATALINA_HOME:         C:\Users\acorn\OneDrive\html\apache-tomcat-9.0.27
03-Dec-2019 12:50:53.961 INFO [main] org.apache.catalina.startup.VersionLoggerListener.log 명령 행 아규먼트: --add-opens=java.base/java.lang=ALL-UNNAMED
03-Dec-2019 12:50:53.962 INFO [main] org.apache.catalina.startup.VersionLoggerListener.log 명령 행 아규먼트: --add-opens=java.base/java.io=ALL-UNNAMED
03-Dec-2019 12:50:53.963 INFO [main] org.apache.catalina.startup.VersionLoggerListener.log 명령 행 아규먼트: --add-opens=java.rmi/sun.rmi.transport=ALL-UNNAMED
03-Dec-2019 12:50:53.964 INFO [main] org.apache.catalina.startup.VersionLoggerListener.log 명령 행 아규먼트: -Djava.util.logging.config.file=C:\Users\acorn\OneDrive\html\apache-tomcat-9.0.27\conf\logging.properties
03-Dec-2019 12:50:53.965 INFO [main] org.apache.catalina.startup.VersionLoggerListener.log 명령 행 아규먼트: -Djava.util.logging.manager=org.apache.juli.ClassLoaderLogManager
03-Dec-2019 12:50:53.966 INFO [main] org.apache.catalina.startup.VersionLoggerListener.log 명령 행 아규먼트: -Dfile.encoding=EUC_KR
03-Dec-2019 12:50:53.967 INFO [main] org.apache.catalina.startup.VersionLoggerListener.log 명령 행 아규먼트: -Xms128m
03-Dec-2019 12:50:53.968 INFO [main] org.apache.catalina.startup.VersionLoggerListener.log 명령 행 아규먼트: -Xmx1024m
03-Dec-2019 12:50:53.968 INFO [main] org.apache.catalina.startup.VersionLoggerListener.log 명령 행 아규먼트: -XX:PermSize=64m
03-Dec-2019 12:50:53.969 INFO [main] org.apache.catalina.startup.VersionLoggerListener.log 명령 행 아규먼트: -XX:MaxPermSize=256m
03-Dec-2019 12:50:53.970 INFO [main] org.apache.catalina.startup.VersionLoggerListener.log 명령 행 아규먼트: -Djdk.tls.ephemeralDHKeySize=2048
03-Dec-2019 12:50:53.970 INFO [main] org.apache.catalina.startup.VersionLoggerListener.log 명령 행 아규먼트: -Djava.protocol.handler.pkgs=org.apache.catalina.webresources
03-Dec-2019 12:50:53.971 INFO [main] org.apache.catalina.startup.VersionLoggerListener.log 명령 행 아규먼트: -Dignore.endorsed.dirs=
03-Dec-2019 12:50:53.972 INFO [main] org.apache.catalina.startup.VersionLoggerListener.log 명령 행 아규먼트: -Dcatalina.base=C:\Users\acorn\OneDrive\html\apache-tomcat-9.0.27
03-Dec-2019 12:50:53.973 INFO [main] org.apache.catalina.startup.VersionLoggerListener.log 명령 행 아규먼트: -Dcatalina.home=C:\Users\acorn\OneDrive\html\apache-tomcat-9.0.27
03-Dec-2019 12:50:53.974 INFO [main] org.apache.catalina.startup.VersionLoggerListener.log 명령 행 아규먼트: -Djava.io.tmpdir=C:\Users\acorn\OneDrive\html\apache-tomcat-9.0.27\temp
03-Dec-2019 12:50:53.976 INFO [main] org.apache.catalina.core.AprLifecycleListener.lifecycleEvent APR 버전 [1.7.0]을(를) 사용한, APR 기반 Apache Tomcat Native 라이브러리 [1.2.23]을(를) 로드했습니다.
03-Dec-2019 12:50:53.977 INFO [main] org.apache.catalina.core.AprLifecycleListener.lifecycleEvent APR 용량정보들: IPv6 [true], sendfile [true], accept filters [false], random [true].
03-Dec-2019 12:50:53.978 INFO [main] org.apache.catalina.core.AprLifecycleListener.lifecycleEvent APR/OpenSSL 설정: useAprConnector [false], useOpenSSL [true]
03-Dec-2019 12:50:53.986 INFO [main] org.apache.catalina.core.AprLifecycleListener.initializeSSL OpenSSL이 성공적으로 초기화되었습니다: [OpenSSL 1.1.1c  28 May 2019]
03-Dec-2019 12:50:54.219 INFO [main] org.apache.coyote.AbstractProtocol.init 프로토콜 핸들러 ["http-nio-8080"]을(를) 초기화합니다.
03-Dec-2019 12:50:54.304 INFO [main] org.apache.coyote.AbstractProtocol.init 프로토콜 핸들러 ["ajp-nio-8009"]을(를) 초기화합니다.
03-Dec-2019 12:50:54.309 INFO [main] org.apache.catalina.startup.Catalina.load [603] 밀리초 내에 서버가 초기화되었습니다.
03-Dec-2019 12:50:54.346 INFO [main] org.apache.catalina.core.StandardService.startInternal 서비스 [Catalina]을(를) 시작합니다.
03-Dec-2019 12:50:54.347 INFO [main] org.apache.catalina.core.StandardEngine.startInternal 서버 엔진을 시작합니다: [Apache Tomcat/9.0.27]
03-Dec-2019 12:50:54.355 INFO [main] org.apache.catalina.startup.HostConfig.deployDirectory 웹 애플리케이션 디렉토리 [C:\Users\acorn\OneDrive\html\apache-tomcat-9.0.27\webapps\docs]을(를) 배치합니다.
03-Dec-2019 12:50:54.610 INFO [main] org.apache.catalina.startup.HostConfig.deployDirectory 웹 애플리케이션 디렉토리 [C:\Users\acorn\OneDrive\html\apache-tomcat-9.0.27\webapps\docs]에 대한 배치가 [254] 밀리초에 완료되었습니다.
03-Dec-2019 12:50:54.611 INFO [main] org.apache.catalina.startup.HostConfig.deployDirectory 웹 애플리케이션 디렉토리 [C:\Users\acorn\OneDrive\html\apache-tomcat-9.0.27\webapps\examples]을(를) 배치합니다.
03-Dec-2019 12:50:54.963 INFO [main] org.apache.catalina.startup.HostConfig.deployDirectory 웹 애플리케이션 디렉토리 [C:\Users\acorn\OneDrive\html\apache-tomcat-9.0.27\webapps\examples]에 대한 배치가 [352] 밀리초에 완료되었습니다.
03-Dec-2019 12:50:54.964 INFO [main] org.apache.catalina.startup.HostConfig.deployDirectory 웹 애플리케이션 디렉토리 [C:\Users\acorn\OneDrive\html\apache-tomcat-9.0.27\webapps\host-manager]을(를) 배치합니다.
03-Dec-2019 12:50:54.998 INFO [main] org.apache.catalina.startup.HostConfig.deployDirectory 웹 애플리케이션 디렉토리 [C:\Users\acorn\OneDrive\html\apache-tomcat-9.0.27\webapps\host-manager]에 대한 배치가 [34] 밀리초에 완료되었습니다.
03-Dec-2019 12:50:54.999 INFO [main] org.apache.catalina.startup.HostConfig.deployDirectory 웹 애플리케이션 디렉토리 [C:\Users\acorn\OneDrive\html\apache-tomcat-9.0.27\webapps\manager]을(를) 배치합니다.
03-Dec-2019 12:50:55.028 INFO [main] org.apache.catalina.startup.HostConfig.deployDirectory 웹 애플리케이션 디렉토리 [C:\Users\acorn\OneDrive\html\apache-tomcat-9.0.27\webapps\manager]에 대한 배치가 [29] 밀리초에 완료되었습니다.
03-Dec-2019 12:50:55.029 INFO [main] org.apache.catalina.startup.HostConfig.deployDirectory 웹 애플리케이션 디렉토리 [C:\Users\acorn\OneDrive\html\apache-tomcat-9.0.27\webapps\ROOT]을(를) 배치합니다.
03-Dec-2019 12:50:55.051 INFO [main] org.apache.catalina.startup.HostConfig.deployDirectory 웹 애플리케이션 디렉토리 [C:\Users\acorn\OneDrive\html\apache-tomcat-9.0.27\webapps\ROOT]에 대한 배치가 [21] 밀리초에 완료되었습니다.
03-Dec-2019 12:50:55.052 INFO [main] org.apache.catalina.startup.HostConfig.deployDirectory 웹 애플리케이션 디렉토리 [C:\Users\acorn\OneDrive\html\apache-tomcat-9.0.27\webapps\t1]을(를) 배치합니다.
03-Dec-2019 12:50:55.087 INFO [main] org.apache.catalina.startup.HostConfig.deployDirectory 웹 애플리케이션 디렉토리 [C:\Users\acorn\OneDrive\html\apache-tomcat-9.0.27\webapps\t1]에 대한 배치가 [35] 밀리초에 완료되었습니다.
03-Dec-2019 12:50:55.092 INFO [main] org.apache.coyote.AbstractProtocol.start 프로토콜 핸들러 ["http-nio-8080"]을(를) 시작합니다.
03-Dec-2019 12:50:55.100 INFO [main] org.apache.coyote.AbstractProtocol.start 프로토콜 핸들러 ["ajp-nio-8009"]을(를) 시작합니다.
03-Dec-2019 12:50:55.104 INFO [main] org.apache.catalina.startup.Catalina.start 서버가 [793] 밀리초 내에 시작되었습니다.
03-Dec-2019 16:34:15.605 INFO [main] org.apache.catalina.startup.VersionLoggerListener.log 서버 버전 이름:        Apache Tomcat/9.0.27
03-Dec-2019 16:34:15.609 INFO [main] org.apache.catalina.startup.VersionLoggerListener.log Server 빌드 시각:          Oct 7 2019 09:57:22 UTC
03-Dec-2019 16:34:15.609 INFO [main] org.apache.catalina.startup.VersionLoggerListener.log Server 버전 번호:         9.0.27.0
03-Dec-2019 16:34:15.610 INFO [main] org.apache.catalina.startup.VersionLoggerListener.log 운영체제 이름:               Windows 7
03-Dec-2019 16:34:15.610 INFO [main] org.apache.catalina.startup.VersionLoggerListener.log 운영체제 버전:            6.1
03-Dec-2019 16:34:15.610 INFO [main] org.apache.catalina.startup.VersionLoggerListener.log 아키텍처:          amd64
03-Dec-2019 16:34:15.611 INFO [main] org.apache.catalina.startup.VersionLoggerListener.log 자바 홈:             C:\Program Files\Java\jdk-13.0.1
03-Dec-2019 16:34:15.611 INFO [main] org.apache.catalina.startup.VersionLoggerListener.log JVM 버전:           13.0.1+9
03-Dec-2019 16:34:15.611 INFO [main] org.apache.catalina.startup.VersionLoggerListener.log JVM 벤더:            Oracle Corporation
03-Dec-2019 16:34:15.612 INFO [main] org.apache.catalina.startup.VersionLoggerListener.log CATALINA_BASE:         C:\Users\acorn\OneDrive\html\apache-tomcat-9.0.27
03-Dec-2019 16:34:15.612 INFO [main] org.apache.catalina.startup.VersionLoggerListener.log CATALINA_HOME:         C:\Users\acorn\OneDrive\html\apache-tomcat-9.0.27
03-Dec-2019 16:34:15.621 INFO [main] org.apache.catalina.startup.VersionLoggerListener.log 명령 행 아규먼트: --add-opens=java.base/java.lang=ALL-UNNAMED
03-Dec-2019 16:34:15.622 INFO [main] org.apache.catalina.startup.VersionLoggerListener.log 명령 행 아규먼트: --add-opens=java.base/java.io=ALL-UNNAMED
03-Dec-2019 16:34:15.623 INFO [main] org.apache.catalina.startup.VersionLoggerListener.log 명령 행 아규먼트: --add-opens=java.rmi/sun.rmi.transport=ALL-UNNAMED
03-Dec-2019 16:34:15.624 INFO [main] org.apache.catalina.startup.VersionLoggerListener.log 명령 행 아규먼트: -Djava.util.logging.config.file=C:\Users\acorn\OneDrive\html\apache-tomcat-9.0.27\conf\logging.properties
03-Dec-2019 16:34:15.626 INFO [main] org.apache.catalina.startup.VersionLoggerListener.log 명령 행 아규먼트: -Djava.util.logging.manager=org.apache.juli.ClassLoaderLogManager
03-Dec-2019 16:34:15.626 INFO [main] org.apache.catalina.startup.VersionLoggerListener.log 명령 행 아규먼트: -Dfile.encoding=EUC_KR
03-Dec-2019 16:34:15.627 INFO [main] org.apache.catalina.startup.VersionLoggerListener.log 명령 행 아규먼트: -Xms128m
03-Dec-2019 16:34:15.627 INFO [main] org.apache.catalina.startup.VersionLoggerListener.log 명령 행 아규먼트: -Xmx1024m
03-Dec-2019 16:34:15.628 INFO [main] org.apache.catalina.startup.VersionLoggerListener.log 명령 행 아규먼트: -XX:PermSize=64m
03-Dec-2019 16:34:15.628 INFO [main] org.apache.catalina.startup.VersionLoggerListener.log 명령 행 아규먼트: -XX:MaxPermSize=256m
03-Dec-2019 16:34:15.629 INFO [main] org.apache.catalina.startup.VersionLoggerListener.log 명령 행 아규먼트: -Djdk.tls.ephemeralDHKeySize=2048
03-Dec-2019 16:34:15.629 INFO [main] org.apache.catalina.startup.VersionLoggerListener.log 명령 행 아규먼트: -Djava.protocol.handler.pkgs=org.apache.catalina.webresources
03-Dec-2019 16:34:15.630 INFO [main] org.apache.catalina.startup.VersionLoggerListener.log 명령 행 아규먼트: -Dignore.endorsed.dirs=
03-Dec-2019 16:34:15.631 INFO [main] org.apache.catalina.startup.VersionLoggerListener.log 명령 행 아규먼트: -Dcatalina.base=C:\Users\acorn\OneDrive\html\apache-tomcat-9.0.27
03-Dec-2019 16:34:15.632 INFO [main] org.apache.catalina.startup.VersionLoggerListener.log 명령 행 아규먼트: -Dcatalina.home=C:\Users\acorn\OneDrive\html\apache-tomcat-9.0.27
03-Dec-2019 16:34:15.633 INFO [main] org.apache.catalina.startup.VersionLoggerListener.log 명령 행 아규먼트: -Djava.io.tmpdir=C:\Users\acorn\OneDrive\html\apache-tomcat-9.0.27\temp
03-Dec-2019 16:34:15.633 INFO [main] org.apache.catalina.core.AprLifecycleListener.lifecycleEvent APR 버전 [1.7.0]을(를) 사용한, APR 기반 Apache Tomcat Native 라이브러리 [1.2.23]을(를) 로드했습니다.
03-Dec-2019 16:34:15.634 INFO [main] org.apache.catalina.core.AprLifecycleListener.lifecycleEvent APR 용량정보들: IPv6 [true], sendfile [true], accept filters [false], random [true].
03-Dec-2019 16:34:15.635 INFO [main] org.apache.catalina.core.AprLifecycleListener.lifecycleEvent APR/OpenSSL 설정: useAprConnector [false], useOpenSSL [true]
03-Dec-2019 16:34:15.642 INFO [main] org.apache.catalina.core.AprLifecycleListener.initializeSSL OpenSSL이 성공적으로 초기화되었습니다: [OpenSSL 1.1.1c  28 May 2019]
03-Dec-2019 16:34:15.873 INFO [main] org.apache.coyote.AbstractProtocol.init 프로토콜 핸들러 ["http-nio-8080"]을(를) 초기화합니다.
03-Dec-2019 16:34:15.946 SEVERE [main] org.apache.catalina.util.LifecycleBase.handleSubClassException 구성요소 [Connector[HTTP/1.1-8080]]을(를) 초기화하지 못했습니다.
	org.apache.catalina.LifecycleException: 프로토콜 핸들러 초기화가 실패했습니다.
		at org.apache.catalina.connector.Connector.initInternal(Connector.java:983)
		at org.apache.catalina.util.LifecycleBase.init(LifecycleBase.java:136)
		at org.apache.catalina.core.StandardService.initInternal(StandardService.java:533)
		at org.apache.catalina.util.LifecycleBase.init(LifecycleBase.java:136)
		at org.apache.catalina.core.StandardServer.initInternal(StandardServer.java:1057)
		at org.apache.catalina.util.LifecycleBase.init(LifecycleBase.java:136)
		at org.apache.catalina.startup.Catalina.load(Catalina.java:584)
		at org.apache.catalina.startup.Catalina.load(Catalina.java:607)
		at java.base/jdk.internal.reflect.NativeMethodAccessorImpl.invoke0(Native Method)
		at java.base/jdk.internal.reflect.NativeMethodAccessorImpl.invoke(NativeMethodAccessorImpl.java:62)
		at java.base/jdk.internal.reflect.DelegatingMethodAccessorImpl.invoke(DelegatingMethodAccessorImpl.java:43)
		at java.base/java.lang.reflect.Method.invoke(Method.java:567)
		at org.apache.catalina.startup.Bootstrap.load(Bootstrap.java:304)
		at org.apache.catalina.startup.Bootstrap.main(Bootstrap.java:474)
	Caused by: java.net.BindException: Address already in use: bind
		at java.base/sun.nio.ch.Net.bind0(Native Method)
		at java.base/sun.nio.ch.Net.bind(Net.java:469)
		at java.base/sun.nio.ch.Net.bind(Net.java:458)
		at java.base/sun.nio.ch.ServerSocketChannelImpl.bind(ServerSocketChannelImpl.java:220)
		at java.base/sun.nio.ch.ServerSocketAdaptor.bind(ServerSocketAdaptor.java:88)
		at org.apache.tomcat.util.net.NioEndpoint.initServerSocket(NioEndpoint.java:230)
		at org.apache.tomcat.util.net.NioEndpoint.bind(NioEndpoint.java:213)
		at org.apache.tomcat.util.net.AbstractEndpoint.bindWithCleanup(AbstractEndpoint.java:1124)
		at org.apache.tomcat.util.net.AbstractEndpoint.init(AbstractEndpoint.java:1137)
		at org.apache.coyote.AbstractProtocol.init(AbstractProtocol.java:575)
		at org.apache.coyote.http11.AbstractHttp11Protocol.init(AbstractHttp11Protocol.java:74)
		at org.apache.catalina.connector.Connector.initInternal(Connector.java:980)
		... 13 more
03-Dec-2019 16:34:15.950 INFO [main] org.apache.coyote.AbstractProtocol.init 프로토콜 핸들러 ["ajp-nio-8009"]을(를) 초기화합니다.
03-Dec-2019 16:34:15.953 SEVERE [main] org.apache.catalina.util.LifecycleBase.handleSubClassException 구성요소 [Connector[AJP/1.3-8009]]을(를) 초기화하지 못했습니다.
	org.apache.catalina.LifecycleException: 프로토콜 핸들러 초기화가 실패했습니다.
		at org.apache.catalina.connector.Connector.initInternal(Connector.java:983)
		at org.apache.catalina.util.LifecycleBase.init(LifecycleBase.java:136)
		at org.apache.catalina.core.StandardService.initInternal(StandardService.java:533)
		at org.apache.catalina.util.LifecycleBase.init(LifecycleBase.java:136)
		at org.apache.catalina.core.StandardServer.initInternal(StandardServer.java:1057)
		at org.apache.catalina.util.LifecycleBase.init(LifecycleBase.java:136)
		at org.apache.catalina.startup.Catalina.load(Catalina.java:584)
		at org.apache.catalina.startup.Catalina.load(Catalina.java:607)
		at java.base/jdk.internal.reflect.NativeMethodAccessorImpl.invoke0(Native Method)
		at java.base/jdk.internal.reflect.NativeMethodAccessorImpl.invoke(NativeMethodAccessorImpl.java:62)
		at java.base/jdk.internal.reflect.DelegatingMethodAccessorImpl.invoke(DelegatingMethodAccessorImpl.java:43)
		at java.base/java.lang.reflect.Method.invoke(Method.java:567)
		at org.apache.catalina.startup.Bootstrap.load(Bootstrap.java:304)
		at org.apache.catalina.startup.Bootstrap.main(Bootstrap.java:474)
	Caused by: java.net.BindException: Address already in use: bind
		at java.base/sun.nio.ch.Net.bind0(Native Method)
		at java.base/sun.nio.ch.Net.bind(Net.java:469)
		at java.base/sun.nio.ch.Net.bind(Net.java:458)
		at java.base/sun.nio.ch.ServerSocketChannelImpl.bind(ServerSocketChannelImpl.java:220)
		at java.base/sun.nio.ch.ServerSocketAdaptor.bind(ServerSocketAdaptor.java:88)
		at org.apache.tomcat.util.net.NioEndpoint.initServerSocket(NioEndpoint.java:230)
		at org.apache.tomcat.util.net.NioEndpoint.bind(NioEndpoint.java:213)
		at org.apache.tomcat.util.net.AbstractEndpoint.bindWithCleanup(AbstractEndpoint.java:1124)
		at org.apache.tomcat.util.net.AbstractEndpoint.init(AbstractEndpoint.java:1137)
		at org.apache.coyote.AbstractProtocol.init(AbstractProtocol.java:575)
		at org.apache.catalina.connector.Connector.initInternal(Connector.java:980)
		... 13 more
03-Dec-2019 16:34:15.966 INFO [main] org.apache.catalina.startup.Catalina.load [583] 밀리초 내에 서버가 초기화되었습니다.
03-Dec-2019 16:34:16.001 INFO [main] org.apache.catalina.core.StandardService.startInternal 서비스 [Catalina]을(를) 시작합니다.
03-Dec-2019 16:34:16.002 INFO [main] org.apache.catalina.core.StandardEngine.startInternal 서버 엔진을 시작합니다: [Apache Tomcat/9.0.27]
03-Dec-2019 16:34:16.010 INFO [main] org.apache.catalina.startup.HostConfig.deployDirectory 웹 애플리케이션 디렉토리 [C:\Users\acorn\OneDrive\html\apache-tomcat-9.0.27\webapps\docs]을(를) 배치합니다.
03-Dec-2019 16:34:16.270 INFO [main] org.apache.catalina.startup.HostConfig.deployDirectory 웹 애플리케이션 디렉토리 [C:\Users\acorn\OneDrive\html\apache-tomcat-9.0.27\webapps\docs]에 대한 배치가 [260] 밀리초에 완료되었습니다.
03-Dec-2019 16:34:16.271 INFO [main] org.apache.catalina.startup.HostConfig.deployDirectory 웹 애플리케이션 디렉토리 [C:\Users\acorn\OneDrive\html\apache-tomcat-9.0.27\webapps\examples]을(를) 배치합니다.
03-Dec-2019 16:34:16.621 INFO [main] org.apache.catalina.startup.HostConfig.deployDirectory 웹 애플리케이션 디렉토리 [C:\Users\acorn\OneDrive\html\apache-tomcat-9.0.27\webapps\examples]에 대한 배치가 [350] 밀리초에 완료되었습니다.
03-Dec-2019 16:34:16.622 INFO [main] org.apache.catalina.startup.HostConfig.deployDirectory 웹 애플리케이션 디렉토리 [C:\Users\acorn\OneDrive\html\apache-tomcat-9.0.27\webapps\host-manager]을(를) 배치합니다.
03-Dec-2019 16:34:16.656 INFO [main] org.apache.catalina.startup.HostConfig.deployDirectory 웹 애플리케이션 디렉토리 [C:\Users\acorn\OneDrive\html\apache-tomcat-9.0.27\webapps\host-manager]에 대한 배치가 [34] 밀리초에 완료되었습니다.
03-Dec-2019 16:34:16.657 INFO [main] org.apache.catalina.startup.HostConfig.deployDirectory 웹 애플리케이션 디렉토리 [C:\Users\acorn\OneDrive\html\apache-tomcat-9.0.27\webapps\manager]을(를) 배치합니다.
03-Dec-2019 16:34:16.686 INFO [main] org.apache.catalina.startup.HostConfig.deployDirectory 웹 애플리케이션 디렉토리 [C:\Users\acorn\OneDrive\html\apache-tomcat-9.0.27\webapps\manager]에 대한 배치가 [29] 밀리초에 완료되었습니다.
03-Dec-2019 16:34:16.687 INFO [main] org.apache.catalina.startup.HostConfig.deployDirectory 웹 애플리케이션 디렉토리 [C:\Users\acorn\OneDrive\html\apache-tomcat-9.0.27\webapps\ROOT]을(를) 배치합니다.
03-Dec-2019 16:34:16.708 INFO [main] org.apache.catalina.startup.HostConfig.deployDirectory 웹 애플리케이션 디렉토리 [C:\Users\acorn\OneDrive\html\apache-tomcat-9.0.27\webapps\ROOT]에 대한 배치가 [21] 밀리초에 완료되었습니다.
03-Dec-2019 16:34:16.710 INFO [main] org.apache.catalina.startup.HostConfig.deployDirectory 웹 애플리케이션 디렉토리 [C:\Users\acorn\OneDrive\html\apache-tomcat-9.0.27\webapps\t1]을(를) 배치합니다.
03-Dec-2019 16:34:16.745 INFO [main] org.apache.catalina.startup.HostConfig.deployDirectory 웹 애플리케이션 디렉토리 [C:\Users\acorn\OneDrive\html\apache-tomcat-9.0.27\webapps\t1]에 대한 배치가 [36] 밀리초에 완료되었습니다.
03-Dec-2019 16:34:16.751 INFO [main] org.apache.catalina.startup.Catalina.start 서버가 [783] 밀리초 내에 시작되었습니다.
03-Dec-2019 16:34:16.757 SEVERE [main] org.apache.catalina.core.StandardServer.await 주소 [localhost]와(과) 포트 [8005]에, 서버 셧다운 소켓을 생성하지 못했습니다. (base 포트 [8005], offset [0])
	java.net.BindException: Address already in use: bind
		at java.base/sun.nio.ch.Net.bind0(Native Method)
		at java.base/sun.nio.ch.Net.bind(Net.java:469)
		at java.base/sun.nio.ch.Net.bind(Net.java:458)
		at java.base/sun.nio.ch.NioSocketImpl.bind(NioSocketImpl.java:643)
		at java.base/java.net.ServerSocket.bind(ServerSocket.java:374)
		at java.base/java.net.ServerSocket.<init>(ServerSocket.java:260)
		at org.apache.catalina.core.StandardServer.await(StandardServer.java:584)
		at org.apache.catalina.startup.Catalina.await(Catalina.java:721)
		at org.apache.catalina.startup.Catalina.start(Catalina.java:667)
		at java.base/jdk.internal.reflect.NativeMethodAccessorImpl.invoke0(Native Method)
		at java.base/jdk.internal.reflect.NativeMethodAccessorImpl.invoke(NativeMethodAccessorImpl.java:62)
		at java.base/jdk.internal.reflect.DelegatingMethodAccessorImpl.invoke(DelegatingMethodAccessorImpl.java:43)
		at java.base/java.lang.reflect.Method.invoke(Method.java:567)
		at org.apache.catalina.startup.Bootstrap.start(Bootstrap.java:344)
		at org.apache.catalina.startup.Bootstrap.main(Bootstrap.java:475)
03-Dec-2019 16:34:16.759 INFO [main] org.apache.coyote.AbstractProtocol.pause 프로토콜 핸들러 ["http-nio-8080"]을(를) 일시 정지 중
03-Dec-2019 16:34:16.760 INFO [main] org.apache.coyote.AbstractProtocol.pause 프로토콜 핸들러 ["ajp-nio-8009"]을(를) 일시 정지 중
03-Dec-2019 16:34:16.761 INFO [main] org.apache.catalina.core.StandardService.stopInternal 서비스 [Catalina]을(를) 중지시킵니다.
03-Dec-2019 16:34:16.785 INFO [main] org.apache.coyote.AbstractProtocol.stop 프로토콜 핸들러 ["http-nio-8080"]을(를) 중지시킵니다.
03-Dec-2019 16:34:16.786 INFO [main] org.apache.coyote.AbstractProtocol.destroy 프로토콜 핸들러 ["http-nio-8080"]을(를) 소멸시킵니다.
03-Dec-2019 16:34:16.786 INFO [main] org.apache.coyote.AbstractProtocol.stop 프로토콜 핸들러 ["ajp-nio-8009"]을(를) 중지시킵니다.
03-Dec-2019 16:34:16.787 INFO [main] org.apache.coyote.AbstractProtocol.destroy 프로토콜 핸들러 ["ajp-nio-8009"]을(를) 소멸시킵니다.
