21-Nov-2019 11:22:19.357 INFO [main] org.apache.catalina.startup.VersionLoggerListener.log 서버 버전 이름:        Apache Tomcat/9.0.27
21-Nov-2019 11:22:19.361 INFO [main] org.apache.catalina.startup.VersionLoggerListener.log Server 빌드 시각:          Oct 7 2019 09:57:22 UTC
21-Nov-2019 11:22:19.362 INFO [main] org.apache.catalina.startup.VersionLoggerListener.log Server 버전 번호:         9.0.27.0
21-Nov-2019 11:22:19.362 INFO [main] org.apache.catalina.startup.VersionLoggerListener.log 운영체제 이름:               Windows 7
21-Nov-2019 11:22:19.362 INFO [main] org.apache.catalina.startup.VersionLoggerListener.log 운영체제 버전:            6.1
21-Nov-2019 11:22:19.363 INFO [main] org.apache.catalina.startup.VersionLoggerListener.log 아키텍처:          amd64
21-Nov-2019 11:22:19.363 INFO [main] org.apache.catalina.startup.VersionLoggerListener.log 자바 홈:             C:\Program Files\Java\jdk-13.0.1
21-Nov-2019 11:22:19.364 INFO [main] org.apache.catalina.startup.VersionLoggerListener.log JVM 버전:           13.0.1+9
21-Nov-2019 11:22:19.364 INFO [main] org.apache.catalina.startup.VersionLoggerListener.log JVM 벤더:            Oracle Corporation
21-Nov-2019 11:22:19.366 INFO [main] org.apache.catalina.startup.VersionLoggerListener.log CATALINA_BASE:         C:\Users\acorn\OneDrive\html\apache-tomcat-9.0.27
21-Nov-2019 11:22:19.367 INFO [main] org.apache.catalina.startup.VersionLoggerListener.log CATALINA_HOME:         C:\Users\acorn\OneDrive\html\apache-tomcat-9.0.27
21-Nov-2019 11:22:19.376 INFO [main] org.apache.catalina.startup.VersionLoggerListener.log 명령 행 아규먼트: --add-opens=java.base/java.lang=ALL-UNNAMED
21-Nov-2019 11:22:19.377 INFO [main] org.apache.catalina.startup.VersionLoggerListener.log 명령 행 아규먼트: --add-opens=java.base/java.io=ALL-UNNAMED
21-Nov-2019 11:22:19.378 INFO [main] org.apache.catalina.startup.VersionLoggerListener.log 명령 행 아규먼트: --add-opens=java.rmi/sun.rmi.transport=ALL-UNNAMED
21-Nov-2019 11:22:19.379 INFO [main] org.apache.catalina.startup.VersionLoggerListener.log 명령 행 아규먼트: -Djava.util.logging.config.file=C:\Users\acorn\OneDrive\html\apache-tomcat-9.0.27\conf\logging.properties
21-Nov-2019 11:22:19.380 INFO [main] org.apache.catalina.startup.VersionLoggerListener.log 명령 행 아규먼트: -Djava.util.logging.manager=org.apache.juli.ClassLoaderLogManager
21-Nov-2019 11:22:19.381 INFO [main] org.apache.catalina.startup.VersionLoggerListener.log 명령 행 아규먼트: -Djdk.tls.ephemeralDHKeySize=2048
21-Nov-2019 11:22:19.382 INFO [main] org.apache.catalina.startup.VersionLoggerListener.log 명령 행 아규먼트: -Djava.protocol.handler.pkgs=org.apache.catalina.webresources
21-Nov-2019 11:22:19.383 INFO [main] org.apache.catalina.startup.VersionLoggerListener.log 명령 행 아규먼트: -Dignore.endorsed.dirs=
21-Nov-2019 11:22:19.384 INFO [main] org.apache.catalina.startup.VersionLoggerListener.log 명령 행 아규먼트: -Dcatalina.base=C:\Users\acorn\OneDrive\html\apache-tomcat-9.0.27
21-Nov-2019 11:22:19.385 INFO [main] org.apache.catalina.startup.VersionLoggerListener.log 명령 행 아규먼트: -Dcatalina.home=C:\Users\acorn\OneDrive\html\apache-tomcat-9.0.27
21-Nov-2019 11:22:19.386 INFO [main] org.apache.catalina.startup.VersionLoggerListener.log 명령 행 아규먼트: -Djava.io.tmpdir=C:\Users\acorn\OneDrive\html\apache-tomcat-9.0.27\temp
21-Nov-2019 11:22:19.386 INFO [main] org.apache.catalina.core.AprLifecycleListener.lifecycleEvent APR 버전 [1.7.0]을(를) 사용한, APR 기반 Apache Tomcat Native 라이브러리 [1.2.23]을(를) 로드했습니다.
21-Nov-2019 11:22:19.387 INFO [main] org.apache.catalina.core.AprLifecycleListener.lifecycleEvent APR 용량정보들: IPv6 [true], sendfile [true], accept filters [false], random [true].
21-Nov-2019 11:22:19.389 INFO [main] org.apache.catalina.core.AprLifecycleListener.lifecycleEvent APR/OpenSSL 설정: useAprConnector [false], useOpenSSL [true]
21-Nov-2019 11:22:19.396 INFO [main] org.apache.catalina.core.AprLifecycleListener.initializeSSL OpenSSL이 성공적으로 초기화되었습니다: [OpenSSL 1.1.1c  28 May 2019]
21-Nov-2019 11:22:19.631 INFO [main] org.apache.coyote.AbstractProtocol.init 프로토콜 핸들러 ["http-nio-8080"]을(를) 초기화합니다.
21-Nov-2019 11:22:19.711 INFO [main] org.apache.coyote.AbstractProtocol.init 프로토콜 핸들러 ["ajp-nio-8009"]을(를) 초기화합니다.
21-Nov-2019 11:22:19.716 INFO [main] org.apache.catalina.startup.Catalina.load [583] 밀리초 내에 서버가 초기화되었습니다.
21-Nov-2019 11:22:19.751 INFO [main] org.apache.catalina.core.StandardService.startInternal 서비스 [Catalina]을(를) 시작합니다.
21-Nov-2019 11:22:19.751 INFO [main] org.apache.catalina.core.StandardEngine.startInternal 서버 엔진을 시작합니다: [Apache Tomcat/9.0.27]
21-Nov-2019 11:22:19.759 INFO [main] org.apache.catalina.startup.HostConfig.deployDirectory 웹 애플리케이션 디렉토리 [C:\Users\acorn\OneDrive\html\apache-tomcat-9.0.27\webapps\docs]을(를) 배치합니다.
21-Nov-2019 11:22:20.055 INFO [main] org.apache.catalina.startup.HostConfig.deployDirectory 웹 애플리케이션 디렉토리 [C:\Users\acorn\OneDrive\html\apache-tomcat-9.0.27\webapps\docs]에 대한 배치가 [296] 밀리초에 완료되었습니다.
21-Nov-2019 11:22:20.057 INFO [main] org.apache.catalina.startup.HostConfig.deployDirectory 웹 애플리케이션 디렉토리 [C:\Users\acorn\OneDrive\html\apache-tomcat-9.0.27\webapps\examples]을(를) 배치합니다.
21-Nov-2019 11:22:20.510 INFO [main] org.apache.catalina.startup.HostConfig.deployDirectory 웹 애플리케이션 디렉토리 [C:\Users\acorn\OneDrive\html\apache-tomcat-9.0.27\webapps\examples]에 대한 배치가 [453] 밀리초에 완료되었습니다.
21-Nov-2019 11:22:20.511 INFO [main] org.apache.catalina.startup.HostConfig.deployDirectory 웹 애플리케이션 디렉토리 [C:\Users\acorn\OneDrive\html\apache-tomcat-9.0.27\webapps\host-manager]을(를) 배치합니다.
21-Nov-2019 11:22:20.549 INFO [main] org.apache.catalina.startup.HostConfig.deployDirectory 웹 애플리케이션 디렉토리 [C:\Users\acorn\OneDrive\html\apache-tomcat-9.0.27\webapps\host-manager]에 대한 배치가 [38] 밀리초에 완료되었습니다.
21-Nov-2019 11:22:20.550 INFO [main] org.apache.catalina.startup.HostConfig.deployDirectory 웹 애플리케이션 디렉토리 [C:\Users\acorn\OneDrive\html\apache-tomcat-9.0.27\webapps\manager]을(를) 배치합니다.
21-Nov-2019 11:22:20.581 INFO [main] org.apache.catalina.startup.HostConfig.deployDirectory 웹 애플리케이션 디렉토리 [C:\Users\acorn\OneDrive\html\apache-tomcat-9.0.27\webapps\manager]에 대한 배치가 [30] 밀리초에 완료되었습니다.
21-Nov-2019 11:22:20.582 INFO [main] org.apache.catalina.startup.HostConfig.deployDirectory 웹 애플리케이션 디렉토리 [C:\Users\acorn\OneDrive\html\apache-tomcat-9.0.27\webapps\ROOT]을(를) 배치합니다.
21-Nov-2019 11:22:20.602 INFO [main] org.apache.catalina.startup.HostConfig.deployDirectory 웹 애플리케이션 디렉토리 [C:\Users\acorn\OneDrive\html\apache-tomcat-9.0.27\webapps\ROOT]에 대한 배치가 [20] 밀리초에 완료되었습니다.
21-Nov-2019 11:22:20.604 INFO [main] org.apache.catalina.startup.HostConfig.deployDirectory 웹 애플리케이션 디렉토리 [C:\Users\acorn\OneDrive\html\apache-tomcat-9.0.27\webapps\t1]을(를) 배치합니다.
21-Nov-2019 11:22:20.633 INFO [main] org.apache.catalina.startup.HostConfig.deployDirectory 웹 애플리케이션 디렉토리 [C:\Users\acorn\OneDrive\html\apache-tomcat-9.0.27\webapps\t1]에 대한 배치가 [29] 밀리초에 완료되었습니다.
21-Nov-2019 11:22:20.638 INFO [main] org.apache.coyote.AbstractProtocol.start 프로토콜 핸들러 ["http-nio-8080"]을(를) 시작합니다.
21-Nov-2019 11:22:20.646 INFO [main] org.apache.coyote.AbstractProtocol.start 프로토콜 핸들러 ["ajp-nio-8009"]을(를) 시작합니다.
21-Nov-2019 11:22:20.650 INFO [main] org.apache.catalina.startup.Catalina.start 서버가 [932] 밀리초 내에 시작되었습니다.
21-Nov-2019 11:25:20.815 INFO [main] org.apache.catalina.startup.VersionLoggerListener.log 서버 버전 이름:        Apache Tomcat/9.0.27
21-Nov-2019 11:25:20.820 INFO [main] org.apache.catalina.startup.VersionLoggerListener.log Server 빌드 시각:          Oct 7 2019 09:57:22 UTC
21-Nov-2019 11:25:20.820 INFO [main] org.apache.catalina.startup.VersionLoggerListener.log Server 버전 번호:         9.0.27.0
21-Nov-2019 11:25:20.821 INFO [main] org.apache.catalina.startup.VersionLoggerListener.log 운영체제 이름:               Windows 7
21-Nov-2019 11:25:20.822 INFO [main] org.apache.catalina.startup.VersionLoggerListener.log 운영체제 버전:            6.1
21-Nov-2019 11:25:20.822 INFO [main] org.apache.catalina.startup.VersionLoggerListener.log 아키텍처:          amd64
21-Nov-2019 11:25:20.822 INFO [main] org.apache.catalina.startup.VersionLoggerListener.log 자바 홈:             C:\Program Files\Java\jdk-13.0.1
21-Nov-2019 11:25:20.823 INFO [main] org.apache.catalina.startup.VersionLoggerListener.log JVM 버전:           13.0.1+9
21-Nov-2019 11:25:20.823 INFO [main] org.apache.catalina.startup.VersionLoggerListener.log JVM 벤더:            Oracle Corporation
21-Nov-2019 11:25:20.823 INFO [main] org.apache.catalina.startup.VersionLoggerListener.log CATALINA_BASE:         C:\Users\acorn\OneDrive\html\apache-tomcat-9.0.27
21-Nov-2019 11:25:20.824 INFO [main] org.apache.catalina.startup.VersionLoggerListener.log CATALINA_HOME:         C:\Users\acorn\OneDrive\html\apache-tomcat-9.0.27
21-Nov-2019 11:25:20.833 INFO [main] org.apache.catalina.startup.VersionLoggerListener.log 명령 행 아규먼트: --add-opens=java.base/java.lang=ALL-UNNAMED
21-Nov-2019 11:25:20.834 INFO [main] org.apache.catalina.startup.VersionLoggerListener.log 명령 행 아규먼트: --add-opens=java.base/java.io=ALL-UNNAMED
21-Nov-2019 11:25:20.835 INFO [main] org.apache.catalina.startup.VersionLoggerListener.log 명령 행 아규먼트: --add-opens=java.rmi/sun.rmi.transport=ALL-UNNAMED
21-Nov-2019 11:25:20.836 INFO [main] org.apache.catalina.startup.VersionLoggerListener.log 명령 행 아규먼트: -Djava.util.logging.config.file=C:\Users\acorn\OneDrive\html\apache-tomcat-9.0.27\conf\logging.properties
21-Nov-2019 11:25:20.837 INFO [main] org.apache.catalina.startup.VersionLoggerListener.log 명령 행 아규먼트: -Djava.util.logging.manager=org.apache.juli.ClassLoaderLogManager
21-Nov-2019 11:25:20.837 INFO [main] org.apache.catalina.startup.VersionLoggerListener.log 명령 행 아규먼트: -Djdk.tls.ephemeralDHKeySize=2048
21-Nov-2019 11:25:20.838 INFO [main] org.apache.catalina.startup.VersionLoggerListener.log 명령 행 아규먼트: -Djava.protocol.handler.pkgs=org.apache.catalina.webresources
21-Nov-2019 11:25:20.839 INFO [main] org.apache.catalina.startup.VersionLoggerListener.log 명령 행 아규먼트: -Dignore.endorsed.dirs=
21-Nov-2019 11:25:20.839 INFO [main] org.apache.catalina.startup.VersionLoggerListener.log 명령 행 아규먼트: -Dcatalina.base=C:\Users\acorn\OneDrive\html\apache-tomcat-9.0.27
21-Nov-2019 11:25:20.840 INFO [main] org.apache.catalina.startup.VersionLoggerListener.log 명령 행 아규먼트: -Dcatalina.home=C:\Users\acorn\OneDrive\html\apache-tomcat-9.0.27
21-Nov-2019 11:25:20.841 INFO [main] org.apache.catalina.startup.VersionLoggerListener.log 명령 행 아규먼트: -Djava.io.tmpdir=C:\Users\acorn\OneDrive\html\apache-tomcat-9.0.27\temp
21-Nov-2019 11:25:20.841 INFO [main] org.apache.catalina.core.AprLifecycleListener.lifecycleEvent APR 버전 [1.7.0]을(를) 사용한, APR 기반 Apache Tomcat Native 라이브러리 [1.2.23]을(를) 로드했습니다.
21-Nov-2019 11:25:20.842 INFO [main] org.apache.catalina.core.AprLifecycleListener.lifecycleEvent APR 용량정보들: IPv6 [true], sendfile [true], accept filters [false], random [true].
21-Nov-2019 11:25:20.844 INFO [main] org.apache.catalina.core.AprLifecycleListener.lifecycleEvent APR/OpenSSL 설정: useAprConnector [false], useOpenSSL [true]
21-Nov-2019 11:25:20.850 INFO [main] org.apache.catalina.core.AprLifecycleListener.initializeSSL OpenSSL이 성공적으로 초기화되었습니다: [OpenSSL 1.1.1c  28 May 2019]
21-Nov-2019 11:25:21.073 INFO [main] org.apache.coyote.AbstractProtocol.init 프로토콜 핸들러 ["http-nio-8080"]을(를) 초기화합니다.
21-Nov-2019 11:25:21.152 INFO [main] org.apache.coyote.AbstractProtocol.init 프로토콜 핸들러 ["ajp-nio-8009"]을(를) 초기화합니다.
21-Nov-2019 11:25:21.158 INFO [main] org.apache.catalina.startup.Catalina.load [550] 밀리초 내에 서버가 초기화되었습니다.
21-Nov-2019 11:25:21.195 INFO [main] org.apache.catalina.core.StandardService.startInternal 서비스 [Catalina]을(를) 시작합니다.
21-Nov-2019 11:25:21.196 INFO [main] org.apache.catalina.core.StandardEngine.startInternal 서버 엔진을 시작합니다: [Apache Tomcat/9.0.27]
21-Nov-2019 11:25:21.203 INFO [main] org.apache.catalina.startup.HostConfig.deployDirectory 웹 애플리케이션 디렉토리 [C:\Users\acorn\OneDrive\html\apache-tomcat-9.0.27\webapps\docs]을(를) 배치합니다.
21-Nov-2019 11:25:21.437 INFO [main] org.apache.catalina.startup.HostConfig.deployDirectory 웹 애플리케이션 디렉토리 [C:\Users\acorn\OneDrive\html\apache-tomcat-9.0.27\webapps\docs]에 대한 배치가 [234] 밀리초에 완료되었습니다.
21-Nov-2019 11:25:21.439 INFO [main] org.apache.catalina.startup.HostConfig.deployDirectory 웹 애플리케이션 디렉토리 [C:\Users\acorn\OneDrive\html\apache-tomcat-9.0.27\webapps\examples]을(를) 배치합니다.
21-Nov-2019 11:25:21.766 INFO [main] org.apache.catalina.startup.HostConfig.deployDirectory 웹 애플리케이션 디렉토리 [C:\Users\acorn\OneDrive\html\apache-tomcat-9.0.27\webapps\examples]에 대한 배치가 [327] 밀리초에 완료되었습니다.
21-Nov-2019 11:25:21.767 INFO [main] org.apache.catalina.startup.HostConfig.deployDirectory 웹 애플리케이션 디렉토리 [C:\Users\acorn\OneDrive\html\apache-tomcat-9.0.27\webapps\host-manager]을(를) 배치합니다.
21-Nov-2019 11:25:21.800 INFO [main] org.apache.catalina.startup.HostConfig.deployDirectory 웹 애플리케이션 디렉토리 [C:\Users\acorn\OneDrive\html\apache-tomcat-9.0.27\webapps\host-manager]에 대한 배치가 [32] 밀리초에 완료되었습니다.
21-Nov-2019 11:25:21.801 INFO [main] org.apache.catalina.startup.HostConfig.deployDirectory 웹 애플리케이션 디렉토리 [C:\Users\acorn\OneDrive\html\apache-tomcat-9.0.27\webapps\manager]을(를) 배치합니다.
21-Nov-2019 11:25:21.829 INFO [main] org.apache.catalina.startup.HostConfig.deployDirectory 웹 애플리케이션 디렉토리 [C:\Users\acorn\OneDrive\html\apache-tomcat-9.0.27\webapps\manager]에 대한 배치가 [28] 밀리초에 완료되었습니다.
21-Nov-2019 11:25:21.830 INFO [main] org.apache.catalina.startup.HostConfig.deployDirectory 웹 애플리케이션 디렉토리 [C:\Users\acorn\OneDrive\html\apache-tomcat-9.0.27\webapps\ROOT]을(를) 배치합니다.
21-Nov-2019 11:25:21.851 INFO [main] org.apache.catalina.startup.HostConfig.deployDirectory 웹 애플리케이션 디렉토리 [C:\Users\acorn\OneDrive\html\apache-tomcat-9.0.27\webapps\ROOT]에 대한 배치가 [20] 밀리초에 완료되었습니다.
21-Nov-2019 11:25:21.852 INFO [main] org.apache.catalina.startup.HostConfig.deployDirectory 웹 애플리케이션 디렉토리 [C:\Users\acorn\OneDrive\html\apache-tomcat-9.0.27\webapps\t1]을(를) 배치합니다.
21-Nov-2019 11:25:21.882 INFO [main] org.apache.catalina.startup.HostConfig.deployDirectory 웹 애플리케이션 디렉토리 [C:\Users\acorn\OneDrive\html\apache-tomcat-9.0.27\webapps\t1]에 대한 배치가 [29] 밀리초에 완료되었습니다.
21-Nov-2019 11:25:21.886 INFO [main] org.apache.coyote.AbstractProtocol.start 프로토콜 핸들러 ["http-nio-8080"]을(를) 시작합니다.
21-Nov-2019 11:25:21.896 INFO [main] org.apache.coyote.AbstractProtocol.start 프로토콜 핸들러 ["ajp-nio-8009"]을(를) 시작합니다.
21-Nov-2019 11:25:21.902 INFO [main] org.apache.catalina.startup.Catalina.start 서버가 [743] 밀리초 내에 시작되었습니다.
21-Nov-2019 11:30:07.266 INFO [main] org.apache.catalina.startup.VersionLoggerListener.log 서버 버전 이름:        Apache Tomcat/9.0.27
21-Nov-2019 11:30:07.270 INFO [main] org.apache.catalina.startup.VersionLoggerListener.log Server 빌드 시각:          Oct 7 2019 09:57:22 UTC
21-Nov-2019 11:30:07.271 INFO [main] org.apache.catalina.startup.VersionLoggerListener.log Server 버전 번호:         9.0.27.0
21-Nov-2019 11:30:07.271 INFO [main] org.apache.catalina.startup.VersionLoggerListener.log 운영체제 이름:               Windows 7
21-Nov-2019 11:30:07.272 INFO [main] org.apache.catalina.startup.VersionLoggerListener.log 운영체제 버전:            6.1
21-Nov-2019 11:30:07.272 INFO [main] org.apache.catalina.startup.VersionLoggerListener.log 아키텍처:          amd64
21-Nov-2019 11:30:07.273 INFO [main] org.apache.catalina.startup.VersionLoggerListener.log 자바 홈:             C:\Program Files\Java\jdk-13.0.1
21-Nov-2019 11:30:07.273 INFO [main] org.apache.catalina.startup.VersionLoggerListener.log JVM 버전:           13.0.1+9
21-Nov-2019 11:30:07.273 INFO [main] org.apache.catalina.startup.VersionLoggerListener.log JVM 벤더:            Oracle Corporation
21-Nov-2019 11:30:07.274 INFO [main] org.apache.catalina.startup.VersionLoggerListener.log CATALINA_BASE:         C:\Users\acorn\OneDrive\html\apache-tomcat-9.0.27
21-Nov-2019 11:30:07.274 INFO [main] org.apache.catalina.startup.VersionLoggerListener.log CATALINA_HOME:         C:\Users\acorn\OneDrive\html\apache-tomcat-9.0.27
21-Nov-2019 11:30:07.284 INFO [main] org.apache.catalina.startup.VersionLoggerListener.log 명령 행 아규먼트: --add-opens=java.base/java.lang=ALL-UNNAMED
21-Nov-2019 11:30:07.284 INFO [main] org.apache.catalina.startup.VersionLoggerListener.log 명령 행 아규먼트: --add-opens=java.base/java.io=ALL-UNNAMED
21-Nov-2019 11:30:07.285 INFO [main] org.apache.catalina.startup.VersionLoggerListener.log 명령 행 아규먼트: --add-opens=java.rmi/sun.rmi.transport=ALL-UNNAMED
21-Nov-2019 11:30:07.286 INFO [main] org.apache.catalina.startup.VersionLoggerListener.log 명령 행 아규먼트: -Djava.util.logging.config.file=C:\Users\acorn\OneDrive\html\apache-tomcat-9.0.27\conf\logging.properties
21-Nov-2019 11:30:07.287 INFO [main] org.apache.catalina.startup.VersionLoggerListener.log 명령 행 아규먼트: -Djava.util.logging.manager=org.apache.juli.ClassLoaderLogManager
21-Nov-2019 11:30:07.287 INFO [main] org.apache.catalina.startup.VersionLoggerListener.log 명령 행 아규먼트: -Djdk.tls.ephemeralDHKeySize=2048
21-Nov-2019 11:30:07.288 INFO [main] org.apache.catalina.startup.VersionLoggerListener.log 명령 행 아규먼트: -Djava.protocol.handler.pkgs=org.apache.catalina.webresources
21-Nov-2019 11:30:07.289 INFO [main] org.apache.catalina.startup.VersionLoggerListener.log 명령 행 아규먼트: -Dignore.endorsed.dirs=
21-Nov-2019 11:30:07.290 INFO [main] org.apache.catalina.startup.VersionLoggerListener.log 명령 행 아규먼트: -Dcatalina.base=C:\Users\acorn\OneDrive\html\apache-tomcat-9.0.27
21-Nov-2019 11:30:07.291 INFO [main] org.apache.catalina.startup.VersionLoggerListener.log 명령 행 아규먼트: -Dcatalina.home=C:\Users\acorn\OneDrive\html\apache-tomcat-9.0.27
21-Nov-2019 11:30:07.291 INFO [main] org.apache.catalina.startup.VersionLoggerListener.log 명령 행 아규먼트: -Djava.io.tmpdir=C:\Users\acorn\OneDrive\html\apache-tomcat-9.0.27\temp
21-Nov-2019 11:30:07.292 INFO [main] org.apache.catalina.core.AprLifecycleListener.lifecycleEvent APR 버전 [1.7.0]을(를) 사용한, APR 기반 Apache Tomcat Native 라이브러리 [1.2.23]을(를) 로드했습니다.
21-Nov-2019 11:30:07.293 INFO [main] org.apache.catalina.core.AprLifecycleListener.lifecycleEvent APR 용량정보들: IPv6 [true], sendfile [true], accept filters [false], random [true].
21-Nov-2019 11:30:07.294 INFO [main] org.apache.catalina.core.AprLifecycleListener.lifecycleEvent APR/OpenSSL 설정: useAprConnector [false], useOpenSSL [true]
21-Nov-2019 11:30:07.300 INFO [main] org.apache.catalina.core.AprLifecycleListener.initializeSSL OpenSSL이 성공적으로 초기화되었습니다: [OpenSSL 1.1.1c  28 May 2019]
21-Nov-2019 11:30:07.527 INFO [main] org.apache.coyote.AbstractProtocol.init 프로토콜 핸들러 ["http-nio-8080"]을(를) 초기화합니다.
21-Nov-2019 11:30:07.607 INFO [main] org.apache.coyote.AbstractProtocol.init 프로토콜 핸들러 ["ajp-nio-8009"]을(를) 초기화합니다.
21-Nov-2019 11:30:07.612 INFO [main] org.apache.catalina.startup.Catalina.load [551] 밀리초 내에 서버가 초기화되었습니다.
21-Nov-2019 11:30:07.648 INFO [main] org.apache.catalina.core.StandardService.startInternal 서비스 [Catalina]을(를) 시작합니다.
21-Nov-2019 11:30:07.649 INFO [main] org.apache.catalina.core.StandardEngine.startInternal 서버 엔진을 시작합니다: [Apache Tomcat/9.0.27]
21-Nov-2019 11:30:07.656 INFO [main] org.apache.catalina.startup.HostConfig.deployDirectory 웹 애플리케이션 디렉토리 [C:\Users\acorn\OneDrive\html\apache-tomcat-9.0.27\webapps\docs]을(를) 배치합니다.
21-Nov-2019 11:30:07.892 INFO [main] org.apache.catalina.startup.HostConfig.deployDirectory 웹 애플리케이션 디렉토리 [C:\Users\acorn\OneDrive\html\apache-tomcat-9.0.27\webapps\docs]에 대한 배치가 [236] 밀리초에 완료되었습니다.
21-Nov-2019 11:30:07.893 INFO [main] org.apache.catalina.startup.HostConfig.deployDirectory 웹 애플리케이션 디렉토리 [C:\Users\acorn\OneDrive\html\apache-tomcat-9.0.27\webapps\examples]을(를) 배치합니다.
21-Nov-2019 11:30:08.229 INFO [main] org.apache.catalina.startup.HostConfig.deployDirectory 웹 애플리케이션 디렉토리 [C:\Users\acorn\OneDrive\html\apache-tomcat-9.0.27\webapps\examples]에 대한 배치가 [336] 밀리초에 완료되었습니다.
21-Nov-2019 11:30:08.231 INFO [main] org.apache.catalina.startup.HostConfig.deployDirectory 웹 애플리케이션 디렉토리 [C:\Users\acorn\OneDrive\html\apache-tomcat-9.0.27\webapps\host-manager]을(를) 배치합니다.
21-Nov-2019 11:30:08.263 INFO [main] org.apache.catalina.startup.HostConfig.deployDirectory 웹 애플리케이션 디렉토리 [C:\Users\acorn\OneDrive\html\apache-tomcat-9.0.27\webapps\host-manager]에 대한 배치가 [32] 밀리초에 완료되었습니다.
21-Nov-2019 11:30:08.264 INFO [main] org.apache.catalina.startup.HostConfig.deployDirectory 웹 애플리케이션 디렉토리 [C:\Users\acorn\OneDrive\html\apache-tomcat-9.0.27\webapps\manager]을(를) 배치합니다.
21-Nov-2019 11:30:08.292 INFO [main] org.apache.catalina.startup.HostConfig.deployDirectory 웹 애플리케이션 디렉토리 [C:\Users\acorn\OneDrive\html\apache-tomcat-9.0.27\webapps\manager]에 대한 배치가 [28] 밀리초에 완료되었습니다.
21-Nov-2019 11:30:08.293 INFO [main] org.apache.catalina.startup.HostConfig.deployDirectory 웹 애플리케이션 디렉토리 [C:\Users\acorn\OneDrive\html\apache-tomcat-9.0.27\webapps\ROOT]을(를) 배치합니다.
21-Nov-2019 11:30:08.314 INFO [main] org.apache.catalina.startup.HostConfig.deployDirectory 웹 애플리케이션 디렉토리 [C:\Users\acorn\OneDrive\html\apache-tomcat-9.0.27\webapps\ROOT]에 대한 배치가 [20] 밀리초에 완료되었습니다.
21-Nov-2019 11:30:08.315 INFO [main] org.apache.catalina.startup.HostConfig.deployDirectory 웹 애플리케이션 디렉토리 [C:\Users\acorn\OneDrive\html\apache-tomcat-9.0.27\webapps\t1]을(를) 배치합니다.
21-Nov-2019 11:30:08.345 INFO [main] org.apache.catalina.startup.HostConfig.deployDirectory 웹 애플리케이션 디렉토리 [C:\Users\acorn\OneDrive\html\apache-tomcat-9.0.27\webapps\t1]에 대한 배치가 [30] 밀리초에 완료되었습니다.
21-Nov-2019 11:30:08.350 INFO [main] org.apache.coyote.AbstractProtocol.start 프로토콜 핸들러 ["http-nio-8080"]을(를) 시작합니다.
21-Nov-2019 11:30:08.359 INFO [main] org.apache.coyote.AbstractProtocol.start 프로토콜 핸들러 ["ajp-nio-8009"]을(를) 시작합니다.
21-Nov-2019 11:30:08.365 INFO [main] org.apache.catalina.startup.Catalina.start 서버가 [751] 밀리초 내에 시작되었습니다.
21-Nov-2019 11:32:57.675 INFO [main] org.apache.catalina.startup.VersionLoggerListener.log 서버 버전 이름:        Apache Tomcat/9.0.27
21-Nov-2019 11:32:57.679 INFO [main] org.apache.catalina.startup.VersionLoggerListener.log Server 빌드 시각:          Oct 7 2019 09:57:22 UTC
21-Nov-2019 11:32:57.680 INFO [main] org.apache.catalina.startup.VersionLoggerListener.log Server 버전 번호:         9.0.27.0
21-Nov-2019 11:32:57.680 INFO [main] org.apache.catalina.startup.VersionLoggerListener.log 운영체제 이름:               Windows 7
21-Nov-2019 11:32:57.680 INFO [main] org.apache.catalina.startup.VersionLoggerListener.log 운영체제 버전:            6.1
21-Nov-2019 11:32:57.680 INFO [main] org.apache.catalina.startup.VersionLoggerListener.log 아키텍처:          amd64
21-Nov-2019 11:32:57.681 INFO [main] org.apache.catalina.startup.VersionLoggerListener.log 자바 홈:             C:\Program Files\Java\jdk-13.0.1
21-Nov-2019 11:32:57.681 INFO [main] org.apache.catalina.startup.VersionLoggerListener.log JVM 버전:           13.0.1+9
21-Nov-2019 11:32:57.681 INFO [main] org.apache.catalina.startup.VersionLoggerListener.log JVM 벤더:            Oracle Corporation
21-Nov-2019 11:32:57.681 INFO [main] org.apache.catalina.startup.VersionLoggerListener.log CATALINA_BASE:         C:\Users\acorn\OneDrive\html\apache-tomcat-9.0.27
21-Nov-2019 11:32:57.681 INFO [main] org.apache.catalina.startup.VersionLoggerListener.log CATALINA_HOME:         C:\Users\acorn\OneDrive\html\apache-tomcat-9.0.27
21-Nov-2019 11:32:57.692 INFO [main] org.apache.catalina.startup.VersionLoggerListener.log 명령 행 아규먼트: --add-opens=java.base/java.lang=ALL-UNNAMED
21-Nov-2019 11:32:57.692 INFO [main] org.apache.catalina.startup.VersionLoggerListener.log 명령 행 아규먼트: --add-opens=java.base/java.io=ALL-UNNAMED
21-Nov-2019 11:32:57.693 INFO [main] org.apache.catalina.startup.VersionLoggerListener.log 명령 행 아규먼트: --add-opens=java.rmi/sun.rmi.transport=ALL-UNNAMED
21-Nov-2019 11:32:57.693 INFO [main] org.apache.catalina.startup.VersionLoggerListener.log 명령 행 아규먼트: -Djava.util.logging.config.file=C:\Users\acorn\OneDrive\html\apache-tomcat-9.0.27\conf\logging.properties
21-Nov-2019 11:32:57.693 INFO [main] org.apache.catalina.startup.VersionLoggerListener.log 명령 행 아규먼트: -Djava.util.logging.manager=org.apache.juli.ClassLoaderLogManager
21-Nov-2019 11:32:57.694 INFO [main] org.apache.catalina.startup.VersionLoggerListener.log 명령 행 아규먼트: -Djdk.tls.ephemeralDHKeySize=2048
21-Nov-2019 11:32:57.695 INFO [main] org.apache.catalina.startup.VersionLoggerListener.log 명령 행 아규먼트: -Djava.protocol.handler.pkgs=org.apache.catalina.webresources
21-Nov-2019 11:32:57.695 INFO [main] org.apache.catalina.startup.VersionLoggerListener.log 명령 행 아규먼트: -Dignore.endorsed.dirs=
21-Nov-2019 11:32:57.697 INFO [main] org.apache.catalina.startup.VersionLoggerListener.log 명령 행 아규먼트: -Dcatalina.base=C:\Users\acorn\OneDrive\html\apache-tomcat-9.0.27
21-Nov-2019 11:32:57.697 INFO [main] org.apache.catalina.startup.VersionLoggerListener.log 명령 행 아규먼트: -Dcatalina.home=C:\Users\acorn\OneDrive\html\apache-tomcat-9.0.27
21-Nov-2019 11:32:57.699 INFO [main] org.apache.catalina.startup.VersionLoggerListener.log 명령 행 아규먼트: -Djava.io.tmpdir=C:\Users\acorn\OneDrive\html\apache-tomcat-9.0.27\temp
21-Nov-2019 11:32:57.700 INFO [main] org.apache.catalina.core.AprLifecycleListener.lifecycleEvent APR 버전 [1.7.0]을(를) 사용한, APR 기반 Apache Tomcat Native 라이브러리 [1.2.23]을(를) 로드했습니다.
21-Nov-2019 11:32:57.700 INFO [main] org.apache.catalina.core.AprLifecycleListener.lifecycleEvent APR 용량정보들: IPv6 [true], sendfile [true], accept filters [false], random [true].
21-Nov-2019 11:32:57.702 INFO [main] org.apache.catalina.core.AprLifecycleListener.lifecycleEvent APR/OpenSSL 설정: useAprConnector [false], useOpenSSL [true]
21-Nov-2019 11:32:57.708 INFO [main] org.apache.catalina.core.AprLifecycleListener.initializeSSL OpenSSL이 성공적으로 초기화되었습니다: [OpenSSL 1.1.1c  28 May 2019]
21-Nov-2019 11:32:57.931 INFO [main] org.apache.coyote.AbstractProtocol.init 프로토콜 핸들러 ["http-nio-8080"]을(를) 초기화합니다.
21-Nov-2019 11:32:58.010 INFO [main] org.apache.coyote.AbstractProtocol.init 프로토콜 핸들러 ["ajp-nio-8009"]을(를) 초기화합니다.
21-Nov-2019 11:32:58.015 INFO [main] org.apache.catalina.startup.Catalina.load [546] 밀리초 내에 서버가 초기화되었습니다.
21-Nov-2019 11:32:58.052 INFO [main] org.apache.catalina.core.StandardService.startInternal 서비스 [Catalina]을(를) 시작합니다.
21-Nov-2019 11:32:58.053 INFO [main] org.apache.catalina.core.StandardEngine.startInternal 서버 엔진을 시작합니다: [Apache Tomcat/9.0.27]
21-Nov-2019 11:32:58.059 INFO [main] org.apache.catalina.startup.HostConfig.deployDirectory 웹 애플리케이션 디렉토리 [C:\Users\acorn\OneDrive\html\apache-tomcat-9.0.27\webapps\docs]을(를) 배치합니다.
21-Nov-2019 11:32:58.296 INFO [main] org.apache.catalina.startup.HostConfig.deployDirectory 웹 애플리케이션 디렉토리 [C:\Users\acorn\OneDrive\html\apache-tomcat-9.0.27\webapps\docs]에 대한 배치가 [236] 밀리초에 완료되었습니다.
21-Nov-2019 11:32:58.296 INFO [main] org.apache.catalina.startup.HostConfig.deployDirectory 웹 애플리케이션 디렉토리 [C:\Users\acorn\OneDrive\html\apache-tomcat-9.0.27\webapps\examples]을(를) 배치합니다.
21-Nov-2019 11:32:58.634 INFO [main] org.apache.catalina.startup.HostConfig.deployDirectory 웹 애플리케이션 디렉토리 [C:\Users\acorn\OneDrive\html\apache-tomcat-9.0.27\webapps\examples]에 대한 배치가 [338] 밀리초에 완료되었습니다.
21-Nov-2019 11:32:58.635 INFO [main] org.apache.catalina.startup.HostConfig.deployDirectory 웹 애플리케이션 디렉토리 [C:\Users\acorn\OneDrive\html\apache-tomcat-9.0.27\webapps\host-manager]을(를) 배치합니다.
21-Nov-2019 11:32:58.671 INFO [main] org.apache.catalina.startup.HostConfig.deployDirectory 웹 애플리케이션 디렉토리 [C:\Users\acorn\OneDrive\html\apache-tomcat-9.0.27\webapps\host-manager]에 대한 배치가 [37] 밀리초에 완료되었습니다.
21-Nov-2019 11:32:58.671 INFO [main] org.apache.catalina.startup.HostConfig.deployDirectory 웹 애플리케이션 디렉토리 [C:\Users\acorn\OneDrive\html\apache-tomcat-9.0.27\webapps\manager]을(를) 배치합니다.
21-Nov-2019 11:32:58.699 INFO [main] org.apache.catalina.startup.HostConfig.deployDirectory 웹 애플리케이션 디렉토리 [C:\Users\acorn\OneDrive\html\apache-tomcat-9.0.27\webapps\manager]에 대한 배치가 [27] 밀리초에 완료되었습니다.
21-Nov-2019 11:32:58.699 INFO [main] org.apache.catalina.startup.HostConfig.deployDirectory 웹 애플리케이션 디렉토리 [C:\Users\acorn\OneDrive\html\apache-tomcat-9.0.27\webapps\ROOT]을(를) 배치합니다.
21-Nov-2019 11:32:58.720 INFO [main] org.apache.catalina.startup.HostConfig.deployDirectory 웹 애플리케이션 디렉토리 [C:\Users\acorn\OneDrive\html\apache-tomcat-9.0.27\webapps\ROOT]에 대한 배치가 [21] 밀리초에 완료되었습니다.
21-Nov-2019 11:32:58.721 INFO [main] org.apache.catalina.startup.HostConfig.deployDirectory 웹 애플리케이션 디렉토리 [C:\Users\acorn\OneDrive\html\apache-tomcat-9.0.27\webapps\t1]을(를) 배치합니다.
21-Nov-2019 11:32:58.750 INFO [main] org.apache.catalina.startup.HostConfig.deployDirectory 웹 애플리케이션 디렉토리 [C:\Users\acorn\OneDrive\html\apache-tomcat-9.0.27\webapps\t1]에 대한 배치가 [30] 밀리초에 완료되었습니다.
21-Nov-2019 11:32:58.754 INFO [main] org.apache.coyote.AbstractProtocol.start 프로토콜 핸들러 ["http-nio-8080"]을(를) 시작합니다.
21-Nov-2019 11:32:58.761 INFO [main] org.apache.coyote.AbstractProtocol.start 프로토콜 핸들러 ["ajp-nio-8009"]을(를) 시작합니다.
21-Nov-2019 11:32:58.764 INFO [main] org.apache.catalina.startup.Catalina.start 서버가 [748] 밀리초 내에 시작되었습니다.
21-Nov-2019 11:33:25.864 INFO [main] org.apache.catalina.startup.VersionLoggerListener.log 서버 버전 이름:        Apache Tomcat/9.0.27
21-Nov-2019 11:33:25.868 INFO [main] org.apache.catalina.startup.VersionLoggerListener.log Server 빌드 시각:          Oct 7 2019 09:57:22 UTC
21-Nov-2019 11:33:25.868 INFO [main] org.apache.catalina.startup.VersionLoggerListener.log Server 버전 번호:         9.0.27.0
21-Nov-2019 11:33:25.869 INFO [main] org.apache.catalina.startup.VersionLoggerListener.log 운영체제 이름:               Windows 7
21-Nov-2019 11:33:25.869 INFO [main] org.apache.catalina.startup.VersionLoggerListener.log 운영체제 버전:            6.1
21-Nov-2019 11:33:25.869 INFO [main] org.apache.catalina.startup.VersionLoggerListener.log 아키텍처:          amd64
21-Nov-2019 11:33:25.870 INFO [main] org.apache.catalina.startup.VersionLoggerListener.log 자바 홈:             C:\Program Files\Java\jdk-13.0.1
21-Nov-2019 11:33:25.870 INFO [main] org.apache.catalina.startup.VersionLoggerListener.log JVM 버전:           13.0.1+9
21-Nov-2019 11:33:25.870 INFO [main] org.apache.catalina.startup.VersionLoggerListener.log JVM 벤더:            Oracle Corporation
21-Nov-2019 11:33:25.870 INFO [main] org.apache.catalina.startup.VersionLoggerListener.log CATALINA_BASE:         C:\Users\acorn\OneDrive\html\apache-tomcat-9.0.27
21-Nov-2019 11:33:25.870 INFO [main] org.apache.catalina.startup.VersionLoggerListener.log CATALINA_HOME:         C:\Users\acorn\OneDrive\html\apache-tomcat-9.0.27
21-Nov-2019 11:33:25.883 INFO [main] org.apache.catalina.startup.VersionLoggerListener.log 명령 행 아규먼트: --add-opens=java.base/java.lang=ALL-UNNAMED
21-Nov-2019 11:33:25.883 INFO [main] org.apache.catalina.startup.VersionLoggerListener.log 명령 행 아규먼트: --add-opens=java.base/java.io=ALL-UNNAMED
21-Nov-2019 11:33:25.884 INFO [main] org.apache.catalina.startup.VersionLoggerListener.log 명령 행 아규먼트: --add-opens=java.rmi/sun.rmi.transport=ALL-UNNAMED
21-Nov-2019 11:33:25.884 INFO [main] org.apache.catalina.startup.VersionLoggerListener.log 명령 행 아규먼트: -Djava.util.logging.config.file=C:\Users\acorn\OneDrive\html\apache-tomcat-9.0.27\conf\logging.properties
21-Nov-2019 11:33:25.885 INFO [main] org.apache.catalina.startup.VersionLoggerListener.log 명령 행 아규먼트: -Djava.util.logging.manager=org.apache.juli.ClassLoaderLogManager
21-Nov-2019 11:33:25.886 INFO [main] org.apache.catalina.startup.VersionLoggerListener.log 명령 행 아규먼트: -Djdk.tls.ephemeralDHKeySize=2048
21-Nov-2019 11:33:25.886 INFO [main] org.apache.catalina.startup.VersionLoggerListener.log 명령 행 아규먼트: -Djava.protocol.handler.pkgs=org.apache.catalina.webresources
21-Nov-2019 11:33:25.886 INFO [main] org.apache.catalina.startup.VersionLoggerListener.log 명령 행 아규먼트: -Dignore.endorsed.dirs=
21-Nov-2019 11:33:25.889 INFO [main] org.apache.catalina.startup.VersionLoggerListener.log 명령 행 아규먼트: -Dcatalina.base=C:\Users\acorn\OneDrive\html\apache-tomcat-9.0.27
21-Nov-2019 11:33:25.890 INFO [main] org.apache.catalina.startup.VersionLoggerListener.log 명령 행 아규먼트: -Dcatalina.home=C:\Users\acorn\OneDrive\html\apache-tomcat-9.0.27
21-Nov-2019 11:33:25.892 INFO [main] org.apache.catalina.startup.VersionLoggerListener.log 명령 행 아규먼트: -Djava.io.tmpdir=C:\Users\acorn\OneDrive\html\apache-tomcat-9.0.27\temp
21-Nov-2019 11:33:25.892 INFO [main] org.apache.catalina.core.AprLifecycleListener.lifecycleEvent APR 버전 [1.7.0]을(를) 사용한, APR 기반 Apache Tomcat Native 라이브러리 [1.2.23]을(를) 로드했습니다.
21-Nov-2019 11:33:25.894 INFO [main] org.apache.catalina.core.AprLifecycleListener.lifecycleEvent APR 용량정보들: IPv6 [true], sendfile [true], accept filters [false], random [true].
21-Nov-2019 11:33:25.894 INFO [main] org.apache.catalina.core.AprLifecycleListener.lifecycleEvent APR/OpenSSL 설정: useAprConnector [false], useOpenSSL [true]
21-Nov-2019 11:33:25.902 INFO [main] org.apache.catalina.core.AprLifecycleListener.initializeSSL OpenSSL이 성공적으로 초기화되었습니다: [OpenSSL 1.1.1c  28 May 2019]
21-Nov-2019 11:33:26.130 INFO [main] org.apache.coyote.AbstractProtocol.init 프로토콜 핸들러 ["http-nio-8080"]을(를) 초기화합니다.
21-Nov-2019 11:33:26.209 INFO [main] org.apache.coyote.AbstractProtocol.init 프로토콜 핸들러 ["ajp-nio-8009"]을(를) 초기화합니다.
21-Nov-2019 11:33:26.214 INFO [main] org.apache.catalina.startup.Catalina.load [565] 밀리초 내에 서버가 초기화되었습니다.
21-Nov-2019 11:33:26.248 INFO [main] org.apache.catalina.core.StandardService.startInternal 서비스 [Catalina]을(를) 시작합니다.
21-Nov-2019 11:33:26.249 INFO [main] org.apache.catalina.core.StandardEngine.startInternal 서버 엔진을 시작합니다: [Apache Tomcat/9.0.27]
21-Nov-2019 11:33:26.256 INFO [main] org.apache.catalina.startup.HostConfig.deployDirectory 웹 애플리케이션 디렉토리 [C:\Users\acorn\OneDrive\html\apache-tomcat-9.0.27\webapps\docs]을(를) 배치합니다.
21-Nov-2019 11:33:26.491 INFO [main] org.apache.catalina.startup.HostConfig.deployDirectory 웹 애플리케이션 디렉토리 [C:\Users\acorn\OneDrive\html\apache-tomcat-9.0.27\webapps\docs]에 대한 배치가 [235] 밀리초에 완료되었습니다.
21-Nov-2019 11:33:26.492 INFO [main] org.apache.catalina.startup.HostConfig.deployDirectory 웹 애플리케이션 디렉토리 [C:\Users\acorn\OneDrive\html\apache-tomcat-9.0.27\webapps\examples]을(를) 배치합니다.
21-Nov-2019 11:33:26.815 INFO [main] org.apache.catalina.startup.HostConfig.deployDirectory 웹 애플리케이션 디렉토리 [C:\Users\acorn\OneDrive\html\apache-tomcat-9.0.27\webapps\examples]에 대한 배치가 [323] 밀리초에 완료되었습니다.
21-Nov-2019 11:33:26.816 INFO [main] org.apache.catalina.startup.HostConfig.deployDirectory 웹 애플리케이션 디렉토리 [C:\Users\acorn\OneDrive\html\apache-tomcat-9.0.27\webapps\host-manager]을(를) 배치합니다.
21-Nov-2019 11:33:26.848 INFO [main] org.apache.catalina.startup.HostConfig.deployDirectory 웹 애플리케이션 디렉토리 [C:\Users\acorn\OneDrive\html\apache-tomcat-9.0.27\webapps\host-manager]에 대한 배치가 [31] 밀리초에 완료되었습니다.
21-Nov-2019 11:33:26.848 INFO [main] org.apache.catalina.startup.HostConfig.deployDirectory 웹 애플리케이션 디렉토리 [C:\Users\acorn\OneDrive\html\apache-tomcat-9.0.27\webapps\manager]을(를) 배치합니다.
21-Nov-2019 11:33:26.876 INFO [main] org.apache.catalina.startup.HostConfig.deployDirectory 웹 애플리케이션 디렉토리 [C:\Users\acorn\OneDrive\html\apache-tomcat-9.0.27\webapps\manager]에 대한 배치가 [27] 밀리초에 완료되었습니다.
21-Nov-2019 11:33:26.876 INFO [main] org.apache.catalina.startup.HostConfig.deployDirectory 웹 애플리케이션 디렉토리 [C:\Users\acorn\OneDrive\html\apache-tomcat-9.0.27\webapps\ROOT]을(를) 배치합니다.
21-Nov-2019 11:33:26.897 INFO [main] org.apache.catalina.startup.HostConfig.deployDirectory 웹 애플리케이션 디렉토리 [C:\Users\acorn\OneDrive\html\apache-tomcat-9.0.27\webapps\ROOT]에 대한 배치가 [21] 밀리초에 완료되었습니다.
21-Nov-2019 11:33:26.898 INFO [main] org.apache.catalina.startup.HostConfig.deployDirectory 웹 애플리케이션 디렉토리 [C:\Users\acorn\OneDrive\html\apache-tomcat-9.0.27\webapps\t1]을(를) 배치합니다.
21-Nov-2019 11:33:26.926 INFO [main] org.apache.catalina.startup.HostConfig.deployDirectory 웹 애플리케이션 디렉토리 [C:\Users\acorn\OneDrive\html\apache-tomcat-9.0.27\webapps\t1]에 대한 배치가 [28] 밀리초에 완료되었습니다.
21-Nov-2019 11:33:26.932 INFO [main] org.apache.coyote.AbstractProtocol.start 프로토콜 핸들러 ["http-nio-8080"]을(를) 시작합니다.
21-Nov-2019 11:33:26.940 INFO [main] org.apache.coyote.AbstractProtocol.start 프로토콜 핸들러 ["ajp-nio-8009"]을(를) 시작합니다.
21-Nov-2019 11:33:26.946 INFO [main] org.apache.catalina.startup.Catalina.start 서버가 [730] 밀리초 내에 시작되었습니다.
21-Nov-2019 11:33:53.816 INFO [main] org.apache.catalina.startup.VersionLoggerListener.log 서버 버전 이름:        Apache Tomcat/9.0.27
21-Nov-2019 11:33:53.820 INFO [main] org.apache.catalina.startup.VersionLoggerListener.log Server 빌드 시각:          Oct 7 2019 09:57:22 UTC
21-Nov-2019 11:33:53.821 INFO [main] org.apache.catalina.startup.VersionLoggerListener.log Server 버전 번호:         9.0.27.0
21-Nov-2019 11:33:53.822 INFO [main] org.apache.catalina.startup.VersionLoggerListener.log 운영체제 이름:               Windows 7
21-Nov-2019 11:33:53.822 INFO [main] org.apache.catalina.startup.VersionLoggerListener.log 운영체제 버전:            6.1
21-Nov-2019 11:33:53.823 INFO [main] org.apache.catalina.startup.VersionLoggerListener.log 아키텍처:          amd64
21-Nov-2019 11:33:53.823 INFO [main] org.apache.catalina.startup.VersionLoggerListener.log 자바 홈:             C:\Program Files\Java\jdk-13.0.1
21-Nov-2019 11:33:53.823 INFO [main] org.apache.catalina.startup.VersionLoggerListener.log JVM 버전:           13.0.1+9
21-Nov-2019 11:33:53.823 INFO [main] org.apache.catalina.startup.VersionLoggerListener.log JVM 벤더:            Oracle Corporation
21-Nov-2019 11:33:53.823 INFO [main] org.apache.catalina.startup.VersionLoggerListener.log CATALINA_BASE:         C:\Users\acorn\OneDrive\html\apache-tomcat-9.0.27
21-Nov-2019 11:33:53.823 INFO [main] org.apache.catalina.startup.VersionLoggerListener.log CATALINA_HOME:         C:\Users\acorn\OneDrive\html\apache-tomcat-9.0.27
21-Nov-2019 11:33:53.834 INFO [main] org.apache.catalina.startup.VersionLoggerListener.log 명령 행 아규먼트: --add-opens=java.base/java.lang=ALL-UNNAMED
21-Nov-2019 11:33:53.834 INFO [main] org.apache.catalina.startup.VersionLoggerListener.log 명령 행 아규먼트: --add-opens=java.base/java.io=ALL-UNNAMED
21-Nov-2019 11:33:53.835 INFO [main] org.apache.catalina.startup.VersionLoggerListener.log 명령 행 아규먼트: --add-opens=java.rmi/sun.rmi.transport=ALL-UNNAMED
21-Nov-2019 11:33:53.835 INFO [main] org.apache.catalina.startup.VersionLoggerListener.log 명령 행 아규먼트: -Djava.util.logging.config.file=C:\Users\acorn\OneDrive\html\apache-tomcat-9.0.27\conf\logging.properties
21-Nov-2019 11:33:53.836 INFO [main] org.apache.catalina.startup.VersionLoggerListener.log 명령 행 아규먼트: -Djava.util.logging.manager=org.apache.juli.ClassLoaderLogManager
21-Nov-2019 11:33:53.837 INFO [main] org.apache.catalina.startup.VersionLoggerListener.log 명령 행 아규먼트: -Djdk.tls.ephemeralDHKeySize=2048
21-Nov-2019 11:33:53.837 INFO [main] org.apache.catalina.startup.VersionLoggerListener.log 명령 행 아규먼트: -Djava.protocol.handler.pkgs=org.apache.catalina.webresources
21-Nov-2019 11:33:53.839 INFO [main] org.apache.catalina.startup.VersionLoggerListener.log 명령 행 아규먼트: -Dignore.endorsed.dirs=
21-Nov-2019 11:33:53.839 INFO [main] org.apache.catalina.startup.VersionLoggerListener.log 명령 행 아규먼트: -Dcatalina.base=C:\Users\acorn\OneDrive\html\apache-tomcat-9.0.27
21-Nov-2019 11:33:53.841 INFO [main] org.apache.catalina.startup.VersionLoggerListener.log 명령 행 아규먼트: -Dcatalina.home=C:\Users\acorn\OneDrive\html\apache-tomcat-9.0.27
21-Nov-2019 11:33:53.841 INFO [main] org.apache.catalina.startup.VersionLoggerListener.log 명령 행 아규먼트: -Djava.io.tmpdir=C:\Users\acorn\OneDrive\html\apache-tomcat-9.0.27\temp
21-Nov-2019 11:33:53.843 INFO [main] org.apache.catalina.core.AprLifecycleListener.lifecycleEvent APR 버전 [1.7.0]을(를) 사용한, APR 기반 Apache Tomcat Native 라이브러리 [1.2.23]을(를) 로드했습니다.
21-Nov-2019 11:33:53.843 INFO [main] org.apache.catalina.core.AprLifecycleListener.lifecycleEvent APR 용량정보들: IPv6 [true], sendfile [true], accept filters [false], random [true].
21-Nov-2019 11:33:53.845 INFO [main] org.apache.catalina.core.AprLifecycleListener.lifecycleEvent APR/OpenSSL 설정: useAprConnector [false], useOpenSSL [true]
21-Nov-2019 11:33:53.851 INFO [main] org.apache.catalina.core.AprLifecycleListener.initializeSSL OpenSSL이 성공적으로 초기화되었습니다: [OpenSSL 1.1.1c  28 May 2019]
21-Nov-2019 11:33:54.081 INFO [main] org.apache.coyote.AbstractProtocol.init 프로토콜 핸들러 ["http-nio-8080"]을(를) 초기화합니다.
21-Nov-2019 11:33:54.159 INFO [main] org.apache.coyote.AbstractProtocol.init 프로토콜 핸들러 ["ajp-nio-8009"]을(를) 초기화합니다.
21-Nov-2019 11:33:54.164 INFO [main] org.apache.catalina.startup.Catalina.load [554] 밀리초 내에 서버가 초기화되었습니다.
21-Nov-2019 11:33:54.199 INFO [main] org.apache.catalina.core.StandardService.startInternal 서비스 [Catalina]을(를) 시작합니다.
21-Nov-2019 11:33:54.200 INFO [main] org.apache.catalina.core.StandardEngine.startInternal 서버 엔진을 시작합니다: [Apache Tomcat/9.0.27]
21-Nov-2019 11:33:54.207 INFO [main] org.apache.catalina.startup.HostConfig.deployDirectory 웹 애플리케이션 디렉토리 [C:\Users\acorn\OneDrive\html\apache-tomcat-9.0.27\webapps\docs]을(를) 배치합니다.
21-Nov-2019 11:33:54.452 INFO [main] org.apache.catalina.startup.HostConfig.deployDirectory 웹 애플리케이션 디렉토리 [C:\Users\acorn\OneDrive\html\apache-tomcat-9.0.27\webapps\docs]에 대한 배치가 [244] 밀리초에 완료되었습니다.
21-Nov-2019 11:33:54.452 INFO [main] org.apache.catalina.startup.HostConfig.deployDirectory 웹 애플리케이션 디렉토리 [C:\Users\acorn\OneDrive\html\apache-tomcat-9.0.27\webapps\examples]을(를) 배치합니다.
21-Nov-2019 11:33:54.779 INFO [main] org.apache.catalina.startup.HostConfig.deployDirectory 웹 애플리케이션 디렉토리 [C:\Users\acorn\OneDrive\html\apache-tomcat-9.0.27\webapps\examples]에 대한 배치가 [326] 밀리초에 완료되었습니다.
21-Nov-2019 11:33:54.779 INFO [main] org.apache.catalina.startup.HostConfig.deployDirectory 웹 애플리케이션 디렉토리 [C:\Users\acorn\OneDrive\html\apache-tomcat-9.0.27\webapps\host-manager]을(를) 배치합니다.
21-Nov-2019 11:33:54.811 INFO [main] org.apache.catalina.startup.HostConfig.deployDirectory 웹 애플리케이션 디렉토리 [C:\Users\acorn\OneDrive\html\apache-tomcat-9.0.27\webapps\host-manager]에 대한 배치가 [32] 밀리초에 완료되었습니다.
21-Nov-2019 11:33:54.812 INFO [main] org.apache.catalina.startup.HostConfig.deployDirectory 웹 애플리케이션 디렉토리 [C:\Users\acorn\OneDrive\html\apache-tomcat-9.0.27\webapps\manager]을(를) 배치합니다.
21-Nov-2019 11:33:54.839 INFO [main] org.apache.catalina.startup.HostConfig.deployDirectory 웹 애플리케이션 디렉토리 [C:\Users\acorn\OneDrive\html\apache-tomcat-9.0.27\webapps\manager]에 대한 배치가 [27] 밀리초에 완료되었습니다.
21-Nov-2019 11:33:54.840 INFO [main] org.apache.catalina.startup.HostConfig.deployDirectory 웹 애플리케이션 디렉토리 [C:\Users\acorn\OneDrive\html\apache-tomcat-9.0.27\webapps\ROOT]을(를) 배치합니다.
21-Nov-2019 11:33:54.860 INFO [main] org.apache.catalina.startup.HostConfig.deployDirectory 웹 애플리케이션 디렉토리 [C:\Users\acorn\OneDrive\html\apache-tomcat-9.0.27\webapps\ROOT]에 대한 배치가 [19] 밀리초에 완료되었습니다.
21-Nov-2019 11:33:54.860 INFO [main] org.apache.catalina.startup.HostConfig.deployDirectory 웹 애플리케이션 디렉토리 [C:\Users\acorn\OneDrive\html\apache-tomcat-9.0.27\webapps\t1]을(를) 배치합니다.
21-Nov-2019 11:33:54.890 INFO [main] org.apache.catalina.startup.HostConfig.deployDirectory 웹 애플리케이션 디렉토리 [C:\Users\acorn\OneDrive\html\apache-tomcat-9.0.27\webapps\t1]에 대한 배치가 [30] 밀리초에 완료되었습니다.
21-Nov-2019 11:33:54.894 INFO [main] org.apache.coyote.AbstractProtocol.start 프로토콜 핸들러 ["http-nio-8080"]을(를) 시작합니다.
21-Nov-2019 11:33:54.907 INFO [main] org.apache.coyote.AbstractProtocol.start 프로토콜 핸들러 ["ajp-nio-8009"]을(를) 시작합니다.
21-Nov-2019 11:33:54.912 INFO [main] org.apache.catalina.startup.Catalina.start 서버가 [746] 밀리초 내에 시작되었습니다.
21-Nov-2019 11:35:47.005 INFO [main] org.apache.catalina.startup.VersionLoggerListener.log 서버 버전 이름:        Apache Tomcat/9.0.27
21-Nov-2019 11:35:47.009 INFO [main] org.apache.catalina.startup.VersionLoggerListener.log Server 빌드 시각:          Oct 7 2019 09:57:22 UTC
21-Nov-2019 11:35:47.009 INFO [main] org.apache.catalina.startup.VersionLoggerListener.log Server 버전 번호:         9.0.27.0
21-Nov-2019 11:35:47.010 INFO [main] org.apache.catalina.startup.VersionLoggerListener.log 운영체제 이름:               Windows 7
21-Nov-2019 11:35:47.010 INFO [main] org.apache.catalina.startup.VersionLoggerListener.log 운영체제 버전:            6.1
21-Nov-2019 11:35:47.010 INFO [main] org.apache.catalina.startup.VersionLoggerListener.log 아키텍처:          amd64
21-Nov-2019 11:35:47.010 INFO [main] org.apache.catalina.startup.VersionLoggerListener.log 자바 홈:             C:\Program Files\Java\jdk-13.0.1
21-Nov-2019 11:35:47.010 INFO [main] org.apache.catalina.startup.VersionLoggerListener.log JVM 버전:           13.0.1+9
21-Nov-2019 11:35:47.010 INFO [main] org.apache.catalina.startup.VersionLoggerListener.log JVM 벤더:            Oracle Corporation
21-Nov-2019 11:35:47.011 INFO [main] org.apache.catalina.startup.VersionLoggerListener.log CATALINA_BASE:         C:\Users\acorn\OneDrive\html\apache-tomcat-9.0.27
21-Nov-2019 11:35:47.016 INFO [main] org.apache.catalina.startup.VersionLoggerListener.log CATALINA_HOME:         C:\Users\acorn\OneDrive\html\apache-tomcat-9.0.27
21-Nov-2019 11:35:47.026 INFO [main] org.apache.catalina.startup.VersionLoggerListener.log 명령 행 아규먼트: --add-opens=java.base/java.lang=ALL-UNNAMED
21-Nov-2019 11:35:47.027 INFO [main] org.apache.catalina.startup.VersionLoggerListener.log 명령 행 아규먼트: --add-opens=java.base/java.io=ALL-UNNAMED
21-Nov-2019 11:35:47.027 INFO [main] org.apache.catalina.startup.VersionLoggerListener.log 명령 행 아규먼트: --add-opens=java.rmi/sun.rmi.transport=ALL-UNNAMED
21-Nov-2019 11:35:47.027 INFO [main] org.apache.catalina.startup.VersionLoggerListener.log 명령 행 아규먼트: -Djava.util.logging.config.file=C:\Users\acorn\OneDrive\html\apache-tomcat-9.0.27\conf\logging.properties
21-Nov-2019 11:35:47.028 INFO [main] org.apache.catalina.startup.VersionLoggerListener.log 명령 행 아규먼트: -Djava.util.logging.manager=org.apache.juli.ClassLoaderLogManager
21-Nov-2019 11:35:47.029 INFO [main] org.apache.catalina.startup.VersionLoggerListener.log 명령 행 아규먼트: -Dfile.encoding=EUC_KR
21-Nov-2019 11:35:47.029 INFO [main] org.apache.catalina.startup.VersionLoggerListener.log 명령 행 아규먼트: -Xms128m
21-Nov-2019 11:35:47.031 INFO [main] org.apache.catalina.startup.VersionLoggerListener.log 명령 행 아규먼트: -Xmx1024m
21-Nov-2019 11:35:47.031 INFO [main] org.apache.catalina.startup.VersionLoggerListener.log 명령 행 아규먼트: -XX:PermSize=64m
21-Nov-2019 11:35:47.031 INFO [main] org.apache.catalina.startup.VersionLoggerListener.log 명령 행 아규먼트: -XX:MaxPermSize=256m
21-Nov-2019 11:35:47.033 INFO [main] org.apache.catalina.startup.VersionLoggerListener.log 명령 행 아규먼트: -Djdk.tls.ephemeralDHKeySize=2048
21-Nov-2019 11:35:47.033 INFO [main] org.apache.catalina.startup.VersionLoggerListener.log 명령 행 아규먼트: -Djava.protocol.handler.pkgs=org.apache.catalina.webresources
21-Nov-2019 11:35:47.033 INFO [main] org.apache.catalina.startup.VersionLoggerListener.log 명령 행 아규먼트: -Dignore.endorsed.dirs=
21-Nov-2019 11:35:47.035 INFO [main] org.apache.catalina.startup.VersionLoggerListener.log 명령 행 아규먼트: -Dcatalina.base=C:\Users\acorn\OneDrive\html\apache-tomcat-9.0.27
21-Nov-2019 11:35:47.035 INFO [main] org.apache.catalina.startup.VersionLoggerListener.log 명령 행 아규먼트: -Dcatalina.home=C:\Users\acorn\OneDrive\html\apache-tomcat-9.0.27
21-Nov-2019 11:35:47.038 INFO [main] org.apache.catalina.startup.VersionLoggerListener.log 명령 행 아규먼트: -Djava.io.tmpdir=C:\Users\acorn\OneDrive\html\apache-tomcat-9.0.27\temp
21-Nov-2019 11:35:47.038 INFO [main] org.apache.catalina.core.AprLifecycleListener.lifecycleEvent APR 버전 [1.7.0]을(를) 사용한, APR 기반 Apache Tomcat Native 라이브러리 [1.2.23]을(를) 로드했습니다.
21-Nov-2019 11:35:47.038 INFO [main] org.apache.catalina.core.AprLifecycleListener.lifecycleEvent APR 용량정보들: IPv6 [true], sendfile [true], accept filters [false], random [true].
21-Nov-2019 11:35:47.040 INFO [main] org.apache.catalina.core.AprLifecycleListener.lifecycleEvent APR/OpenSSL 설정: useAprConnector [false], useOpenSSL [true]
21-Nov-2019 11:35:47.046 INFO [main] org.apache.catalina.core.AprLifecycleListener.initializeSSL OpenSSL이 성공적으로 초기화되었습니다: [OpenSSL 1.1.1c  28 May 2019]
21-Nov-2019 11:35:47.288 INFO [main] org.apache.coyote.AbstractProtocol.init 프로토콜 핸들러 ["http-nio-8080"]을(를) 초기화합니다.
21-Nov-2019 11:35:47.387 INFO [main] org.apache.coyote.AbstractProtocol.init 프로토콜 핸들러 ["ajp-nio-8009"]을(를) 초기화합니다.
21-Nov-2019 11:35:47.397 INFO [main] org.apache.catalina.startup.Catalina.load [636] 밀리초 내에 서버가 초기화되었습니다.
21-Nov-2019 11:35:47.430 INFO [main] org.apache.catalina.core.StandardService.startInternal 서비스 [Catalina]을(를) 시작합니다.
21-Nov-2019 11:35:47.431 INFO [main] org.apache.catalina.core.StandardEngine.startInternal 서버 엔진을 시작합니다: [Apache Tomcat/9.0.27]
21-Nov-2019 11:35:47.439 INFO [main] org.apache.catalina.startup.HostConfig.deployDirectory 웹 애플리케이션 디렉토리 [C:\Users\acorn\OneDrive\html\apache-tomcat-9.0.27\webapps\docs]을(를) 배치합니다.
21-Nov-2019 11:35:47.683 INFO [main] org.apache.catalina.startup.HostConfig.deployDirectory 웹 애플리케이션 디렉토리 [C:\Users\acorn\OneDrive\html\apache-tomcat-9.0.27\webapps\docs]에 대한 배치가 [244] 밀리초에 완료되었습니다.
21-Nov-2019 11:35:47.684 INFO [main] org.apache.catalina.startup.HostConfig.deployDirectory 웹 애플리케이션 디렉토리 [C:\Users\acorn\OneDrive\html\apache-tomcat-9.0.27\webapps\examples]을(를) 배치합니다.
21-Nov-2019 11:35:48.021 INFO [main] org.apache.catalina.startup.HostConfig.deployDirectory 웹 애플리케이션 디렉토리 [C:\Users\acorn\OneDrive\html\apache-tomcat-9.0.27\webapps\examples]에 대한 배치가 [337] 밀리초에 완료되었습니다.
21-Nov-2019 11:35:48.022 INFO [main] org.apache.catalina.startup.HostConfig.deployDirectory 웹 애플리케이션 디렉토리 [C:\Users\acorn\OneDrive\html\apache-tomcat-9.0.27\webapps\host-manager]을(를) 배치합니다.
21-Nov-2019 11:35:48.062 INFO [main] org.apache.catalina.startup.HostConfig.deployDirectory 웹 애플리케이션 디렉토리 [C:\Users\acorn\OneDrive\html\apache-tomcat-9.0.27\webapps\host-manager]에 대한 배치가 [40] 밀리초에 완료되었습니다.
21-Nov-2019 11:35:48.063 INFO [main] org.apache.catalina.startup.HostConfig.deployDirectory 웹 애플리케이션 디렉토리 [C:\Users\acorn\OneDrive\html\apache-tomcat-9.0.27\webapps\manager]을(를) 배치합니다.
21-Nov-2019 11:35:48.091 INFO [main] org.apache.catalina.startup.HostConfig.deployDirectory 웹 애플리케이션 디렉토리 [C:\Users\acorn\OneDrive\html\apache-tomcat-9.0.27\webapps\manager]에 대한 배치가 [27] 밀리초에 완료되었습니다.
21-Nov-2019 11:35:48.091 INFO [main] org.apache.catalina.startup.HostConfig.deployDirectory 웹 애플리케이션 디렉토리 [C:\Users\acorn\OneDrive\html\apache-tomcat-9.0.27\webapps\ROOT]을(를) 배치합니다.
21-Nov-2019 11:35:48.110 INFO [main] org.apache.catalina.startup.HostConfig.deployDirectory 웹 애플리케이션 디렉토리 [C:\Users\acorn\OneDrive\html\apache-tomcat-9.0.27\webapps\ROOT]에 대한 배치가 [19] 밀리초에 완료되었습니다.
21-Nov-2019 11:35:48.111 INFO [main] org.apache.catalina.startup.HostConfig.deployDirectory 웹 애플리케이션 디렉토리 [C:\Users\acorn\OneDrive\html\apache-tomcat-9.0.27\webapps\t1]을(를) 배치합니다.
21-Nov-2019 11:35:48.140 INFO [main] org.apache.catalina.startup.HostConfig.deployDirectory 웹 애플리케이션 디렉토리 [C:\Users\acorn\OneDrive\html\apache-tomcat-9.0.27\webapps\t1]에 대한 배치가 [28] 밀리초에 완료되었습니다.
21-Nov-2019 11:35:48.143 INFO [main] org.apache.coyote.AbstractProtocol.start 프로토콜 핸들러 ["http-nio-8080"]을(를) 시작합니다.
21-Nov-2019 11:35:48.152 INFO [main] org.apache.coyote.AbstractProtocol.start 프로토콜 핸들러 ["ajp-nio-8009"]을(를) 시작합니다.
21-Nov-2019 11:35:48.157 INFO [main] org.apache.catalina.startup.Catalina.start 서버가 [758] 밀리초 내에 시작되었습니다.
21-Nov-2019 11:36:00.218 INFO [main] org.apache.catalina.startup.VersionLoggerListener.log 서버 버전 이름:        Apache Tomcat/9.0.27
21-Nov-2019 11:36:00.222 INFO [main] org.apache.catalina.startup.VersionLoggerListener.log Server 빌드 시각:          Oct 7 2019 09:57:22 UTC
21-Nov-2019 11:36:00.223 INFO [main] org.apache.catalina.startup.VersionLoggerListener.log Server 버전 번호:         9.0.27.0
21-Nov-2019 11:36:00.223 INFO [main] org.apache.catalina.startup.VersionLoggerListener.log 운영체제 이름:               Windows 7
21-Nov-2019 11:36:00.223 INFO [main] org.apache.catalina.startup.VersionLoggerListener.log 운영체제 버전:            6.1
21-Nov-2019 11:36:00.224 INFO [main] org.apache.catalina.startup.VersionLoggerListener.log 아키텍처:          amd64
21-Nov-2019 11:36:00.224 INFO [main] org.apache.catalina.startup.VersionLoggerListener.log 자바 홈:             C:\Program Files\Java\jdk-13.0.1
21-Nov-2019 11:36:00.224 INFO [main] org.apache.catalina.startup.VersionLoggerListener.log JVM 버전:           13.0.1+9
21-Nov-2019 11:36:00.225 INFO [main] org.apache.catalina.startup.VersionLoggerListener.log JVM 벤더:            Oracle Corporation
21-Nov-2019 11:36:00.225 INFO [main] org.apache.catalina.startup.VersionLoggerListener.log CATALINA_BASE:         C:\Users\acorn\OneDrive\html\apache-tomcat-9.0.27
21-Nov-2019 11:36:00.225 INFO [main] org.apache.catalina.startup.VersionLoggerListener.log CATALINA_HOME:         C:\Users\acorn\OneDrive\html\apache-tomcat-9.0.27
21-Nov-2019 11:36:00.236 INFO [main] org.apache.catalina.startup.VersionLoggerListener.log 명령 행 아규먼트: --add-opens=java.base/java.lang=ALL-UNNAMED
21-Nov-2019 11:36:00.237 INFO [main] org.apache.catalina.startup.VersionLoggerListener.log 명령 행 아규먼트: --add-opens=java.base/java.io=ALL-UNNAMED
21-Nov-2019 11:36:00.238 INFO [main] org.apache.catalina.startup.VersionLoggerListener.log 명령 행 아규먼트: --add-opens=java.rmi/sun.rmi.transport=ALL-UNNAMED
21-Nov-2019 11:36:00.238 INFO [main] org.apache.catalina.startup.VersionLoggerListener.log 명령 행 아규먼트: -Djava.util.logging.config.file=C:\Users\acorn\OneDrive\html\apache-tomcat-9.0.27\conf\logging.properties
21-Nov-2019 11:36:00.239 INFO [main] org.apache.catalina.startup.VersionLoggerListener.log 명령 행 아규먼트: -Djava.util.logging.manager=org.apache.juli.ClassLoaderLogManager
21-Nov-2019 11:36:00.240 INFO [main] org.apache.catalina.startup.VersionLoggerListener.log 명령 행 아규먼트: -Dfile.encoding=EUC_KR
21-Nov-2019 11:36:00.241 INFO [main] org.apache.catalina.startup.VersionLoggerListener.log 명령 행 아규먼트: -Xms128m
21-Nov-2019 11:36:00.242 INFO [main] org.apache.catalina.startup.VersionLoggerListener.log 명령 행 아규먼트: -Xmx1024m
21-Nov-2019 11:36:00.242 INFO [main] org.apache.catalina.startup.VersionLoggerListener.log 명령 행 아규먼트: -XX:PermSize=64m
21-Nov-2019 11:36:00.243 INFO [main] org.apache.catalina.startup.VersionLoggerListener.log 명령 행 아규먼트: -XX:MaxPermSize=256m
21-Nov-2019 11:36:00.243 INFO [main] org.apache.catalina.startup.VersionLoggerListener.log 명령 행 아규먼트: -Djdk.tls.ephemeralDHKeySize=2048
21-Nov-2019 11:36:00.244 INFO [main] org.apache.catalina.startup.VersionLoggerListener.log 명령 행 아규먼트: -Djava.protocol.handler.pkgs=org.apache.catalina.webresources
21-Nov-2019 11:36:00.245 INFO [main] org.apache.catalina.startup.VersionLoggerListener.log 명령 행 아규먼트: -Dignore.endorsed.dirs=
21-Nov-2019 11:36:00.245 INFO [main] org.apache.catalina.startup.VersionLoggerListener.log 명령 행 아규먼트: -Dcatalina.base=C:\Users\acorn\OneDrive\html\apache-tomcat-9.0.27
21-Nov-2019 11:36:00.246 INFO [main] org.apache.catalina.startup.VersionLoggerListener.log 명령 행 아규먼트: -Dcatalina.home=C:\Users\acorn\OneDrive\html\apache-tomcat-9.0.27
21-Nov-2019 11:36:00.247 INFO [main] org.apache.catalina.startup.VersionLoggerListener.log 명령 행 아규먼트: -Djava.io.tmpdir=C:\Users\acorn\OneDrive\html\apache-tomcat-9.0.27\temp
21-Nov-2019 11:36:00.248 INFO [main] org.apache.catalina.core.AprLifecycleListener.lifecycleEvent APR 버전 [1.7.0]을(를) 사용한, APR 기반 Apache Tomcat Native 라이브러리 [1.2.23]을(를) 로드했습니다.
21-Nov-2019 11:36:00.249 INFO [main] org.apache.catalina.core.AprLifecycleListener.lifecycleEvent APR 용량정보들: IPv6 [true], sendfile [true], accept filters [false], random [true].
21-Nov-2019 11:36:00.249 INFO [main] org.apache.catalina.core.AprLifecycleListener.lifecycleEvent APR/OpenSSL 설정: useAprConnector [false], useOpenSSL [true]
21-Nov-2019 11:36:00.256 INFO [main] org.apache.catalina.core.AprLifecycleListener.initializeSSL OpenSSL이 성공적으로 초기화되었습니다: [OpenSSL 1.1.1c  28 May 2019]
21-Nov-2019 11:36:00.479 INFO [main] org.apache.coyote.AbstractProtocol.init 프로토콜 핸들러 ["http-nio-8080"]을(를) 초기화합니다.
21-Nov-2019 11:36:00.558 INFO [main] org.apache.coyote.AbstractProtocol.init 프로토콜 핸들러 ["ajp-nio-8009"]을(를) 초기화합니다.
21-Nov-2019 11:36:00.563 INFO [main] org.apache.catalina.startup.Catalina.load [558] 밀리초 내에 서버가 초기화되었습니다.
21-Nov-2019 11:36:00.601 INFO [main] org.apache.catalina.core.StandardService.startInternal 서비스 [Catalina]을(를) 시작합니다.
21-Nov-2019 11:36:00.602 INFO [main] org.apache.catalina.core.StandardEngine.startInternal 서버 엔진을 시작합니다: [Apache Tomcat/9.0.27]
21-Nov-2019 11:36:00.608 INFO [main] org.apache.catalina.startup.HostConfig.deployDirectory 웹 애플리케이션 디렉토리 [C:\Users\acorn\OneDrive\html\apache-tomcat-9.0.27\webapps\docs]을(를) 배치합니다.
21-Nov-2019 11:36:00.852 INFO [main] org.apache.catalina.startup.HostConfig.deployDirectory 웹 애플리케이션 디렉토리 [C:\Users\acorn\OneDrive\html\apache-tomcat-9.0.27\webapps\docs]에 대한 배치가 [244] 밀리초에 완료되었습니다.
21-Nov-2019 11:36:00.853 INFO [main] org.apache.catalina.startup.HostConfig.deployDirectory 웹 애플리케이션 디렉토리 [C:\Users\acorn\OneDrive\html\apache-tomcat-9.0.27\webapps\examples]을(를) 배치합니다.
21-Nov-2019 11:36:01.169 INFO [main] org.apache.catalina.startup.HostConfig.deployDirectory 웹 애플리케이션 디렉토리 [C:\Users\acorn\OneDrive\html\apache-tomcat-9.0.27\webapps\examples]에 대한 배치가 [316] 밀리초에 완료되었습니다.
21-Nov-2019 11:36:01.170 INFO [main] org.apache.catalina.startup.HostConfig.deployDirectory 웹 애플리케이션 디렉토리 [C:\Users\acorn\OneDrive\html\apache-tomcat-9.0.27\webapps\host-manager]을(를) 배치합니다.
21-Nov-2019 11:36:01.202 INFO [main] org.apache.catalina.startup.HostConfig.deployDirectory 웹 애플리케이션 디렉토리 [C:\Users\acorn\OneDrive\html\apache-tomcat-9.0.27\webapps\host-manager]에 대한 배치가 [32] 밀리초에 완료되었습니다.
21-Nov-2019 11:36:01.203 INFO [main] org.apache.catalina.startup.HostConfig.deployDirectory 웹 애플리케이션 디렉토리 [C:\Users\acorn\OneDrive\html\apache-tomcat-9.0.27\webapps\manager]을(를) 배치합니다.
21-Nov-2019 11:36:01.230 INFO [main] org.apache.catalina.startup.HostConfig.deployDirectory 웹 애플리케이션 디렉토리 [C:\Users\acorn\OneDrive\html\apache-tomcat-9.0.27\webapps\manager]에 대한 배치가 [26] 밀리초에 완료되었습니다.
21-Nov-2019 11:36:01.231 INFO [main] org.apache.catalina.startup.HostConfig.deployDirectory 웹 애플리케이션 디렉토리 [C:\Users\acorn\OneDrive\html\apache-tomcat-9.0.27\webapps\ROOT]을(를) 배치합니다.
21-Nov-2019 11:36:01.251 INFO [main] org.apache.catalina.startup.HostConfig.deployDirectory 웹 애플리케이션 디렉토리 [C:\Users\acorn\OneDrive\html\apache-tomcat-9.0.27\webapps\ROOT]에 대한 배치가 [20] 밀리초에 완료되었습니다.
21-Nov-2019 11:36:01.252 INFO [main] org.apache.catalina.startup.HostConfig.deployDirectory 웹 애플리케이션 디렉토리 [C:\Users\acorn\OneDrive\html\apache-tomcat-9.0.27\webapps\t1]을(를) 배치합니다.
21-Nov-2019 11:36:01.282 INFO [main] org.apache.catalina.startup.HostConfig.deployDirectory 웹 애플리케이션 디렉토리 [C:\Users\acorn\OneDrive\html\apache-tomcat-9.0.27\webapps\t1]에 대한 배치가 [30] 밀리초에 완료되었습니다.
21-Nov-2019 11:36:01.286 INFO [main] org.apache.coyote.AbstractProtocol.start 프로토콜 핸들러 ["http-nio-8080"]을(를) 시작합니다.
21-Nov-2019 11:36:01.294 INFO [main] org.apache.coyote.AbstractProtocol.start 프로토콜 핸들러 ["ajp-nio-8009"]을(를) 시작합니다.
21-Nov-2019 11:36:01.297 INFO [main] org.apache.catalina.startup.Catalina.start 서버가 [732] 밀리초 내에 시작되었습니다.
21-Nov-2019 11:37:57.621 INFO [main] org.apache.catalina.startup.VersionLoggerListener.log 서버 버전 이름:        Apache Tomcat/9.0.27
21-Nov-2019 11:37:57.625 INFO [main] org.apache.catalina.startup.VersionLoggerListener.log Server 빌드 시각:          Oct 7 2019 09:57:22 UTC
21-Nov-2019 11:37:57.625 INFO [main] org.apache.catalina.startup.VersionLoggerListener.log Server 버전 번호:         9.0.27.0
21-Nov-2019 11:37:57.625 INFO [main] org.apache.catalina.startup.VersionLoggerListener.log 운영체제 이름:               Windows 7
21-Nov-2019 11:37:57.626 INFO [main] org.apache.catalina.startup.VersionLoggerListener.log 운영체제 버전:            6.1
21-Nov-2019 11:37:57.626 INFO [main] org.apache.catalina.startup.VersionLoggerListener.log 아키텍처:          amd64
21-Nov-2019 11:37:57.626 INFO [main] org.apache.catalina.startup.VersionLoggerListener.log 자바 홈:             C:\Program Files\Java\jdk-13.0.1
21-Nov-2019 11:37:57.626 INFO [main] org.apache.catalina.startup.VersionLoggerListener.log JVM 버전:           13.0.1+9
21-Nov-2019 11:37:57.627 INFO [main] org.apache.catalina.startup.VersionLoggerListener.log JVM 벤더:            Oracle Corporation
21-Nov-2019 11:37:57.627 INFO [main] org.apache.catalina.startup.VersionLoggerListener.log CATALINA_BASE:         C:\Users\acorn\OneDrive\html\apache-tomcat-9.0.27
21-Nov-2019 11:37:57.628 INFO [main] org.apache.catalina.startup.VersionLoggerListener.log CATALINA_HOME:         C:\Users\acorn\OneDrive\html\apache-tomcat-9.0.27
21-Nov-2019 11:37:57.639 INFO [main] org.apache.catalina.startup.VersionLoggerListener.log 명령 행 아규먼트: --add-opens=java.base/java.lang=ALL-UNNAMED
21-Nov-2019 11:37:57.640 INFO [main] org.apache.catalina.startup.VersionLoggerListener.log 명령 행 아규먼트: --add-opens=java.base/java.io=ALL-UNNAMED
21-Nov-2019 11:37:57.640 INFO [main] org.apache.catalina.startup.VersionLoggerListener.log 명령 행 아규먼트: --add-opens=java.rmi/sun.rmi.transport=ALL-UNNAMED
21-Nov-2019 11:37:57.641 INFO [main] org.apache.catalina.startup.VersionLoggerListener.log 명령 행 아규먼트: -Djava.util.logging.config.file=C:\Users\acorn\OneDrive\html\apache-tomcat-9.0.27\conf\logging.properties
21-Nov-2019 11:37:57.641 INFO [main] org.apache.catalina.startup.VersionLoggerListener.log 명령 행 아규먼트: -Djava.util.logging.manager=org.apache.juli.ClassLoaderLogManager
21-Nov-2019 11:37:57.642 INFO [main] org.apache.catalina.startup.VersionLoggerListener.log 명령 행 아규먼트: -Dfile.encoding=EUC_KR
21-Nov-2019 11:37:57.642 INFO [main] org.apache.catalina.startup.VersionLoggerListener.log 명령 행 아규먼트: -Xms128m
21-Nov-2019 11:37:57.644 INFO [main] org.apache.catalina.startup.VersionLoggerListener.log 명령 행 아규먼트: -Xmx1024m
21-Nov-2019 11:37:57.644 INFO [main] org.apache.catalina.startup.VersionLoggerListener.log 명령 행 아규먼트: -XX:PermSize=64m
21-Nov-2019 11:37:57.645 INFO [main] org.apache.catalina.startup.VersionLoggerListener.log 명령 행 아규먼트: -XX:MaxPermSize=256m
21-Nov-2019 11:37:57.646 INFO [main] org.apache.catalina.startup.VersionLoggerListener.log 명령 행 아규먼트: -Djdk.tls.ephemeralDHKeySize=2048
21-Nov-2019 11:37:57.646 INFO [main] org.apache.catalina.startup.VersionLoggerListener.log 명령 행 아규먼트: -Djava.protocol.handler.pkgs=org.apache.catalina.webresources
21-Nov-2019 11:37:57.646 INFO [main] org.apache.catalina.startup.VersionLoggerListener.log 명령 행 아규먼트: -Dignore.endorsed.dirs=
21-Nov-2019 11:37:57.648 INFO [main] org.apache.catalina.startup.VersionLoggerListener.log 명령 행 아규먼트: -Dcatalina.base=C:\Users\acorn\OneDrive\html\apache-tomcat-9.0.27
21-Nov-2019 11:37:57.648 INFO [main] org.apache.catalina.startup.VersionLoggerListener.log 명령 행 아규먼트: -Dcatalina.home=C:\Users\acorn\OneDrive\html\apache-tomcat-9.0.27
21-Nov-2019 11:37:57.650 INFO [main] org.apache.catalina.startup.VersionLoggerListener.log 명령 행 아규먼트: -Djava.io.tmpdir=C:\Users\acorn\OneDrive\html\apache-tomcat-9.0.27\temp
21-Nov-2019 11:37:57.651 INFO [main] org.apache.catalina.core.AprLifecycleListener.lifecycleEvent APR 버전 [1.7.0]을(를) 사용한, APR 기반 Apache Tomcat Native 라이브러리 [1.2.23]을(를) 로드했습니다.
21-Nov-2019 11:37:57.651 INFO [main] org.apache.catalina.core.AprLifecycleListener.lifecycleEvent APR 용량정보들: IPv6 [true], sendfile [true], accept filters [false], random [true].
21-Nov-2019 11:37:57.654 INFO [main] org.apache.catalina.core.AprLifecycleListener.lifecycleEvent APR/OpenSSL 설정: useAprConnector [false], useOpenSSL [true]
21-Nov-2019 11:37:57.659 INFO [main] org.apache.catalina.core.AprLifecycleListener.initializeSSL OpenSSL이 성공적으로 초기화되었습니다: [OpenSSL 1.1.1c  28 May 2019]
21-Nov-2019 11:37:57.889 INFO [main] org.apache.coyote.AbstractProtocol.init 프로토콜 핸들러 ["http-nio-8080"]을(를) 초기화합니다.
21-Nov-2019 11:37:57.976 INFO [main] org.apache.coyote.AbstractProtocol.init 프로토콜 핸들러 ["ajp-nio-8009"]을(를) 초기화합니다.
21-Nov-2019 11:37:57.981 INFO [main] org.apache.catalina.startup.Catalina.load [558] 밀리초 내에 서버가 초기화되었습니다.
21-Nov-2019 11:37:58.016 INFO [main] org.apache.catalina.core.StandardService.startInternal 서비스 [Catalina]을(를) 시작합니다.
21-Nov-2019 11:37:58.017 INFO [main] org.apache.catalina.core.StandardEngine.startInternal 서버 엔진을 시작합니다: [Apache Tomcat/9.0.27]
21-Nov-2019 11:37:58.025 INFO [main] org.apache.catalina.startup.HostConfig.deployDirectory 웹 애플리케이션 디렉토리 [C:\Users\acorn\OneDrive\html\apache-tomcat-9.0.27\webapps\docs]을(를) 배치합니다.
21-Nov-2019 11:37:58.271 INFO [main] org.apache.catalina.startup.HostConfig.deployDirectory 웹 애플리케이션 디렉토리 [C:\Users\acorn\OneDrive\html\apache-tomcat-9.0.27\webapps\docs]에 대한 배치가 [246] 밀리초에 완료되었습니다.
21-Nov-2019 11:37:58.272 INFO [main] org.apache.catalina.startup.HostConfig.deployDirectory 웹 애플리케이션 디렉토리 [C:\Users\acorn\OneDrive\html\apache-tomcat-9.0.27\webapps\examples]을(를) 배치합니다.
21-Nov-2019 11:37:58.603 INFO [main] org.apache.catalina.startup.HostConfig.deployDirectory 웹 애플리케이션 디렉토리 [C:\Users\acorn\OneDrive\html\apache-tomcat-9.0.27\webapps\examples]에 대한 배치가 [331] 밀리초에 완료되었습니다.
21-Nov-2019 11:37:58.603 INFO [main] org.apache.catalina.startup.HostConfig.deployDirectory 웹 애플리케이션 디렉토리 [C:\Users\acorn\OneDrive\html\apache-tomcat-9.0.27\webapps\host-manager]을(를) 배치합니다.
21-Nov-2019 11:37:58.635 INFO [main] org.apache.catalina.startup.HostConfig.deployDirectory 웹 애플리케이션 디렉토리 [C:\Users\acorn\OneDrive\html\apache-tomcat-9.0.27\webapps\host-manager]에 대한 배치가 [32] 밀리초에 완료되었습니다.
21-Nov-2019 11:37:58.635 INFO [main] org.apache.catalina.startup.HostConfig.deployDirectory 웹 애플리케이션 디렉토리 [C:\Users\acorn\OneDrive\html\apache-tomcat-9.0.27\webapps\manager]을(를) 배치합니다.
21-Nov-2019 11:37:58.663 INFO [main] org.apache.catalina.startup.HostConfig.deployDirectory 웹 애플리케이션 디렉토리 [C:\Users\acorn\OneDrive\html\apache-tomcat-9.0.27\webapps\manager]에 대한 배치가 [28] 밀리초에 완료되었습니다.
21-Nov-2019 11:37:58.664 INFO [main] org.apache.catalina.startup.HostConfig.deployDirectory 웹 애플리케이션 디렉토리 [C:\Users\acorn\OneDrive\html\apache-tomcat-9.0.27\webapps\ROOT]을(를) 배치합니다.
21-Nov-2019 11:37:58.684 INFO [main] org.apache.catalina.startup.HostConfig.deployDirectory 웹 애플리케이션 디렉토리 [C:\Users\acorn\OneDrive\html\apache-tomcat-9.0.27\webapps\ROOT]에 대한 배치가 [20] 밀리초에 완료되었습니다.
21-Nov-2019 11:37:58.685 INFO [main] org.apache.catalina.startup.HostConfig.deployDirectory 웹 애플리케이션 디렉토리 [C:\Users\acorn\OneDrive\html\apache-tomcat-9.0.27\webapps\t1]을(를) 배치합니다.
21-Nov-2019 11:37:58.714 INFO [main] org.apache.catalina.startup.HostConfig.deployDirectory 웹 애플리케이션 디렉토리 [C:\Users\acorn\OneDrive\html\apache-tomcat-9.0.27\webapps\t1]에 대한 배치가 [29] 밀리초에 완료되었습니다.
21-Nov-2019 11:37:58.719 INFO [main] org.apache.coyote.AbstractProtocol.start 프로토콜 핸들러 ["http-nio-8080"]을(를) 시작합니다.
21-Nov-2019 11:37:58.728 INFO [main] org.apache.coyote.AbstractProtocol.start 프로토콜 핸들러 ["ajp-nio-8009"]을(를) 시작합니다.
21-Nov-2019 11:37:58.733 INFO [main] org.apache.catalina.startup.Catalina.start 서버가 [752] 밀리초 내에 시작되었습니다.
21-Nov-2019 11:39:52.047 INFO [main] org.apache.catalina.startup.VersionLoggerListener.log 서버 버전 이름:        Apache Tomcat/9.0.27
21-Nov-2019 11:39:52.051 INFO [main] org.apache.catalina.startup.VersionLoggerListener.log Server 빌드 시각:          Oct 7 2019 09:57:22 UTC
21-Nov-2019 11:39:52.051 INFO [main] org.apache.catalina.startup.VersionLoggerListener.log Server 버전 번호:         9.0.27.0
21-Nov-2019 11:39:52.051 INFO [main] org.apache.catalina.startup.VersionLoggerListener.log 운영체제 이름:               Windows 7
21-Nov-2019 11:39:52.052 INFO [main] org.apache.catalina.startup.VersionLoggerListener.log 운영체제 버전:            6.1
21-Nov-2019 11:39:52.052 INFO [main] org.apache.catalina.startup.VersionLoggerListener.log 아키텍처:          amd64
21-Nov-2019 11:39:52.052 INFO [main] org.apache.catalina.startup.VersionLoggerListener.log 자바 홈:             C:\Program Files\Java\jdk-13.0.1
21-Nov-2019 11:39:52.052 INFO [main] org.apache.catalina.startup.VersionLoggerListener.log JVM 버전:           13.0.1+9
21-Nov-2019 11:39:52.052 INFO [main] org.apache.catalina.startup.VersionLoggerListener.log JVM 벤더:            Oracle Corporation
21-Nov-2019 11:39:52.052 INFO [main] org.apache.catalina.startup.VersionLoggerListener.log CATALINA_BASE:         C:\Users\acorn\OneDrive\html\apache-tomcat-9.0.27
21-Nov-2019 11:39:52.053 INFO [main] org.apache.catalina.startup.VersionLoggerListener.log CATALINA_HOME:         C:\Users\acorn\OneDrive\html\apache-tomcat-9.0.27
21-Nov-2019 11:39:52.065 INFO [main] org.apache.catalina.startup.VersionLoggerListener.log 명령 행 아규먼트: --add-opens=java.base/java.lang=ALL-UNNAMED
21-Nov-2019 11:39:52.065 INFO [main] org.apache.catalina.startup.VersionLoggerListener.log 명령 행 아규먼트: --add-opens=java.base/java.io=ALL-UNNAMED
21-Nov-2019 11:39:52.065 INFO [main] org.apache.catalina.startup.VersionLoggerListener.log 명령 행 아규먼트: --add-opens=java.rmi/sun.rmi.transport=ALL-UNNAMED
21-Nov-2019 11:39:52.066 INFO [main] org.apache.catalina.startup.VersionLoggerListener.log 명령 행 아규먼트: -Djava.util.logging.config.file=C:\Users\acorn\OneDrive\html\apache-tomcat-9.0.27\conf\logging.properties
21-Nov-2019 11:39:52.067 INFO [main] org.apache.catalina.startup.VersionLoggerListener.log 명령 행 아규먼트: -Djava.util.logging.manager=org.apache.juli.ClassLoaderLogManager
21-Nov-2019 11:39:52.067 INFO [main] org.apache.catalina.startup.VersionLoggerListener.log 명령 행 아규먼트: -Dfile.encoding=EUC_KR
21-Nov-2019 11:39:52.068 INFO [main] org.apache.catalina.startup.VersionLoggerListener.log 명령 행 아규먼트: -Xms128m
21-Nov-2019 11:39:52.070 INFO [main] org.apache.catalina.startup.VersionLoggerListener.log 명령 행 아규먼트: -Xmx1024m
21-Nov-2019 11:39:52.070 INFO [main] org.apache.catalina.startup.VersionLoggerListener.log 명령 행 아규먼트: -XX:PermSize=64m
21-Nov-2019 11:39:52.071 INFO [main] org.apache.catalina.startup.VersionLoggerListener.log 명령 행 아규먼트: -XX:MaxPermSize=256m
21-Nov-2019 11:39:52.072 INFO [main] org.apache.catalina.startup.VersionLoggerListener.log 명령 행 아규먼트: -Djdk.tls.ephemeralDHKeySize=2048
21-Nov-2019 11:39:52.072 INFO [main] org.apache.catalina.startup.VersionLoggerListener.log 명령 행 아규먼트: -Djava.protocol.handler.pkgs=org.apache.catalina.webresources
21-Nov-2019 11:39:52.072 INFO [main] org.apache.catalina.startup.VersionLoggerListener.log 명령 행 아규먼트: -Dignore.endorsed.dirs=
21-Nov-2019 11:39:52.074 INFO [main] org.apache.catalina.startup.VersionLoggerListener.log 명령 행 아규먼트: -Dcatalina.base=C:\Users\acorn\OneDrive\html\apache-tomcat-9.0.27
21-Nov-2019 11:39:52.074 INFO [main] org.apache.catalina.startup.VersionLoggerListener.log 명령 행 아규먼트: -Dcatalina.home=C:\Users\acorn\OneDrive\html\apache-tomcat-9.0.27
21-Nov-2019 11:39:52.076 INFO [main] org.apache.catalina.startup.VersionLoggerListener.log 명령 행 아규먼트: -Djava.io.tmpdir=C:\Users\acorn\OneDrive\html\apache-tomcat-9.0.27\temp
21-Nov-2019 11:39:52.077 INFO [main] org.apache.catalina.core.AprLifecycleListener.lifecycleEvent APR 버전 [1.7.0]을(를) 사용한, APR 기반 Apache Tomcat Native 라이브러리 [1.2.23]을(를) 로드했습니다.
21-Nov-2019 11:39:52.077 INFO [main] org.apache.catalina.core.AprLifecycleListener.lifecycleEvent APR 용량정보들: IPv6 [true], sendfile [true], accept filters [false], random [true].
21-Nov-2019 11:39:52.079 INFO [main] org.apache.catalina.core.AprLifecycleListener.lifecycleEvent APR/OpenSSL 설정: useAprConnector [false], useOpenSSL [true]
21-Nov-2019 11:39:52.085 INFO [main] org.apache.catalina.core.AprLifecycleListener.initializeSSL OpenSSL이 성공적으로 초기화되었습니다: [OpenSSL 1.1.1c  28 May 2019]
21-Nov-2019 11:39:52.319 INFO [main] org.apache.coyote.AbstractProtocol.init 프로토콜 핸들러 ["http-nio-8080"]을(를) 초기화합니다.
21-Nov-2019 11:39:52.397 INFO [main] org.apache.coyote.AbstractProtocol.init 프로토콜 핸들러 ["ajp-nio-8009"]을(를) 초기화합니다.
21-Nov-2019 11:39:52.402 INFO [main] org.apache.catalina.startup.Catalina.load [557] 밀리초 내에 서버가 초기화되었습니다.
21-Nov-2019 11:39:52.437 INFO [main] org.apache.catalina.core.StandardService.startInternal 서비스 [Catalina]을(를) 시작합니다.
21-Nov-2019 11:39:52.437 INFO [main] org.apache.catalina.core.StandardEngine.startInternal 서버 엔진을 시작합니다: [Apache Tomcat/9.0.27]
21-Nov-2019 11:39:52.444 INFO [main] org.apache.catalina.startup.HostConfig.deployDirectory 웹 애플리케이션 디렉토리 [C:\Users\acorn\OneDrive\html\apache-tomcat-9.0.27\webapps\docs]을(를) 배치합니다.
21-Nov-2019 11:39:52.684 INFO [main] org.apache.catalina.startup.HostConfig.deployDirectory 웹 애플리케이션 디렉토리 [C:\Users\acorn\OneDrive\html\apache-tomcat-9.0.27\webapps\docs]에 대한 배치가 [240] 밀리초에 완료되었습니다.
21-Nov-2019 11:39:52.685 INFO [main] org.apache.catalina.startup.HostConfig.deployDirectory 웹 애플리케이션 디렉토리 [C:\Users\acorn\OneDrive\html\apache-tomcat-9.0.27\webapps\examples]을(를) 배치합니다.
21-Nov-2019 11:39:53.021 INFO [main] org.apache.catalina.startup.HostConfig.deployDirectory 웹 애플리케이션 디렉토리 [C:\Users\acorn\OneDrive\html\apache-tomcat-9.0.27\webapps\examples]에 대한 배치가 [336] 밀리초에 완료되었습니다.
21-Nov-2019 11:39:53.021 INFO [main] org.apache.catalina.startup.HostConfig.deployDirectory 웹 애플리케이션 디렉토리 [C:\Users\acorn\OneDrive\html\apache-tomcat-9.0.27\webapps\host-manager]을(를) 배치합니다.
21-Nov-2019 11:39:53.054 INFO [main] org.apache.catalina.startup.HostConfig.deployDirectory 웹 애플리케이션 디렉토리 [C:\Users\acorn\OneDrive\html\apache-tomcat-9.0.27\webapps\host-manager]에 대한 배치가 [33] 밀리초에 완료되었습니다.
21-Nov-2019 11:39:53.055 INFO [main] org.apache.catalina.startup.HostConfig.deployDirectory 웹 애플리케이션 디렉토리 [C:\Users\acorn\OneDrive\html\apache-tomcat-9.0.27\webapps\manager]을(를) 배치합니다.
21-Nov-2019 11:39:53.082 INFO [main] org.apache.catalina.startup.HostConfig.deployDirectory 웹 애플리케이션 디렉토리 [C:\Users\acorn\OneDrive\html\apache-tomcat-9.0.27\webapps\manager]에 대한 배치가 [27] 밀리초에 완료되었습니다.
21-Nov-2019 11:39:53.083 INFO [main] org.apache.catalina.startup.HostConfig.deployDirectory 웹 애플리케이션 디렉토리 [C:\Users\acorn\OneDrive\html\apache-tomcat-9.0.27\webapps\ROOT]을(를) 배치합니다.
21-Nov-2019 11:39:53.103 INFO [main] org.apache.catalina.startup.HostConfig.deployDirectory 웹 애플리케이션 디렉토리 [C:\Users\acorn\OneDrive\html\apache-tomcat-9.0.27\webapps\ROOT]에 대한 배치가 [19] 밀리초에 완료되었습니다.
21-Nov-2019 11:39:53.103 INFO [main] org.apache.catalina.startup.HostConfig.deployDirectory 웹 애플리케이션 디렉토리 [C:\Users\acorn\OneDrive\html\apache-tomcat-9.0.27\webapps\t1]을(를) 배치합니다.
21-Nov-2019 11:39:53.133 INFO [main] org.apache.catalina.startup.HostConfig.deployDirectory 웹 애플리케이션 디렉토리 [C:\Users\acorn\OneDrive\html\apache-tomcat-9.0.27\webapps\t1]에 대한 배치가 [30] 밀리초에 완료되었습니다.
21-Nov-2019 11:39:53.138 INFO [main] org.apache.coyote.AbstractProtocol.start 프로토콜 핸들러 ["http-nio-8080"]을(를) 시작합니다.
21-Nov-2019 11:39:53.145 INFO [main] org.apache.coyote.AbstractProtocol.start 프로토콜 핸들러 ["ajp-nio-8009"]을(를) 시작합니다.
21-Nov-2019 11:39:53.148 INFO [main] org.apache.catalina.startup.Catalina.start 서버가 [744] 밀리초 내에 시작되었습니다.
21-Nov-2019 11:41:48.908 INFO [main] org.apache.catalina.startup.VersionLoggerListener.log 서버 버전 이름:        Apache Tomcat/9.0.27
21-Nov-2019 11:41:48.911 INFO [main] org.apache.catalina.startup.VersionLoggerListener.log Server 빌드 시각:          Oct 7 2019 09:57:22 UTC
21-Nov-2019 11:41:48.912 INFO [main] org.apache.catalina.startup.VersionLoggerListener.log Server 버전 번호:         9.0.27.0
21-Nov-2019 11:41:48.912 INFO [main] org.apache.catalina.startup.VersionLoggerListener.log 운영체제 이름:               Windows 7
21-Nov-2019 11:41:48.913 INFO [main] org.apache.catalina.startup.VersionLoggerListener.log 운영체제 버전:            6.1
21-Nov-2019 11:41:48.913 INFO [main] org.apache.catalina.startup.VersionLoggerListener.log 아키텍처:          amd64
21-Nov-2019 11:41:48.914 INFO [main] org.apache.catalina.startup.VersionLoggerListener.log 자바 홈:             C:\Program Files\Java\jdk-13.0.1
21-Nov-2019 11:41:48.914 INFO [main] org.apache.catalina.startup.VersionLoggerListener.log JVM 버전:           13.0.1+9
21-Nov-2019 11:41:48.915 INFO [main] org.apache.catalina.startup.VersionLoggerListener.log JVM 벤더:            Oracle Corporation
21-Nov-2019 11:41:48.916 INFO [main] org.apache.catalina.startup.VersionLoggerListener.log CATALINA_BASE:         C:\Users\acorn\OneDrive\html\apache-tomcat-9.0.27
21-Nov-2019 11:41:48.918 INFO [main] org.apache.catalina.startup.VersionLoggerListener.log CATALINA_HOME:         C:\Users\acorn\OneDrive\html\apache-tomcat-9.0.27
21-Nov-2019 11:41:48.925 INFO [main] org.apache.catalina.startup.VersionLoggerListener.log 명령 행 아규먼트: --add-opens=java.base/java.lang=ALL-UNNAMED
21-Nov-2019 11:41:48.925 INFO [main] org.apache.catalina.startup.VersionLoggerListener.log 명령 행 아규먼트: --add-opens=java.base/java.io=ALL-UNNAMED
21-Nov-2019 11:41:48.926 INFO [main] org.apache.catalina.startup.VersionLoggerListener.log 명령 행 아규먼트: --add-opens=java.rmi/sun.rmi.transport=ALL-UNNAMED
21-Nov-2019 11:41:48.927 INFO [main] org.apache.catalina.startup.VersionLoggerListener.log 명령 행 아규먼트: -Djava.util.logging.config.file=C:\Users\acorn\OneDrive\html\apache-tomcat-9.0.27\conf\logging.properties
21-Nov-2019 11:41:48.927 INFO [main] org.apache.catalina.startup.VersionLoggerListener.log 명령 행 아규먼트: -Djava.util.logging.manager=org.apache.juli.ClassLoaderLogManager
21-Nov-2019 11:41:48.928 INFO [main] org.apache.catalina.startup.VersionLoggerListener.log 명령 행 아규먼트: -Dfile.encoding=EUC_KR
21-Nov-2019 11:41:48.928 INFO [main] org.apache.catalina.startup.VersionLoggerListener.log 명령 행 아규먼트: -Xms128m
21-Nov-2019 11:41:48.929 INFO [main] org.apache.catalina.startup.VersionLoggerListener.log 명령 행 아규먼트: -Xmx1024m
21-Nov-2019 11:41:48.929 INFO [main] org.apache.catalina.startup.VersionLoggerListener.log 명령 행 아규먼트: -XX:PermSize=64m
21-Nov-2019 11:41:48.930 INFO [main] org.apache.catalina.startup.VersionLoggerListener.log 명령 행 아규먼트: -XX:MaxPermSize=256m
21-Nov-2019 11:41:48.931 INFO [main] org.apache.catalina.startup.VersionLoggerListener.log 명령 행 아규먼트: -Djdk.tls.ephemeralDHKeySize=2048
21-Nov-2019 11:41:48.932 INFO [main] org.apache.catalina.startup.VersionLoggerListener.log 명령 행 아규먼트: -Djava.protocol.handler.pkgs=org.apache.catalina.webresources
21-Nov-2019 11:41:48.932 INFO [main] org.apache.catalina.startup.VersionLoggerListener.log 명령 행 아규먼트: -Dignore.endorsed.dirs=
21-Nov-2019 11:41:48.933 INFO [main] org.apache.catalina.startup.VersionLoggerListener.log 명령 행 아규먼트: -Dcatalina.base=C:\Users\acorn\OneDrive\html\apache-tomcat-9.0.27
21-Nov-2019 11:41:48.935 INFO [main] org.apache.catalina.startup.VersionLoggerListener.log 명령 행 아규먼트: -Dcatalina.home=C:\Users\acorn\OneDrive\html\apache-tomcat-9.0.27
21-Nov-2019 11:41:48.936 INFO [main] org.apache.catalina.startup.VersionLoggerListener.log 명령 행 아규먼트: -Djava.io.tmpdir=C:\Users\acorn\OneDrive\html\apache-tomcat-9.0.27\temp
21-Nov-2019 11:41:48.937 INFO [main] org.apache.catalina.core.AprLifecycleListener.lifecycleEvent APR 버전 [1.7.0]을(를) 사용한, APR 기반 Apache Tomcat Native 라이브러리 [1.2.23]을(를) 로드했습니다.
21-Nov-2019 11:41:48.938 INFO [main] org.apache.catalina.core.AprLifecycleListener.lifecycleEvent APR 용량정보들: IPv6 [true], sendfile [true], accept filters [false], random [true].
21-Nov-2019 11:41:48.938 INFO [main] org.apache.catalina.core.AprLifecycleListener.lifecycleEvent APR/OpenSSL 설정: useAprConnector [false], useOpenSSL [true]
21-Nov-2019 11:41:48.944 INFO [main] org.apache.catalina.core.AprLifecycleListener.initializeSSL OpenSSL이 성공적으로 초기화되었습니다: [OpenSSL 1.1.1c  28 May 2019]
21-Nov-2019 11:41:49.171 INFO [main] org.apache.coyote.AbstractProtocol.init 프로토콜 핸들러 ["http-nio-8080"]을(를) 초기화합니다.
21-Nov-2019 11:41:49.249 INFO [main] org.apache.coyote.AbstractProtocol.init 프로토콜 핸들러 ["ajp-nio-8009"]을(를) 초기화합니다.
21-Nov-2019 11:41:49.254 INFO [main] org.apache.catalina.startup.Catalina.load [560] 밀리초 내에 서버가 초기화되었습니다.
21-Nov-2019 11:41:49.289 INFO [main] org.apache.catalina.core.StandardService.startInternal 서비스 [Catalina]을(를) 시작합니다.
21-Nov-2019 11:41:49.289 INFO [main] org.apache.catalina.core.StandardEngine.startInternal 서버 엔진을 시작합니다: [Apache Tomcat/9.0.27]
21-Nov-2019 11:41:49.296 INFO [main] org.apache.catalina.startup.HostConfig.deployDirectory 웹 애플리케이션 디렉토리 [C:\Users\acorn\OneDrive\html\apache-tomcat-9.0.27\webapps\docs]을(를) 배치합니다.
21-Nov-2019 11:41:49.540 INFO [main] org.apache.catalina.startup.HostConfig.deployDirectory 웹 애플리케이션 디렉토리 [C:\Users\acorn\OneDrive\html\apache-tomcat-9.0.27\webapps\docs]에 대한 배치가 [244] 밀리초에 완료되었습니다.
21-Nov-2019 11:41:49.541 INFO [main] org.apache.catalina.startup.HostConfig.deployDirectory 웹 애플리케이션 디렉토리 [C:\Users\acorn\OneDrive\html\apache-tomcat-9.0.27\webapps\examples]을(를) 배치합니다.
21-Nov-2019 11:41:49.872 INFO [main] org.apache.catalina.startup.HostConfig.deployDirectory 웹 애플리케이션 디렉토리 [C:\Users\acorn\OneDrive\html\apache-tomcat-9.0.27\webapps\examples]에 대한 배치가 [331] 밀리초에 완료되었습니다.
21-Nov-2019 11:41:49.873 INFO [main] org.apache.catalina.startup.HostConfig.deployDirectory 웹 애플리케이션 디렉토리 [C:\Users\acorn\OneDrive\html\apache-tomcat-9.0.27\webapps\host-manager]을(를) 배치합니다.
21-Nov-2019 11:41:49.906 INFO [main] org.apache.catalina.startup.HostConfig.deployDirectory 웹 애플리케이션 디렉토리 [C:\Users\acorn\OneDrive\html\apache-tomcat-9.0.27\webapps\host-manager]에 대한 배치가 [33] 밀리초에 완료되었습니다.
21-Nov-2019 11:41:49.908 INFO [main] org.apache.catalina.startup.HostConfig.deployDirectory 웹 애플리케이션 디렉토리 [C:\Users\acorn\OneDrive\html\apache-tomcat-9.0.27\webapps\manager]을(를) 배치합니다.
21-Nov-2019 11:41:49.942 INFO [main] org.apache.catalina.startup.HostConfig.deployDirectory 웹 애플리케이션 디렉토리 [C:\Users\acorn\OneDrive\html\apache-tomcat-9.0.27\webapps\manager]에 대한 배치가 [35] 밀리초에 완료되었습니다.
21-Nov-2019 11:41:49.943 INFO [main] org.apache.catalina.startup.HostConfig.deployDirectory 웹 애플리케이션 디렉토리 [C:\Users\acorn\OneDrive\html\apache-tomcat-9.0.27\webapps\ROOT]을(를) 배치합니다.
21-Nov-2019 11:41:49.964 INFO [main] org.apache.catalina.startup.HostConfig.deployDirectory 웹 애플리케이션 디렉토리 [C:\Users\acorn\OneDrive\html\apache-tomcat-9.0.27\webapps\ROOT]에 대한 배치가 [20] 밀리초에 완료되었습니다.
21-Nov-2019 11:41:49.965 INFO [main] org.apache.catalina.startup.HostConfig.deployDirectory 웹 애플리케이션 디렉토리 [C:\Users\acorn\OneDrive\html\apache-tomcat-9.0.27\webapps\t1]을(를) 배치합니다.
21-Nov-2019 11:41:49.994 INFO [main] org.apache.catalina.startup.HostConfig.deployDirectory 웹 애플리케이션 디렉토리 [C:\Users\acorn\OneDrive\html\apache-tomcat-9.0.27\webapps\t1]에 대한 배치가 [29] 밀리초에 완료되었습니다.
21-Nov-2019 11:41:50.000 INFO [main] org.apache.coyote.AbstractProtocol.start 프로토콜 핸들러 ["http-nio-8080"]을(를) 시작합니다.
21-Nov-2019 11:41:50.009 INFO [main] org.apache.coyote.AbstractProtocol.start 프로토콜 핸들러 ["ajp-nio-8009"]을(를) 시작합니다.
21-Nov-2019 11:41:50.014 INFO [main] org.apache.catalina.startup.Catalina.start 서버가 [758] 밀리초 내에 시작되었습니다.
21-Nov-2019 12:40:07.073 INFO [main] org.apache.catalina.startup.VersionLoggerListener.log 서버 버전 이름:        Apache Tomcat/9.0.27
21-Nov-2019 12:40:07.093 INFO [main] org.apache.catalina.startup.VersionLoggerListener.log Server 빌드 시각:          Oct 7 2019 09:57:22 UTC
21-Nov-2019 12:40:07.094 INFO [main] org.apache.catalina.startup.VersionLoggerListener.log Server 버전 번호:         9.0.27.0
21-Nov-2019 12:40:07.094 INFO [main] org.apache.catalina.startup.VersionLoggerListener.log 운영체제 이름:               Windows 7
21-Nov-2019 12:40:07.094 INFO [main] org.apache.catalina.startup.VersionLoggerListener.log 운영체제 버전:            6.1
21-Nov-2019 12:40:07.095 INFO [main] org.apache.catalina.startup.VersionLoggerListener.log 아키텍처:          amd64
21-Nov-2019 12:40:07.095 INFO [main] org.apache.catalina.startup.VersionLoggerListener.log 자바 홈:             C:\Program Files\Java\jdk-13.0.1
21-Nov-2019 12:40:07.096 INFO [main] org.apache.catalina.startup.VersionLoggerListener.log JVM 버전:           13.0.1+9
21-Nov-2019 12:40:07.096 INFO [main] org.apache.catalina.startup.VersionLoggerListener.log JVM 벤더:            Oracle Corporation
21-Nov-2019 12:40:07.097 INFO [main] org.apache.catalina.startup.VersionLoggerListener.log CATALINA_BASE:         C:\Users\acorn\OneDrive\html\apache-tomcat-9.0.27
21-Nov-2019 12:40:07.097 INFO [main] org.apache.catalina.startup.VersionLoggerListener.log CATALINA_HOME:         C:\Users\acorn\OneDrive\html\apache-tomcat-9.0.27
21-Nov-2019 12:40:07.108 INFO [main] org.apache.catalina.startup.VersionLoggerListener.log 명령 행 아규먼트: --add-opens=java.base/java.lang=ALL-UNNAMED
21-Nov-2019 12:40:07.108 INFO [main] org.apache.catalina.startup.VersionLoggerListener.log 명령 행 아규먼트: --add-opens=java.base/java.io=ALL-UNNAMED
21-Nov-2019 12:40:07.109 INFO [main] org.apache.catalina.startup.VersionLoggerListener.log 명령 행 아규먼트: --add-opens=java.rmi/sun.rmi.transport=ALL-UNNAMED
21-Nov-2019 12:40:07.110 INFO [main] org.apache.catalina.startup.VersionLoggerListener.log 명령 행 아규먼트: -Djava.util.logging.config.file=C:\Users\acorn\OneDrive\html\apache-tomcat-9.0.27\conf\logging.properties
21-Nov-2019 12:40:07.110 INFO [main] org.apache.catalina.startup.VersionLoggerListener.log 명령 행 아규먼트: -Djava.util.logging.manager=org.apache.juli.ClassLoaderLogManager
21-Nov-2019 12:40:07.111 INFO [main] org.apache.catalina.startup.VersionLoggerListener.log 명령 행 아규먼트: -Dfile.encoding=EUC_KR
21-Nov-2019 12:40:07.112 INFO [main] org.apache.catalina.startup.VersionLoggerListener.log 명령 행 아규먼트: -Xms128m
21-Nov-2019 12:40:07.113 INFO [main] org.apache.catalina.startup.VersionLoggerListener.log 명령 행 아규먼트: -Xmx1024m
21-Nov-2019 12:40:07.114 INFO [main] org.apache.catalina.startup.VersionLoggerListener.log 명령 행 아규먼트: -XX:PermSize=64m
21-Nov-2019 12:40:07.114 INFO [main] org.apache.catalina.startup.VersionLoggerListener.log 명령 행 아규먼트: -XX:MaxPermSize=256m
21-Nov-2019 12:40:07.115 INFO [main] org.apache.catalina.startup.VersionLoggerListener.log 명령 행 아규먼트: -Djdk.tls.ephemeralDHKeySize=2048
21-Nov-2019 12:40:07.116 INFO [main] org.apache.catalina.startup.VersionLoggerListener.log 명령 행 아규먼트: -Djava.protocol.handler.pkgs=org.apache.catalina.webresources
21-Nov-2019 12:40:07.117 INFO [main] org.apache.catalina.startup.VersionLoggerListener.log 명령 행 아규먼트: -Dignore.endorsed.dirs=
21-Nov-2019 12:40:07.117 INFO [main] org.apache.catalina.startup.VersionLoggerListener.log 명령 행 아규먼트: -Dcatalina.base=C:\Users\acorn\OneDrive\html\apache-tomcat-9.0.27
21-Nov-2019 12:40:07.118 INFO [main] org.apache.catalina.startup.VersionLoggerListener.log 명령 행 아규먼트: -Dcatalina.home=C:\Users\acorn\OneDrive\html\apache-tomcat-9.0.27
21-Nov-2019 12:40:07.118 INFO [main] org.apache.catalina.startup.VersionLoggerListener.log 명령 행 아규먼트: -Djava.io.tmpdir=C:\Users\acorn\OneDrive\html\apache-tomcat-9.0.27\temp
21-Nov-2019 12:40:07.119 INFO [main] org.apache.catalina.core.AprLifecycleListener.lifecycleEvent APR 버전 [1.7.0]을(를) 사용한, APR 기반 Apache Tomcat Native 라이브러리 [1.2.23]을(를) 로드했습니다.
21-Nov-2019 12:40:07.120 INFO [main] org.apache.catalina.core.AprLifecycleListener.lifecycleEvent APR 용량정보들: IPv6 [true], sendfile [true], accept filters [false], random [true].
21-Nov-2019 12:40:07.121 INFO [main] org.apache.catalina.core.AprLifecycleListener.lifecycleEvent APR/OpenSSL 설정: useAprConnector [false], useOpenSSL [true]
21-Nov-2019 12:40:07.127 INFO [main] org.apache.catalina.core.AprLifecycleListener.initializeSSL OpenSSL이 성공적으로 초기화되었습니다: [OpenSSL 1.1.1c  28 May 2019]
21-Nov-2019 12:40:07.356 INFO [main] org.apache.coyote.AbstractProtocol.init 프로토콜 핸들러 ["http-nio-8080"]을(를) 초기화합니다.
21-Nov-2019 12:40:07.436 INFO [main] org.apache.coyote.AbstractProtocol.init 프로토콜 핸들러 ["ajp-nio-8009"]을(를) 초기화합니다.
21-Nov-2019 12:40:07.441 INFO [main] org.apache.catalina.startup.Catalina.load [608] 밀리초 내에 서버가 초기화되었습니다.
21-Nov-2019 12:40:07.477 INFO [main] org.apache.catalina.core.StandardService.startInternal 서비스 [Catalina]을(를) 시작합니다.
21-Nov-2019 12:40:07.477 INFO [main] org.apache.catalina.core.StandardEngine.startInternal 서버 엔진을 시작합니다: [Apache Tomcat/9.0.27]
21-Nov-2019 12:40:07.485 INFO [main] org.apache.catalina.startup.HostConfig.deployDirectory 웹 애플리케이션 디렉토리 [C:\Users\acorn\OneDrive\html\apache-tomcat-9.0.27\webapps\docs]을(를) 배치합니다.
21-Nov-2019 12:40:07.727 INFO [main] org.apache.catalina.startup.HostConfig.deployDirectory 웹 애플리케이션 디렉토리 [C:\Users\acorn\OneDrive\html\apache-tomcat-9.0.27\webapps\docs]에 대한 배치가 [242] 밀리초에 완료되었습니다.
21-Nov-2019 12:40:07.728 INFO [main] org.apache.catalina.startup.HostConfig.deployDirectory 웹 애플리케이션 디렉토리 [C:\Users\acorn\OneDrive\html\apache-tomcat-9.0.27\webapps\examples]을(를) 배치합니다.
21-Nov-2019 12:40:08.052 INFO [main] org.apache.catalina.startup.HostConfig.deployDirectory 웹 애플리케이션 디렉토리 [C:\Users\acorn\OneDrive\html\apache-tomcat-9.0.27\webapps\examples]에 대한 배치가 [324] 밀리초에 완료되었습니다.
21-Nov-2019 12:40:08.053 INFO [main] org.apache.catalina.startup.HostConfig.deployDirectory 웹 애플리케이션 디렉토리 [C:\Users\acorn\OneDrive\html\apache-tomcat-9.0.27\webapps\host-manager]을(를) 배치합니다.
21-Nov-2019 12:40:08.085 INFO [main] org.apache.catalina.startup.HostConfig.deployDirectory 웹 애플리케이션 디렉토리 [C:\Users\acorn\OneDrive\html\apache-tomcat-9.0.27\webapps\host-manager]에 대한 배치가 [32] 밀리초에 완료되었습니다.
21-Nov-2019 12:40:08.087 INFO [main] org.apache.catalina.startup.HostConfig.deployDirectory 웹 애플리케이션 디렉토리 [C:\Users\acorn\OneDrive\html\apache-tomcat-9.0.27\webapps\manager]을(를) 배치합니다.
21-Nov-2019 12:40:08.115 INFO [main] org.apache.catalina.startup.HostConfig.deployDirectory 웹 애플리케이션 디렉토리 [C:\Users\acorn\OneDrive\html\apache-tomcat-9.0.27\webapps\manager]에 대한 배치가 [27] 밀리초에 완료되었습니다.
21-Nov-2019 12:40:08.116 INFO [main] org.apache.catalina.startup.HostConfig.deployDirectory 웹 애플리케이션 디렉토리 [C:\Users\acorn\OneDrive\html\apache-tomcat-9.0.27\webapps\ROOT]을(를) 배치합니다.
21-Nov-2019 12:40:08.136 INFO [main] org.apache.catalina.startup.HostConfig.deployDirectory 웹 애플리케이션 디렉토리 [C:\Users\acorn\OneDrive\html\apache-tomcat-9.0.27\webapps\ROOT]에 대한 배치가 [20] 밀리초에 완료되었습니다.
21-Nov-2019 12:40:08.137 INFO [main] org.apache.catalina.startup.HostConfig.deployDirectory 웹 애플리케이션 디렉토리 [C:\Users\acorn\OneDrive\html\apache-tomcat-9.0.27\webapps\t1]을(를) 배치합니다.
21-Nov-2019 12:40:08.166 INFO [main] org.apache.catalina.startup.HostConfig.deployDirectory 웹 애플리케이션 디렉토리 [C:\Users\acorn\OneDrive\html\apache-tomcat-9.0.27\webapps\t1]에 대한 배치가 [29] 밀리초에 완료되었습니다.
21-Nov-2019 12:40:08.171 INFO [main] org.apache.coyote.AbstractProtocol.start 프로토콜 핸들러 ["http-nio-8080"]을(를) 시작합니다.
21-Nov-2019 12:40:08.179 INFO [main] org.apache.coyote.AbstractProtocol.start 프로토콜 핸들러 ["ajp-nio-8009"]을(를) 시작합니다.
21-Nov-2019 12:40:08.183 INFO [main] org.apache.catalina.startup.Catalina.start 서버가 [741] 밀리초 내에 시작되었습니다.
