24-Oct-2019 09:10:00.509 INFO [main] org.apache.catalina.startup.VersionLoggerListener.log 서버 버전 이름:        Apache Tomcat/9.0.27
24-Oct-2019 09:10:00.513 INFO [main] org.apache.catalina.startup.VersionLoggerListener.log Server 빌드 시각:          Oct 7 2019 09:57:22 UTC
24-Oct-2019 09:10:00.513 INFO [main] org.apache.catalina.startup.VersionLoggerListener.log Server 버전 번호:         9.0.27.0
24-Oct-2019 09:10:00.514 INFO [main] org.apache.catalina.startup.VersionLoggerListener.log 운영체제 이름:               Windows 7
24-Oct-2019 09:10:00.514 INFO [main] org.apache.catalina.startup.VersionLoggerListener.log 운영체제 버전:            6.1
24-Oct-2019 09:10:00.514 INFO [main] org.apache.catalina.startup.VersionLoggerListener.log 아키텍처:          amd64
24-Oct-2019 09:10:00.514 INFO [main] org.apache.catalina.startup.VersionLoggerListener.log 자바 홈:             C:\Program Files\Java\jdk-13.0.1
24-Oct-2019 09:10:00.515 INFO [main] org.apache.catalina.startup.VersionLoggerListener.log JVM 버전:           13.0.1+9
24-Oct-2019 09:10:00.515 INFO [main] org.apache.catalina.startup.VersionLoggerListener.log JVM 벤더:            Oracle Corporation
24-Oct-2019 09:10:00.515 INFO [main] org.apache.catalina.startup.VersionLoggerListener.log CATALINA_BASE:         C:\html\apache-tomcat-9.0.27
24-Oct-2019 09:10:00.516 INFO [main] org.apache.catalina.startup.VersionLoggerListener.log CATALINA_HOME:         C:\html\apache-tomcat-9.0.27
24-Oct-2019 09:10:00.524 INFO [main] org.apache.catalina.startup.VersionLoggerListener.log 명령 행 아규먼트: --add-opens=java.base/java.lang=ALL-UNNAMED
24-Oct-2019 09:10:00.525 INFO [main] org.apache.catalina.startup.VersionLoggerListener.log 명령 행 아규먼트: --add-opens=java.base/java.io=ALL-UNNAMED
24-Oct-2019 09:10:00.525 INFO [main] org.apache.catalina.startup.VersionLoggerListener.log 명령 행 아규먼트: --add-opens=java.rmi/sun.rmi.transport=ALL-UNNAMED
24-Oct-2019 09:10:00.526 INFO [main] org.apache.catalina.startup.VersionLoggerListener.log 명령 행 아규먼트: -Djava.util.logging.config.file=C:\html\apache-tomcat-9.0.27\conf\logging.properties
24-Oct-2019 09:10:00.527 INFO [main] org.apache.catalina.startup.VersionLoggerListener.log 명령 행 아규먼트: -Djava.util.logging.manager=org.apache.juli.ClassLoaderLogManager
24-Oct-2019 09:10:00.528 INFO [main] org.apache.catalina.startup.VersionLoggerListener.log 명령 행 아규먼트: -Djdk.tls.ephemeralDHKeySize=2048
24-Oct-2019 09:10:00.528 INFO [main] org.apache.catalina.startup.VersionLoggerListener.log 명령 행 아규먼트: -Djava.protocol.handler.pkgs=org.apache.catalina.webresources
24-Oct-2019 09:10:00.529 INFO [main] org.apache.catalina.startup.VersionLoggerListener.log 명령 행 아규먼트: -Dignore.endorsed.dirs=
24-Oct-2019 09:10:00.529 INFO [main] org.apache.catalina.startup.VersionLoggerListener.log 명령 행 아규먼트: -Dcatalina.base=C:\html\apache-tomcat-9.0.27
24-Oct-2019 09:10:00.530 INFO [main] org.apache.catalina.startup.VersionLoggerListener.log 명령 행 아규먼트: -Dcatalina.home=C:\html\apache-tomcat-9.0.27
24-Oct-2019 09:10:00.531 INFO [main] org.apache.catalina.startup.VersionLoggerListener.log 명령 행 아규먼트: -Djava.io.tmpdir=C:\html\apache-tomcat-9.0.27\temp
24-Oct-2019 09:10:00.531 INFO [main] org.apache.catalina.core.AprLifecycleListener.lifecycleEvent APR 버전 [1.7.0]을(를) 사용한, APR 기반 Apache Tomcat Native 라이브러리 [1.2.23]을(를) 로드했습니다.
24-Oct-2019 09:10:00.532 INFO [main] org.apache.catalina.core.AprLifecycleListener.lifecycleEvent APR 용량정보들: IPv6 [true], sendfile [true], accept filters [false], random [true].
24-Oct-2019 09:10:00.533 INFO [main] org.apache.catalina.core.AprLifecycleListener.lifecycleEvent APR/OpenSSL 설정: useAprConnector [false], useOpenSSL [true]
24-Oct-2019 09:10:00.561 INFO [main] org.apache.catalina.core.AprLifecycleListener.initializeSSL OpenSSL이 성공적으로 초기화되었습니다: [OpenSSL 1.1.1c  28 May 2019]
24-Oct-2019 09:10:00.782 INFO [main] org.apache.coyote.AbstractProtocol.init 프로토콜 핸들러 ["http-nio-8080"]을(를) 초기화합니다.
24-Oct-2019 09:10:00.884 INFO [main] org.apache.coyote.AbstractProtocol.init 프로토콜 핸들러 ["ajp-nio-8009"]을(를) 초기화합니다.
24-Oct-2019 09:10:00.889 INFO [main] org.apache.catalina.startup.Catalina.load [710] 밀리초 내에 서버가 초기화되었습니다.
24-Oct-2019 09:10:00.929 INFO [main] org.apache.catalina.core.StandardService.startInternal 서비스 [Catalina]을(를) 시작합니다.
24-Oct-2019 09:10:00.929 INFO [main] org.apache.catalina.core.StandardEngine.startInternal 서버 엔진을 시작합니다: [Apache Tomcat/9.0.27]
24-Oct-2019 09:10:00.960 INFO [main] org.apache.catalina.startup.HostConfig.deployDirectory 웹 애플리케이션 디렉토리 [C:\html\apache-tomcat-9.0.27\webapps\docs]을(를) 배치합니다.
24-Oct-2019 09:10:01.428 INFO [main] org.apache.catalina.startup.HostConfig.deployDirectory 웹 애플리케이션 디렉토리 [C:\html\apache-tomcat-9.0.27\webapps\docs]에 대한 배치가 [468] 밀리초에 완료되었습니다.
24-Oct-2019 09:10:01.428 INFO [main] org.apache.catalina.startup.HostConfig.deployDirectory 웹 애플리케이션 디렉토리 [C:\html\apache-tomcat-9.0.27\webapps\examples]을(를) 배치합니다.
24-Oct-2019 09:10:02.303 INFO [main] org.apache.catalina.startup.HostConfig.deployDirectory 웹 애플리케이션 디렉토리 [C:\html\apache-tomcat-9.0.27\webapps\examples]에 대한 배치가 [875] 밀리초에 완료되었습니다.
24-Oct-2019 09:10:02.303 INFO [main] org.apache.catalina.startup.HostConfig.deployDirectory 웹 애플리케이션 디렉토리 [C:\html\apache-tomcat-9.0.27\webapps\host-manager]을(를) 배치합니다.
24-Oct-2019 09:10:02.381 INFO [main] org.apache.catalina.startup.HostConfig.deployDirectory 웹 애플리케이션 디렉토리 [C:\html\apache-tomcat-9.0.27\webapps\host-manager]에 대한 배치가 [78] 밀리초에 완료되었습니다.
24-Oct-2019 09:10:02.381 INFO [main] org.apache.catalina.startup.HostConfig.deployDirectory 웹 애플리케이션 디렉토리 [C:\html\apache-tomcat-9.0.27\webapps\manager]을(를) 배치합니다.
24-Oct-2019 09:10:02.413 INFO [main] org.apache.catalina.startup.HostConfig.deployDirectory 웹 애플리케이션 디렉토리 [C:\html\apache-tomcat-9.0.27\webapps\manager]에 대한 배치가 [32] 밀리초에 완료되었습니다.
24-Oct-2019 09:10:02.413 INFO [main] org.apache.catalina.startup.HostConfig.deployDirectory 웹 애플리케이션 디렉토리 [C:\html\apache-tomcat-9.0.27\webapps\ROOT]을(를) 배치합니다.
24-Oct-2019 09:10:02.444 INFO [main] org.apache.catalina.startup.HostConfig.deployDirectory 웹 애플리케이션 디렉토리 [C:\html\apache-tomcat-9.0.27\webapps\ROOT]에 대한 배치가 [31] 밀리초에 완료되었습니다.
24-Oct-2019 09:10:02.444 INFO [main] org.apache.coyote.AbstractProtocol.start 프로토콜 핸들러 ["http-nio-8080"]을(를) 시작합니다.
24-Oct-2019 09:10:02.459 INFO [main] org.apache.coyote.AbstractProtocol.start 프로토콜 핸들러 ["ajp-nio-8009"]을(를) 시작합니다.
24-Oct-2019 09:10:02.475 INFO [main] org.apache.catalina.startup.Catalina.start 서버가 [1,587] 밀리초 내에 시작되었습니다.
24-Oct-2019 11:52:27.874 INFO [Catalina-utility-2] org.apache.catalina.startup.HostConfig.deployDirectory 웹 애플리케이션 디렉토리 [C:\html\apache-tomcat-9.0.27\webapps\111]을(를) 배치합니다.
24-Oct-2019 11:52:28.007 INFO [Catalina-utility-2] org.apache.catalina.startup.HostConfig.deployDirectory 웹 애플리케이션 디렉토리 [C:\html\apache-tomcat-9.0.27\webapps\111]에 대한 배치가 [132] 밀리초에 완료되었습니다.
24-Oct-2019 11:53:38.543 INFO [Catalina-utility-2] org.apache.catalina.startup.HostConfig.undeploy 컨텍스트 [/111]의 배치를 제거합니다.
24-Oct-2019 11:54:28.671 INFO [Catalina-utility-1] org.apache.catalina.startup.HostConfig.deployDirectory 웹 애플리케이션 디렉토리 [C:\html\apache-tomcat-9.0.27\webapps\111]을(를) 배치합니다.
24-Oct-2019 11:54:28.694 INFO [Catalina-utility-1] org.apache.catalina.startup.HostConfig.deployDirectory 웹 애플리케이션 디렉토리 [C:\html\apache-tomcat-9.0.27\webapps\111]에 대한 배치가 [23] 밀리초에 완료되었습니다.
24-Oct-2019 11:55:09.217 INFO [Catalina-utility-1] org.apache.catalina.startup.HostConfig.undeploy 컨텍스트 [/111]의 배치를 제거합니다.
24-Oct-2019 12:01:59.465 INFO [Catalina-utility-2] org.apache.catalina.startup.HostConfig.deployDirectory 웹 애플리케이션 디렉토리 [C:\html\apache-tomcat-9.0.27\webapps\111]을(를) 배치합니다.
24-Oct-2019 12:01:59.504 INFO [Catalina-utility-2] org.apache.catalina.startup.HostConfig.deployDirectory 웹 애플리케이션 디렉토리 [C:\html\apache-tomcat-9.0.27\webapps\111]에 대한 배치가 [39] 밀리초에 완료되었습니다.
24-Oct-2019 12:25:30.781 INFO [Catalina-utility-1] org.apache.catalina.startup.HostConfig.undeploy 컨텍스트 [/111]의 배치를 제거합니다.
24-Oct-2019 12:25:30.808 INFO [Catalina-utility-1] org.apache.catalina.startup.HostConfig.deployDirectory 웹 애플리케이션 디렉토리 [C:\html\apache-tomcat-9.0.27\webapps\t1]을(를) 배치합니다.
24-Oct-2019 12:25:30.833 INFO [Catalina-utility-1] org.apache.catalina.startup.HostConfig.deployDirectory 웹 애플리케이션 디렉토리 [C:\html\apache-tomcat-9.0.27\webapps\t1]에 대한 배치가 [24] 밀리초에 완료되었습니다.
