28-Nov-2019 17:57:19.633 INFO [main] org.apache.catalina.startup.VersionLoggerListener.log 서버 버전 이름:        Apache Tomcat/9.0.27
28-Nov-2019 17:57:19.637 INFO [main] org.apache.catalina.startup.VersionLoggerListener.log Server 빌드 시각:          Oct 7 2019 09:57:22 UTC
28-Nov-2019 17:57:19.637 INFO [main] org.apache.catalina.startup.VersionLoggerListener.log Server 버전 번호:         9.0.27.0
28-Nov-2019 17:57:19.638 INFO [main] org.apache.catalina.startup.VersionLoggerListener.log 운영체제 이름:               Windows 7
28-Nov-2019 17:57:19.638 INFO [main] org.apache.catalina.startup.VersionLoggerListener.log 운영체제 버전:            6.1
28-Nov-2019 17:57:19.638 INFO [main] org.apache.catalina.startup.VersionLoggerListener.log 아키텍처:          amd64
28-Nov-2019 17:57:19.639 INFO [main] org.apache.catalina.startup.VersionLoggerListener.log 자바 홈:             C:\Program Files\Java\jdk-13.0.1
28-Nov-2019 17:57:19.639 INFO [main] org.apache.catalina.startup.VersionLoggerListener.log JVM 버전:           13.0.1+9
28-Nov-2019 17:57:19.640 INFO [main] org.apache.catalina.startup.VersionLoggerListener.log JVM 벤더:            Oracle Corporation
28-Nov-2019 17:57:19.640 INFO [main] org.apache.catalina.startup.VersionLoggerListener.log CATALINA_BASE:         C:\Users\acorn\OneDrive\html\apache-tomcat-9.0.27
28-Nov-2019 17:57:19.642 INFO [main] org.apache.catalina.startup.VersionLoggerListener.log CATALINA_HOME:         C:\Users\acorn\OneDrive\html\apache-tomcat-9.0.27
28-Nov-2019 17:57:19.654 INFO [main] org.apache.catalina.startup.VersionLoggerListener.log 명령 행 아규먼트: --add-opens=java.base/java.lang=ALL-UNNAMED
28-Nov-2019 17:57:19.655 INFO [main] org.apache.catalina.startup.VersionLoggerListener.log 명령 행 아규먼트: --add-opens=java.base/java.io=ALL-UNNAMED
28-Nov-2019 17:57:19.656 INFO [main] org.apache.catalina.startup.VersionLoggerListener.log 명령 행 아규먼트: --add-opens=java.rmi/sun.rmi.transport=ALL-UNNAMED
28-Nov-2019 17:57:19.657 INFO [main] org.apache.catalina.startup.VersionLoggerListener.log 명령 행 아규먼트: -Djava.util.logging.config.file=C:\Users\acorn\OneDrive\html\apache-tomcat-9.0.27\conf\logging.properties
28-Nov-2019 17:57:19.657 INFO [main] org.apache.catalina.startup.VersionLoggerListener.log 명령 행 아규먼트: -Djava.util.logging.manager=org.apache.juli.ClassLoaderLogManager
28-Nov-2019 17:57:19.658 INFO [main] org.apache.catalina.startup.VersionLoggerListener.log 명령 행 아규먼트: -Dfile.encoding=EUC_KR
28-Nov-2019 17:57:19.659 INFO [main] org.apache.catalina.startup.VersionLoggerListener.log 명령 행 아규먼트: -Xms128m
28-Nov-2019 17:57:19.659 INFO [main] org.apache.catalina.startup.VersionLoggerListener.log 명령 행 아규먼트: -Xmx1024m
28-Nov-2019 17:57:19.660 INFO [main] org.apache.catalina.startup.VersionLoggerListener.log 명령 행 아규먼트: -XX:PermSize=64m
28-Nov-2019 17:57:19.660 INFO [main] org.apache.catalina.startup.VersionLoggerListener.log 명령 행 아규먼트: -XX:MaxPermSize=256m
28-Nov-2019 17:57:19.661 INFO [main] org.apache.catalina.startup.VersionLoggerListener.log 명령 행 아규먼트: -Djdk.tls.ephemeralDHKeySize=2048
28-Nov-2019 17:57:19.661 INFO [main] org.apache.catalina.startup.VersionLoggerListener.log 명령 행 아규먼트: -Djava.protocol.handler.pkgs=org.apache.catalina.webresources
28-Nov-2019 17:57:19.662 INFO [main] org.apache.catalina.startup.VersionLoggerListener.log 명령 행 아규먼트: -Dignore.endorsed.dirs=
28-Nov-2019 17:57:19.663 INFO [main] org.apache.catalina.startup.VersionLoggerListener.log 명령 행 아규먼트: -Dcatalina.base=C:\Users\acorn\OneDrive\html\apache-tomcat-9.0.27
28-Nov-2019 17:57:19.664 INFO [main] org.apache.catalina.startup.VersionLoggerListener.log 명령 행 아규먼트: -Dcatalina.home=C:\Users\acorn\OneDrive\html\apache-tomcat-9.0.27
28-Nov-2019 17:57:19.665 INFO [main] org.apache.catalina.startup.VersionLoggerListener.log 명령 행 아규먼트: -Djava.io.tmpdir=C:\Users\acorn\OneDrive\html\apache-tomcat-9.0.27\temp
28-Nov-2019 17:57:19.665 INFO [main] org.apache.catalina.core.AprLifecycleListener.lifecycleEvent APR 버전 [1.7.0]을(를) 사용한, APR 기반 Apache Tomcat Native 라이브러리 [1.2.23]을(를) 로드했습니다.
28-Nov-2019 17:57:19.666 INFO [main] org.apache.catalina.core.AprLifecycleListener.lifecycleEvent APR 용량정보들: IPv6 [true], sendfile [true], accept filters [false], random [true].
28-Nov-2019 17:57:19.668 INFO [main] org.apache.catalina.core.AprLifecycleListener.lifecycleEvent APR/OpenSSL 설정: useAprConnector [false], useOpenSSL [true]
28-Nov-2019 17:57:19.835 INFO [main] org.apache.catalina.core.AprLifecycleListener.initializeSSL OpenSSL이 성공적으로 초기화되었습니다: [OpenSSL 1.1.1c  28 May 2019]
28-Nov-2019 17:57:20.432 INFO [main] org.apache.coyote.AbstractProtocol.init 프로토콜 핸들러 ["http-nio-8080"]을(를) 초기화합니다.
28-Nov-2019 17:57:20.661 INFO [main] org.apache.coyote.AbstractProtocol.init 프로토콜 핸들러 ["ajp-nio-8009"]을(를) 초기화합니다.
28-Nov-2019 17:57:20.668 INFO [main] org.apache.catalina.startup.Catalina.load [2,041] 밀리초 내에 서버가 초기화되었습니다.
28-Nov-2019 17:57:21.886 INFO [main] org.apache.catalina.core.StandardService.startInternal 서비스 [Catalina]을(를) 시작합니다.
28-Nov-2019 17:57:21.887 INFO [main] org.apache.catalina.core.StandardEngine.startInternal 서버 엔진을 시작합니다: [Apache Tomcat/9.0.27]
28-Nov-2019 17:57:21.899 INFO [main] org.apache.catalina.startup.HostConfig.deployDirectory 웹 애플리케이션 디렉토리 [C:\Users\acorn\OneDrive\html\apache-tomcat-9.0.27\webapps\docs]을(를) 배치합니다.
28-Nov-2019 17:57:24.142 INFO [main] org.apache.catalina.startup.HostConfig.deployDirectory 웹 애플리케이션 디렉토리 [C:\Users\acorn\OneDrive\html\apache-tomcat-9.0.27\webapps\docs]에 대한 배치가 [2,242] 밀리초에 완료되었습니다.
28-Nov-2019 17:57:24.143 INFO [main] org.apache.catalina.startup.HostConfig.deployDirectory 웹 애플리케이션 디렉토리 [C:\Users\acorn\OneDrive\html\apache-tomcat-9.0.27\webapps\examples]을(를) 배치합니다.
28-Nov-2019 17:57:27.398 INFO [main] org.apache.catalina.startup.HostConfig.deployDirectory 웹 애플리케이션 디렉토리 [C:\Users\acorn\OneDrive\html\apache-tomcat-9.0.27\webapps\examples]에 대한 배치가 [3,255] 밀리초에 완료되었습니다.
28-Nov-2019 17:57:27.399 INFO [main] org.apache.catalina.startup.HostConfig.deployDirectory 웹 애플리케이션 디렉토리 [C:\Users\acorn\OneDrive\html\apache-tomcat-9.0.27\webapps\host-manager]을(를) 배치합니다.
28-Nov-2019 17:57:27.471 INFO [main] org.apache.catalina.startup.HostConfig.deployDirectory 웹 애플리케이션 디렉토리 [C:\Users\acorn\OneDrive\html\apache-tomcat-9.0.27\webapps\host-manager]에 대한 배치가 [72] 밀리초에 완료되었습니다.
28-Nov-2019 17:57:27.472 INFO [main] org.apache.catalina.startup.HostConfig.deployDirectory 웹 애플리케이션 디렉토리 [C:\Users\acorn\OneDrive\html\apache-tomcat-9.0.27\webapps\manager]을(를) 배치합니다.
28-Nov-2019 17:57:27.509 INFO [main] org.apache.catalina.startup.HostConfig.deployDirectory 웹 애플리케이션 디렉토리 [C:\Users\acorn\OneDrive\html\apache-tomcat-9.0.27\webapps\manager]에 대한 배치가 [37] 밀리초에 완료되었습니다.
28-Nov-2019 17:57:27.510 INFO [main] org.apache.catalina.startup.HostConfig.deployDirectory 웹 애플리케이션 디렉토리 [C:\Users\acorn\OneDrive\html\apache-tomcat-9.0.27\webapps\ROOT]을(를) 배치합니다.
28-Nov-2019 17:57:27.532 INFO [main] org.apache.catalina.startup.HostConfig.deployDirectory 웹 애플리케이션 디렉토리 [C:\Users\acorn\OneDrive\html\apache-tomcat-9.0.27\webapps\ROOT]에 대한 배치가 [22] 밀리초에 완료되었습니다.
28-Nov-2019 17:57:27.533 INFO [main] org.apache.catalina.startup.HostConfig.deployDirectory 웹 애플리케이션 디렉토리 [C:\Users\acorn\OneDrive\html\apache-tomcat-9.0.27\webapps\t1]을(를) 배치합니다.
28-Nov-2019 17:57:27.590 INFO [main] org.apache.catalina.startup.HostConfig.deployDirectory 웹 애플리케이션 디렉토리 [C:\Users\acorn\OneDrive\html\apache-tomcat-9.0.27\webapps\t1]에 대한 배치가 [56] 밀리초에 완료되었습니다.
28-Nov-2019 17:57:27.613 INFO [main] org.apache.coyote.AbstractProtocol.start 프로토콜 핸들러 ["http-nio-8080"]을(를) 시작합니다.
28-Nov-2019 17:57:27.766 INFO [main] org.apache.coyote.AbstractProtocol.start 프로토콜 핸들러 ["ajp-nio-8009"]을(를) 시작합니다.
28-Nov-2019 17:57:27.770 INFO [main] org.apache.catalina.startup.Catalina.start 서버가 [7,101] 밀리초 내에 시작되었습니다.
28-Nov-2019 18:53:25.709 INFO [main] org.apache.catalina.startup.VersionLoggerListener.log 서버 버전 이름:        Apache Tomcat/9.0.27
28-Nov-2019 18:53:25.713 INFO [main] org.apache.catalina.startup.VersionLoggerListener.log Server 빌드 시각:          Oct 7 2019 09:57:22 UTC
28-Nov-2019 18:53:25.714 INFO [main] org.apache.catalina.startup.VersionLoggerListener.log Server 버전 번호:         9.0.27.0
28-Nov-2019 18:53:25.715 INFO [main] org.apache.catalina.startup.VersionLoggerListener.log 운영체제 이름:               Windows 7
28-Nov-2019 18:53:25.716 INFO [main] org.apache.catalina.startup.VersionLoggerListener.log 운영체제 버전:            6.1
28-Nov-2019 18:53:25.716 INFO [main] org.apache.catalina.startup.VersionLoggerListener.log 아키텍처:          amd64
28-Nov-2019 18:53:25.716 INFO [main] org.apache.catalina.startup.VersionLoggerListener.log 자바 홈:             C:\Program Files\Java\jdk-13.0.1
28-Nov-2019 18:53:25.717 INFO [main] org.apache.catalina.startup.VersionLoggerListener.log JVM 버전:           13.0.1+9
28-Nov-2019 18:53:25.717 INFO [main] org.apache.catalina.startup.VersionLoggerListener.log JVM 벤더:            Oracle Corporation
28-Nov-2019 18:53:25.718 INFO [main] org.apache.catalina.startup.VersionLoggerListener.log CATALINA_BASE:         C:\Users\acorn\OneDrive\html\apache-tomcat-9.0.27
28-Nov-2019 18:53:25.718 INFO [main] org.apache.catalina.startup.VersionLoggerListener.log CATALINA_HOME:         C:\Users\acorn\OneDrive\html\apache-tomcat-9.0.27
28-Nov-2019 18:53:25.753 INFO [main] org.apache.catalina.startup.VersionLoggerListener.log 명령 행 아규먼트: --add-opens=java.base/java.lang=ALL-UNNAMED
28-Nov-2019 18:53:25.754 INFO [main] org.apache.catalina.startup.VersionLoggerListener.log 명령 행 아규먼트: --add-opens=java.base/java.io=ALL-UNNAMED
28-Nov-2019 18:53:25.755 INFO [main] org.apache.catalina.startup.VersionLoggerListener.log 명령 행 아규먼트: --add-opens=java.rmi/sun.rmi.transport=ALL-UNNAMED
28-Nov-2019 18:53:25.756 INFO [main] org.apache.catalina.startup.VersionLoggerListener.log 명령 행 아규먼트: -Djava.util.logging.config.file=C:\Users\acorn\OneDrive\html\apache-tomcat-9.0.27\conf\logging.properties
28-Nov-2019 18:53:25.757 INFO [main] org.apache.catalina.startup.VersionLoggerListener.log 명령 행 아규먼트: -Djava.util.logging.manager=org.apache.juli.ClassLoaderLogManager
28-Nov-2019 18:53:25.758 INFO [main] org.apache.catalina.startup.VersionLoggerListener.log 명령 행 아규먼트: -Dfile.encoding=EUC_KR
28-Nov-2019 18:53:25.758 INFO [main] org.apache.catalina.startup.VersionLoggerListener.log 명령 행 아규먼트: -Xms128m
28-Nov-2019 18:53:25.759 INFO [main] org.apache.catalina.startup.VersionLoggerListener.log 명령 행 아규먼트: -Xmx1024m
28-Nov-2019 18:53:25.761 INFO [main] org.apache.catalina.startup.VersionLoggerListener.log 명령 행 아규먼트: -XX:PermSize=64m
28-Nov-2019 18:53:25.762 INFO [main] org.apache.catalina.startup.VersionLoggerListener.log 명령 행 아규먼트: -XX:MaxPermSize=256m
28-Nov-2019 18:53:25.763 INFO [main] org.apache.catalina.startup.VersionLoggerListener.log 명령 행 아규먼트: -Djdk.tls.ephemeralDHKeySize=2048
28-Nov-2019 18:53:25.764 INFO [main] org.apache.catalina.startup.VersionLoggerListener.log 명령 행 아규먼트: -Djava.protocol.handler.pkgs=org.apache.catalina.webresources
28-Nov-2019 18:53:25.765 INFO [main] org.apache.catalina.startup.VersionLoggerListener.log 명령 행 아규먼트: -Dignore.endorsed.dirs=
28-Nov-2019 18:53:25.765 INFO [main] org.apache.catalina.startup.VersionLoggerListener.log 명령 행 아규먼트: -Dcatalina.base=C:\Users\acorn\OneDrive\html\apache-tomcat-9.0.27
28-Nov-2019 18:53:25.768 INFO [main] org.apache.catalina.startup.VersionLoggerListener.log 명령 행 아규먼트: -Dcatalina.home=C:\Users\acorn\OneDrive\html\apache-tomcat-9.0.27
28-Nov-2019 18:53:25.768 INFO [main] org.apache.catalina.startup.VersionLoggerListener.log 명령 행 아규먼트: -Djava.io.tmpdir=C:\Users\acorn\OneDrive\html\apache-tomcat-9.0.27\temp
28-Nov-2019 18:53:25.769 INFO [main] org.apache.catalina.core.AprLifecycleListener.lifecycleEvent APR 버전 [1.7.0]을(를) 사용한, APR 기반 Apache Tomcat Native 라이브러리 [1.2.23]을(를) 로드했습니다.
28-Nov-2019 18:53:25.770 INFO [main] org.apache.catalina.core.AprLifecycleListener.lifecycleEvent APR 용량정보들: IPv6 [true], sendfile [true], accept filters [false], random [true].
28-Nov-2019 18:53:25.771 INFO [main] org.apache.catalina.core.AprLifecycleListener.lifecycleEvent APR/OpenSSL 설정: useAprConnector [false], useOpenSSL [true]
28-Nov-2019 18:53:25.778 INFO [main] org.apache.catalina.core.AprLifecycleListener.initializeSSL OpenSSL이 성공적으로 초기화되었습니다: [OpenSSL 1.1.1c  28 May 2019]
28-Nov-2019 18:53:26.176 INFO [main] org.apache.coyote.AbstractProtocol.init 프로토콜 핸들러 ["http-nio-8080"]을(를) 초기화합니다.
28-Nov-2019 18:53:26.341 INFO [main] org.apache.coyote.AbstractProtocol.init 프로토콜 핸들러 ["ajp-nio-8009"]을(를) 초기화합니다.
28-Nov-2019 18:53:26.347 INFO [main] org.apache.catalina.startup.Catalina.load [964] 밀리초 내에 서버가 초기화되었습니다.
28-Nov-2019 18:53:26.498 INFO [main] org.apache.catalina.core.StandardService.startInternal 서비스 [Catalina]을(를) 시작합니다.
28-Nov-2019 18:53:26.498 INFO [main] org.apache.catalina.core.StandardEngine.startInternal 서버 엔진을 시작합니다: [Apache Tomcat/9.0.27]
28-Nov-2019 18:53:26.513 INFO [main] org.apache.catalina.startup.HostConfig.deployDirectory 웹 애플리케이션 디렉토리 [C:\Users\acorn\OneDrive\html\apache-tomcat-9.0.27\webapps\docs]을(를) 배치합니다.
28-Nov-2019 18:53:26.823 INFO [main] org.apache.catalina.startup.HostConfig.deployDirectory 웹 애플리케이션 디렉토리 [C:\Users\acorn\OneDrive\html\apache-tomcat-9.0.27\webapps\docs]에 대한 배치가 [310] 밀리초에 완료되었습니다.
28-Nov-2019 18:53:26.825 INFO [main] org.apache.catalina.startup.HostConfig.deployDirectory 웹 애플리케이션 디렉토리 [C:\Users\acorn\OneDrive\html\apache-tomcat-9.0.27\webapps\examples]을(를) 배치합니다.
28-Nov-2019 18:53:27.210 INFO [main] org.apache.catalina.startup.HostConfig.deployDirectory 웹 애플리케이션 디렉토리 [C:\Users\acorn\OneDrive\html\apache-tomcat-9.0.27\webapps\examples]에 대한 배치가 [385] 밀리초에 완료되었습니다.
28-Nov-2019 18:53:27.210 INFO [main] org.apache.catalina.startup.HostConfig.deployDirectory 웹 애플리케이션 디렉토리 [C:\Users\acorn\OneDrive\html\apache-tomcat-9.0.27\webapps\host-manager]을(를) 배치합니다.
28-Nov-2019 18:53:27.241 INFO [main] org.apache.catalina.startup.HostConfig.deployDirectory 웹 애플리케이션 디렉토리 [C:\Users\acorn\OneDrive\html\apache-tomcat-9.0.27\webapps\host-manager]에 대한 배치가 [31] 밀리초에 완료되었습니다.
28-Nov-2019 18:53:27.241 INFO [main] org.apache.catalina.startup.HostConfig.deployDirectory 웹 애플리케이션 디렉토리 [C:\Users\acorn\OneDrive\html\apache-tomcat-9.0.27\webapps\manager]을(를) 배치합니다.
28-Nov-2019 18:53:27.272 INFO [main] org.apache.catalina.startup.HostConfig.deployDirectory 웹 애플리케이션 디렉토리 [C:\Users\acorn\OneDrive\html\apache-tomcat-9.0.27\webapps\manager]에 대한 배치가 [31] 밀리초에 완료되었습니다.
28-Nov-2019 18:53:27.272 INFO [main] org.apache.catalina.startup.HostConfig.deployDirectory 웹 애플리케이션 디렉토리 [C:\Users\acorn\OneDrive\html\apache-tomcat-9.0.27\webapps\ROOT]을(를) 배치합니다.
28-Nov-2019 18:53:27.303 INFO [main] org.apache.catalina.startup.HostConfig.deployDirectory 웹 애플리케이션 디렉토리 [C:\Users\acorn\OneDrive\html\apache-tomcat-9.0.27\webapps\ROOT]에 대한 배치가 [31] 밀리초에 완료되었습니다.
28-Nov-2019 18:53:27.303 INFO [main] org.apache.catalina.startup.HostConfig.deployDirectory 웹 애플리케이션 디렉토리 [C:\Users\acorn\OneDrive\html\apache-tomcat-9.0.27\webapps\t1]을(를) 배치합니다.
28-Nov-2019 18:53:27.335 INFO [main] org.apache.catalina.startup.HostConfig.deployDirectory 웹 애플리케이션 디렉토리 [C:\Users\acorn\OneDrive\html\apache-tomcat-9.0.27\webapps\t1]에 대한 배치가 [32] 밀리초에 완료되었습니다.
28-Nov-2019 18:53:27.350 INFO [main] org.apache.coyote.AbstractProtocol.start 프로토콜 핸들러 ["http-nio-8080"]을(를) 시작합니다.
28-Nov-2019 18:53:27.366 INFO [main] org.apache.coyote.AbstractProtocol.start 프로토콜 핸들러 ["ajp-nio-8009"]을(를) 시작합니다.
28-Nov-2019 18:53:27.366 INFO [main] org.apache.catalina.startup.Catalina.start 서버가 [1,023] 밀리초 내에 시작되었습니다.
