06-Nov-2019 10:00:59.296 INFO [main] org.apache.catalina.startup.VersionLoggerListener.log 서버 버전 이름:        Apache Tomcat/9.0.27
06-Nov-2019 10:00:59.300 INFO [main] org.apache.catalina.startup.VersionLoggerListener.log Server 빌드 시각:          Oct 7 2019 09:57:22 UTC
06-Nov-2019 10:00:59.300 INFO [main] org.apache.catalina.startup.VersionLoggerListener.log Server 버전 번호:         9.0.27.0
06-Nov-2019 10:00:59.301 INFO [main] org.apache.catalina.startup.VersionLoggerListener.log 운영체제 이름:               Windows 7
06-Nov-2019 10:00:59.301 INFO [main] org.apache.catalina.startup.VersionLoggerListener.log 운영체제 버전:            6.1
06-Nov-2019 10:00:59.302 INFO [main] org.apache.catalina.startup.VersionLoggerListener.log 아키텍처:          amd64
06-Nov-2019 10:00:59.302 INFO [main] org.apache.catalina.startup.VersionLoggerListener.log 자바 홈:             C:\Program Files\Java\jdk-13.0.1
06-Nov-2019 10:00:59.302 INFO [main] org.apache.catalina.startup.VersionLoggerListener.log JVM 버전:           13.0.1+9
06-Nov-2019 10:00:59.303 INFO [main] org.apache.catalina.startup.VersionLoggerListener.log JVM 벤더:            Oracle Corporation
06-Nov-2019 10:00:59.303 INFO [main] org.apache.catalina.startup.VersionLoggerListener.log CATALINA_BASE:         C:\Users\kitcoop\OneDrive\html\apache-tomcat-9.0.27
06-Nov-2019 10:00:59.303 INFO [main] org.apache.catalina.startup.VersionLoggerListener.log CATALINA_HOME:         C:\Users\kitcoop\OneDrive\html\apache-tomcat-9.0.27
06-Nov-2019 10:00:59.339 INFO [main] org.apache.catalina.startup.VersionLoggerListener.log 명령 행 아규먼트: --add-opens=java.base/java.lang=ALL-UNNAMED
06-Nov-2019 10:00:59.340 INFO [main] org.apache.catalina.startup.VersionLoggerListener.log 명령 행 아규먼트: --add-opens=java.base/java.io=ALL-UNNAMED
06-Nov-2019 10:00:59.340 INFO [main] org.apache.catalina.startup.VersionLoggerListener.log 명령 행 아규먼트: --add-opens=java.rmi/sun.rmi.transport=ALL-UNNAMED
06-Nov-2019 10:00:59.341 INFO [main] org.apache.catalina.startup.VersionLoggerListener.log 명령 행 아규먼트: -Djava.util.logging.config.file=C:\Users\kitcoop\OneDrive\html\apache-tomcat-9.0.27\conf\logging.properties
06-Nov-2019 10:00:59.342 INFO [main] org.apache.catalina.startup.VersionLoggerListener.log 명령 행 아규먼트: -Djava.util.logging.manager=org.apache.juli.ClassLoaderLogManager
06-Nov-2019 10:00:59.343 INFO [main] org.apache.catalina.startup.VersionLoggerListener.log 명령 행 아규먼트: -Djdk.tls.ephemeralDHKeySize=2048
06-Nov-2019 10:00:59.343 INFO [main] org.apache.catalina.startup.VersionLoggerListener.log 명령 행 아규먼트: -Djava.protocol.handler.pkgs=org.apache.catalina.webresources
06-Nov-2019 10:00:59.344 INFO [main] org.apache.catalina.startup.VersionLoggerListener.log 명령 행 아규먼트: -Dignore.endorsed.dirs=
06-Nov-2019 10:00:59.345 INFO [main] org.apache.catalina.startup.VersionLoggerListener.log 명령 행 아규먼트: -Dcatalina.base=C:\Users\kitcoop\OneDrive\html\apache-tomcat-9.0.27
06-Nov-2019 10:00:59.345 INFO [main] org.apache.catalina.startup.VersionLoggerListener.log 명령 행 아규먼트: -Dcatalina.home=C:\Users\kitcoop\OneDrive\html\apache-tomcat-9.0.27
06-Nov-2019 10:00:59.346 INFO [main] org.apache.catalina.startup.VersionLoggerListener.log 명령 행 아규먼트: -Djava.io.tmpdir=C:\Users\kitcoop\OneDrive\html\apache-tomcat-9.0.27\temp
06-Nov-2019 10:00:59.347 INFO [main] org.apache.catalina.core.AprLifecycleListener.lifecycleEvent APR 버전 [1.7.0]을(를) 사용한, APR 기반 Apache Tomcat Native 라이브러리 [1.2.23]을(를) 로드했습니다.
06-Nov-2019 10:00:59.348 INFO [main] org.apache.catalina.core.AprLifecycleListener.lifecycleEvent APR 용량정보들: IPv6 [true], sendfile [true], accept filters [false], random [true].
06-Nov-2019 10:00:59.349 INFO [main] org.apache.catalina.core.AprLifecycleListener.lifecycleEvent APR/OpenSSL 설정: useAprConnector [false], useOpenSSL [true]
06-Nov-2019 10:00:59.454 INFO [main] org.apache.catalina.core.AprLifecycleListener.initializeSSL OpenSSL이 성공적으로 초기화되었습니다: [OpenSSL 1.1.1c  28 May 2019]
06-Nov-2019 10:00:59.706 INFO [main] org.apache.coyote.AbstractProtocol.init 프로토콜 핸들러 ["http-nio-8080"]을(를) 초기화합니다.
06-Nov-2019 10:00:59.786 INFO [main] org.apache.coyote.AbstractProtocol.init 프로토콜 핸들러 ["ajp-nio-8009"]을(를) 초기화합니다.
06-Nov-2019 10:00:59.790 INFO [main] org.apache.catalina.startup.Catalina.load [884] 밀리초 내에 서버가 초기화되었습니다.
06-Nov-2019 10:00:59.848 INFO [main] org.apache.catalina.core.StandardService.startInternal 서비스 [Catalina]을(를) 시작합니다.
06-Nov-2019 10:00:59.848 INFO [main] org.apache.catalina.core.StandardEngine.startInternal 서버 엔진을 시작합니다: [Apache Tomcat/9.0.27]
06-Nov-2019 10:00:59.858 INFO [main] org.apache.catalina.startup.HostConfig.deployDirectory 웹 애플리케이션 디렉토리 [C:\Users\kitcoop\OneDrive\html\apache-tomcat-9.0.27\webapps\docs]을(를) 배치합니다.
06-Nov-2019 10:01:00.376 INFO [main] org.apache.catalina.startup.HostConfig.deployDirectory 웹 애플리케이션 디렉토리 [C:\Users\kitcoop\OneDrive\html\apache-tomcat-9.0.27\webapps\docs]에 대한 배치가 [518] 밀리초에 완료되었습니다.
06-Nov-2019 10:01:00.378 INFO [main] org.apache.catalina.startup.HostConfig.deployDirectory 웹 애플리케이션 디렉토리 [C:\Users\kitcoop\OneDrive\html\apache-tomcat-9.0.27\webapps\examples]을(를) 배치합니다.
06-Nov-2019 10:01:01.753 INFO [main] org.apache.catalina.startup.HostConfig.deployDirectory 웹 애플리케이션 디렉토리 [C:\Users\kitcoop\OneDrive\html\apache-tomcat-9.0.27\webapps\examples]에 대한 배치가 [1,375] 밀리초에 완료되었습니다.
06-Nov-2019 10:01:01.755 INFO [main] org.apache.catalina.startup.HostConfig.deployDirectory 웹 애플리케이션 디렉토리 [C:\Users\kitcoop\OneDrive\html\apache-tomcat-9.0.27\webapps\host-manager]을(를) 배치합니다.
06-Nov-2019 10:01:01.829 INFO [main] org.apache.catalina.startup.HostConfig.deployDirectory 웹 애플리케이션 디렉토리 [C:\Users\kitcoop\OneDrive\html\apache-tomcat-9.0.27\webapps\host-manager]에 대한 배치가 [74] 밀리초에 완료되었습니다.
06-Nov-2019 10:01:01.830 INFO [main] org.apache.catalina.startup.HostConfig.deployDirectory 웹 애플리케이션 디렉토리 [C:\Users\kitcoop\OneDrive\html\apache-tomcat-9.0.27\webapps\manager]을(를) 배치합니다.
06-Nov-2019 10:01:01.876 INFO [main] org.apache.catalina.startup.HostConfig.deployDirectory 웹 애플리케이션 디렉토리 [C:\Users\kitcoop\OneDrive\html\apache-tomcat-9.0.27\webapps\manager]에 대한 배치가 [45] 밀리초에 완료되었습니다.
06-Nov-2019 10:01:01.877 INFO [main] org.apache.catalina.startup.HostConfig.deployDirectory 웹 애플리케이션 디렉토리 [C:\Users\kitcoop\OneDrive\html\apache-tomcat-9.0.27\webapps\ROOT]을(를) 배치합니다.
06-Nov-2019 10:01:01.901 INFO [main] org.apache.catalina.startup.HostConfig.deployDirectory 웹 애플리케이션 디렉토리 [C:\Users\kitcoop\OneDrive\html\apache-tomcat-9.0.27\webapps\ROOT]에 대한 배치가 [23] 밀리초에 완료되었습니다.
06-Nov-2019 10:01:01.902 INFO [main] org.apache.catalina.startup.HostConfig.deployDirectory 웹 애플리케이션 디렉토리 [C:\Users\kitcoop\OneDrive\html\apache-tomcat-9.0.27\webapps\t1]을(를) 배치합니다.
06-Nov-2019 10:01:01.950 INFO [main] org.apache.catalina.startup.HostConfig.deployDirectory 웹 애플리케이션 디렉토리 [C:\Users\kitcoop\OneDrive\html\apache-tomcat-9.0.27\webapps\t1]에 대한 배치가 [48] 밀리초에 완료되었습니다.
06-Nov-2019 10:01:01.961 INFO [main] org.apache.coyote.AbstractProtocol.start 프로토콜 핸들러 ["http-nio-8080"]을(를) 시작합니다.
06-Nov-2019 10:01:01.970 INFO [main] org.apache.coyote.AbstractProtocol.start 프로토콜 핸들러 ["ajp-nio-8009"]을(를) 시작합니다.
06-Nov-2019 10:01:01.975 INFO [main] org.apache.catalina.startup.Catalina.start 서버가 [2,183] 밀리초 내에 시작되었습니다.
