26-Feb-2020 15:50:36.987 심각 [main] org.apache.catalina.startup.Catalina.stopServer [localhost:8005] (base 포트 [8005] 그리고 offset [0])와(과) 연결할 수 없었습니다. Tomcat이 실행 중이지 않을 수 있습니다.
26-Feb-2020 15:50:37.011 심각 [main] org.apache.catalina.startup.Catalina.stopServer Catalina를 중지시키는 중 오류 발생
	java.net.ConnectException: Connection refused: connect
		at java.net.DualStackPlainSocketImpl.connect0(Native Method)
		at java.net.DualStackPlainSocketImpl.socketConnect(DualStackPlainSocketImpl.java:79)
		at java.net.AbstractPlainSocketImpl.doConnect(AbstractPlainSocketImpl.java:350)
		at java.net.AbstractPlainSocketImpl.connectToAddress(AbstractPlainSocketImpl.java:206)
		at java.net.AbstractPlainSocketImpl.connect(AbstractPlainSocketImpl.java:188)
		at java.net.PlainSocketImpl.connect(PlainSocketImpl.java:172)
		at java.net.SocksSocketImpl.connect(SocksSocketImpl.java:392)
		at java.net.Socket.connect(Socket.java:589)
		at java.net.Socket.connect(Socket.java:538)
		at java.net.Socket.<init>(Socket.java:434)
		at java.net.Socket.<init>(Socket.java:211)
		at org.apache.catalina.startup.Catalina.stopServer(Catalina.java:513)
		at sun.reflect.NativeMethodAccessorImpl.invoke0(Native Method)
		at sun.reflect.NativeMethodAccessorImpl.invoke(NativeMethodAccessorImpl.java:62)
		at sun.reflect.DelegatingMethodAccessorImpl.invoke(DelegatingMethodAccessorImpl.java:43)
		at java.lang.reflect.Method.invoke(Method.java:498)
		at org.apache.catalina.startup.Bootstrap.stopServer(Bootstrap.java:389)
		at org.apache.catalina.startup.Bootstrap.main(Bootstrap.java:479)
26-Feb-2020 15:50:39.338 정보 [main] org.apache.catalina.startup.VersionLoggerListener.log 서버 버전 이름:        Apache Tomcat/9.0.30
26-Feb-2020 15:50:39.352 정보 [main] org.apache.catalina.startup.VersionLoggerListener.log Server 빌드 시각:          Dec 7 2019 16:42:04 UTC
26-Feb-2020 15:50:39.355 정보 [main] org.apache.catalina.startup.VersionLoggerListener.log Server 버전 번호:         9.0.30.0
26-Feb-2020 15:50:39.356 정보 [main] org.apache.catalina.startup.VersionLoggerListener.log 운영체제 이름:               Windows 7
26-Feb-2020 15:50:39.358 정보 [main] org.apache.catalina.startup.VersionLoggerListener.log 운영체제 버전:            6.1
26-Feb-2020 15:50:39.360 정보 [main] org.apache.catalina.startup.VersionLoggerListener.log 아키텍처:          amd64
26-Feb-2020 15:50:39.362 정보 [main] org.apache.catalina.startup.VersionLoggerListener.log 자바 홈:             C:\Program Files\Java\jdk1.8.0_221\jre
26-Feb-2020 15:50:39.364 정보 [main] org.apache.catalina.startup.VersionLoggerListener.log JVM 버전:           1.8.0_221-b11
26-Feb-2020 15:50:39.366 정보 [main] org.apache.catalina.startup.VersionLoggerListener.log JVM 벤더:            Oracle Corporation
26-Feb-2020 15:50:39.367 정보 [main] org.apache.catalina.startup.VersionLoggerListener.log CATALINA_BASE:         C:\MyCloud\OneDrive\java\apache-tomcat-9.0.30
26-Feb-2020 15:50:39.370 정보 [main] org.apache.catalina.startup.VersionLoggerListener.log CATALINA_HOME:         C:\MyCloud\OneDrive\java\apache-tomcat-9.0.30
26-Feb-2020 15:50:39.373 정보 [main] org.apache.catalina.startup.VersionLoggerListener.log 명령 행 아규먼트: -Djava.util.logging.config.file=C:\MyCloud\OneDrive\java\apache-tomcat-9.0.30\conf\logging.properties
26-Feb-2020 15:50:39.375 정보 [main] org.apache.catalina.startup.VersionLoggerListener.log 명령 행 아규먼트: -Djava.util.logging.manager=org.apache.juli.ClassLoaderLogManager
26-Feb-2020 15:50:39.378 정보 [main] org.apache.catalina.startup.VersionLoggerListener.log 명령 행 아규먼트: -Djdk.tls.ephemeralDHKeySize=2048
26-Feb-2020 15:50:39.380 정보 [main] org.apache.catalina.startup.VersionLoggerListener.log 명령 행 아규먼트: -Djava.protocol.handler.pkgs=org.apache.catalina.webresources
26-Feb-2020 15:50:39.383 정보 [main] org.apache.catalina.startup.VersionLoggerListener.log 명령 행 아규먼트: -Dignore.endorsed.dirs=
26-Feb-2020 15:50:39.385 정보 [main] org.apache.catalina.startup.VersionLoggerListener.log 명령 행 아규먼트: -Dcatalina.base=C:\MyCloud\OneDrive\java\apache-tomcat-9.0.30
26-Feb-2020 15:50:39.388 정보 [main] org.apache.catalina.startup.VersionLoggerListener.log 명령 행 아규먼트: -Dcatalina.home=C:\MyCloud\OneDrive\java\apache-tomcat-9.0.30
26-Feb-2020 15:50:39.390 정보 [main] org.apache.catalina.startup.VersionLoggerListener.log 명령 행 아규먼트: -Djava.io.tmpdir=C:\MyCloud\OneDrive\java\apache-tomcat-9.0.30\temp
26-Feb-2020 15:50:39.393 정보 [main] org.apache.catalina.core.AprLifecycleListener.lifecycleEvent APR 버전 [1.7.0]을(를) 사용한, APR 기반 Apache Tomcat Native 라이브러리 [1.2.23]을(를) 로드했습니다.
26-Feb-2020 15:50:39.397 정보 [main] org.apache.catalina.core.AprLifecycleListener.lifecycleEvent APR 용량정보들: IPv6 [true], sendfile [true], accept filters [false], random [true].
26-Feb-2020 15:50:39.400 정보 [main] org.apache.catalina.core.AprLifecycleListener.lifecycleEvent APR/OpenSSL 설정: useAprConnector [false], useOpenSSL [true]
26-Feb-2020 15:50:39.408 정보 [main] org.apache.catalina.core.AprLifecycleListener.initializeSSL OpenSSL이 성공적으로 초기화되었습니다: [OpenSSL 1.1.1c  28 May 2019]
26-Feb-2020 15:50:39.677 정보 [main] org.apache.coyote.AbstractProtocol.init 프로토콜 핸들러 ["http-nio-8080"]을(를) 초기화합니다.
26-Feb-2020 15:50:39.758 정보 [main] org.apache.coyote.AbstractProtocol.init 프로토콜 핸들러 ["ajp-nio-8009"]을(를) 초기화합니다.
26-Feb-2020 15:50:39.763 정보 [main] org.apache.catalina.startup.Catalina.load [668] 밀리초 내에 서버가 초기화되었습니다.
26-Feb-2020 15:50:39.807 정보 [main] org.apache.catalina.core.StandardService.startInternal 서비스 [Catalina]을(를) 시작합니다.
26-Feb-2020 15:50:39.810 정보 [main] org.apache.catalina.core.StandardEngine.startInternal 서버 엔진을 시작합니다: [Apache Tomcat/9.0.30]
26-Feb-2020 15:50:40.113 정보 [main] org.apache.catalina.startup.HostConfig.deployWAR 웹 애플리케이션 아카이브 [C:\MyCloud\OneDrive\java\apache-tomcat-9.0.30\webapps\200108_Model1.war]을(를) 배치합니다.
26-Feb-2020 15:50:40.350 정보 [main] org.apache.jasper.servlet.TldScanner.scanJars 적어도 하나의 JAR가 TLD들을 찾기 위해 스캔되었으나 아무 것도 찾지 못했습니다. 스캔했으나 TLD가 없는 JAR들의 전체 목록을 보시려면, 로그 레벨을 디버그 레벨로 설정하십시오. 스캔 과정에서 불필요한 JAR들을 건너뛰면, 시스템 시작 시간과 JSP 컴파일 시간을 단축시킬 수 있습니다.
26-Feb-2020 15:50:40.358 정보 [main] org.apache.catalina.startup.HostConfig.deployWAR 웹 애플리케이션 아카이브 [C:\MyCloud\OneDrive\java\apache-tomcat-9.0.30\webapps\200108_Model1.war]의 배치가 [244] 밀리초에 완료되었습니다.
26-Feb-2020 15:50:40.381 정보 [main] org.apache.catalina.startup.HostConfig.deployWAR 웹 애플리케이션 아카이브 [C:\MyCloud\OneDrive\java\apache-tomcat-9.0.30\webapps\200115_Servlet.war]을(를) 배치합니다.
26-Feb-2020 15:50:40.475 정보 [main] org.apache.catalina.startup.HostConfig.deployWAR 웹 애플리케이션 아카이브 [C:\MyCloud\OneDrive\java\apache-tomcat-9.0.30\webapps\200115_Servlet.war]의 배치가 [94] 밀리초에 완료되었습니다.
26-Feb-2020 15:50:40.482 정보 [main] org.apache.catalina.startup.HostConfig.deployWAR 웹 애플리케이션 아카이브 [C:\MyCloud\OneDrive\java\apache-tomcat-9.0.30\webapps\200121_Board_PagingModel2.war]을(를) 배치합니다.
26-Feb-2020 15:50:40.679 정보 [main] org.apache.jasper.servlet.TldScanner.scanJars 적어도 하나의 JAR가 TLD들을 찾기 위해 스캔되었으나 아무 것도 찾지 못했습니다. 스캔했으나 TLD가 없는 JAR들의 전체 목록을 보시려면, 로그 레벨을 디버그 레벨로 설정하십시오. 스캔 과정에서 불필요한 JAR들을 건너뛰면, 시스템 시작 시간과 JSP 컴파일 시간을 단축시킬 수 있습니다.
26-Feb-2020 15:50:40.687 정보 [main] org.apache.catalina.startup.HostConfig.deployWAR 웹 애플리케이션 아카이브 [C:\MyCloud\OneDrive\java\apache-tomcat-9.0.30\webapps\200121_Board_PagingModel2.war]의 배치가 [205] 밀리초에 완료되었습니다.
26-Feb-2020 15:50:40.706 정보 [main] org.apache.catalina.startup.HostConfig.deployWAR 웹 애플리케이션 아카이브 [C:\MyCloud\OneDrive\java\apache-tomcat-9.0.30\webapps\200206_ZipSearch.war]을(를) 배치합니다.
26-Feb-2020 15:50:46.056 정보 [main] org.apache.jasper.servlet.TldScanner.scanJars 적어도 하나의 JAR가 TLD들을 찾기 위해 스캔되었으나 아무 것도 찾지 못했습니다. 스캔했으나 TLD가 없는 JAR들의 전체 목록을 보시려면, 로그 레벨을 디버그 레벨로 설정하십시오. 스캔 과정에서 불필요한 JAR들을 건너뛰면, 시스템 시작 시간과 JSP 컴파일 시간을 단축시킬 수 있습니다.
26-Feb-2020 15:50:50.985 정보 [main] org.apache.catalina.startup.HostConfig.deployWAR 웹 애플리케이션 아카이브 [C:\MyCloud\OneDrive\java\apache-tomcat-9.0.30\webapps\200206_ZipSearch.war]의 배치가 [10,278] 밀리초에 완료되었습니다.
26-Feb-2020 15:50:51.080 정보 [main] org.apache.catalina.startup.HostConfig.deployWAR 웹 애플리케이션 아카이브 [C:\MyCloud\OneDrive\java\apache-tomcat-9.0.30\webapps\200207_T_PagingSpringEx01.war]을(를) 배치합니다.
26-Feb-2020 15:51:07.592 정보 [main] org.apache.jasper.servlet.TldScanner.scanJars 적어도 하나의 JAR가 TLD들을 찾기 위해 스캔되었으나 아무 것도 찾지 못했습니다. 스캔했으나 TLD가 없는 JAR들의 전체 목록을 보시려면, 로그 레벨을 디버그 레벨로 설정하십시오. 스캔 과정에서 불필요한 JAR들을 건너뛰면, 시스템 시작 시간과 JSP 컴파일 시간을 단축시킬 수 있습니다.
26-Feb-2020 15:51:08.556 정보 [main] org.apache.catalina.startup.HostConfig.deployWAR 웹 애플리케이션 아카이브 [C:\MyCloud\OneDrive\java\apache-tomcat-9.0.30\webapps\200207_T_PagingSpringEx01.war]의 배치가 [17,476] 밀리초에 완료되었습니다.
26-Feb-2020 15:51:08.634 정보 [main] org.apache.catalina.startup.HostConfig.deployWAR 웹 애플리케이션 아카이브 [C:\MyCloud\OneDrive\java\apache-tomcat-9.0.30\webapps\200211_T_PagingSpringMVCEx01.war]을(를) 배치합니다.
26-Feb-2020 15:51:10.139 정보 [main] org.apache.jasper.servlet.TldScanner.scanJars 적어도 하나의 JAR가 TLD들을 찾기 위해 스캔되었으나 아무 것도 찾지 못했습니다. 스캔했으나 TLD가 없는 JAR들의 전체 목록을 보시려면, 로그 레벨을 디버그 레벨로 설정하십시오. 스캔 과정에서 불필요한 JAR들을 건너뛰면, 시스템 시작 시간과 JSP 컴파일 시간을 단축시킬 수 있습니다.
26-Feb-2020 15:51:12.413 정보 [main] org.apache.catalina.startup.HostConfig.deployWAR 웹 애플리케이션 아카이브 [C:\MyCloud\OneDrive\java\apache-tomcat-9.0.30\webapps\200211_T_PagingSpringMVCEx01.war]의 배치가 [3,779] 밀리초에 완료되었습니다.
26-Feb-2020 15:51:12.448 정보 [main] org.apache.catalina.startup.HostConfig.deployWAR 웹 애플리케이션 아카이브 [C:\MyCloud\OneDrive\java\apache-tomcat-9.0.30\webapps\paging-1.0.0-BUILD-SNAPSHOT.war]을(를) 배치합니다.
26-Feb-2020 15:51:13.825 정보 [main] org.apache.jasper.servlet.TldScanner.scanJars 적어도 하나의 JAR가 TLD들을 찾기 위해 스캔되었으나 아무 것도 찾지 못했습니다. 스캔했으나 TLD가 없는 JAR들의 전체 목록을 보시려면, 로그 레벨을 디버그 레벨로 설정하십시오. 스캔 과정에서 불필요한 JAR들을 건너뛰면, 시스템 시작 시간과 JSP 컴파일 시간을 단축시킬 수 있습니다.
26-Feb-2020 15:51:15.030 정보 [main] org.apache.catalina.startup.HostConfig.deployWAR 웹 애플리케이션 아카이브 [C:\MyCloud\OneDrive\java\apache-tomcat-9.0.30\webapps\paging-1.0.0-BUILD-SNAPSHOT.war]의 배치가 [2,582] 밀리초에 완료되었습니다.
26-Feb-2020 15:51:15.034 정보 [main] org.apache.catalina.startup.HostConfig.deployDirectory 웹 애플리케이션 디렉토리 [C:\MyCloud\OneDrive\java\apache-tomcat-9.0.30\webapps\docs]을(를) 배치합니다.
26-Feb-2020 15:51:15.268 정보 [main] org.apache.catalina.startup.HostConfig.deployDirectory 웹 애플리케이션 디렉토리 [C:\MyCloud\OneDrive\java\apache-tomcat-9.0.30\webapps\docs]에 대한 배치가 [234] 밀리초에 완료되었습니다.
26-Feb-2020 15:51:15.272 정보 [main] org.apache.catalina.startup.HostConfig.deployDirectory 웹 애플리케이션 디렉토리 [C:\MyCloud\OneDrive\java\apache-tomcat-9.0.30\webapps\examples]을(를) 배치합니다.
26-Feb-2020 15:51:17.648 정보 [main] org.apache.catalina.startup.HostConfig.deployDirectory 웹 애플리케이션 디렉토리 [C:\MyCloud\OneDrive\java\apache-tomcat-9.0.30\webapps\examples]에 대한 배치가 [2,376] 밀리초에 완료되었습니다.
26-Feb-2020 15:51:17.651 정보 [main] org.apache.catalina.startup.HostConfig.deployDirectory 웹 애플리케이션 디렉토리 [C:\MyCloud\OneDrive\java\apache-tomcat-9.0.30\webapps\host-manager]을(를) 배치합니다.
26-Feb-2020 15:51:17.821 정보 [main] org.apache.catalina.startup.HostConfig.deployDirectory 웹 애플리케이션 디렉토리 [C:\MyCloud\OneDrive\java\apache-tomcat-9.0.30\webapps\host-manager]에 대한 배치가 [170] 밀리초에 완료되었습니다.
26-Feb-2020 15:51:17.824 정보 [main] org.apache.catalina.startup.HostConfig.deployDirectory 웹 애플리케이션 디렉토리 [C:\MyCloud\OneDrive\java\apache-tomcat-9.0.30\webapps\manager]을(를) 배치합니다.
26-Feb-2020 15:51:17.865 정보 [main] org.apache.catalina.startup.HostConfig.deployDirectory 웹 애플리케이션 디렉토리 [C:\MyCloud\OneDrive\java\apache-tomcat-9.0.30\webapps\manager]에 대한 배치가 [41] 밀리초에 완료되었습니다.
26-Feb-2020 15:51:17.868 정보 [main] org.apache.catalina.startup.HostConfig.deployDirectory 웹 애플리케이션 디렉토리 [C:\MyCloud\OneDrive\java\apache-tomcat-9.0.30\webapps\ROOT]을(를) 배치합니다.
26-Feb-2020 15:51:17.901 정보 [main] org.apache.catalina.startup.HostConfig.deployDirectory 웹 애플리케이션 디렉토리 [C:\MyCloud\OneDrive\java\apache-tomcat-9.0.30\webapps\ROOT]에 대한 배치가 [33] 밀리초에 완료되었습니다.
26-Feb-2020 15:51:17.905 정보 [main] org.apache.catalina.startup.HostConfig.deployDirectory 웹 애플리케이션 디렉토리 [C:\MyCloud\OneDrive\java\apache-tomcat-9.0.30\webapps\website1]을(를) 배치합니다.
26-Feb-2020 15:51:18.189 정보 [main] org.apache.jasper.servlet.TldScanner.scanJars 적어도 하나의 JAR가 TLD들을 찾기 위해 스캔되었으나 아무 것도 찾지 못했습니다. 스캔했으나 TLD가 없는 JAR들의 전체 목록을 보시려면, 로그 레벨을 디버그 레벨로 설정하십시오. 스캔 과정에서 불필요한 JAR들을 건너뛰면, 시스템 시작 시간과 JSP 컴파일 시간을 단축시킬 수 있습니다.
26-Feb-2020 15:51:18.195 정보 [main] org.apache.catalina.startup.HostConfig.deployDirectory 웹 애플리케이션 디렉토리 [C:\MyCloud\OneDrive\java\apache-tomcat-9.0.30\webapps\website1]에 대한 배치가 [290] 밀리초에 완료되었습니다.
26-Feb-2020 15:51:18.201 정보 [main] org.apache.catalina.startup.HostConfig.deployDirectory 웹 애플리케이션 디렉토리 [C:\MyCloud\OneDrive\java\apache-tomcat-9.0.30\webapps\website2]을(를) 배치합니다.
26-Feb-2020 15:51:18.382 정보 [main] org.apache.jasper.servlet.TldScanner.scanJars 적어도 하나의 JAR가 TLD들을 찾기 위해 스캔되었으나 아무 것도 찾지 못했습니다. 스캔했으나 TLD가 없는 JAR들의 전체 목록을 보시려면, 로그 레벨을 디버그 레벨로 설정하십시오. 스캔 과정에서 불필요한 JAR들을 건너뛰면, 시스템 시작 시간과 JSP 컴파일 시간을 단축시킬 수 있습니다.
26-Feb-2020 15:51:18.404 정보 [main] org.apache.catalina.startup.HostConfig.deployDirectory 웹 애플리케이션 디렉토리 [C:\MyCloud\OneDrive\java\apache-tomcat-9.0.30\webapps\website2]에 대한 배치가 [204] 밀리초에 완료되었습니다.
26-Feb-2020 15:51:18.410 정보 [main] org.apache.coyote.AbstractProtocol.start 프로토콜 핸들러 ["http-nio-8080"]을(를) 시작합니다.
26-Feb-2020 15:51:18.445 정보 [main] org.apache.coyote.AbstractProtocol.start 프로토콜 핸들러 ["ajp-nio-8009"]을(를) 시작합니다.
26-Feb-2020 15:51:18.449 정보 [main] org.apache.catalina.startup.Catalina.start 서버가 [38,683] 밀리초 내에 시작되었습니다.
26-Feb-2020 16:08:06.457 정보 [Thread-5] org.apache.coyote.AbstractProtocol.pause 프로토콜 핸들러 ["http-nio-8080"]을(를) 일시 정지 중
