11-Feb-2020 16:34:36.703 정보 [main] org.apache.catalina.startup.VersionLoggerListener.log 서버 버전 이름:        Apache Tomcat/9.0.30
11-Feb-2020 16:34:36.755 정보 [main] org.apache.catalina.startup.VersionLoggerListener.log Server 빌드 시각:          Dec 7 2019 16:42:04 UTC
11-Feb-2020 16:34:36.757 정보 [main] org.apache.catalina.startup.VersionLoggerListener.log Server 버전 번호:         9.0.30.0
11-Feb-2020 16:34:36.759 정보 [main] org.apache.catalina.startup.VersionLoggerListener.log 운영체제 이름:               Windows 7
11-Feb-2020 16:34:36.761 정보 [main] org.apache.catalina.startup.VersionLoggerListener.log 운영체제 버전:            6.1
11-Feb-2020 16:34:36.762 정보 [main] org.apache.catalina.startup.VersionLoggerListener.log 아키텍처:          amd64
11-Feb-2020 16:34:36.764 정보 [main] org.apache.catalina.startup.VersionLoggerListener.log 자바 홈:             C:\Program Files\Java\jdk1.8.0_221\jre
11-Feb-2020 16:34:36.767 정보 [main] org.apache.catalina.startup.VersionLoggerListener.log JVM 버전:           1.8.0_221-b11
11-Feb-2020 16:34:36.768 정보 [main] org.apache.catalina.startup.VersionLoggerListener.log JVM 벤더:            Oracle Corporation
11-Feb-2020 16:34:36.770 정보 [main] org.apache.catalina.startup.VersionLoggerListener.log CATALINA_BASE:         C:\MyCloud\OneDrive\java\apache-tomcat-9.0.30
11-Feb-2020 16:34:36.773 정보 [main] org.apache.catalina.startup.VersionLoggerListener.log CATALINA_HOME:         C:\MyCloud\OneDrive\java\apache-tomcat-9.0.30
11-Feb-2020 16:34:36.776 정보 [main] org.apache.catalina.startup.VersionLoggerListener.log 명령 행 아규먼트: -Djava.util.logging.config.file=C:\MyCloud\OneDrive\java\apache-tomcat-9.0.30\conf\logging.properties
11-Feb-2020 16:34:36.779 정보 [main] org.apache.catalina.startup.VersionLoggerListener.log 명령 행 아규먼트: -Djava.util.logging.manager=org.apache.juli.ClassLoaderLogManager
11-Feb-2020 16:34:36.781 정보 [main] org.apache.catalina.startup.VersionLoggerListener.log 명령 행 아규먼트: -Djdk.tls.ephemeralDHKeySize=2048
11-Feb-2020 16:34:36.783 정보 [main] org.apache.catalina.startup.VersionLoggerListener.log 명령 행 아규먼트: -Djava.protocol.handler.pkgs=org.apache.catalina.webresources
11-Feb-2020 16:34:36.786 정보 [main] org.apache.catalina.startup.VersionLoggerListener.log 명령 행 아규먼트: -Dignore.endorsed.dirs=
11-Feb-2020 16:34:36.788 정보 [main] org.apache.catalina.startup.VersionLoggerListener.log 명령 행 아규먼트: -Dcatalina.base=C:\MyCloud\OneDrive\java\apache-tomcat-9.0.30
11-Feb-2020 16:34:36.790 정보 [main] org.apache.catalina.startup.VersionLoggerListener.log 명령 행 아규먼트: -Dcatalina.home=C:\MyCloud\OneDrive\java\apache-tomcat-9.0.30
11-Feb-2020 16:34:36.793 정보 [main] org.apache.catalina.startup.VersionLoggerListener.log 명령 행 아규먼트: -Djava.io.tmpdir=C:\MyCloud\OneDrive\java\apache-tomcat-9.0.30\temp
11-Feb-2020 16:34:36.796 정보 [main] org.apache.catalina.core.AprLifecycleListener.lifecycleEvent APR 버전 [1.7.0]을(를) 사용한, APR 기반 Apache Tomcat Native 라이브러리 [1.2.23]을(를) 로드했습니다.
11-Feb-2020 16:34:36.800 정보 [main] org.apache.catalina.core.AprLifecycleListener.lifecycleEvent APR 용량정보들: IPv6 [true], sendfile [true], accept filters [false], random [true].
11-Feb-2020 16:34:36.802 정보 [main] org.apache.catalina.core.AprLifecycleListener.lifecycleEvent APR/OpenSSL 설정: useAprConnector [false], useOpenSSL [true]
11-Feb-2020 16:34:36.811 정보 [main] org.apache.catalina.core.AprLifecycleListener.initializeSSL OpenSSL이 성공적으로 초기화되었습니다: [OpenSSL 1.1.1c  28 May 2019]
11-Feb-2020 16:34:37.098 정보 [main] org.apache.coyote.AbstractProtocol.init 프로토콜 핸들러 ["http-nio-8080"]을(를) 초기화합니다.
11-Feb-2020 16:34:37.177 심각 [main] org.apache.catalina.util.LifecycleBase.handleSubClassException 구성요소 [Connector[HTTP/1.1-8080]]을(를) 초기화하지 못했습니다.
	org.apache.catalina.LifecycleException: 프로토콜 핸들러 초기화가 실패했습니다.
		at org.apache.catalina.connector.Connector.initInternal(Connector.java:983)
		at org.apache.catalina.util.LifecycleBase.init(LifecycleBase.java:136)
		at org.apache.catalina.core.StandardService.initInternal(StandardService.java:533)
		at org.apache.catalina.util.LifecycleBase.init(LifecycleBase.java:136)
		at org.apache.catalina.core.StandardServer.initInternal(StandardServer.java:1057)
		at org.apache.catalina.util.LifecycleBase.init(LifecycleBase.java:136)
		at org.apache.catalina.startup.Catalina.load(Catalina.java:584)
		at org.apache.catalina.startup.Catalina.load(Catalina.java:607)
		at sun.reflect.NativeMethodAccessorImpl.invoke0(Native Method)
		at sun.reflect.NativeMethodAccessorImpl.invoke(NativeMethodAccessorImpl.java:62)
		at sun.reflect.DelegatingMethodAccessorImpl.invoke(DelegatingMethodAccessorImpl.java:43)
		at java.lang.reflect.Method.invoke(Method.java:498)
		at org.apache.catalina.startup.Bootstrap.load(Bootstrap.java:303)
		at org.apache.catalina.startup.Bootstrap.main(Bootstrap.java:473)
	Caused by: java.net.BindException: Address already in use: bind
		at sun.nio.ch.Net.bind0(Native Method)
		at sun.nio.ch.Net.bind(Net.java:433)
		at sun.nio.ch.Net.bind(Net.java:425)
		at sun.nio.ch.ServerSocketChannelImpl.bind(ServerSocketChannelImpl.java:223)
		at sun.nio.ch.ServerSocketAdaptor.bind(ServerSocketAdaptor.java:74)
		at org.apache.tomcat.util.net.NioEndpoint.initServerSocket(NioEndpoint.java:229)
		at org.apache.tomcat.util.net.NioEndpoint.bind(NioEndpoint.java:212)
		at org.apache.tomcat.util.net.AbstractEndpoint.bindWithCleanup(AbstractEndpoint.java:1141)
		at org.apache.tomcat.util.net.AbstractEndpoint.init(AbstractEndpoint.java:1154)
		at org.apache.coyote.AbstractProtocol.init(AbstractProtocol.java:575)
		at org.apache.coyote.http11.AbstractHttp11Protocol.init(AbstractHttp11Protocol.java:74)
		at org.apache.catalina.connector.Connector.initInternal(Connector.java:980)
		... 13 more
11-Feb-2020 16:34:37.199 정보 [main] org.apache.coyote.AbstractProtocol.init 프로토콜 핸들러 ["ajp-nio-8009"]을(를) 초기화합니다.
11-Feb-2020 16:34:37.203 심각 [main] org.apache.catalina.util.LifecycleBase.handleSubClassException 구성요소 [Connector[AJP/1.3-8009]]을(를) 초기화하지 못했습니다.
	org.apache.catalina.LifecycleException: 프로토콜 핸들러 초기화가 실패했습니다.
		at org.apache.catalina.connector.Connector.initInternal(Connector.java:983)
		at org.apache.catalina.util.LifecycleBase.init(LifecycleBase.java:136)
		at org.apache.catalina.core.StandardService.initInternal(StandardService.java:533)
		at org.apache.catalina.util.LifecycleBase.init(LifecycleBase.java:136)
		at org.apache.catalina.core.StandardServer.initInternal(StandardServer.java:1057)
		at org.apache.catalina.util.LifecycleBase.init(LifecycleBase.java:136)
		at org.apache.catalina.startup.Catalina.load(Catalina.java:584)
		at org.apache.catalina.startup.Catalina.load(Catalina.java:607)
		at sun.reflect.NativeMethodAccessorImpl.invoke0(Native Method)
		at sun.reflect.NativeMethodAccessorImpl.invoke(NativeMethodAccessorImpl.java:62)
		at sun.reflect.DelegatingMethodAccessorImpl.invoke(DelegatingMethodAccessorImpl.java:43)
		at java.lang.reflect.Method.invoke(Method.java:498)
		at org.apache.catalina.startup.Bootstrap.load(Bootstrap.java:303)
		at org.apache.catalina.startup.Bootstrap.main(Bootstrap.java:473)
	Caused by: java.net.BindException: Address already in use: bind
		at sun.nio.ch.Net.bind0(Native Method)
		at sun.nio.ch.Net.bind(Net.java:433)
		at sun.nio.ch.Net.bind(Net.java:425)
		at sun.nio.ch.ServerSocketChannelImpl.bind(ServerSocketChannelImpl.java:223)
		at sun.nio.ch.ServerSocketAdaptor.bind(ServerSocketAdaptor.java:74)
		at org.apache.tomcat.util.net.NioEndpoint.initServerSocket(NioEndpoint.java:229)
		at org.apache.tomcat.util.net.NioEndpoint.bind(NioEndpoint.java:212)
		at org.apache.tomcat.util.net.AbstractEndpoint.bindWithCleanup(AbstractEndpoint.java:1141)
		at org.apache.tomcat.util.net.AbstractEndpoint.init(AbstractEndpoint.java:1154)
		at org.apache.coyote.AbstractProtocol.init(AbstractProtocol.java:575)
		at org.apache.catalina.connector.Connector.initInternal(Connector.java:980)
		... 13 more
11-Feb-2020 16:34:37.222 정보 [main] org.apache.catalina.startup.Catalina.load [746] 밀리초 내에 서버가 초기화되었습니다.
11-Feb-2020 16:34:37.251 정보 [main] org.apache.catalina.core.StandardService.startInternal 서비스 [Catalina]을(를) 시작합니다.
11-Feb-2020 16:34:37.253 정보 [main] org.apache.catalina.core.StandardEngine.startInternal 서버 엔진을 시작합니다: [Apache Tomcat/9.0.30]
11-Feb-2020 16:34:37.499 정보 [main] org.apache.catalina.startup.HostConfig.deployWAR 웹 애플리케이션 아카이브 [C:\MyCloud\OneDrive\java\apache-tomcat-9.0.30\webapps\200108_Model1.war]을(를) 배치합니다.
11-Feb-2020 16:34:37.699 정보 [main] org.apache.jasper.servlet.TldScanner.scanJars 적어도 하나의 JAR가 TLD들을 찾기 위해 스캔되었으나 아무 것도 찾지 못했습니다. 스캔했으나 TLD가 없는 JAR들의 전체 목록을 보시려면, 로그 레벨을 디버그 레벨로 설정하십시오. 스캔 과정에서 불필요한 JAR들을 건너뛰면, 시스템 시작 시간과 JSP 컴파일 시간을 단축시킬 수 있습니다.
11-Feb-2020 16:34:37.709 정보 [main] org.apache.catalina.startup.HostConfig.deployWAR 웹 애플리케이션 아카이브 [C:\MyCloud\OneDrive\java\apache-tomcat-9.0.30\webapps\200108_Model1.war]의 배치가 [210] 밀리초에 완료되었습니다.
11-Feb-2020 16:34:37.713 정보 [main] org.apache.catalina.startup.HostConfig.deployWAR 웹 애플리케이션 아카이브 [C:\MyCloud\OneDrive\java\apache-tomcat-9.0.30\webapps\200115_Servlet.war]을(를) 배치합니다.
11-Feb-2020 16:34:37.770 정보 [main] org.apache.catalina.startup.HostConfig.deployWAR 웹 애플리케이션 아카이브 [C:\MyCloud\OneDrive\java\apache-tomcat-9.0.30\webapps\200115_Servlet.war]의 배치가 [57] 밀리초에 완료되었습니다.
11-Feb-2020 16:34:37.775 정보 [main] org.apache.catalina.startup.HostConfig.deployWAR 웹 애플리케이션 아카이브 [C:\MyCloud\OneDrive\java\apache-tomcat-9.0.30\webapps\200121_Board_PagingModel2.war]을(를) 배치합니다.
11-Feb-2020 16:34:37.894 정보 [main] org.apache.jasper.servlet.TldScanner.scanJars 적어도 하나의 JAR가 TLD들을 찾기 위해 스캔되었으나 아무 것도 찾지 못했습니다. 스캔했으나 TLD가 없는 JAR들의 전체 목록을 보시려면, 로그 레벨을 디버그 레벨로 설정하십시오. 스캔 과정에서 불필요한 JAR들을 건너뛰면, 시스템 시작 시간과 JSP 컴파일 시간을 단축시킬 수 있습니다.
11-Feb-2020 16:34:37.900 정보 [main] org.apache.catalina.startup.HostConfig.deployWAR 웹 애플리케이션 아카이브 [C:\MyCloud\OneDrive\java\apache-tomcat-9.0.30\webapps\200121_Board_PagingModel2.war]의 배치가 [126] 밀리초에 완료되었습니다.
11-Feb-2020 16:34:37.906 정보 [main] org.apache.catalina.startup.HostConfig.deployWAR 웹 애플리케이션 아카이브 [C:\MyCloud\OneDrive\java\apache-tomcat-9.0.30\webapps\200206_ZipSearch.war]을(를) 배치합니다.
11-Feb-2020 16:34:39.281 정보 [main] org.apache.jasper.servlet.TldScanner.scanJars 적어도 하나의 JAR가 TLD들을 찾기 위해 스캔되었으나 아무 것도 찾지 못했습니다. 스캔했으나 TLD가 없는 JAR들의 전체 목록을 보시려면, 로그 레벨을 디버그 레벨로 설정하십시오. 스캔 과정에서 불필요한 JAR들을 건너뛰면, 시스템 시작 시간과 JSP 컴파일 시간을 단축시킬 수 있습니다.
11-Feb-2020 16:34:41.214 정보 [main] org.apache.catalina.startup.HostConfig.deployWAR 웹 애플리케이션 아카이브 [C:\MyCloud\OneDrive\java\apache-tomcat-9.0.30\webapps\200206_ZipSearch.war]의 배치가 [3,308] 밀리초에 완료되었습니다.
11-Feb-2020 16:34:41.220 정보 [main] org.apache.catalina.startup.HostConfig.deployWAR 웹 애플리케이션 아카이브 [C:\MyCloud\OneDrive\java\apache-tomcat-9.0.30\webapps\200207_T_PagingSpringEx01.war]을(를) 배치합니다.
11-Feb-2020 16:34:42.862 정보 [main] org.apache.jasper.servlet.TldScanner.scanJars 적어도 하나의 JAR가 TLD들을 찾기 위해 스캔되었으나 아무 것도 찾지 못했습니다. 스캔했으나 TLD가 없는 JAR들의 전체 목록을 보시려면, 로그 레벨을 디버그 레벨로 설정하십시오. 스캔 과정에서 불필요한 JAR들을 건너뛰면, 시스템 시작 시간과 JSP 컴파일 시간을 단축시킬 수 있습니다.
11-Feb-2020 16:34:43.573 정보 [main] org.apache.catalina.startup.HostConfig.deployWAR 웹 애플리케이션 아카이브 [C:\MyCloud\OneDrive\java\apache-tomcat-9.0.30\webapps\200207_T_PagingSpringEx01.war]의 배치가 [2,353] 밀리초에 완료되었습니다.
11-Feb-2020 16:34:43.578 정보 [main] org.apache.catalina.startup.HostConfig.deployWAR 웹 애플리케이션 아카이브 [C:\MyCloud\OneDrive\java\apache-tomcat-9.0.30\webapps\200211_T_PagingSpringMVCEx01.war]을(를) 배치합니다.
11-Feb-2020 16:34:44.447 정보 [main] org.apache.jasper.servlet.TldScanner.scanJars 적어도 하나의 JAR가 TLD들을 찾기 위해 스캔되었으나 아무 것도 찾지 못했습니다. 스캔했으나 TLD가 없는 JAR들의 전체 목록을 보시려면, 로그 레벨을 디버그 레벨로 설정하십시오. 스캔 과정에서 불필요한 JAR들을 건너뛰면, 시스템 시작 시간과 JSP 컴파일 시간을 단축시킬 수 있습니다.
11-Feb-2020 16:34:45.784 정보 [main] org.apache.catalina.startup.HostConfig.deployWAR 웹 애플리케이션 아카이브 [C:\MyCloud\OneDrive\java\apache-tomcat-9.0.30\webapps\200211_T_PagingSpringMVCEx01.war]의 배치가 [2,205] 밀리초에 완료되었습니다.
11-Feb-2020 16:34:45.788 정보 [main] org.apache.catalina.startup.HostConfig.deployDirectory 웹 애플리케이션 디렉토리 [C:\MyCloud\OneDrive\java\apache-tomcat-9.0.30\webapps\docs]을(를) 배치합니다.
11-Feb-2020 16:34:45.806 정보 [main] org.apache.catalina.startup.HostConfig.deployDirectory 웹 애플리케이션 디렉토리 [C:\MyCloud\OneDrive\java\apache-tomcat-9.0.30\webapps\docs]에 대한 배치가 [19] 밀리초에 완료되었습니다.
11-Feb-2020 16:34:45.809 정보 [main] org.apache.catalina.startup.HostConfig.deployDirectory 웹 애플리케이션 디렉토리 [C:\MyCloud\OneDrive\java\apache-tomcat-9.0.30\webapps\examples]을(를) 배치합니다.
11-Feb-2020 16:34:45.988 정보 [main] org.apache.catalina.startup.HostConfig.deployDirectory 웹 애플리케이션 디렉토리 [C:\MyCloud\OneDrive\java\apache-tomcat-9.0.30\webapps\examples]에 대한 배치가 [179] 밀리초에 완료되었습니다.
11-Feb-2020 16:34:45.991 정보 [main] org.apache.catalina.startup.HostConfig.deployDirectory 웹 애플리케이션 디렉토리 [C:\MyCloud\OneDrive\java\apache-tomcat-9.0.30\webapps\host-manager]을(를) 배치합니다.
11-Feb-2020 16:34:46.025 정보 [main] org.apache.catalina.startup.HostConfig.deployDirectory 웹 애플리케이션 디렉토리 [C:\MyCloud\OneDrive\java\apache-tomcat-9.0.30\webapps\host-manager]에 대한 배치가 [33] 밀리초에 완료되었습니다.
11-Feb-2020 16:34:46.028 정보 [main] org.apache.catalina.startup.HostConfig.deployDirectory 웹 애플리케이션 디렉토리 [C:\MyCloud\OneDrive\java\apache-tomcat-9.0.30\webapps\manager]을(를) 배치합니다.
11-Feb-2020 16:34:46.051 정보 [main] org.apache.catalina.startup.HostConfig.deployDirectory 웹 애플리케이션 디렉토리 [C:\MyCloud\OneDrive\java\apache-tomcat-9.0.30\webapps\manager]에 대한 배치가 [22] 밀리초에 완료되었습니다.
11-Feb-2020 16:34:46.054 정보 [main] org.apache.catalina.startup.HostConfig.deployDirectory 웹 애플리케이션 디렉토리 [C:\MyCloud\OneDrive\java\apache-tomcat-9.0.30\webapps\ROOT]을(를) 배치합니다.
11-Feb-2020 16:34:46.070 정보 [main] org.apache.catalina.startup.HostConfig.deployDirectory 웹 애플리케이션 디렉토리 [C:\MyCloud\OneDrive\java\apache-tomcat-9.0.30\webapps\ROOT]에 대한 배치가 [16] 밀리초에 완료되었습니다.
11-Feb-2020 16:34:46.073 정보 [main] org.apache.catalina.startup.HostConfig.deployDirectory 웹 애플리케이션 디렉토리 [C:\MyCloud\OneDrive\java\apache-tomcat-9.0.30\webapps\website1]을(를) 배치합니다.
11-Feb-2020 16:34:46.164 정보 [main] org.apache.jasper.servlet.TldScanner.scanJars 적어도 하나의 JAR가 TLD들을 찾기 위해 스캔되었으나 아무 것도 찾지 못했습니다. 스캔했으나 TLD가 없는 JAR들의 전체 목록을 보시려면, 로그 레벨을 디버그 레벨로 설정하십시오. 스캔 과정에서 불필요한 JAR들을 건너뛰면, 시스템 시작 시간과 JSP 컴파일 시간을 단축시킬 수 있습니다.
11-Feb-2020 16:34:46.175 정보 [main] org.apache.catalina.startup.HostConfig.deployDirectory 웹 애플리케이션 디렉토리 [C:\MyCloud\OneDrive\java\apache-tomcat-9.0.30\webapps\website1]에 대한 배치가 [102] 밀리초에 완료되었습니다.
11-Feb-2020 16:34:46.178 정보 [main] org.apache.catalina.startup.HostConfig.deployDirectory 웹 애플리케이션 디렉토리 [C:\MyCloud\OneDrive\java\apache-tomcat-9.0.30\webapps\website2]을(를) 배치합니다.
11-Feb-2020 16:34:46.250 정보 [main] org.apache.jasper.servlet.TldScanner.scanJars 적어도 하나의 JAR가 TLD들을 찾기 위해 스캔되었으나 아무 것도 찾지 못했습니다. 스캔했으나 TLD가 없는 JAR들의 전체 목록을 보시려면, 로그 레벨을 디버그 레벨로 설정하십시오. 스캔 과정에서 불필요한 JAR들을 건너뛰면, 시스템 시작 시간과 JSP 컴파일 시간을 단축시킬 수 있습니다.
11-Feb-2020 16:34:46.257 정보 [main] org.apache.catalina.startup.HostConfig.deployDirectory 웹 애플리케이션 디렉토리 [C:\MyCloud\OneDrive\java\apache-tomcat-9.0.30\webapps\website2]에 대한 배치가 [79] 밀리초에 완료되었습니다.
11-Feb-2020 16:34:46.264 정보 [main] org.apache.catalina.startup.Catalina.start 서버가 [9,039] 밀리초 내에 시작되었습니다.
11-Feb-2020 16:36:18.943 정보 [Thread-3] org.apache.coyote.AbstractProtocol.pause 프로토콜 핸들러 ["http-nio-8080"]을(를) 일시 정지 중
11-Feb-2020 16:36:18.947 정보 [Thread-3] org.apache.coyote.AbstractProtocol.pause 프로토콜 핸들러 ["ajp-nio-8009"]을(를) 일시 정지 중
11-Feb-2020 16:36:18.951 정보 [Thread-3] org.apache.catalina.core.StandardService.stopInternal 서비스 [Catalina]을(를) 중지시킵니다.
11-Feb-2020 16:36:19.045 정보 [Thread-3] org.apache.coyote.AbstractProtocol.stop 프로토콜 핸들러 ["http-nio-8080"]을(를) 중지시킵니다.
11-Feb-2020 16:36:19.047 정보 [Thread-3] org.apache.coyote.AbstractProtocol.destroy 프로토콜 핸들러 ["http-nio-8080"]을(를) 소멸시킵니다.
11-Feb-2020 16:36:19.049 정보 [Thread-3] org.apache.coyote.AbstractProtocol.stop 프로토콜 핸들러 ["ajp-nio-8009"]을(를) 중지시킵니다.
11-Feb-2020 16:36:19.051 정보 [Thread-3] org.apache.coyote.AbstractProtocol.destroy 프로토콜 핸들러 ["ajp-nio-8009"]을(를) 소멸시킵니다.
11-Feb-2020 16:36:24.875 정보 [main] org.apache.catalina.startup.VersionLoggerListener.log 서버 버전 이름:        Apache Tomcat/9.0.30
11-Feb-2020 16:36:24.880 정보 [main] org.apache.catalina.startup.VersionLoggerListener.log Server 빌드 시각:          Dec 7 2019 16:42:04 UTC
11-Feb-2020 16:36:24.882 정보 [main] org.apache.catalina.startup.VersionLoggerListener.log Server 버전 번호:         9.0.30.0
11-Feb-2020 16:36:24.884 정보 [main] org.apache.catalina.startup.VersionLoggerListener.log 운영체제 이름:               Windows 7
11-Feb-2020 16:36:24.886 정보 [main] org.apache.catalina.startup.VersionLoggerListener.log 운영체제 버전:            6.1
11-Feb-2020 16:36:24.888 정보 [main] org.apache.catalina.startup.VersionLoggerListener.log 아키텍처:          amd64
11-Feb-2020 16:36:24.889 정보 [main] org.apache.catalina.startup.VersionLoggerListener.log 자바 홈:             C:\Program Files\Java\jdk1.8.0_221\jre
11-Feb-2020 16:36:24.891 정보 [main] org.apache.catalina.startup.VersionLoggerListener.log JVM 버전:           1.8.0_221-b11
11-Feb-2020 16:36:24.893 정보 [main] org.apache.catalina.startup.VersionLoggerListener.log JVM 벤더:            Oracle Corporation
11-Feb-2020 16:36:24.895 정보 [main] org.apache.catalina.startup.VersionLoggerListener.log CATALINA_BASE:         C:\MyCloud\OneDrive\java\apache-tomcat-9.0.30
11-Feb-2020 16:36:24.897 정보 [main] org.apache.catalina.startup.VersionLoggerListener.log CATALINA_HOME:         C:\MyCloud\OneDrive\java\apache-tomcat-9.0.30
11-Feb-2020 16:36:24.900 정보 [main] org.apache.catalina.startup.VersionLoggerListener.log 명령 행 아규먼트: -Djava.util.logging.config.file=C:\MyCloud\OneDrive\java\apache-tomcat-9.0.30\conf\logging.properties
11-Feb-2020 16:36:24.902 정보 [main] org.apache.catalina.startup.VersionLoggerListener.log 명령 행 아규먼트: -Djava.util.logging.manager=org.apache.juli.ClassLoaderLogManager
11-Feb-2020 16:36:24.905 정보 [main] org.apache.catalina.startup.VersionLoggerListener.log 명령 행 아규먼트: -Djdk.tls.ephemeralDHKeySize=2048
11-Feb-2020 16:36:24.907 정보 [main] org.apache.catalina.startup.VersionLoggerListener.log 명령 행 아규먼트: -Djava.protocol.handler.pkgs=org.apache.catalina.webresources
11-Feb-2020 16:36:24.910 정보 [main] org.apache.catalina.startup.VersionLoggerListener.log 명령 행 아규먼트: -Dignore.endorsed.dirs=
11-Feb-2020 16:36:24.912 정보 [main] org.apache.catalina.startup.VersionLoggerListener.log 명령 행 아규먼트: -Dcatalina.base=C:\MyCloud\OneDrive\java\apache-tomcat-9.0.30
11-Feb-2020 16:36:24.914 정보 [main] org.apache.catalina.startup.VersionLoggerListener.log 명령 행 아규먼트: -Dcatalina.home=C:\MyCloud\OneDrive\java\apache-tomcat-9.0.30
11-Feb-2020 16:36:24.916 정보 [main] org.apache.catalina.startup.VersionLoggerListener.log 명령 행 아규먼트: -Djava.io.tmpdir=C:\MyCloud\OneDrive\java\apache-tomcat-9.0.30\temp
11-Feb-2020 16:36:24.919 정보 [main] org.apache.catalina.core.AprLifecycleListener.lifecycleEvent APR 버전 [1.7.0]을(를) 사용한, APR 기반 Apache Tomcat Native 라이브러리 [1.2.23]을(를) 로드했습니다.
11-Feb-2020 16:36:24.922 정보 [main] org.apache.catalina.core.AprLifecycleListener.lifecycleEvent APR 용량정보들: IPv6 [true], sendfile [true], accept filters [false], random [true].
11-Feb-2020 16:36:24.924 정보 [main] org.apache.catalina.core.AprLifecycleListener.lifecycleEvent APR/OpenSSL 설정: useAprConnector [false], useOpenSSL [true]
11-Feb-2020 16:36:24.932 정보 [main] org.apache.catalina.core.AprLifecycleListener.initializeSSL OpenSSL이 성공적으로 초기화되었습니다: [OpenSSL 1.1.1c  28 May 2019]
11-Feb-2020 16:36:25.200 정보 [main] org.apache.coyote.AbstractProtocol.init 프로토콜 핸들러 ["http-nio-8080"]을(를) 초기화합니다.
11-Feb-2020 16:36:25.271 정보 [main] org.apache.coyote.AbstractProtocol.init 프로토콜 핸들러 ["ajp-nio-8009"]을(를) 초기화합니다.
11-Feb-2020 16:36:25.276 정보 [main] org.apache.catalina.startup.Catalina.load [612] 밀리초 내에 서버가 초기화되었습니다.
11-Feb-2020 16:36:25.299 정보 [main] org.apache.catalina.core.StandardService.startInternal 서비스 [Catalina]을(를) 시작합니다.
11-Feb-2020 16:36:25.301 정보 [main] org.apache.catalina.core.StandardEngine.startInternal 서버 엔진을 시작합니다: [Apache Tomcat/9.0.30]
11-Feb-2020 16:36:25.534 정보 [main] org.apache.catalina.startup.HostConfig.deployWAR 웹 애플리케이션 아카이브 [C:\MyCloud\OneDrive\java\apache-tomcat-9.0.30\webapps\200108_Model1.war]을(를) 배치합니다.
11-Feb-2020 16:36:25.738 정보 [main] org.apache.jasper.servlet.TldScanner.scanJars 적어도 하나의 JAR가 TLD들을 찾기 위해 스캔되었으나 아무 것도 찾지 못했습니다. 스캔했으나 TLD가 없는 JAR들의 전체 목록을 보시려면, 로그 레벨을 디버그 레벨로 설정하십시오. 스캔 과정에서 불필요한 JAR들을 건너뛰면, 시스템 시작 시간과 JSP 컴파일 시간을 단축시킬 수 있습니다.
11-Feb-2020 16:36:25.746 정보 [main] org.apache.catalina.startup.HostConfig.deployWAR 웹 애플리케이션 아카이브 [C:\MyCloud\OneDrive\java\apache-tomcat-9.0.30\webapps\200108_Model1.war]의 배치가 [212] 밀리초에 완료되었습니다.
11-Feb-2020 16:36:25.750 정보 [main] org.apache.catalina.startup.HostConfig.deployWAR 웹 애플리케이션 아카이브 [C:\MyCloud\OneDrive\java\apache-tomcat-9.0.30\webapps\200115_Servlet.war]을(를) 배치합니다.
11-Feb-2020 16:36:25.788 정보 [main] org.apache.catalina.startup.HostConfig.deployWAR 웹 애플리케이션 아카이브 [C:\MyCloud\OneDrive\java\apache-tomcat-9.0.30\webapps\200115_Servlet.war]의 배치가 [38] 밀리초에 완료되었습니다.
11-Feb-2020 16:36:25.794 정보 [main] org.apache.catalina.startup.HostConfig.deployWAR 웹 애플리케이션 아카이브 [C:\MyCloud\OneDrive\java\apache-tomcat-9.0.30\webapps\200121_Board_PagingModel2.war]을(를) 배치합니다.
11-Feb-2020 16:36:25.887 정보 [main] org.apache.jasper.servlet.TldScanner.scanJars 적어도 하나의 JAR가 TLD들을 찾기 위해 스캔되었으나 아무 것도 찾지 못했습니다. 스캔했으나 TLD가 없는 JAR들의 전체 목록을 보시려면, 로그 레벨을 디버그 레벨로 설정하십시오. 스캔 과정에서 불필요한 JAR들을 건너뛰면, 시스템 시작 시간과 JSP 컴파일 시간을 단축시킬 수 있습니다.
11-Feb-2020 16:36:25.893 정보 [main] org.apache.catalina.startup.HostConfig.deployWAR 웹 애플리케이션 아카이브 [C:\MyCloud\OneDrive\java\apache-tomcat-9.0.30\webapps\200121_Board_PagingModel2.war]의 배치가 [99] 밀리초에 완료되었습니다.
11-Feb-2020 16:36:25.898 정보 [main] org.apache.catalina.startup.HostConfig.deployWAR 웹 애플리케이션 아카이브 [C:\MyCloud\OneDrive\java\apache-tomcat-9.0.30\webapps\200206_ZipSearch.war]을(를) 배치합니다.
11-Feb-2020 16:36:26.965 정보 [main] org.apache.jasper.servlet.TldScanner.scanJars 적어도 하나의 JAR가 TLD들을 찾기 위해 스캔되었으나 아무 것도 찾지 못했습니다. 스캔했으나 TLD가 없는 JAR들의 전체 목록을 보시려면, 로그 레벨을 디버그 레벨로 설정하십시오. 스캔 과정에서 불필요한 JAR들을 건너뛰면, 시스템 시작 시간과 JSP 컴파일 시간을 단축시킬 수 있습니다.
11-Feb-2020 16:36:27.787 정보 [main] org.apache.catalina.startup.HostConfig.deployWAR 웹 애플리케이션 아카이브 [C:\MyCloud\OneDrive\java\apache-tomcat-9.0.30\webapps\200206_ZipSearch.war]의 배치가 [1,889] 밀리초에 완료되었습니다.
11-Feb-2020 16:36:27.793 정보 [main] org.apache.catalina.startup.HostConfig.deployWAR 웹 애플리케이션 아카이브 [C:\MyCloud\OneDrive\java\apache-tomcat-9.0.30\webapps\200207_T_PagingSpringEx01.war]을(를) 배치합니다.
11-Feb-2020 16:36:28.702 정보 [main] org.apache.jasper.servlet.TldScanner.scanJars 적어도 하나의 JAR가 TLD들을 찾기 위해 스캔되었으나 아무 것도 찾지 못했습니다. 스캔했으나 TLD가 없는 JAR들의 전체 목록을 보시려면, 로그 레벨을 디버그 레벨로 설정하십시오. 스캔 과정에서 불필요한 JAR들을 건너뛰면, 시스템 시작 시간과 JSP 컴파일 시간을 단축시킬 수 있습니다.
11-Feb-2020 16:36:29.461 정보 [main] org.apache.catalina.startup.HostConfig.deployWAR 웹 애플리케이션 아카이브 [C:\MyCloud\OneDrive\java\apache-tomcat-9.0.30\webapps\200207_T_PagingSpringEx01.war]의 배치가 [1,668] 밀리초에 완료되었습니다.
11-Feb-2020 16:36:29.467 정보 [main] org.apache.catalina.startup.HostConfig.deployWAR 웹 애플리케이션 아카이브 [C:\MyCloud\OneDrive\java\apache-tomcat-9.0.30\webapps\200211_T_PagingSpringMVCEx01.war]을(를) 배치합니다.
11-Feb-2020 16:36:30.145 정보 [main] org.apache.jasper.servlet.TldScanner.scanJars 적어도 하나의 JAR가 TLD들을 찾기 위해 스캔되었으나 아무 것도 찾지 못했습니다. 스캔했으나 TLD가 없는 JAR들의 전체 목록을 보시려면, 로그 레벨을 디버그 레벨로 설정하십시오. 스캔 과정에서 불필요한 JAR들을 건너뛰면, 시스템 시작 시간과 JSP 컴파일 시간을 단축시킬 수 있습니다.
11-Feb-2020 16:36:31.467 정보 [main] org.apache.catalina.startup.HostConfig.deployWAR 웹 애플리케이션 아카이브 [C:\MyCloud\OneDrive\java\apache-tomcat-9.0.30\webapps\200211_T_PagingSpringMVCEx01.war]의 배치가 [2,001] 밀리초에 완료되었습니다.
11-Feb-2020 16:36:31.471 정보 [main] org.apache.catalina.startup.HostConfig.deployDirectory 웹 애플리케이션 디렉토리 [C:\MyCloud\OneDrive\java\apache-tomcat-9.0.30\webapps\docs]을(를) 배치합니다.
11-Feb-2020 16:36:31.489 정보 [main] org.apache.catalina.startup.HostConfig.deployDirectory 웹 애플리케이션 디렉토리 [C:\MyCloud\OneDrive\java\apache-tomcat-9.0.30\webapps\docs]에 대한 배치가 [18] 밀리초에 완료되었습니다.
11-Feb-2020 16:36:31.492 정보 [main] org.apache.catalina.startup.HostConfig.deployDirectory 웹 애플리케이션 디렉토리 [C:\MyCloud\OneDrive\java\apache-tomcat-9.0.30\webapps\examples]을(를) 배치합니다.
11-Feb-2020 16:36:31.661 정보 [main] org.apache.catalina.startup.HostConfig.deployDirectory 웹 애플리케이션 디렉토리 [C:\MyCloud\OneDrive\java\apache-tomcat-9.0.30\webapps\examples]에 대한 배치가 [169] 밀리초에 완료되었습니다.
11-Feb-2020 16:36:31.664 정보 [main] org.apache.catalina.startup.HostConfig.deployDirectory 웹 애플리케이션 디렉토리 [C:\MyCloud\OneDrive\java\apache-tomcat-9.0.30\webapps\host-manager]을(를) 배치합니다.
11-Feb-2020 16:36:31.689 정보 [main] org.apache.catalina.startup.HostConfig.deployDirectory 웹 애플리케이션 디렉토리 [C:\MyCloud\OneDrive\java\apache-tomcat-9.0.30\webapps\host-manager]에 대한 배치가 [24] 밀리초에 완료되었습니다.
11-Feb-2020 16:36:31.692 정보 [main] org.apache.catalina.startup.HostConfig.deployDirectory 웹 애플리케이션 디렉토리 [C:\MyCloud\OneDrive\java\apache-tomcat-9.0.30\webapps\manager]을(를) 배치합니다.
11-Feb-2020 16:36:31.713 정보 [main] org.apache.catalina.startup.HostConfig.deployDirectory 웹 애플리케이션 디렉토리 [C:\MyCloud\OneDrive\java\apache-tomcat-9.0.30\webapps\manager]에 대한 배치가 [21] 밀리초에 완료되었습니다.
11-Feb-2020 16:36:31.716 정보 [main] org.apache.catalina.startup.HostConfig.deployDirectory 웹 애플리케이션 디렉토리 [C:\MyCloud\OneDrive\java\apache-tomcat-9.0.30\webapps\ROOT]을(를) 배치합니다.
11-Feb-2020 16:36:31.733 정보 [main] org.apache.catalina.startup.HostConfig.deployDirectory 웹 애플리케이션 디렉토리 [C:\MyCloud\OneDrive\java\apache-tomcat-9.0.30\webapps\ROOT]에 대한 배치가 [17] 밀리초에 완료되었습니다.
11-Feb-2020 16:36:31.736 정보 [main] org.apache.catalina.startup.HostConfig.deployDirectory 웹 애플리케이션 디렉토리 [C:\MyCloud\OneDrive\java\apache-tomcat-9.0.30\webapps\website1]을(를) 배치합니다.
11-Feb-2020 16:36:31.810 정보 [main] org.apache.jasper.servlet.TldScanner.scanJars 적어도 하나의 JAR가 TLD들을 찾기 위해 스캔되었으나 아무 것도 찾지 못했습니다. 스캔했으나 TLD가 없는 JAR들의 전체 목록을 보시려면, 로그 레벨을 디버그 레벨로 설정하십시오. 스캔 과정에서 불필요한 JAR들을 건너뛰면, 시스템 시작 시간과 JSP 컴파일 시간을 단축시킬 수 있습니다.
11-Feb-2020 16:36:31.816 정보 [main] org.apache.catalina.startup.HostConfig.deployDirectory 웹 애플리케이션 디렉토리 [C:\MyCloud\OneDrive\java\apache-tomcat-9.0.30\webapps\website1]에 대한 배치가 [80] 밀리초에 완료되었습니다.
11-Feb-2020 16:36:31.819 정보 [main] org.apache.catalina.startup.HostConfig.deployDirectory 웹 애플리케이션 디렉토리 [C:\MyCloud\OneDrive\java\apache-tomcat-9.0.30\webapps\website2]을(를) 배치합니다.
11-Feb-2020 16:36:31.890 정보 [main] org.apache.jasper.servlet.TldScanner.scanJars 적어도 하나의 JAR가 TLD들을 찾기 위해 스캔되었으나 아무 것도 찾지 못했습니다. 스캔했으나 TLD가 없는 JAR들의 전체 목록을 보시려면, 로그 레벨을 디버그 레벨로 설정하십시오. 스캔 과정에서 불필요한 JAR들을 건너뛰면, 시스템 시작 시간과 JSP 컴파일 시간을 단축시킬 수 있습니다.
11-Feb-2020 16:36:31.896 정보 [main] org.apache.catalina.startup.HostConfig.deployDirectory 웹 애플리케이션 디렉토리 [C:\MyCloud\OneDrive\java\apache-tomcat-9.0.30\webapps\website2]에 대한 배치가 [77] 밀리초에 완료되었습니다.
11-Feb-2020 16:36:31.903 정보 [main] org.apache.coyote.AbstractProtocol.start 프로토콜 핸들러 ["http-nio-8080"]을(를) 시작합니다.
11-Feb-2020 16:36:31.912 정보 [main] org.apache.coyote.AbstractProtocol.start 프로토콜 핸들러 ["ajp-nio-8009"]을(를) 시작합니다.
11-Feb-2020 16:36:31.915 정보 [main] org.apache.catalina.startup.Catalina.start 서버가 [6,637] 밀리초 내에 시작되었습니다.
11-Feb-2020 16:47:12.413 정보 [Catalina-utility-1] org.apache.catalina.startup.HostConfig.deployWAR 웹 애플리케이션 아카이브 [C:\MyCloud\OneDrive\java\apache-tomcat-9.0.30\webapps\paging-1.0.0-BUILD-SNAPSHOT.war]을(를) 배치합니다.
11-Feb-2020 16:47:13.349 정보 [Catalina-utility-1] org.apache.jasper.servlet.TldScanner.scanJars 적어도 하나의 JAR가 TLD들을 찾기 위해 스캔되었으나 아무 것도 찾지 못했습니다. 스캔했으나 TLD가 없는 JAR들의 전체 목록을 보시려면, 로그 레벨을 디버그 레벨로 설정하십시오. 스캔 과정에서 불필요한 JAR들을 건너뛰면, 시스템 시작 시간과 JSP 컴파일 시간을 단축시킬 수 있습니다.
11-Feb-2020 16:47:14.325 정보 [Catalina-utility-1] org.apache.catalina.startup.HostConfig.deployWAR 웹 애플리케이션 아카이브 [C:\MyCloud\OneDrive\java\apache-tomcat-9.0.30\webapps\paging-1.0.0-BUILD-SNAPSHOT.war]의 배치가 [1,912] 밀리초에 완료되었습니다.
11-Feb-2020 16:55:32.414 정보 [Thread-5] org.apache.coyote.AbstractProtocol.pause 프로토콜 핸들러 ["http-nio-8080"]을(를) 일시 정지 중
11-Feb-2020 16:55:32.439 정보 [Thread-5] org.apache.coyote.AbstractProtocol.pause 프로토콜 핸들러 ["ajp-nio-8009"]을(를) 일시 정지 중
11-Feb-2020 16:55:32.462 정보 [Thread-5] org.apache.catalina.core.StandardService.stopInternal 서비스 [Catalina]을(를) 중지시킵니다.
11-Feb-2020 16:55:32.505 경고 [Thread-5] org.apache.catalina.loader.WebappClassLoaderBase.clearReferencesJdbc 웹 애플리케이션 [paging-1.0.0-BUILD-SNAPSHOT]이(가) JDBC 드라이버 [org.mariadb.jdbc.Driver]을(를) 등록했지만, 웹 애플리케이션이 중지될 때, 해당 JDBC 드라이버의 등록을 제거하지 못했습니다. 메모리 누수를 방지하기 위하여, 등록을 강제로 제거했습니다.
11-Feb-2020 16:55:32.534 경고 [Thread-5] org.apache.catalina.loader.WebappClassLoaderBase.clearReferencesJdbc 웹 애플리케이션 [200211_T_PagingSpringMVCEx01]이(가) JDBC 드라이버 [org.mariadb.jdbc.Driver]을(를) 등록했지만, 웹 애플리케이션이 중지될 때, 해당 JDBC 드라이버의 등록을 제거하지 못했습니다. 메모리 누수를 방지하기 위하여, 등록을 강제로 제거했습니다.
11-Feb-2020 16:55:32.574 정보 [Thread-5] org.apache.coyote.AbstractProtocol.stop 프로토콜 핸들러 ["http-nio-8080"]을(를) 중지시킵니다.
11-Feb-2020 16:55:32.578 정보 [Thread-5] org.apache.coyote.AbstractProtocol.stop 프로토콜 핸들러 ["ajp-nio-8009"]을(를) 중지시킵니다.
11-Feb-2020 16:55:32.581 정보 [Thread-5] org.apache.coyote.AbstractProtocol.destroy 프로토콜 핸들러 ["http-nio-8080"]을(를) 소멸시킵니다.
11-Feb-2020 16:55:32.584 정보 [Thread-5] org.apache.coyote.AbstractProtocol.destroy 프로토콜 핸들러 ["ajp-nio-8009"]을(를) 소멸시킵니다.
