07-Feb-2020 09:37:18.372 정보 [main] org.apache.catalina.startup.VersionLoggerListener.log 서버 버전 이름:        Apache Tomcat/9.0.30
07-Feb-2020 09:37:18.399 정보 [main] org.apache.catalina.startup.VersionLoggerListener.log Server 빌드 시각:          Dec 7 2019 16:42:04 UTC
07-Feb-2020 09:37:18.400 정보 [main] org.apache.catalina.startup.VersionLoggerListener.log Server 버전 번호:         9.0.30.0
07-Feb-2020 09:37:18.401 정보 [main] org.apache.catalina.startup.VersionLoggerListener.log 운영체제 이름:               Windows 7
07-Feb-2020 09:37:18.402 정보 [main] org.apache.catalina.startup.VersionLoggerListener.log 운영체제 버전:            6.1
07-Feb-2020 09:37:18.403 정보 [main] org.apache.catalina.startup.VersionLoggerListener.log 아키텍처:          amd64
07-Feb-2020 09:37:18.403 정보 [main] org.apache.catalina.startup.VersionLoggerListener.log 자바 홈:             C:\Program Files\Java\jdk1.8.0_221\jre
07-Feb-2020 09:37:18.404 정보 [main] org.apache.catalina.startup.VersionLoggerListener.log JVM 버전:           1.8.0_221-b11
07-Feb-2020 09:37:18.405 정보 [main] org.apache.catalina.startup.VersionLoggerListener.log JVM 벤더:            Oracle Corporation
07-Feb-2020 09:37:18.406 정보 [main] org.apache.catalina.startup.VersionLoggerListener.log CATALINA_BASE:         C:\MyCloud\OneDrive\java\apache-tomcat-9.0.30
07-Feb-2020 09:37:18.406 정보 [main] org.apache.catalina.startup.VersionLoggerListener.log CATALINA_HOME:         C:\MyCloud\OneDrive\java\apache-tomcat-9.0.30
07-Feb-2020 09:37:18.407 정보 [main] org.apache.catalina.startup.VersionLoggerListener.log 명령 행 아규먼트: -Djava.util.logging.config.file=C:\MyCloud\OneDrive\java\apache-tomcat-9.0.30\conf\logging.properties
07-Feb-2020 09:37:18.408 정보 [main] org.apache.catalina.startup.VersionLoggerListener.log 명령 행 아규먼트: -Djava.util.logging.manager=org.apache.juli.ClassLoaderLogManager
07-Feb-2020 09:37:18.410 정보 [main] org.apache.catalina.startup.VersionLoggerListener.log 명령 행 아규먼트: -Djdk.tls.ephemeralDHKeySize=2048
07-Feb-2020 09:37:18.411 정보 [main] org.apache.catalina.startup.VersionLoggerListener.log 명령 행 아규먼트: -Djava.protocol.handler.pkgs=org.apache.catalina.webresources
07-Feb-2020 09:37:18.412 정보 [main] org.apache.catalina.startup.VersionLoggerListener.log 명령 행 아규먼트: -Dignore.endorsed.dirs=
07-Feb-2020 09:37:18.413 정보 [main] org.apache.catalina.startup.VersionLoggerListener.log 명령 행 아규먼트: -Dcatalina.base=C:\MyCloud\OneDrive\java\apache-tomcat-9.0.30
07-Feb-2020 09:37:18.414 정보 [main] org.apache.catalina.startup.VersionLoggerListener.log 명령 행 아규먼트: -Dcatalina.home=C:\MyCloud\OneDrive\java\apache-tomcat-9.0.30
07-Feb-2020 09:37:18.415 정보 [main] org.apache.catalina.startup.VersionLoggerListener.log 명령 행 아규먼트: -Djava.io.tmpdir=C:\MyCloud\OneDrive\java\apache-tomcat-9.0.30\temp
07-Feb-2020 09:37:18.416 정보 [main] org.apache.catalina.core.AprLifecycleListener.lifecycleEvent APR 버전 [1.7.0]을(를) 사용한, APR 기반 Apache Tomcat Native 라이브러리 [1.2.23]을(를) 로드했습니다.
07-Feb-2020 09:37:18.424 정보 [main] org.apache.catalina.core.AprLifecycleListener.lifecycleEvent APR 용량정보들: IPv6 [true], sendfile [true], accept filters [false], random [true].
07-Feb-2020 09:37:18.426 정보 [main] org.apache.catalina.core.AprLifecycleListener.lifecycleEvent APR/OpenSSL 설정: useAprConnector [false], useOpenSSL [true]
07-Feb-2020 09:37:18.433 정보 [main] org.apache.catalina.core.AprLifecycleListener.initializeSSL OpenSSL이 성공적으로 초기화되었습니다: [OpenSSL 1.1.1c  28 May 2019]
07-Feb-2020 09:37:18.720 정보 [main] org.apache.coyote.AbstractProtocol.init 프로토콜 핸들러 ["http-nio-8080"]을(를) 초기화합니다.
07-Feb-2020 09:37:18.805 정보 [main] org.apache.coyote.AbstractProtocol.init 프로토콜 핸들러 ["ajp-nio-8009"]을(를) 초기화합니다.
07-Feb-2020 09:37:18.810 정보 [main] org.apache.catalina.startup.Catalina.load [652] 밀리초 내에 서버가 초기화되었습니다.
07-Feb-2020 09:37:18.857 정보 [main] org.apache.catalina.core.StandardService.startInternal 서비스 [Catalina]을(를) 시작합니다.
07-Feb-2020 09:37:18.858 정보 [main] org.apache.catalina.core.StandardEngine.startInternal 서버 엔진을 시작합니다: [Apache Tomcat/9.0.30]
07-Feb-2020 09:37:19.151 정보 [main] org.apache.catalina.startup.HostConfig.deployWAR 웹 애플리케이션 아카이브 [C:\MyCloud\OneDrive\java\apache-tomcat-9.0.30\webapps\200108_Model1.war]을(를) 배치합니다.
07-Feb-2020 09:37:19.380 정보 [main] org.apache.jasper.servlet.TldScanner.scanJars 적어도 하나의 JAR가 TLD들을 찾기 위해 스캔되었으나 아무 것도 찾지 못했습니다. 스캔했으나 TLD가 없는 JAR들의 전체 목록을 보시려면, 로그 레벨을 디버그 레벨로 설정하십시오. 스캔 과정에서 불필요한 JAR들을 건너뛰면, 시스템 시작 시간과 JSP 컴파일 시간을 단축시킬 수 있습니다.
07-Feb-2020 09:37:19.387 정보 [main] org.apache.catalina.startup.HostConfig.deployWAR 웹 애플리케이션 아카이브 [C:\MyCloud\OneDrive\java\apache-tomcat-9.0.30\webapps\200108_Model1.war]의 배치가 [236] 밀리초에 완료되었습니다.
07-Feb-2020 09:37:19.423 정보 [main] org.apache.catalina.startup.HostConfig.deployWAR 웹 애플리케이션 아카이브 [C:\MyCloud\OneDrive\java\apache-tomcat-9.0.30\webapps\200115_Servlet.war]을(를) 배치합니다.
07-Feb-2020 09:37:19.502 정보 [main] org.apache.catalina.startup.HostConfig.deployWAR 웹 애플리케이션 아카이브 [C:\MyCloud\OneDrive\java\apache-tomcat-9.0.30\webapps\200115_Servlet.war]의 배치가 [79] 밀리초에 완료되었습니다.
07-Feb-2020 09:37:19.544 정보 [main] org.apache.catalina.startup.HostConfig.deployWAR 웹 애플리케이션 아카이브 [C:\MyCloud\OneDrive\java\apache-tomcat-9.0.30\webapps\200121_Board_PagingModel2.war]을(를) 배치합니다.
07-Feb-2020 09:37:19.792 정보 [main] org.apache.jasper.servlet.TldScanner.scanJars 적어도 하나의 JAR가 TLD들을 찾기 위해 스캔되었으나 아무 것도 찾지 못했습니다. 스캔했으나 TLD가 없는 JAR들의 전체 목록을 보시려면, 로그 레벨을 디버그 레벨로 설정하십시오. 스캔 과정에서 불필요한 JAR들을 건너뛰면, 시스템 시작 시간과 JSP 컴파일 시간을 단축시킬 수 있습니다.
07-Feb-2020 09:37:19.798 정보 [main] org.apache.catalina.startup.HostConfig.deployWAR 웹 애플리케이션 아카이브 [C:\MyCloud\OneDrive\java\apache-tomcat-9.0.30\webapps\200121_Board_PagingModel2.war]의 배치가 [254] 밀리초에 완료되었습니다.
07-Feb-2020 09:37:19.801 정보 [main] org.apache.catalina.startup.HostConfig.deployDirectory 웹 애플리케이션 디렉토리 [C:\MyCloud\OneDrive\java\apache-tomcat-9.0.30\webapps\docs]을(를) 배치합니다.
07-Feb-2020 09:37:19.831 정보 [main] org.apache.catalina.startup.HostConfig.deployDirectory 웹 애플리케이션 디렉토리 [C:\MyCloud\OneDrive\java\apache-tomcat-9.0.30\webapps\docs]에 대한 배치가 [31] 밀리초에 완료되었습니다.
07-Feb-2020 09:37:19.832 정보 [main] org.apache.catalina.startup.HostConfig.deployDirectory 웹 애플리케이션 디렉토리 [C:\MyCloud\OneDrive\java\apache-tomcat-9.0.30\webapps\examples]을(를) 배치합니다.
07-Feb-2020 09:37:20.677 정보 [main] org.apache.catalina.startup.HostConfig.deployDirectory 웹 애플리케이션 디렉토리 [C:\MyCloud\OneDrive\java\apache-tomcat-9.0.30\webapps\examples]에 대한 배치가 [845] 밀리초에 완료되었습니다.
07-Feb-2020 09:37:20.679 정보 [main] org.apache.catalina.startup.HostConfig.deployDirectory 웹 애플리케이션 디렉토리 [C:\MyCloud\OneDrive\java\apache-tomcat-9.0.30\webapps\host-manager]을(를) 배치합니다.
07-Feb-2020 09:37:20.784 정보 [main] org.apache.catalina.startup.HostConfig.deployDirectory 웹 애플리케이션 디렉토리 [C:\MyCloud\OneDrive\java\apache-tomcat-9.0.30\webapps\host-manager]에 대한 배치가 [105] 밀리초에 완료되었습니다.
07-Feb-2020 09:37:20.786 정보 [main] org.apache.catalina.startup.HostConfig.deployDirectory 웹 애플리케이션 디렉토리 [C:\MyCloud\OneDrive\java\apache-tomcat-9.0.30\webapps\manager]을(를) 배치합니다.
07-Feb-2020 09:37:20.817 정보 [main] org.apache.catalina.startup.HostConfig.deployDirectory 웹 애플리케이션 디렉토리 [C:\MyCloud\OneDrive\java\apache-tomcat-9.0.30\webapps\manager]에 대한 배치가 [31] 밀리초에 완료되었습니다.
07-Feb-2020 09:37:20.819 정보 [main] org.apache.catalina.startup.HostConfig.deployDirectory 웹 애플리케이션 디렉토리 [C:\MyCloud\OneDrive\java\apache-tomcat-9.0.30\webapps\ROOT]을(를) 배치합니다.
07-Feb-2020 09:37:20.864 정보 [main] org.apache.catalina.startup.HostConfig.deployDirectory 웹 애플리케이션 디렉토리 [C:\MyCloud\OneDrive\java\apache-tomcat-9.0.30\webapps\ROOT]에 대한 배치가 [44] 밀리초에 완료되었습니다.
07-Feb-2020 09:37:20.865 정보 [main] org.apache.catalina.startup.HostConfig.deployDirectory 웹 애플리케이션 디렉토리 [C:\MyCloud\OneDrive\java\apache-tomcat-9.0.30\webapps\website1]을(를) 배치합니다.
07-Feb-2020 09:37:21.026 정보 [main] org.apache.jasper.servlet.TldScanner.scanJars 적어도 하나의 JAR가 TLD들을 찾기 위해 스캔되었으나 아무 것도 찾지 못했습니다. 스캔했으나 TLD가 없는 JAR들의 전체 목록을 보시려면, 로그 레벨을 디버그 레벨로 설정하십시오. 스캔 과정에서 불필요한 JAR들을 건너뛰면, 시스템 시작 시간과 JSP 컴파일 시간을 단축시킬 수 있습니다.
07-Feb-2020 09:37:21.031 정보 [main] org.apache.catalina.startup.HostConfig.deployDirectory 웹 애플리케이션 디렉토리 [C:\MyCloud\OneDrive\java\apache-tomcat-9.0.30\webapps\website1]에 대한 배치가 [166] 밀리초에 완료되었습니다.
07-Feb-2020 09:37:21.032 정보 [main] org.apache.catalina.startup.HostConfig.deployDirectory 웹 애플리케이션 디렉토리 [C:\MyCloud\OneDrive\java\apache-tomcat-9.0.30\webapps\website2]을(를) 배치합니다.
07-Feb-2020 09:37:21.219 정보 [main] org.apache.jasper.servlet.TldScanner.scanJars 적어도 하나의 JAR가 TLD들을 찾기 위해 스캔되었으나 아무 것도 찾지 못했습니다. 스캔했으나 TLD가 없는 JAR들의 전체 목록을 보시려면, 로그 레벨을 디버그 레벨로 설정하십시오. 스캔 과정에서 불필요한 JAR들을 건너뛰면, 시스템 시작 시간과 JSP 컴파일 시간을 단축시킬 수 있습니다.
07-Feb-2020 09:37:21.223 정보 [main] org.apache.catalina.startup.HostConfig.deployDirectory 웹 애플리케이션 디렉토리 [C:\MyCloud\OneDrive\java\apache-tomcat-9.0.30\webapps\website2]에 대한 배치가 [191] 밀리초에 완료되었습니다.
07-Feb-2020 09:37:21.229 정보 [main] org.apache.coyote.AbstractProtocol.start 프로토콜 핸들러 ["http-nio-8080"]을(를) 시작합니다.
07-Feb-2020 09:37:21.236 정보 [main] org.apache.coyote.AbstractProtocol.start 프로토콜 핸들러 ["ajp-nio-8009"]을(를) 시작합니다.
07-Feb-2020 09:37:21.240 정보 [main] org.apache.catalina.startup.Catalina.start 서버가 [2,428] 밀리초 내에 시작되었습니다.
07-Feb-2020 09:37:59.359 정보 [main] org.apache.catalina.startup.VersionLoggerListener.log 서버 버전 이름:        Apache Tomcat/9.0.30
07-Feb-2020 09:37:59.364 정보 [main] org.apache.catalina.startup.VersionLoggerListener.log Server 빌드 시각:          Dec 7 2019 16:42:04 UTC
07-Feb-2020 09:37:59.365 정보 [main] org.apache.catalina.startup.VersionLoggerListener.log Server 버전 번호:         9.0.30.0
07-Feb-2020 09:37:59.366 정보 [main] org.apache.catalina.startup.VersionLoggerListener.log 운영체제 이름:               Windows 7
07-Feb-2020 09:37:59.367 정보 [main] org.apache.catalina.startup.VersionLoggerListener.log 운영체제 버전:            6.1
07-Feb-2020 09:37:59.368 정보 [main] org.apache.catalina.startup.VersionLoggerListener.log 아키텍처:          amd64
07-Feb-2020 09:37:59.368 정보 [main] org.apache.catalina.startup.VersionLoggerListener.log 자바 홈:             C:\Program Files\Java\jdk1.8.0_221\jre
07-Feb-2020 09:37:59.369 정보 [main] org.apache.catalina.startup.VersionLoggerListener.log JVM 버전:           1.8.0_221-b11
07-Feb-2020 09:37:59.370 정보 [main] org.apache.catalina.startup.VersionLoggerListener.log JVM 벤더:            Oracle Corporation
07-Feb-2020 09:37:59.371 정보 [main] org.apache.catalina.startup.VersionLoggerListener.log CATALINA_BASE:         C:\MyCloud\OneDrive\java\apache-tomcat-9.0.30
07-Feb-2020 09:37:59.372 정보 [main] org.apache.catalina.startup.VersionLoggerListener.log CATALINA_HOME:         C:\MyCloud\OneDrive\java\apache-tomcat-9.0.30
07-Feb-2020 09:37:59.373 정보 [main] org.apache.catalina.startup.VersionLoggerListener.log 명령 행 아규먼트: -Djava.util.logging.config.file=C:\MyCloud\OneDrive\java\apache-tomcat-9.0.30\conf\logging.properties
07-Feb-2020 09:37:59.374 정보 [main] org.apache.catalina.startup.VersionLoggerListener.log 명령 행 아규먼트: -Djava.util.logging.manager=org.apache.juli.ClassLoaderLogManager
07-Feb-2020 09:37:59.375 정보 [main] org.apache.catalina.startup.VersionLoggerListener.log 명령 행 아규먼트: -Djdk.tls.ephemeralDHKeySize=2048
07-Feb-2020 09:37:59.376 정보 [main] org.apache.catalina.startup.VersionLoggerListener.log 명령 행 아규먼트: -Djava.protocol.handler.pkgs=org.apache.catalina.webresources
07-Feb-2020 09:37:59.378 정보 [main] org.apache.catalina.startup.VersionLoggerListener.log 명령 행 아규먼트: -Dignore.endorsed.dirs=
07-Feb-2020 09:37:59.379 정보 [main] org.apache.catalina.startup.VersionLoggerListener.log 명령 행 아규먼트: -Dcatalina.base=C:\MyCloud\OneDrive\java\apache-tomcat-9.0.30
07-Feb-2020 09:37:59.381 정보 [main] org.apache.catalina.startup.VersionLoggerListener.log 명령 행 아규먼트: -Dcatalina.home=C:\MyCloud\OneDrive\java\apache-tomcat-9.0.30
07-Feb-2020 09:37:59.382 정보 [main] org.apache.catalina.startup.VersionLoggerListener.log 명령 행 아규먼트: -Djava.io.tmpdir=C:\MyCloud\OneDrive\java\apache-tomcat-9.0.30\temp
07-Feb-2020 09:37:59.383 정보 [main] org.apache.catalina.core.AprLifecycleListener.lifecycleEvent APR 버전 [1.7.0]을(를) 사용한, APR 기반 Apache Tomcat Native 라이브러리 [1.2.23]을(를) 로드했습니다.
07-Feb-2020 09:37:59.385 정보 [main] org.apache.catalina.core.AprLifecycleListener.lifecycleEvent APR 용량정보들: IPv6 [true], sendfile [true], accept filters [false], random [true].
07-Feb-2020 09:37:59.386 정보 [main] org.apache.catalina.core.AprLifecycleListener.lifecycleEvent APR/OpenSSL 설정: useAprConnector [false], useOpenSSL [true]
07-Feb-2020 09:37:59.394 정보 [main] org.apache.catalina.core.AprLifecycleListener.initializeSSL OpenSSL이 성공적으로 초기화되었습니다: [OpenSSL 1.1.1c  28 May 2019]
07-Feb-2020 09:37:59.647 정보 [main] org.apache.coyote.AbstractProtocol.init 프로토콜 핸들러 ["http-nio-8080"]을(를) 초기화합니다.
07-Feb-2020 09:37:59.708 정보 [main] org.apache.coyote.AbstractProtocol.init 프로토콜 핸들러 ["ajp-nio-8009"]을(를) 초기화합니다.
07-Feb-2020 09:37:59.712 정보 [main] org.apache.catalina.startup.Catalina.load [555] 밀리초 내에 서버가 초기화되었습니다.
07-Feb-2020 09:37:59.735 정보 [main] org.apache.catalina.core.StandardService.startInternal 서비스 [Catalina]을(를) 시작합니다.
07-Feb-2020 09:37:59.736 정보 [main] org.apache.catalina.core.StandardEngine.startInternal 서버 엔진을 시작합니다: [Apache Tomcat/9.0.30]
07-Feb-2020 09:37:59.943 정보 [main] org.apache.catalina.startup.HostConfig.deployWAR 웹 애플리케이션 아카이브 [C:\MyCloud\OneDrive\java\apache-tomcat-9.0.30\webapps\200108_Model1.war]을(를) 배치합니다.
07-Feb-2020 09:38:00.100 정보 [main] org.apache.jasper.servlet.TldScanner.scanJars 적어도 하나의 JAR가 TLD들을 찾기 위해 스캔되었으나 아무 것도 찾지 못했습니다. 스캔했으나 TLD가 없는 JAR들의 전체 목록을 보시려면, 로그 레벨을 디버그 레벨로 설정하십시오. 스캔 과정에서 불필요한 JAR들을 건너뛰면, 시스템 시작 시간과 JSP 컴파일 시간을 단축시킬 수 있습니다.
07-Feb-2020 09:38:00.106 정보 [main] org.apache.catalina.startup.HostConfig.deployWAR 웹 애플리케이션 아카이브 [C:\MyCloud\OneDrive\java\apache-tomcat-9.0.30\webapps\200108_Model1.war]의 배치가 [163] 밀리초에 완료되었습니다.
07-Feb-2020 09:38:00.108 정보 [main] org.apache.catalina.startup.HostConfig.deployWAR 웹 애플리케이션 아카이브 [C:\MyCloud\OneDrive\java\apache-tomcat-9.0.30\webapps\200115_Servlet.war]을(를) 배치합니다.
07-Feb-2020 09:38:00.143 정보 [main] org.apache.catalina.startup.HostConfig.deployWAR 웹 애플리케이션 아카이브 [C:\MyCloud\OneDrive\java\apache-tomcat-9.0.30\webapps\200115_Servlet.war]의 배치가 [35] 밀리초에 완료되었습니다.
07-Feb-2020 09:38:00.146 정보 [main] org.apache.catalina.startup.HostConfig.deployWAR 웹 애플리케이션 아카이브 [C:\MyCloud\OneDrive\java\apache-tomcat-9.0.30\webapps\200121_Board_PagingModel2.war]을(를) 배치합니다.
07-Feb-2020 09:38:00.237 정보 [main] org.apache.jasper.servlet.TldScanner.scanJars 적어도 하나의 JAR가 TLD들을 찾기 위해 스캔되었으나 아무 것도 찾지 못했습니다. 스캔했으나 TLD가 없는 JAR들의 전체 목록을 보시려면, 로그 레벨을 디버그 레벨로 설정하십시오. 스캔 과정에서 불필요한 JAR들을 건너뛰면, 시스템 시작 시간과 JSP 컴파일 시간을 단축시킬 수 있습니다.
07-Feb-2020 09:38:00.243 정보 [main] org.apache.catalina.startup.HostConfig.deployWAR 웹 애플리케이션 아카이브 [C:\MyCloud\OneDrive\java\apache-tomcat-9.0.30\webapps\200121_Board_PagingModel2.war]의 배치가 [96] 밀리초에 완료되었습니다.
07-Feb-2020 09:38:00.245 정보 [main] org.apache.catalina.startup.HostConfig.deployDirectory 웹 애플리케이션 디렉토리 [C:\MyCloud\OneDrive\java\apache-tomcat-9.0.30\webapps\docs]을(를) 배치합니다.
07-Feb-2020 09:38:00.263 정보 [main] org.apache.catalina.startup.HostConfig.deployDirectory 웹 애플리케이션 디렉토리 [C:\MyCloud\OneDrive\java\apache-tomcat-9.0.30\webapps\docs]에 대한 배치가 [18] 밀리초에 완료되었습니다.
07-Feb-2020 09:38:00.265 정보 [main] org.apache.catalina.startup.HostConfig.deployDirectory 웹 애플리케이션 디렉토리 [C:\MyCloud\OneDrive\java\apache-tomcat-9.0.30\webapps\examples]을(를) 배치합니다.
07-Feb-2020 09:38:00.514 정보 [main] org.apache.catalina.startup.HostConfig.deployDirectory 웹 애플리케이션 디렉토리 [C:\MyCloud\OneDrive\java\apache-tomcat-9.0.30\webapps\examples]에 대한 배치가 [249] 밀리초에 완료되었습니다.
07-Feb-2020 09:38:00.516 정보 [main] org.apache.catalina.startup.HostConfig.deployDirectory 웹 애플리케이션 디렉토리 [C:\MyCloud\OneDrive\java\apache-tomcat-9.0.30\webapps\host-manager]을(를) 배치합니다.
07-Feb-2020 09:38:00.543 정보 [main] org.apache.catalina.startup.HostConfig.deployDirectory 웹 애플리케이션 디렉토리 [C:\MyCloud\OneDrive\java\apache-tomcat-9.0.30\webapps\host-manager]에 대한 배치가 [26] 밀리초에 완료되었습니다.
07-Feb-2020 09:38:00.544 정보 [main] org.apache.catalina.startup.HostConfig.deployDirectory 웹 애플리케이션 디렉토리 [C:\MyCloud\OneDrive\java\apache-tomcat-9.0.30\webapps\manager]을(를) 배치합니다.
07-Feb-2020 09:38:00.568 정보 [main] org.apache.catalina.startup.HostConfig.deployDirectory 웹 애플리케이션 디렉토리 [C:\MyCloud\OneDrive\java\apache-tomcat-9.0.30\webapps\manager]에 대한 배치가 [24] 밀리초에 완료되었습니다.
07-Feb-2020 09:38:00.570 정보 [main] org.apache.catalina.startup.HostConfig.deployDirectory 웹 애플리케이션 디렉토리 [C:\MyCloud\OneDrive\java\apache-tomcat-9.0.30\webapps\ROOT]을(를) 배치합니다.
07-Feb-2020 09:38:00.588 정보 [main] org.apache.catalina.startup.HostConfig.deployDirectory 웹 애플리케이션 디렉토리 [C:\MyCloud\OneDrive\java\apache-tomcat-9.0.30\webapps\ROOT]에 대한 배치가 [18] 밀리초에 완료되었습니다.
07-Feb-2020 09:38:00.590 정보 [main] org.apache.catalina.startup.HostConfig.deployDirectory 웹 애플리케이션 디렉토리 [C:\MyCloud\OneDrive\java\apache-tomcat-9.0.30\webapps\website1]을(를) 배치합니다.
07-Feb-2020 09:38:00.674 정보 [main] org.apache.jasper.servlet.TldScanner.scanJars 적어도 하나의 JAR가 TLD들을 찾기 위해 스캔되었으나 아무 것도 찾지 못했습니다. 스캔했으나 TLD가 없는 JAR들의 전체 목록을 보시려면, 로그 레벨을 디버그 레벨로 설정하십시오. 스캔 과정에서 불필요한 JAR들을 건너뛰면, 시스템 시작 시간과 JSP 컴파일 시간을 단축시킬 수 있습니다.
07-Feb-2020 09:38:00.679 정보 [main] org.apache.catalina.startup.HostConfig.deployDirectory 웹 애플리케이션 디렉토리 [C:\MyCloud\OneDrive\java\apache-tomcat-9.0.30\webapps\website1]에 대한 배치가 [89] 밀리초에 완료되었습니다.
07-Feb-2020 09:38:00.681 정보 [main] org.apache.catalina.startup.HostConfig.deployDirectory 웹 애플리케이션 디렉토리 [C:\MyCloud\OneDrive\java\apache-tomcat-9.0.30\webapps\website2]을(를) 배치합니다.
07-Feb-2020 09:38:00.772 정보 [main] org.apache.jasper.servlet.TldScanner.scanJars 적어도 하나의 JAR가 TLD들을 찾기 위해 스캔되었으나 아무 것도 찾지 못했습니다. 스캔했으나 TLD가 없는 JAR들의 전체 목록을 보시려면, 로그 레벨을 디버그 레벨로 설정하십시오. 스캔 과정에서 불필요한 JAR들을 건너뛰면, 시스템 시작 시간과 JSP 컴파일 시간을 단축시킬 수 있습니다.
07-Feb-2020 09:38:00.776 정보 [main] org.apache.catalina.startup.HostConfig.deployDirectory 웹 애플리케이션 디렉토리 [C:\MyCloud\OneDrive\java\apache-tomcat-9.0.30\webapps\website2]에 대한 배치가 [96] 밀리초에 완료되었습니다.
07-Feb-2020 09:38:00.781 정보 [main] org.apache.coyote.AbstractProtocol.start 프로토콜 핸들러 ["http-nio-8080"]을(를) 시작합니다.
07-Feb-2020 09:38:00.789 정보 [main] org.apache.coyote.AbstractProtocol.start 프로토콜 핸들러 ["ajp-nio-8009"]을(를) 시작합니다.
07-Feb-2020 09:38:00.792 정보 [main] org.apache.catalina.startup.Catalina.start 서버가 [1,078] 밀리초 내에 시작되었습니다.
07-Feb-2020 09:41:41.483 정보 [main] org.apache.catalina.startup.VersionLoggerListener.log 서버 버전 이름:        Apache Tomcat/9.0.30
07-Feb-2020 09:41:41.487 정보 [main] org.apache.catalina.startup.VersionLoggerListener.log Server 빌드 시각:          Dec 7 2019 16:42:04 UTC
07-Feb-2020 09:41:41.487 정보 [main] org.apache.catalina.startup.VersionLoggerListener.log Server 버전 번호:         9.0.30.0
07-Feb-2020 09:41:41.488 정보 [main] org.apache.catalina.startup.VersionLoggerListener.log 운영체제 이름:               Windows 7
07-Feb-2020 09:41:41.489 정보 [main] org.apache.catalina.startup.VersionLoggerListener.log 운영체제 버전:            6.1
07-Feb-2020 09:41:41.490 정보 [main] org.apache.catalina.startup.VersionLoggerListener.log 아키텍처:          amd64
07-Feb-2020 09:41:41.491 정보 [main] org.apache.catalina.startup.VersionLoggerListener.log 자바 홈:             C:\Program Files\Java\jdk1.8.0_221\jre
07-Feb-2020 09:41:41.491 정보 [main] org.apache.catalina.startup.VersionLoggerListener.log JVM 버전:           1.8.0_221-b11
07-Feb-2020 09:41:41.492 정보 [main] org.apache.catalina.startup.VersionLoggerListener.log JVM 벤더:            Oracle Corporation
07-Feb-2020 09:41:41.493 정보 [main] org.apache.catalina.startup.VersionLoggerListener.log CATALINA_BASE:         C:\MyCloud\OneDrive\java\apache-tomcat-9.0.30
07-Feb-2020 09:41:41.494 정보 [main] org.apache.catalina.startup.VersionLoggerListener.log CATALINA_HOME:         C:\MyCloud\OneDrive\java\apache-tomcat-9.0.30
07-Feb-2020 09:41:41.495 정보 [main] org.apache.catalina.startup.VersionLoggerListener.log 명령 행 아규먼트: -Djava.util.logging.config.file=C:\MyCloud\OneDrive\java\apache-tomcat-9.0.30\conf\logging.properties
07-Feb-2020 09:41:41.496 정보 [main] org.apache.catalina.startup.VersionLoggerListener.log 명령 행 아규먼트: -Djava.util.logging.manager=org.apache.juli.ClassLoaderLogManager
07-Feb-2020 09:41:41.497 정보 [main] org.apache.catalina.startup.VersionLoggerListener.log 명령 행 아규먼트: -Djdk.tls.ephemeralDHKeySize=2048
07-Feb-2020 09:41:41.499 정보 [main] org.apache.catalina.startup.VersionLoggerListener.log 명령 행 아규먼트: -Djava.protocol.handler.pkgs=org.apache.catalina.webresources
07-Feb-2020 09:41:41.500 정보 [main] org.apache.catalina.startup.VersionLoggerListener.log 명령 행 아규먼트: -Dignore.endorsed.dirs=
07-Feb-2020 09:41:41.501 정보 [main] org.apache.catalina.startup.VersionLoggerListener.log 명령 행 아규먼트: -Dcatalina.base=C:\MyCloud\OneDrive\java\apache-tomcat-9.0.30
07-Feb-2020 09:41:41.503 정보 [main] org.apache.catalina.startup.VersionLoggerListener.log 명령 행 아규먼트: -Dcatalina.home=C:\MyCloud\OneDrive\java\apache-tomcat-9.0.30
07-Feb-2020 09:41:41.504 정보 [main] org.apache.catalina.startup.VersionLoggerListener.log 명령 행 아규먼트: -Djava.io.tmpdir=C:\MyCloud\OneDrive\java\apache-tomcat-9.0.30\temp
07-Feb-2020 09:41:41.505 정보 [main] org.apache.catalina.core.AprLifecycleListener.lifecycleEvent APR 버전 [1.7.0]을(를) 사용한, APR 기반 Apache Tomcat Native 라이브러리 [1.2.23]을(를) 로드했습니다.
07-Feb-2020 09:41:41.507 정보 [main] org.apache.catalina.core.AprLifecycleListener.lifecycleEvent APR 용량정보들: IPv6 [true], sendfile [true], accept filters [false], random [true].
07-Feb-2020 09:41:41.508 정보 [main] org.apache.catalina.core.AprLifecycleListener.lifecycleEvent APR/OpenSSL 설정: useAprConnector [false], useOpenSSL [true]
07-Feb-2020 09:41:41.515 정보 [main] org.apache.catalina.core.AprLifecycleListener.initializeSSL OpenSSL이 성공적으로 초기화되었습니다: [OpenSSL 1.1.1c  28 May 2019]
07-Feb-2020 09:41:41.765 정보 [main] org.apache.coyote.AbstractProtocol.init 프로토콜 핸들러 ["http-nio-8080"]을(를) 초기화합니다.
07-Feb-2020 09:41:41.827 정보 [main] org.apache.coyote.AbstractProtocol.init 프로토콜 핸들러 ["ajp-nio-8009"]을(를) 초기화합니다.
07-Feb-2020 09:41:41.831 정보 [main] org.apache.catalina.startup.Catalina.load [555] 밀리초 내에 서버가 초기화되었습니다.
07-Feb-2020 09:41:41.855 정보 [main] org.apache.catalina.core.StandardService.startInternal 서비스 [Catalina]을(를) 시작합니다.
07-Feb-2020 09:41:41.856 정보 [main] org.apache.catalina.core.StandardEngine.startInternal 서버 엔진을 시작합니다: [Apache Tomcat/9.0.30]
07-Feb-2020 09:41:42.056 정보 [main] org.apache.catalina.startup.HostConfig.deployWAR 웹 애플리케이션 아카이브 [C:\MyCloud\OneDrive\java\apache-tomcat-9.0.30\webapps\200108_Model1.war]을(를) 배치합니다.
07-Feb-2020 09:41:42.198 정보 [main] org.apache.jasper.servlet.TldScanner.scanJars 적어도 하나의 JAR가 TLD들을 찾기 위해 스캔되었으나 아무 것도 찾지 못했습니다. 스캔했으나 TLD가 없는 JAR들의 전체 목록을 보시려면, 로그 레벨을 디버그 레벨로 설정하십시오. 스캔 과정에서 불필요한 JAR들을 건너뛰면, 시스템 시작 시간과 JSP 컴파일 시간을 단축시킬 수 있습니다.
07-Feb-2020 09:41:42.204 정보 [main] org.apache.catalina.startup.HostConfig.deployWAR 웹 애플리케이션 아카이브 [C:\MyCloud\OneDrive\java\apache-tomcat-9.0.30\webapps\200108_Model1.war]의 배치가 [148] 밀리초에 완료되었습니다.
07-Feb-2020 09:41:42.206 정보 [main] org.apache.catalina.startup.HostConfig.deployWAR 웹 애플리케이션 아카이브 [C:\MyCloud\OneDrive\java\apache-tomcat-9.0.30\webapps\200115_Servlet.war]을(를) 배치합니다.
07-Feb-2020 09:41:42.242 정보 [main] org.apache.catalina.startup.HostConfig.deployWAR 웹 애플리케이션 아카이브 [C:\MyCloud\OneDrive\java\apache-tomcat-9.0.30\webapps\200115_Servlet.war]의 배치가 [36] 밀리초에 완료되었습니다.
07-Feb-2020 09:41:42.246 정보 [main] org.apache.catalina.startup.HostConfig.deployWAR 웹 애플리케이션 아카이브 [C:\MyCloud\OneDrive\java\apache-tomcat-9.0.30\webapps\200121_Board_PagingModel2.war]을(를) 배치합니다.
07-Feb-2020 09:41:42.337 정보 [main] org.apache.jasper.servlet.TldScanner.scanJars 적어도 하나의 JAR가 TLD들을 찾기 위해 스캔되었으나 아무 것도 찾지 못했습니다. 스캔했으나 TLD가 없는 JAR들의 전체 목록을 보시려면, 로그 레벨을 디버그 레벨로 설정하십시오. 스캔 과정에서 불필요한 JAR들을 건너뛰면, 시스템 시작 시간과 JSP 컴파일 시간을 단축시킬 수 있습니다.
07-Feb-2020 09:41:42.341 정보 [main] org.apache.catalina.startup.HostConfig.deployWAR 웹 애플리케이션 아카이브 [C:\MyCloud\OneDrive\java\apache-tomcat-9.0.30\webapps\200121_Board_PagingModel2.war]의 배치가 [95] 밀리초에 완료되었습니다.
07-Feb-2020 09:41:42.344 정보 [main] org.apache.catalina.startup.HostConfig.deployDirectory 웹 애플리케이션 디렉토리 [C:\MyCloud\OneDrive\java\apache-tomcat-9.0.30\webapps\docs]을(를) 배치합니다.
07-Feb-2020 09:41:42.361 정보 [main] org.apache.catalina.startup.HostConfig.deployDirectory 웹 애플리케이션 디렉토리 [C:\MyCloud\OneDrive\java\apache-tomcat-9.0.30\webapps\docs]에 대한 배치가 [17] 밀리초에 완료되었습니다.
07-Feb-2020 09:41:42.363 정보 [main] org.apache.catalina.startup.HostConfig.deployDirectory 웹 애플리케이션 디렉토리 [C:\MyCloud\OneDrive\java\apache-tomcat-9.0.30\webapps\examples]을(를) 배치합니다.
07-Feb-2020 09:41:42.614 정보 [main] org.apache.catalina.startup.HostConfig.deployDirectory 웹 애플리케이션 디렉토리 [C:\MyCloud\OneDrive\java\apache-tomcat-9.0.30\webapps\examples]에 대한 배치가 [250] 밀리초에 완료되었습니다.
07-Feb-2020 09:41:42.615 정보 [main] org.apache.catalina.startup.HostConfig.deployDirectory 웹 애플리케이션 디렉토리 [C:\MyCloud\OneDrive\java\apache-tomcat-9.0.30\webapps\host-manager]을(를) 배치합니다.
07-Feb-2020 09:41:42.640 정보 [main] org.apache.catalina.startup.HostConfig.deployDirectory 웹 애플리케이션 디렉토리 [C:\MyCloud\OneDrive\java\apache-tomcat-9.0.30\webapps\host-manager]에 대한 배치가 [25] 밀리초에 완료되었습니다.
07-Feb-2020 09:41:42.641 정보 [main] org.apache.catalina.startup.HostConfig.deployDirectory 웹 애플리케이션 디렉토리 [C:\MyCloud\OneDrive\java\apache-tomcat-9.0.30\webapps\manager]을(를) 배치합니다.
07-Feb-2020 09:41:42.665 정보 [main] org.apache.catalina.startup.HostConfig.deployDirectory 웹 애플리케이션 디렉토리 [C:\MyCloud\OneDrive\java\apache-tomcat-9.0.30\webapps\manager]에 대한 배치가 [23] 밀리초에 완료되었습니다.
07-Feb-2020 09:41:42.666 정보 [main] org.apache.catalina.startup.HostConfig.deployDirectory 웹 애플리케이션 디렉토리 [C:\MyCloud\OneDrive\java\apache-tomcat-9.0.30\webapps\ROOT]을(를) 배치합니다.
07-Feb-2020 09:41:42.684 정보 [main] org.apache.catalina.startup.HostConfig.deployDirectory 웹 애플리케이션 디렉토리 [C:\MyCloud\OneDrive\java\apache-tomcat-9.0.30\webapps\ROOT]에 대한 배치가 [17] 밀리초에 완료되었습니다.
07-Feb-2020 09:41:42.685 정보 [main] org.apache.catalina.startup.HostConfig.deployDirectory 웹 애플리케이션 디렉토리 [C:\MyCloud\OneDrive\java\apache-tomcat-9.0.30\webapps\website1]을(를) 배치합니다.
07-Feb-2020 09:41:42.769 정보 [main] org.apache.jasper.servlet.TldScanner.scanJars 적어도 하나의 JAR가 TLD들을 찾기 위해 스캔되었으나 아무 것도 찾지 못했습니다. 스캔했으나 TLD가 없는 JAR들의 전체 목록을 보시려면, 로그 레벨을 디버그 레벨로 설정하십시오. 스캔 과정에서 불필요한 JAR들을 건너뛰면, 시스템 시작 시간과 JSP 컴파일 시간을 단축시킬 수 있습니다.
07-Feb-2020 09:41:42.774 정보 [main] org.apache.catalina.startup.HostConfig.deployDirectory 웹 애플리케이션 디렉토리 [C:\MyCloud\OneDrive\java\apache-tomcat-9.0.30\webapps\website1]에 대한 배치가 [89] 밀리초에 완료되었습니다.
07-Feb-2020 09:41:42.776 정보 [main] org.apache.catalina.startup.HostConfig.deployDirectory 웹 애플리케이션 디렉토리 [C:\MyCloud\OneDrive\java\apache-tomcat-9.0.30\webapps\website2]을(를) 배치합니다.
07-Feb-2020 09:41:42.868 정보 [main] org.apache.jasper.servlet.TldScanner.scanJars 적어도 하나의 JAR가 TLD들을 찾기 위해 스캔되었으나 아무 것도 찾지 못했습니다. 스캔했으나 TLD가 없는 JAR들의 전체 목록을 보시려면, 로그 레벨을 디버그 레벨로 설정하십시오. 스캔 과정에서 불필요한 JAR들을 건너뛰면, 시스템 시작 시간과 JSP 컴파일 시간을 단축시킬 수 있습니다.
07-Feb-2020 09:41:42.873 정보 [main] org.apache.catalina.startup.HostConfig.deployDirectory 웹 애플리케이션 디렉토리 [C:\MyCloud\OneDrive\java\apache-tomcat-9.0.30\webapps\website2]에 대한 배치가 [97] 밀리초에 완료되었습니다.
07-Feb-2020 09:41:42.878 정보 [main] org.apache.coyote.AbstractProtocol.start 프로토콜 핸들러 ["http-nio-8080"]을(를) 시작합니다.
07-Feb-2020 09:41:42.886 정보 [main] org.apache.coyote.AbstractProtocol.start 프로토콜 핸들러 ["ajp-nio-8009"]을(를) 시작합니다.
07-Feb-2020 09:41:42.889 정보 [main] org.apache.catalina.startup.Catalina.start 서버가 [1,056] 밀리초 내에 시작되었습니다.
07-Feb-2020 09:44:06.792 정보 [main] org.apache.catalina.startup.VersionLoggerListener.log 서버 버전 이름:        Apache Tomcat/9.0.30
07-Feb-2020 09:44:06.797 정보 [main] org.apache.catalina.startup.VersionLoggerListener.log Server 빌드 시각:          Dec 7 2019 16:42:04 UTC
07-Feb-2020 09:44:06.798 정보 [main] org.apache.catalina.startup.VersionLoggerListener.log Server 버전 번호:         9.0.30.0
07-Feb-2020 09:44:06.799 정보 [main] org.apache.catalina.startup.VersionLoggerListener.log 운영체제 이름:               Windows 7
07-Feb-2020 09:44:06.800 정보 [main] org.apache.catalina.startup.VersionLoggerListener.log 운영체제 버전:            6.1
07-Feb-2020 09:44:06.801 정보 [main] org.apache.catalina.startup.VersionLoggerListener.log 아키텍처:          amd64
07-Feb-2020 09:44:06.802 정보 [main] org.apache.catalina.startup.VersionLoggerListener.log 자바 홈:             C:\Program Files\Java\jdk1.8.0_221\jre
07-Feb-2020 09:44:06.803 정보 [main] org.apache.catalina.startup.VersionLoggerListener.log JVM 버전:           1.8.0_221-b11
07-Feb-2020 09:44:06.803 정보 [main] org.apache.catalina.startup.VersionLoggerListener.log JVM 벤더:            Oracle Corporation
07-Feb-2020 09:44:06.804 정보 [main] org.apache.catalina.startup.VersionLoggerListener.log CATALINA_BASE:         C:\MyCloud\OneDrive\java\apache-tomcat-9.0.30
07-Feb-2020 09:44:06.805 정보 [main] org.apache.catalina.startup.VersionLoggerListener.log CATALINA_HOME:         C:\MyCloud\OneDrive\java\apache-tomcat-9.0.30
07-Feb-2020 09:44:06.806 정보 [main] org.apache.catalina.startup.VersionLoggerListener.log 명령 행 아규먼트: -Djava.util.logging.config.file=C:\MyCloud\OneDrive\java\apache-tomcat-9.0.30\conf\logging.properties
07-Feb-2020 09:44:06.807 정보 [main] org.apache.catalina.startup.VersionLoggerListener.log 명령 행 아규먼트: -Djava.util.logging.manager=org.apache.juli.ClassLoaderLogManager
07-Feb-2020 09:44:06.808 정보 [main] org.apache.catalina.startup.VersionLoggerListener.log 명령 행 아규먼트: -Djdk.tls.ephemeralDHKeySize=2048
07-Feb-2020 09:44:06.809 정보 [main] org.apache.catalina.startup.VersionLoggerListener.log 명령 행 아규먼트: -Djava.protocol.handler.pkgs=org.apache.catalina.webresources
07-Feb-2020 09:44:06.810 정보 [main] org.apache.catalina.startup.VersionLoggerListener.log 명령 행 아규먼트: -Dignore.endorsed.dirs=
07-Feb-2020 09:44:06.811 정보 [main] org.apache.catalina.startup.VersionLoggerListener.log 명령 행 아규먼트: -Dcatalina.base=C:\MyCloud\OneDrive\java\apache-tomcat-9.0.30
07-Feb-2020 09:44:06.812 정보 [main] org.apache.catalina.startup.VersionLoggerListener.log 명령 행 아규먼트: -Dcatalina.home=C:\MyCloud\OneDrive\java\apache-tomcat-9.0.30
07-Feb-2020 09:44:06.814 정보 [main] org.apache.catalina.startup.VersionLoggerListener.log 명령 행 아규먼트: -Djava.io.tmpdir=C:\MyCloud\OneDrive\java\apache-tomcat-9.0.30\temp
07-Feb-2020 09:44:06.815 정보 [main] org.apache.catalina.core.AprLifecycleListener.lifecycleEvent APR 버전 [1.7.0]을(를) 사용한, APR 기반 Apache Tomcat Native 라이브러리 [1.2.23]을(를) 로드했습니다.
07-Feb-2020 09:44:06.816 정보 [main] org.apache.catalina.core.AprLifecycleListener.lifecycleEvent APR 용량정보들: IPv6 [true], sendfile [true], accept filters [false], random [true].
07-Feb-2020 09:44:06.818 정보 [main] org.apache.catalina.core.AprLifecycleListener.lifecycleEvent APR/OpenSSL 설정: useAprConnector [false], useOpenSSL [true]
07-Feb-2020 09:44:06.825 정보 [main] org.apache.catalina.core.AprLifecycleListener.initializeSSL OpenSSL이 성공적으로 초기화되었습니다: [OpenSSL 1.1.1c  28 May 2019]
07-Feb-2020 09:44:07.082 정보 [main] org.apache.coyote.AbstractProtocol.init 프로토콜 핸들러 ["http-nio-8080"]을(를) 초기화합니다.
07-Feb-2020 09:44:07.146 정보 [main] org.apache.coyote.AbstractProtocol.init 프로토콜 핸들러 ["ajp-nio-8009"]을(를) 초기화합니다.
07-Feb-2020 09:44:07.155 정보 [main] org.apache.catalina.startup.Catalina.load [582] 밀리초 내에 서버가 초기화되었습니다.
07-Feb-2020 09:44:07.179 정보 [main] org.apache.catalina.core.StandardService.startInternal 서비스 [Catalina]을(를) 시작합니다.
07-Feb-2020 09:44:07.179 정보 [main] org.apache.catalina.core.StandardEngine.startInternal 서버 엔진을 시작합니다: [Apache Tomcat/9.0.30]
07-Feb-2020 09:44:07.389 정보 [main] org.apache.catalina.startup.HostConfig.deployWAR 웹 애플리케이션 아카이브 [C:\MyCloud\OneDrive\java\apache-tomcat-9.0.30\webapps\200108_Model1.war]을(를) 배치합니다.
07-Feb-2020 09:44:07.537 정보 [main] org.apache.jasper.servlet.TldScanner.scanJars 적어도 하나의 JAR가 TLD들을 찾기 위해 스캔되었으나 아무 것도 찾지 못했습니다. 스캔했으나 TLD가 없는 JAR들의 전체 목록을 보시려면, 로그 레벨을 디버그 레벨로 설정하십시오. 스캔 과정에서 불필요한 JAR들을 건너뛰면, 시스템 시작 시간과 JSP 컴파일 시간을 단축시킬 수 있습니다.
07-Feb-2020 09:44:07.542 정보 [main] org.apache.catalina.startup.HostConfig.deployWAR 웹 애플리케이션 아카이브 [C:\MyCloud\OneDrive\java\apache-tomcat-9.0.30\webapps\200108_Model1.war]의 배치가 [153] 밀리초에 완료되었습니다.
07-Feb-2020 09:44:07.544 정보 [main] org.apache.catalina.startup.HostConfig.deployWAR 웹 애플리케이션 아카이브 [C:\MyCloud\OneDrive\java\apache-tomcat-9.0.30\webapps\200115_Servlet.war]을(를) 배치합니다.
07-Feb-2020 09:44:07.581 정보 [main] org.apache.catalina.startup.HostConfig.deployWAR 웹 애플리케이션 아카이브 [C:\MyCloud\OneDrive\java\apache-tomcat-9.0.30\webapps\200115_Servlet.war]의 배치가 [37] 밀리초에 완료되었습니다.
07-Feb-2020 09:44:07.584 정보 [main] org.apache.catalina.startup.HostConfig.deployWAR 웹 애플리케이션 아카이브 [C:\MyCloud\OneDrive\java\apache-tomcat-9.0.30\webapps\200121_Board_PagingModel2.war]을(를) 배치합니다.
07-Feb-2020 09:44:07.675 정보 [main] org.apache.jasper.servlet.TldScanner.scanJars 적어도 하나의 JAR가 TLD들을 찾기 위해 스캔되었으나 아무 것도 찾지 못했습니다. 스캔했으나 TLD가 없는 JAR들의 전체 목록을 보시려면, 로그 레벨을 디버그 레벨로 설정하십시오. 스캔 과정에서 불필요한 JAR들을 건너뛰면, 시스템 시작 시간과 JSP 컴파일 시간을 단축시킬 수 있습니다.
07-Feb-2020 09:44:07.679 정보 [main] org.apache.catalina.startup.HostConfig.deployWAR 웹 애플리케이션 아카이브 [C:\MyCloud\OneDrive\java\apache-tomcat-9.0.30\webapps\200121_Board_PagingModel2.war]의 배치가 [96] 밀리초에 완료되었습니다.
07-Feb-2020 09:44:07.682 정보 [main] org.apache.catalina.startup.HostConfig.deployWAR 웹 애플리케이션 아카이브 [C:\MyCloud\OneDrive\java\apache-tomcat-9.0.30\webapps\200206_ZipSearch.war]을(를) 배치합니다.
07-Feb-2020 09:44:08.933 정보 [main] org.apache.jasper.servlet.TldScanner.scanJars 적어도 하나의 JAR가 TLD들을 찾기 위해 스캔되었으나 아무 것도 찾지 못했습니다. 스캔했으나 TLD가 없는 JAR들의 전체 목록을 보시려면, 로그 레벨을 디버그 레벨로 설정하십시오. 스캔 과정에서 불필요한 JAR들을 건너뛰면, 시스템 시작 시간과 JSP 컴파일 시간을 단축시킬 수 있습니다.
07-Feb-2020 09:44:09.914 정보 [main] org.apache.catalina.startup.HostConfig.deployWAR 웹 애플리케이션 아카이브 [C:\MyCloud\OneDrive\java\apache-tomcat-9.0.30\webapps\200206_ZipSearch.war]의 배치가 [2,232] 밀리초에 완료되었습니다.
07-Feb-2020 09:44:09.917 정보 [main] org.apache.catalina.startup.HostConfig.deployDirectory 웹 애플리케이션 디렉토리 [C:\MyCloud\OneDrive\java\apache-tomcat-9.0.30\webapps\docs]을(를) 배치합니다.
07-Feb-2020 09:44:09.943 정보 [main] org.apache.catalina.startup.HostConfig.deployDirectory 웹 애플리케이션 디렉토리 [C:\MyCloud\OneDrive\java\apache-tomcat-9.0.30\webapps\docs]에 대한 배치가 [26] 밀리초에 완료되었습니다.
07-Feb-2020 09:44:09.945 정보 [main] org.apache.catalina.startup.HostConfig.deployDirectory 웹 애플리케이션 디렉토리 [C:\MyCloud\OneDrive\java\apache-tomcat-9.0.30\webapps\examples]을(를) 배치합니다.
07-Feb-2020 09:44:10.156 정보 [main] org.apache.catalina.startup.HostConfig.deployDirectory 웹 애플리케이션 디렉토리 [C:\MyCloud\OneDrive\java\apache-tomcat-9.0.30\webapps\examples]에 대한 배치가 [212] 밀리초에 완료되었습니다.
07-Feb-2020 09:44:10.158 정보 [main] org.apache.catalina.startup.HostConfig.deployDirectory 웹 애플리케이션 디렉토리 [C:\MyCloud\OneDrive\java\apache-tomcat-9.0.30\webapps\host-manager]을(를) 배치합니다.
07-Feb-2020 09:44:10.190 정보 [main] org.apache.catalina.startup.HostConfig.deployDirectory 웹 애플리케이션 디렉토리 [C:\MyCloud\OneDrive\java\apache-tomcat-9.0.30\webapps\host-manager]에 대한 배치가 [31] 밀리초에 완료되었습니다.
07-Feb-2020 09:44:10.191 정보 [main] org.apache.catalina.startup.HostConfig.deployDirectory 웹 애플리케이션 디렉토리 [C:\MyCloud\OneDrive\java\apache-tomcat-9.0.30\webapps\manager]을(를) 배치합니다.
07-Feb-2020 09:44:10.218 정보 [main] org.apache.catalina.startup.HostConfig.deployDirectory 웹 애플리케이션 디렉토리 [C:\MyCloud\OneDrive\java\apache-tomcat-9.0.30\webapps\manager]에 대한 배치가 [27] 밀리초에 완료되었습니다.
07-Feb-2020 09:44:10.220 정보 [main] org.apache.catalina.startup.HostConfig.deployDirectory 웹 애플리케이션 디렉토리 [C:\MyCloud\OneDrive\java\apache-tomcat-9.0.30\webapps\ROOT]을(를) 배치합니다.
07-Feb-2020 09:44:10.239 정보 [main] org.apache.catalina.startup.HostConfig.deployDirectory 웹 애플리케이션 디렉토리 [C:\MyCloud\OneDrive\java\apache-tomcat-9.0.30\webapps\ROOT]에 대한 배치가 [19] 밀리초에 완료되었습니다.
07-Feb-2020 09:44:10.240 정보 [main] org.apache.catalina.startup.HostConfig.deployDirectory 웹 애플리케이션 디렉토리 [C:\MyCloud\OneDrive\java\apache-tomcat-9.0.30\webapps\website1]을(를) 배치합니다.
07-Feb-2020 09:44:10.327 정보 [main] org.apache.jasper.servlet.TldScanner.scanJars 적어도 하나의 JAR가 TLD들을 찾기 위해 스캔되었으나 아무 것도 찾지 못했습니다. 스캔했으나 TLD가 없는 JAR들의 전체 목록을 보시려면, 로그 레벨을 디버그 레벨로 설정하십시오. 스캔 과정에서 불필요한 JAR들을 건너뛰면, 시스템 시작 시간과 JSP 컴파일 시간을 단축시킬 수 있습니다.
07-Feb-2020 09:44:10.332 정보 [main] org.apache.catalina.startup.HostConfig.deployDirectory 웹 애플리케이션 디렉토리 [C:\MyCloud\OneDrive\java\apache-tomcat-9.0.30\webapps\website1]에 대한 배치가 [91] 밀리초에 완료되었습니다.
07-Feb-2020 09:44:10.333 정보 [main] org.apache.catalina.startup.HostConfig.deployDirectory 웹 애플리케이션 디렉토리 [C:\MyCloud\OneDrive\java\apache-tomcat-9.0.30\webapps\website2]을(를) 배치합니다.
07-Feb-2020 09:44:10.439 정보 [main] org.apache.jasper.servlet.TldScanner.scanJars 적어도 하나의 JAR가 TLD들을 찾기 위해 스캔되었으나 아무 것도 찾지 못했습니다. 스캔했으나 TLD가 없는 JAR들의 전체 목록을 보시려면, 로그 레벨을 디버그 레벨로 설정하십시오. 스캔 과정에서 불필요한 JAR들을 건너뛰면, 시스템 시작 시간과 JSP 컴파일 시간을 단축시킬 수 있습니다.
07-Feb-2020 09:44:10.443 정보 [main] org.apache.catalina.startup.HostConfig.deployDirectory 웹 애플리케이션 디렉토리 [C:\MyCloud\OneDrive\java\apache-tomcat-9.0.30\webapps\website2]에 대한 배치가 [110] 밀리초에 완료되었습니다.
07-Feb-2020 09:44:10.450 정보 [main] org.apache.coyote.AbstractProtocol.start 프로토콜 핸들러 ["http-nio-8080"]을(를) 시작합니다.
07-Feb-2020 09:44:10.460 정보 [main] org.apache.coyote.AbstractProtocol.start 프로토콜 핸들러 ["ajp-nio-8009"]을(를) 시작합니다.
07-Feb-2020 09:44:10.465 정보 [main] org.apache.catalina.startup.Catalina.start 서버가 [3,309] 밀리초 내에 시작되었습니다.
07-Feb-2020 09:44:42.941 정보 [main] org.apache.catalina.startup.VersionLoggerListener.log 서버 버전 이름:        Apache Tomcat/9.0.30
07-Feb-2020 09:44:42.946 정보 [main] org.apache.catalina.startup.VersionLoggerListener.log Server 빌드 시각:          Dec 7 2019 16:42:04 UTC
07-Feb-2020 09:44:42.946 정보 [main] org.apache.catalina.startup.VersionLoggerListener.log Server 버전 번호:         9.0.30.0
07-Feb-2020 09:44:42.947 정보 [main] org.apache.catalina.startup.VersionLoggerListener.log 운영체제 이름:               Windows 7
07-Feb-2020 09:44:42.948 정보 [main] org.apache.catalina.startup.VersionLoggerListener.log 운영체제 버전:            6.1
07-Feb-2020 09:44:42.948 정보 [main] org.apache.catalina.startup.VersionLoggerListener.log 아키텍처:          amd64
07-Feb-2020 09:44:42.949 정보 [main] org.apache.catalina.startup.VersionLoggerListener.log 자바 홈:             C:\Program Files\Java\jdk1.8.0_221\jre
07-Feb-2020 09:44:42.949 정보 [main] org.apache.catalina.startup.VersionLoggerListener.log JVM 버전:           1.8.0_221-b11
07-Feb-2020 09:44:42.950 정보 [main] org.apache.catalina.startup.VersionLoggerListener.log JVM 벤더:            Oracle Corporation
07-Feb-2020 09:44:42.951 정보 [main] org.apache.catalina.startup.VersionLoggerListener.log CATALINA_BASE:         C:\MyCloud\OneDrive\java\apache-tomcat-9.0.30
07-Feb-2020 09:44:42.951 정보 [main] org.apache.catalina.startup.VersionLoggerListener.log CATALINA_HOME:         C:\MyCloud\OneDrive\java\apache-tomcat-9.0.30
07-Feb-2020 09:44:42.952 정보 [main] org.apache.catalina.startup.VersionLoggerListener.log 명령 행 아규먼트: -Djava.util.logging.config.file=C:\MyCloud\OneDrive\java\apache-tomcat-9.0.30\conf\logging.properties
07-Feb-2020 09:44:42.953 정보 [main] org.apache.catalina.startup.VersionLoggerListener.log 명령 행 아규먼트: -Djava.util.logging.manager=org.apache.juli.ClassLoaderLogManager
07-Feb-2020 09:44:42.953 정보 [main] org.apache.catalina.startup.VersionLoggerListener.log 명령 행 아규먼트: -Djdk.tls.ephemeralDHKeySize=2048
07-Feb-2020 09:44:42.954 정보 [main] org.apache.catalina.startup.VersionLoggerListener.log 명령 행 아규먼트: -Djava.protocol.handler.pkgs=org.apache.catalina.webresources
07-Feb-2020 09:44:42.955 정보 [main] org.apache.catalina.startup.VersionLoggerListener.log 명령 행 아규먼트: -Dignore.endorsed.dirs=
07-Feb-2020 09:44:42.955 정보 [main] org.apache.catalina.startup.VersionLoggerListener.log 명령 행 아규먼트: -Dcatalina.base=C:\MyCloud\OneDrive\java\apache-tomcat-9.0.30
07-Feb-2020 09:44:42.956 정보 [main] org.apache.catalina.startup.VersionLoggerListener.log 명령 행 아규먼트: -Dcatalina.home=C:\MyCloud\OneDrive\java\apache-tomcat-9.0.30
07-Feb-2020 09:44:42.956 정보 [main] org.apache.catalina.startup.VersionLoggerListener.log 명령 행 아규먼트: -Djava.io.tmpdir=C:\MyCloud\OneDrive\java\apache-tomcat-9.0.30\temp
07-Feb-2020 09:44:42.957 정보 [main] org.apache.catalina.core.AprLifecycleListener.lifecycleEvent APR 버전 [1.7.0]을(를) 사용한, APR 기반 Apache Tomcat Native 라이브러리 [1.2.23]을(를) 로드했습니다.
07-Feb-2020 09:44:42.958 정보 [main] org.apache.catalina.core.AprLifecycleListener.lifecycleEvent APR 용량정보들: IPv6 [true], sendfile [true], accept filters [false], random [true].
07-Feb-2020 09:44:42.958 정보 [main] org.apache.catalina.core.AprLifecycleListener.lifecycleEvent APR/OpenSSL 설정: useAprConnector [false], useOpenSSL [true]
07-Feb-2020 09:44:42.965 정보 [main] org.apache.catalina.core.AprLifecycleListener.initializeSSL OpenSSL이 성공적으로 초기화되었습니다: [OpenSSL 1.1.1c  28 May 2019]
07-Feb-2020 09:44:43.247 정보 [main] org.apache.coyote.AbstractProtocol.init 프로토콜 핸들러 ["http-nio-8080"]을(를) 초기화합니다.
07-Feb-2020 09:44:43.312 정보 [main] org.apache.coyote.AbstractProtocol.init 프로토콜 핸들러 ["ajp-nio-8009"]을(를) 초기화합니다.
07-Feb-2020 09:44:43.318 정보 [main] org.apache.catalina.startup.Catalina.load [594] 밀리초 내에 서버가 초기화되었습니다.
07-Feb-2020 09:44:43.341 정보 [main] org.apache.catalina.core.StandardService.startInternal 서비스 [Catalina]을(를) 시작합니다.
07-Feb-2020 09:44:43.342 정보 [main] org.apache.catalina.core.StandardEngine.startInternal 서버 엔진을 시작합니다: [Apache Tomcat/9.0.30]
07-Feb-2020 09:44:43.563 정보 [main] org.apache.catalina.startup.HostConfig.deployWAR 웹 애플리케이션 아카이브 [C:\MyCloud\OneDrive\java\apache-tomcat-9.0.30\webapps\200108_Model1.war]을(를) 배치합니다.
07-Feb-2020 09:44:43.756 정보 [main] org.apache.jasper.servlet.TldScanner.scanJars 적어도 하나의 JAR가 TLD들을 찾기 위해 스캔되었으나 아무 것도 찾지 못했습니다. 스캔했으나 TLD가 없는 JAR들의 전체 목록을 보시려면, 로그 레벨을 디버그 레벨로 설정하십시오. 스캔 과정에서 불필요한 JAR들을 건너뛰면, 시스템 시작 시간과 JSP 컴파일 시간을 단축시킬 수 있습니다.
07-Feb-2020 09:44:43.759 정보 [main] org.apache.catalina.startup.HostConfig.deployWAR 웹 애플리케이션 아카이브 [C:\MyCloud\OneDrive\java\apache-tomcat-9.0.30\webapps\200108_Model1.war]의 배치가 [196] 밀리초에 완료되었습니다.
07-Feb-2020 09:44:43.761 정보 [main] org.apache.catalina.startup.HostConfig.deployWAR 웹 애플리케이션 아카이브 [C:\MyCloud\OneDrive\java\apache-tomcat-9.0.30\webapps\200115_Servlet.war]을(를) 배치합니다.
07-Feb-2020 09:44:43.801 정보 [main] org.apache.catalina.startup.HostConfig.deployWAR 웹 애플리케이션 아카이브 [C:\MyCloud\OneDrive\java\apache-tomcat-9.0.30\webapps\200115_Servlet.war]의 배치가 [40] 밀리초에 완료되었습니다.
07-Feb-2020 09:44:43.803 정보 [main] org.apache.catalina.startup.HostConfig.deployWAR 웹 애플리케이션 아카이브 [C:\MyCloud\OneDrive\java\apache-tomcat-9.0.30\webapps\200121_Board_PagingModel2.war]을(를) 배치합니다.
07-Feb-2020 09:44:43.898 정보 [main] org.apache.jasper.servlet.TldScanner.scanJars 적어도 하나의 JAR가 TLD들을 찾기 위해 스캔되었으나 아무 것도 찾지 못했습니다. 스캔했으나 TLD가 없는 JAR들의 전체 목록을 보시려면, 로그 레벨을 디버그 레벨로 설정하십시오. 스캔 과정에서 불필요한 JAR들을 건너뛰면, 시스템 시작 시간과 JSP 컴파일 시간을 단축시킬 수 있습니다.
07-Feb-2020 09:44:43.901 정보 [main] org.apache.catalina.startup.HostConfig.deployWAR 웹 애플리케이션 아카이브 [C:\MyCloud\OneDrive\java\apache-tomcat-9.0.30\webapps\200121_Board_PagingModel2.war]의 배치가 [98] 밀리초에 완료되었습니다.
07-Feb-2020 09:44:43.903 정보 [main] org.apache.catalina.startup.HostConfig.deployWAR 웹 애플리케이션 아카이브 [C:\MyCloud\OneDrive\java\apache-tomcat-9.0.30\webapps\200206_ZipSearch.war]을(를) 배치합니다.
07-Feb-2020 09:44:45.073 정보 [main] org.apache.jasper.servlet.TldScanner.scanJars 적어도 하나의 JAR가 TLD들을 찾기 위해 스캔되었으나 아무 것도 찾지 못했습니다. 스캔했으나 TLD가 없는 JAR들의 전체 목록을 보시려면, 로그 레벨을 디버그 레벨로 설정하십시오. 스캔 과정에서 불필요한 JAR들을 건너뛰면, 시스템 시작 시간과 JSP 컴파일 시간을 단축시킬 수 있습니다.
07-Feb-2020 09:44:46.066 정보 [main] org.apache.catalina.startup.HostConfig.deployWAR 웹 애플리케이션 아카이브 [C:\MyCloud\OneDrive\java\apache-tomcat-9.0.30\webapps\200206_ZipSearch.war]의 배치가 [2,162] 밀리초에 완료되었습니다.
07-Feb-2020 09:44:46.068 정보 [main] org.apache.catalina.startup.HostConfig.deployDirectory 웹 애플리케이션 디렉토리 [C:\MyCloud\OneDrive\java\apache-tomcat-9.0.30\webapps\docs]을(를) 배치합니다.
07-Feb-2020 09:44:46.091 정보 [main] org.apache.catalina.startup.HostConfig.deployDirectory 웹 애플리케이션 디렉토리 [C:\MyCloud\OneDrive\java\apache-tomcat-9.0.30\webapps\docs]에 대한 배치가 [23] 밀리초에 완료되었습니다.
07-Feb-2020 09:44:46.093 정보 [main] org.apache.catalina.startup.HostConfig.deployDirectory 웹 애플리케이션 디렉토리 [C:\MyCloud\OneDrive\java\apache-tomcat-9.0.30\webapps\examples]을(를) 배치합니다.
07-Feb-2020 09:44:46.365 정보 [main] org.apache.catalina.startup.HostConfig.deployDirectory 웹 애플리케이션 디렉토리 [C:\MyCloud\OneDrive\java\apache-tomcat-9.0.30\webapps\examples]에 대한 배치가 [272] 밀리초에 완료되었습니다.
07-Feb-2020 09:44:46.367 정보 [main] org.apache.catalina.startup.HostConfig.deployDirectory 웹 애플리케이션 디렉토리 [C:\MyCloud\OneDrive\java\apache-tomcat-9.0.30\webapps\host-manager]을(를) 배치합니다.
07-Feb-2020 09:44:46.407 정보 [main] org.apache.catalina.startup.HostConfig.deployDirectory 웹 애플리케이션 디렉토리 [C:\MyCloud\OneDrive\java\apache-tomcat-9.0.30\webapps\host-manager]에 대한 배치가 [40] 밀리초에 완료되었습니다.
07-Feb-2020 09:44:46.408 정보 [main] org.apache.catalina.startup.HostConfig.deployDirectory 웹 애플리케이션 디렉토리 [C:\MyCloud\OneDrive\java\apache-tomcat-9.0.30\webapps\manager]을(를) 배치합니다.
07-Feb-2020 09:44:46.437 정보 [main] org.apache.catalina.startup.HostConfig.deployDirectory 웹 애플리케이션 디렉토리 [C:\MyCloud\OneDrive\java\apache-tomcat-9.0.30\webapps\manager]에 대한 배치가 [29] 밀리초에 완료되었습니다.
07-Feb-2020 09:44:46.438 정보 [main] org.apache.catalina.startup.HostConfig.deployDirectory 웹 애플리케이션 디렉토리 [C:\MyCloud\OneDrive\java\apache-tomcat-9.0.30\webapps\ROOT]을(를) 배치합니다.
07-Feb-2020 09:44:46.459 정보 [main] org.apache.catalina.startup.HostConfig.deployDirectory 웹 애플리케이션 디렉토리 [C:\MyCloud\OneDrive\java\apache-tomcat-9.0.30\webapps\ROOT]에 대한 배치가 [21] 밀리초에 완료되었습니다.
07-Feb-2020 09:44:46.460 정보 [main] org.apache.catalina.startup.HostConfig.deployDirectory 웹 애플리케이션 디렉토리 [C:\MyCloud\OneDrive\java\apache-tomcat-9.0.30\webapps\website1]을(를) 배치합니다.
07-Feb-2020 09:44:46.549 정보 [main] org.apache.jasper.servlet.TldScanner.scanJars 적어도 하나의 JAR가 TLD들을 찾기 위해 스캔되었으나 아무 것도 찾지 못했습니다. 스캔했으나 TLD가 없는 JAR들의 전체 목록을 보시려면, 로그 레벨을 디버그 레벨로 설정하십시오. 스캔 과정에서 불필요한 JAR들을 건너뛰면, 시스템 시작 시간과 JSP 컴파일 시간을 단축시킬 수 있습니다.
07-Feb-2020 09:44:46.553 정보 [main] org.apache.catalina.startup.HostConfig.deployDirectory 웹 애플리케이션 디렉토리 [C:\MyCloud\OneDrive\java\apache-tomcat-9.0.30\webapps\website1]에 대한 배치가 [93] 밀리초에 완료되었습니다.
07-Feb-2020 09:44:46.554 정보 [main] org.apache.catalina.startup.HostConfig.deployDirectory 웹 애플리케이션 디렉토리 [C:\MyCloud\OneDrive\java\apache-tomcat-9.0.30\webapps\website2]을(를) 배치합니다.
07-Feb-2020 09:44:46.641 정보 [main] org.apache.jasper.servlet.TldScanner.scanJars 적어도 하나의 JAR가 TLD들을 찾기 위해 스캔되었으나 아무 것도 찾지 못했습니다. 스캔했으나 TLD가 없는 JAR들의 전체 목록을 보시려면, 로그 레벨을 디버그 레벨로 설정하십시오. 스캔 과정에서 불필요한 JAR들을 건너뛰면, 시스템 시작 시간과 JSP 컴파일 시간을 단축시킬 수 있습니다.
07-Feb-2020 09:44:46.644 정보 [main] org.apache.catalina.startup.HostConfig.deployDirectory 웹 애플리케이션 디렉토리 [C:\MyCloud\OneDrive\java\apache-tomcat-9.0.30\webapps\website2]에 대한 배치가 [90] 밀리초에 완료되었습니다.
07-Feb-2020 09:44:46.649 정보 [main] org.apache.coyote.AbstractProtocol.start 프로토콜 핸들러 ["http-nio-8080"]을(를) 시작합니다.
07-Feb-2020 09:44:46.658 정보 [main] org.apache.coyote.AbstractProtocol.start 프로토콜 핸들러 ["ajp-nio-8009"]을(를) 시작합니다.
07-Feb-2020 09:44:46.660 정보 [main] org.apache.catalina.startup.Catalina.start 서버가 [3,341] 밀리초 내에 시작되었습니다.
07-Feb-2020 09:45:07.903 정보 [main] org.apache.catalina.startup.VersionLoggerListener.log 서버 버전 이름:        Apache Tomcat/9.0.30
07-Feb-2020 09:45:07.908 정보 [main] org.apache.catalina.startup.VersionLoggerListener.log Server 빌드 시각:          Dec 7 2019 16:42:04 UTC
07-Feb-2020 09:45:07.910 정보 [main] org.apache.catalina.startup.VersionLoggerListener.log Server 버전 번호:         9.0.30.0
07-Feb-2020 09:45:07.912 정보 [main] org.apache.catalina.startup.VersionLoggerListener.log 운영체제 이름:               Windows 7
07-Feb-2020 09:45:07.914 정보 [main] org.apache.catalina.startup.VersionLoggerListener.log 운영체제 버전:            6.1
07-Feb-2020 09:45:07.916 정보 [main] org.apache.catalina.startup.VersionLoggerListener.log 아키텍처:          amd64
07-Feb-2020 09:45:07.917 정보 [main] org.apache.catalina.startup.VersionLoggerListener.log 자바 홈:             C:\Program Files\Java\jdk1.8.0_221\jre
07-Feb-2020 09:45:07.919 정보 [main] org.apache.catalina.startup.VersionLoggerListener.log JVM 버전:           1.8.0_221-b11
07-Feb-2020 09:45:07.921 정보 [main] org.apache.catalina.startup.VersionLoggerListener.log JVM 벤더:            Oracle Corporation
07-Feb-2020 09:45:07.923 정보 [main] org.apache.catalina.startup.VersionLoggerListener.log CATALINA_BASE:         C:\MyCloud\OneDrive\java\apache-tomcat-9.0.30
07-Feb-2020 09:45:07.925 정보 [main] org.apache.catalina.startup.VersionLoggerListener.log CATALINA_HOME:         C:\MyCloud\OneDrive\java\apache-tomcat-9.0.30
07-Feb-2020 09:45:07.928 정보 [main] org.apache.catalina.startup.VersionLoggerListener.log 명령 행 아규먼트: -Djava.util.logging.config.file=C:\MyCloud\OneDrive\java\apache-tomcat-9.0.30\conf\logging.properties
07-Feb-2020 09:45:07.931 정보 [main] org.apache.catalina.startup.VersionLoggerListener.log 명령 행 아규먼트: -Djava.util.logging.manager=org.apache.juli.ClassLoaderLogManager
07-Feb-2020 09:45:07.933 정보 [main] org.apache.catalina.startup.VersionLoggerListener.log 명령 행 아규먼트: -Djdk.tls.ephemeralDHKeySize=2048
07-Feb-2020 09:45:07.935 정보 [main] org.apache.catalina.startup.VersionLoggerListener.log 명령 행 아규먼트: -Djava.protocol.handler.pkgs=org.apache.catalina.webresources
07-Feb-2020 09:45:07.938 정보 [main] org.apache.catalina.startup.VersionLoggerListener.log 명령 행 아규먼트: -Dignore.endorsed.dirs=
07-Feb-2020 09:45:07.939 정보 [main] org.apache.catalina.startup.VersionLoggerListener.log 명령 행 아규먼트: -Dcatalina.base=C:\MyCloud\OneDrive\java\apache-tomcat-9.0.30
07-Feb-2020 09:45:07.942 정보 [main] org.apache.catalina.startup.VersionLoggerListener.log 명령 행 아규먼트: -Dcatalina.home=C:\MyCloud\OneDrive\java\apache-tomcat-9.0.30
07-Feb-2020 09:45:07.944 정보 [main] org.apache.catalina.startup.VersionLoggerListener.log 명령 행 아규먼트: -Djava.io.tmpdir=C:\MyCloud\OneDrive\java\apache-tomcat-9.0.30\temp
07-Feb-2020 09:45:07.947 정보 [main] org.apache.catalina.core.AprLifecycleListener.lifecycleEvent APR 버전 [1.7.0]을(를) 사용한, APR 기반 Apache Tomcat Native 라이브러리 [1.2.23]을(를) 로드했습니다.
07-Feb-2020 09:45:07.949 정보 [main] org.apache.catalina.core.AprLifecycleListener.lifecycleEvent APR 용량정보들: IPv6 [true], sendfile [true], accept filters [false], random [true].
07-Feb-2020 09:45:07.952 정보 [main] org.apache.catalina.core.AprLifecycleListener.lifecycleEvent APR/OpenSSL 설정: useAprConnector [false], useOpenSSL [true]
07-Feb-2020 09:45:07.960 정보 [main] org.apache.catalina.core.AprLifecycleListener.initializeSSL OpenSSL이 성공적으로 초기화되었습니다: [OpenSSL 1.1.1c  28 May 2019]
07-Feb-2020 09:45:08.224 정보 [main] org.apache.coyote.AbstractProtocol.init 프로토콜 핸들러 ["http-nio-8080"]을(를) 초기화합니다.
07-Feb-2020 09:45:08.286 정보 [main] org.apache.coyote.AbstractProtocol.init 프로토콜 핸들러 ["ajp-nio-8009"]을(를) 초기화합니다.
07-Feb-2020 09:45:08.291 정보 [main] org.apache.catalina.startup.Catalina.load [597] 밀리초 내에 서버가 초기화되었습니다.
07-Feb-2020 09:45:08.314 정보 [main] org.apache.catalina.core.StandardService.startInternal 서비스 [Catalina]을(를) 시작합니다.
07-Feb-2020 09:45:08.316 정보 [main] org.apache.catalina.core.StandardEngine.startInternal 서버 엔진을 시작합니다: [Apache Tomcat/9.0.30]
07-Feb-2020 09:45:08.520 정보 [main] org.apache.catalina.startup.HostConfig.deployWAR 웹 애플리케이션 아카이브 [C:\MyCloud\OneDrive\java\apache-tomcat-9.0.30\webapps\200108_Model1.war]을(를) 배치합니다.
07-Feb-2020 09:45:08.672 정보 [main] org.apache.jasper.servlet.TldScanner.scanJars 적어도 하나의 JAR가 TLD들을 찾기 위해 스캔되었으나 아무 것도 찾지 못했습니다. 스캔했으나 TLD가 없는 JAR들의 전체 목록을 보시려면, 로그 레벨을 디버그 레벨로 설정하십시오. 스캔 과정에서 불필요한 JAR들을 건너뛰면, 시스템 시작 시간과 JSP 컴파일 시간을 단축시킬 수 있습니다.
07-Feb-2020 09:45:08.679 정보 [main] org.apache.catalina.startup.HostConfig.deployWAR 웹 애플리케이션 아카이브 [C:\MyCloud\OneDrive\java\apache-tomcat-9.0.30\webapps\200108_Model1.war]의 배치가 [158] 밀리초에 완료되었습니다.
07-Feb-2020 09:45:08.683 정보 [main] org.apache.catalina.startup.HostConfig.deployWAR 웹 애플리케이션 아카이브 [C:\MyCloud\OneDrive\java\apache-tomcat-9.0.30\webapps\200115_Servlet.war]을(를) 배치합니다.
07-Feb-2020 09:45:08.721 정보 [main] org.apache.catalina.startup.HostConfig.deployWAR 웹 애플리케이션 아카이브 [C:\MyCloud\OneDrive\java\apache-tomcat-9.0.30\webapps\200115_Servlet.war]의 배치가 [38] 밀리초에 완료되었습니다.
07-Feb-2020 09:45:08.725 정보 [main] org.apache.catalina.startup.HostConfig.deployWAR 웹 애플리케이션 아카이브 [C:\MyCloud\OneDrive\java\apache-tomcat-9.0.30\webapps\200121_Board_PagingModel2.war]을(를) 배치합니다.
07-Feb-2020 09:45:08.819 정보 [main] org.apache.jasper.servlet.TldScanner.scanJars 적어도 하나의 JAR가 TLD들을 찾기 위해 스캔되었으나 아무 것도 찾지 못했습니다. 스캔했으나 TLD가 없는 JAR들의 전체 목록을 보시려면, 로그 레벨을 디버그 레벨로 설정하십시오. 스캔 과정에서 불필요한 JAR들을 건너뛰면, 시스템 시작 시간과 JSP 컴파일 시간을 단축시킬 수 있습니다.
07-Feb-2020 09:45:08.825 정보 [main] org.apache.catalina.startup.HostConfig.deployWAR 웹 애플리케이션 아카이브 [C:\MyCloud\OneDrive\java\apache-tomcat-9.0.30\webapps\200121_Board_PagingModel2.war]의 배치가 [100] 밀리초에 완료되었습니다.
07-Feb-2020 09:45:08.830 정보 [main] org.apache.catalina.startup.HostConfig.deployWAR 웹 애플리케이션 아카이브 [C:\MyCloud\OneDrive\java\apache-tomcat-9.0.30\webapps\200206_ZipSearch.war]을(를) 배치합니다.
07-Feb-2020 09:45:09.958 정보 [main] org.apache.jasper.servlet.TldScanner.scanJars 적어도 하나의 JAR가 TLD들을 찾기 위해 스캔되었으나 아무 것도 찾지 못했습니다. 스캔했으나 TLD가 없는 JAR들의 전체 목록을 보시려면, 로그 레벨을 디버그 레벨로 설정하십시오. 스캔 과정에서 불필요한 JAR들을 건너뛰면, 시스템 시작 시간과 JSP 컴파일 시간을 단축시킬 수 있습니다.
07-Feb-2020 09:45:10.779 정보 [main] org.apache.catalina.startup.HostConfig.deployWAR 웹 애플리케이션 아카이브 [C:\MyCloud\OneDrive\java\apache-tomcat-9.0.30\webapps\200206_ZipSearch.war]의 배치가 [1,948] 밀리초에 완료되었습니다.
07-Feb-2020 09:45:10.783 정보 [main] org.apache.catalina.startup.HostConfig.deployDirectory 웹 애플리케이션 디렉토리 [C:\MyCloud\OneDrive\java\apache-tomcat-9.0.30\webapps\docs]을(를) 배치합니다.
07-Feb-2020 09:45:10.804 정보 [main] org.apache.catalina.startup.HostConfig.deployDirectory 웹 애플리케이션 디렉토리 [C:\MyCloud\OneDrive\java\apache-tomcat-9.0.30\webapps\docs]에 대한 배치가 [21] 밀리초에 완료되었습니다.
07-Feb-2020 09:45:10.807 정보 [main] org.apache.catalina.startup.HostConfig.deployDirectory 웹 애플리케이션 디렉토리 [C:\MyCloud\OneDrive\java\apache-tomcat-9.0.30\webapps\examples]을(를) 배치합니다.
07-Feb-2020 09:45:11.000 정보 [main] org.apache.catalina.startup.HostConfig.deployDirectory 웹 애플리케이션 디렉토리 [C:\MyCloud\OneDrive\java\apache-tomcat-9.0.30\webapps\examples]에 대한 배치가 [193] 밀리초에 완료되었습니다.
07-Feb-2020 09:45:11.003 정보 [main] org.apache.catalina.startup.HostConfig.deployDirectory 웹 애플리케이션 디렉토리 [C:\MyCloud\OneDrive\java\apache-tomcat-9.0.30\webapps\host-manager]을(를) 배치합니다.
07-Feb-2020 09:45:11.031 정보 [main] org.apache.catalina.startup.HostConfig.deployDirectory 웹 애플리케이션 디렉토리 [C:\MyCloud\OneDrive\java\apache-tomcat-9.0.30\webapps\host-manager]에 대한 배치가 [28] 밀리초에 완료되었습니다.
07-Feb-2020 09:45:11.035 정보 [main] org.apache.catalina.startup.HostConfig.deployDirectory 웹 애플리케이션 디렉토리 [C:\MyCloud\OneDrive\java\apache-tomcat-9.0.30\webapps\manager]을(를) 배치합니다.
07-Feb-2020 09:45:11.058 정보 [main] org.apache.catalina.startup.HostConfig.deployDirectory 웹 애플리케이션 디렉토리 [C:\MyCloud\OneDrive\java\apache-tomcat-9.0.30\webapps\manager]에 대한 배치가 [24] 밀리초에 완료되었습니다.
07-Feb-2020 09:45:11.061 정보 [main] org.apache.catalina.startup.HostConfig.deployDirectory 웹 애플리케이션 디렉토리 [C:\MyCloud\OneDrive\java\apache-tomcat-9.0.30\webapps\ROOT]을(를) 배치합니다.
07-Feb-2020 09:45:11.078 정보 [main] org.apache.catalina.startup.HostConfig.deployDirectory 웹 애플리케이션 디렉토리 [C:\MyCloud\OneDrive\java\apache-tomcat-9.0.30\webapps\ROOT]에 대한 배치가 [17] 밀리초에 완료되었습니다.
07-Feb-2020 09:45:11.081 정보 [main] org.apache.catalina.startup.HostConfig.deployDirectory 웹 애플리케이션 디렉토리 [C:\MyCloud\OneDrive\java\apache-tomcat-9.0.30\webapps\website1]을(를) 배치합니다.
07-Feb-2020 09:45:11.160 정보 [main] org.apache.jasper.servlet.TldScanner.scanJars 적어도 하나의 JAR가 TLD들을 찾기 위해 스캔되었으나 아무 것도 찾지 못했습니다. 스캔했으나 TLD가 없는 JAR들의 전체 목록을 보시려면, 로그 레벨을 디버그 레벨로 설정하십시오. 스캔 과정에서 불필요한 JAR들을 건너뛰면, 시스템 시작 시간과 JSP 컴파일 시간을 단축시킬 수 있습니다.
07-Feb-2020 09:45:11.168 정보 [main] org.apache.catalina.startup.HostConfig.deployDirectory 웹 애플리케이션 디렉토리 [C:\MyCloud\OneDrive\java\apache-tomcat-9.0.30\webapps\website1]에 대한 배치가 [86] 밀리초에 완료되었습니다.
07-Feb-2020 09:45:11.171 정보 [main] org.apache.catalina.startup.HostConfig.deployDirectory 웹 애플리케이션 디렉토리 [C:\MyCloud\OneDrive\java\apache-tomcat-9.0.30\webapps\website2]을(를) 배치합니다.
07-Feb-2020 09:45:11.252 정보 [main] org.apache.jasper.servlet.TldScanner.scanJars 적어도 하나의 JAR가 TLD들을 찾기 위해 스캔되었으나 아무 것도 찾지 못했습니다. 스캔했으나 TLD가 없는 JAR들의 전체 목록을 보시려면, 로그 레벨을 디버그 레벨로 설정하십시오. 스캔 과정에서 불필요한 JAR들을 건너뛰면, 시스템 시작 시간과 JSP 컴파일 시간을 단축시킬 수 있습니다.
07-Feb-2020 09:45:11.259 정보 [main] org.apache.catalina.startup.HostConfig.deployDirectory 웹 애플리케이션 디렉토리 [C:\MyCloud\OneDrive\java\apache-tomcat-9.0.30\webapps\website2]에 대한 배치가 [87] 밀리초에 완료되었습니다.
07-Feb-2020 09:45:11.266 정보 [main] org.apache.coyote.AbstractProtocol.start 프로토콜 핸들러 ["http-nio-8080"]을(를) 시작합니다.
07-Feb-2020 09:45:11.276 정보 [main] org.apache.coyote.AbstractProtocol.start 프로토콜 핸들러 ["ajp-nio-8009"]을(를) 시작합니다.
07-Feb-2020 09:45:11.280 정보 [main] org.apache.catalina.startup.Catalina.start 서버가 [2,986] 밀리초 내에 시작되었습니다.
07-Feb-2020 10:11:18.870 정보 [Thread-5] org.apache.coyote.AbstractProtocol.pause 프로토콜 핸들러 ["http-nio-8080"]을(를) 일시 정지 중
07-Feb-2020 10:11:18.897 정보 [Thread-5] org.apache.coyote.AbstractProtocol.pause 프로토콜 핸들러 ["ajp-nio-8009"]을(를) 일시 정지 중
07-Feb-2020 10:11:18.922 정보 [Thread-5] org.apache.catalina.core.StandardService.stopInternal 서비스 [Catalina]을(를) 중지시킵니다.
07-Feb-2020 10:11:18.945 경고 [Thread-5] org.apache.catalina.loader.WebappClassLoaderBase.clearReferencesJdbc 웹 애플리케이션 [200206_ZipSearch]이(가) JDBC 드라이버 [org.mariadb.jdbc.Driver]을(를) 등록했지만, 웹 애플리케이션이 중지될 때, 해당 JDBC 드라이버의 등록을 제거하지 못했습니다. 메모리 누수를 방지하기 위하여, 등록을 강제로 제거했습니다.
07-Feb-2020 10:11:18.977 정보 [Thread-5] org.apache.coyote.AbstractProtocol.stop 프로토콜 핸들러 ["http-nio-8080"]을(를) 중지시킵니다.
07-Feb-2020 10:11:18.980 정보 [Thread-5] org.apache.coyote.AbstractProtocol.stop 프로토콜 핸들러 ["ajp-nio-8009"]을(를) 중지시킵니다.
07-Feb-2020 10:11:18.984 정보 [Thread-5] org.apache.coyote.AbstractProtocol.destroy 프로토콜 핸들러 ["http-nio-8080"]을(를) 소멸시킵니다.
07-Feb-2020 10:11:18.987 정보 [Thread-5] org.apache.coyote.AbstractProtocol.destroy 프로토콜 핸들러 ["ajp-nio-8009"]을(를) 소멸시킵니다.
07-Feb-2020 12:27:18.478 정보 [main] org.apache.catalina.startup.VersionLoggerListener.log 서버 버전 이름:        Apache Tomcat/9.0.30
07-Feb-2020 12:27:18.483 정보 [main] org.apache.catalina.startup.VersionLoggerListener.log Server 빌드 시각:          Dec 7 2019 16:42:04 UTC
07-Feb-2020 12:27:18.485 정보 [main] org.apache.catalina.startup.VersionLoggerListener.log Server 버전 번호:         9.0.30.0
07-Feb-2020 12:27:18.487 정보 [main] org.apache.catalina.startup.VersionLoggerListener.log 운영체제 이름:               Windows 7
07-Feb-2020 12:27:18.489 정보 [main] org.apache.catalina.startup.VersionLoggerListener.log 운영체제 버전:            6.1
07-Feb-2020 12:27:18.490 정보 [main] org.apache.catalina.startup.VersionLoggerListener.log 아키텍처:          amd64
07-Feb-2020 12:27:18.492 정보 [main] org.apache.catalina.startup.VersionLoggerListener.log 자바 홈:             C:\Program Files\Java\jdk1.8.0_221\jre
07-Feb-2020 12:27:18.494 정보 [main] org.apache.catalina.startup.VersionLoggerListener.log JVM 버전:           1.8.0_221-b11
07-Feb-2020 12:27:18.496 정보 [main] org.apache.catalina.startup.VersionLoggerListener.log JVM 벤더:            Oracle Corporation
07-Feb-2020 12:27:18.498 정보 [main] org.apache.catalina.startup.VersionLoggerListener.log CATALINA_BASE:         C:\MyCloud\OneDrive\java\apache-tomcat-9.0.30
07-Feb-2020 12:27:18.500 정보 [main] org.apache.catalina.startup.VersionLoggerListener.log CATALINA_HOME:         C:\MyCloud\OneDrive\java\apache-tomcat-9.0.30
07-Feb-2020 12:27:18.503 정보 [main] org.apache.catalina.startup.VersionLoggerListener.log 명령 행 아규먼트: -Djava.util.logging.config.file=C:\MyCloud\OneDrive\java\apache-tomcat-9.0.30\conf\logging.properties
07-Feb-2020 12:27:18.505 정보 [main] org.apache.catalina.startup.VersionLoggerListener.log 명령 행 아규먼트: -Djava.util.logging.manager=org.apache.juli.ClassLoaderLogManager
07-Feb-2020 12:27:18.508 정보 [main] org.apache.catalina.startup.VersionLoggerListener.log 명령 행 아규먼트: -Djdk.tls.ephemeralDHKeySize=2048
07-Feb-2020 12:27:18.510 정보 [main] org.apache.catalina.startup.VersionLoggerListener.log 명령 행 아규먼트: -Djava.protocol.handler.pkgs=org.apache.catalina.webresources
07-Feb-2020 12:27:18.512 정보 [main] org.apache.catalina.startup.VersionLoggerListener.log 명령 행 아규먼트: -Dignore.endorsed.dirs=
07-Feb-2020 12:27:18.514 정보 [main] org.apache.catalina.startup.VersionLoggerListener.log 명령 행 아규먼트: -Dcatalina.base=C:\MyCloud\OneDrive\java\apache-tomcat-9.0.30
07-Feb-2020 12:27:18.516 정보 [main] org.apache.catalina.startup.VersionLoggerListener.log 명령 행 아규먼트: -Dcatalina.home=C:\MyCloud\OneDrive\java\apache-tomcat-9.0.30
07-Feb-2020 12:27:18.519 정보 [main] org.apache.catalina.startup.VersionLoggerListener.log 명령 행 아규먼트: -Djava.io.tmpdir=C:\MyCloud\OneDrive\java\apache-tomcat-9.0.30\temp
07-Feb-2020 12:27:18.521 정보 [main] org.apache.catalina.core.AprLifecycleListener.lifecycleEvent APR 버전 [1.7.0]을(를) 사용한, APR 기반 Apache Tomcat Native 라이브러리 [1.2.23]을(를) 로드했습니다.
07-Feb-2020 12:27:18.524 정보 [main] org.apache.catalina.core.AprLifecycleListener.lifecycleEvent APR 용량정보들: IPv6 [true], sendfile [true], accept filters [false], random [true].
07-Feb-2020 12:27:18.527 정보 [main] org.apache.catalina.core.AprLifecycleListener.lifecycleEvent APR/OpenSSL 설정: useAprConnector [false], useOpenSSL [true]
07-Feb-2020 12:27:18.535 정보 [main] org.apache.catalina.core.AprLifecycleListener.initializeSSL OpenSSL이 성공적으로 초기화되었습니다: [OpenSSL 1.1.1c  28 May 2019]
07-Feb-2020 12:27:18.797 정보 [main] org.apache.coyote.AbstractProtocol.init 프로토콜 핸들러 ["http-nio-8080"]을(를) 초기화합니다.
07-Feb-2020 12:27:18.866 정보 [main] org.apache.coyote.AbstractProtocol.init 프로토콜 핸들러 ["ajp-nio-8009"]을(를) 초기화합니다.
07-Feb-2020 12:27:18.871 정보 [main] org.apache.catalina.startup.Catalina.load [623] 밀리초 내에 서버가 초기화되었습니다.
07-Feb-2020 12:27:18.896 정보 [main] org.apache.catalina.core.StandardService.startInternal 서비스 [Catalina]을(를) 시작합니다.
07-Feb-2020 12:27:18.898 정보 [main] org.apache.catalina.core.StandardEngine.startInternal 서버 엔진을 시작합니다: [Apache Tomcat/9.0.30]
07-Feb-2020 12:27:19.110 정보 [main] org.apache.catalina.startup.HostConfig.deployWAR 웹 애플리케이션 아카이브 [C:\MyCloud\OneDrive\java\apache-tomcat-9.0.30\webapps\200108_Model1.war]을(를) 배치합니다.
07-Feb-2020 12:27:19.275 정보 [main] org.apache.jasper.servlet.TldScanner.scanJars 적어도 하나의 JAR가 TLD들을 찾기 위해 스캔되었으나 아무 것도 찾지 못했습니다. 스캔했으나 TLD가 없는 JAR들의 전체 목록을 보시려면, 로그 레벨을 디버그 레벨로 설정하십시오. 스캔 과정에서 불필요한 JAR들을 건너뛰면, 시스템 시작 시간과 JSP 컴파일 시간을 단축시킬 수 있습니다.
07-Feb-2020 12:27:19.283 정보 [main] org.apache.catalina.startup.HostConfig.deployWAR 웹 애플리케이션 아카이브 [C:\MyCloud\OneDrive\java\apache-tomcat-9.0.30\webapps\200108_Model1.war]의 배치가 [173] 밀리초에 완료되었습니다.
07-Feb-2020 12:27:19.287 정보 [main] org.apache.catalina.startup.HostConfig.deployWAR 웹 애플리케이션 아카이브 [C:\MyCloud\OneDrive\java\apache-tomcat-9.0.30\webapps\200115_Servlet.war]을(를) 배치합니다.
07-Feb-2020 12:27:19.326 정보 [main] org.apache.catalina.startup.HostConfig.deployWAR 웹 애플리케이션 아카이브 [C:\MyCloud\OneDrive\java\apache-tomcat-9.0.30\webapps\200115_Servlet.war]의 배치가 [40] 밀리초에 완료되었습니다.
07-Feb-2020 12:27:19.331 정보 [main] org.apache.catalina.startup.HostConfig.deployWAR 웹 애플리케이션 아카이브 [C:\MyCloud\OneDrive\java\apache-tomcat-9.0.30\webapps\200121_Board_PagingModel2.war]을(를) 배치합니다.
07-Feb-2020 12:27:19.428 정보 [main] org.apache.jasper.servlet.TldScanner.scanJars 적어도 하나의 JAR가 TLD들을 찾기 위해 스캔되었으나 아무 것도 찾지 못했습니다. 스캔했으나 TLD가 없는 JAR들의 전체 목록을 보시려면, 로그 레벨을 디버그 레벨로 설정하십시오. 스캔 과정에서 불필요한 JAR들을 건너뛰면, 시스템 시작 시간과 JSP 컴파일 시간을 단축시킬 수 있습니다.
07-Feb-2020 12:27:19.435 정보 [main] org.apache.catalina.startup.HostConfig.deployWAR 웹 애플리케이션 아카이브 [C:\MyCloud\OneDrive\java\apache-tomcat-9.0.30\webapps\200121_Board_PagingModel2.war]의 배치가 [103] 밀리초에 완료되었습니다.
07-Feb-2020 12:27:19.439 정보 [main] org.apache.catalina.startup.HostConfig.deployWAR 웹 애플리케이션 아카이브 [C:\MyCloud\OneDrive\java\apache-tomcat-9.0.30\webapps\200206_ZipSearch.war]을(를) 배치합니다.
07-Feb-2020 12:27:20.555 정보 [main] org.apache.jasper.servlet.TldScanner.scanJars 적어도 하나의 JAR가 TLD들을 찾기 위해 스캔되었으나 아무 것도 찾지 못했습니다. 스캔했으나 TLD가 없는 JAR들의 전체 목록을 보시려면, 로그 레벨을 디버그 레벨로 설정하십시오. 스캔 과정에서 불필요한 JAR들을 건너뛰면, 시스템 시작 시간과 JSP 컴파일 시간을 단축시킬 수 있습니다.
07-Feb-2020 12:27:21.456 정보 [main] org.apache.catalina.startup.HostConfig.deployWAR 웹 애플리케이션 아카이브 [C:\MyCloud\OneDrive\java\apache-tomcat-9.0.30\webapps\200206_ZipSearch.war]의 배치가 [2,017] 밀리초에 완료되었습니다.
07-Feb-2020 12:27:21.461 정보 [main] org.apache.catalina.startup.HostConfig.deployWAR 웹 애플리케이션 아카이브 [C:\MyCloud\OneDrive\java\apache-tomcat-9.0.30\webapps\200207_T_PagingSpringEx01.war]을(를) 배치합니다.
07-Feb-2020 12:27:22.642 정보 [main] org.apache.jasper.servlet.TldScanner.scanJars 적어도 하나의 JAR가 TLD들을 찾기 위해 스캔되었으나 아무 것도 찾지 못했습니다. 스캔했으나 TLD가 없는 JAR들의 전체 목록을 보시려면, 로그 레벨을 디버그 레벨로 설정하십시오. 스캔 과정에서 불필요한 JAR들을 건너뛰면, 시스템 시작 시간과 JSP 컴파일 시간을 단축시킬 수 있습니다.
07-Feb-2020 12:27:23.435 정보 [main] org.apache.catalina.startup.HostConfig.deployWAR 웹 애플리케이션 아카이브 [C:\MyCloud\OneDrive\java\apache-tomcat-9.0.30\webapps\200207_T_PagingSpringEx01.war]의 배치가 [1,973] 밀리초에 완료되었습니다.
07-Feb-2020 12:27:23.439 정보 [main] org.apache.catalina.startup.HostConfig.deployDirectory 웹 애플리케이션 디렉토리 [C:\MyCloud\OneDrive\java\apache-tomcat-9.0.30\webapps\docs]을(를) 배치합니다.
07-Feb-2020 12:27:23.458 정보 [main] org.apache.catalina.startup.HostConfig.deployDirectory 웹 애플리케이션 디렉토리 [C:\MyCloud\OneDrive\java\apache-tomcat-9.0.30\webapps\docs]에 대한 배치가 [19] 밀리초에 완료되었습니다.
07-Feb-2020 12:27:23.461 정보 [main] org.apache.catalina.startup.HostConfig.deployDirectory 웹 애플리케이션 디렉토리 [C:\MyCloud\OneDrive\java\apache-tomcat-9.0.30\webapps\examples]을(를) 배치합니다.
07-Feb-2020 12:27:23.695 정보 [main] org.apache.catalina.startup.HostConfig.deployDirectory 웹 애플리케이션 디렉토리 [C:\MyCloud\OneDrive\java\apache-tomcat-9.0.30\webapps\examples]에 대한 배치가 [234] 밀리초에 완료되었습니다.
07-Feb-2020 12:27:23.718 정보 [main] org.apache.catalina.startup.HostConfig.deployDirectory 웹 애플리케이션 디렉토리 [C:\MyCloud\OneDrive\java\apache-tomcat-9.0.30\webapps\host-manager]을(를) 배치합니다.
07-Feb-2020 12:27:23.759 정보 [main] org.apache.catalina.startup.HostConfig.deployDirectory 웹 애플리케이션 디렉토리 [C:\MyCloud\OneDrive\java\apache-tomcat-9.0.30\webapps\host-manager]에 대한 배치가 [40] 밀리초에 완료되었습니다.
07-Feb-2020 12:27:23.766 정보 [main] org.apache.catalina.startup.HostConfig.deployDirectory 웹 애플리케이션 디렉토리 [C:\MyCloud\OneDrive\java\apache-tomcat-9.0.30\webapps\manager]을(를) 배치합니다.
07-Feb-2020 12:27:23.797 정보 [main] org.apache.catalina.startup.HostConfig.deployDirectory 웹 애플리케이션 디렉토리 [C:\MyCloud\OneDrive\java\apache-tomcat-9.0.30\webapps\manager]에 대한 배치가 [31] 밀리초에 완료되었습니다.
07-Feb-2020 12:27:23.801 정보 [main] org.apache.catalina.startup.HostConfig.deployDirectory 웹 애플리케이션 디렉토리 [C:\MyCloud\OneDrive\java\apache-tomcat-9.0.30\webapps\ROOT]을(를) 배치합니다.
07-Feb-2020 12:27:23.825 정보 [main] org.apache.catalina.startup.HostConfig.deployDirectory 웹 애플리케이션 디렉토리 [C:\MyCloud\OneDrive\java\apache-tomcat-9.0.30\webapps\ROOT]에 대한 배치가 [25] 밀리초에 완료되었습니다.
07-Feb-2020 12:27:23.829 정보 [main] org.apache.catalina.startup.HostConfig.deployDirectory 웹 애플리케이션 디렉토리 [C:\MyCloud\OneDrive\java\apache-tomcat-9.0.30\webapps\website1]을(를) 배치합니다.
07-Feb-2020 12:27:23.926 정보 [main] org.apache.jasper.servlet.TldScanner.scanJars 적어도 하나의 JAR가 TLD들을 찾기 위해 스캔되었으나 아무 것도 찾지 못했습니다. 스캔했으나 TLD가 없는 JAR들의 전체 목록을 보시려면, 로그 레벨을 디버그 레벨로 설정하십시오. 스캔 과정에서 불필요한 JAR들을 건너뛰면, 시스템 시작 시간과 JSP 컴파일 시간을 단축시킬 수 있습니다.
07-Feb-2020 12:27:23.934 정보 [main] org.apache.catalina.startup.HostConfig.deployDirectory 웹 애플리케이션 디렉토리 [C:\MyCloud\OneDrive\java\apache-tomcat-9.0.30\webapps\website1]에 대한 배치가 [105] 밀리초에 완료되었습니다.
07-Feb-2020 12:27:23.937 정보 [main] org.apache.catalina.startup.HostConfig.deployDirectory 웹 애플리케이션 디렉토리 [C:\MyCloud\OneDrive\java\apache-tomcat-9.0.30\webapps\website2]을(를) 배치합니다.
07-Feb-2020 12:27:24.018 정보 [main] org.apache.jasper.servlet.TldScanner.scanJars 적어도 하나의 JAR가 TLD들을 찾기 위해 스캔되었으나 아무 것도 찾지 못했습니다. 스캔했으나 TLD가 없는 JAR들의 전체 목록을 보시려면, 로그 레벨을 디버그 레벨로 설정하십시오. 스캔 과정에서 불필요한 JAR들을 건너뛰면, 시스템 시작 시간과 JSP 컴파일 시간을 단축시킬 수 있습니다.
07-Feb-2020 12:27:24.026 정보 [main] org.apache.catalina.startup.HostConfig.deployDirectory 웹 애플리케이션 디렉토리 [C:\MyCloud\OneDrive\java\apache-tomcat-9.0.30\webapps\website2]에 대한 배치가 [89] 밀리초에 완료되었습니다.
07-Feb-2020 12:27:24.035 정보 [main] org.apache.coyote.AbstractProtocol.start 프로토콜 핸들러 ["http-nio-8080"]을(를) 시작합니다.
07-Feb-2020 12:27:24.046 정보 [main] org.apache.coyote.AbstractProtocol.start 프로토콜 핸들러 ["ajp-nio-8009"]을(를) 시작합니다.
07-Feb-2020 12:27:24.051 정보 [main] org.apache.catalina.startup.Catalina.start 서버가 [5,177] 밀리초 내에 시작되었습니다.
07-Feb-2020 14:13:07.602 정보 [Thread-5] org.apache.coyote.AbstractProtocol.pause 프로토콜 핸들러 ["http-nio-8080"]을(를) 일시 정지 중
07-Feb-2020 14:13:07.641 정보 [Thread-5] org.apache.coyote.AbstractProtocol.pause 프로토콜 핸들러 ["ajp-nio-8009"]을(를) 일시 정지 중
07-Feb-2020 14:13:07.664 정보 [Thread-5] org.apache.catalina.core.StandardService.stopInternal 서비스 [Catalina]을(를) 중지시킵니다.
07-Feb-2020 14:13:07.693 경고 [Thread-5] org.apache.catalina.loader.WebappClassLoaderBase.clearReferencesJdbc 웹 애플리케이션 [200207_T_PagingSpringEx01]이(가) JDBC 드라이버 [org.mariadb.jdbc.Driver]을(를) 등록했지만, 웹 애플리케이션이 중지될 때, 해당 JDBC 드라이버의 등록을 제거하지 못했습니다. 메모리 누수를 방지하기 위하여, 등록을 강제로 제거했습니다.
07-Feb-2020 14:13:07.752 정보 [Thread-5] org.apache.coyote.AbstractProtocol.stop 프로토콜 핸들러 ["http-nio-8080"]을(를) 중지시킵니다.
07-Feb-2020 14:13:07.756 정보 [Thread-5] org.apache.coyote.AbstractProtocol.stop 프로토콜 핸들러 ["ajp-nio-8009"]을(를) 중지시킵니다.
07-Feb-2020 14:13:07.761 정보 [Thread-5] org.apache.coyote.AbstractProtocol.destroy 프로토콜 핸들러 ["http-nio-8080"]을(를) 소멸시킵니다.
07-Feb-2020 14:13:07.765 정보 [Thread-5] org.apache.coyote.AbstractProtocol.destroy 프로토콜 핸들러 ["ajp-nio-8009"]을(를) 소멸시킵니다.
