17-Mar-2020 19:15:22.817 정보 [main] org.apache.catalina.core.ApplicationContext.log No Spring WebApplicationInitializer types detected on classpath
17-Mar-2020 19:15:23.169 정보 [main] org.apache.catalina.core.ApplicationContext.log Initializing Spring root WebApplicationContext
17-Mar-2020 19:15:25.426 정보 [main] org.apache.catalina.core.ApplicationContext.log Initializing Spring DispatcherServlet 'dispatcherServlet'
17-Mar-2020 19:15:27.871 정보 [main] org.apache.catalina.core.ApplicationContext.log No Spring WebApplicationInitializer types detected on classpath
17-Mar-2020 19:15:28.013 정보 [main] org.apache.catalina.core.ApplicationContext.log Initializing Spring root WebApplicationContext
17-Mar-2020 19:15:28.499 정보 [main] org.apache.catalina.core.ApplicationContext.log Initializing Spring DispatcherServlet 'dispatcherServlet'
17-Mar-2020 19:15:30.348 정보 [main] org.apache.catalina.core.ApplicationContext.log No Spring WebApplicationInitializer types detected on classpath
17-Mar-2020 19:15:30.442 정보 [main] org.apache.catalina.core.ApplicationContext.log Initializing Spring root WebApplicationContext
17-Mar-2020 19:15:31.882 정보 [main] org.apache.catalina.core.ApplicationContext.log Initializing Spring DispatcherServlet 'appServlet'
17-Mar-2020 19:15:37.393 정보 [main] org.apache.catalina.core.ApplicationContext.log No Spring WebApplicationInitializer types detected on classpath
17-Mar-2020 19:15:38.329 정보 [main] org.apache.catalina.core.ApplicationContext.log Initializing Spring root WebApplicationContext
17-Mar-2020 19:15:42.367 정보 [main] org.apache.catalina.core.ApplicationContext.log Initializing Spring FrameworkServlet 'action'
17-Mar-2020 19:15:45.490 정보 [main] org.apache.catalina.core.ApplicationContext.log No Spring WebApplicationInitializer types detected on classpath
17-Mar-2020 19:15:45.583 정보 [main] org.apache.catalina.core.ApplicationContext.log Initializing Spring root WebApplicationContext
17-Mar-2020 19:15:45.958 정보 [main] org.apache.catalina.core.ApplicationContext.log Initializing Spring DispatcherServlet 'appServlet'
17-Mar-2020 19:15:48.458 정보 [main] org.apache.catalina.core.ApplicationContext.log ContextListener: contextInitialized()
17-Mar-2020 19:15:48.458 정보 [main] org.apache.catalina.core.ApplicationContext.log SessionListener: contextInitialized()
17-Mar-2020 19:15:48.459 정보 [main] org.apache.catalina.core.ApplicationContext.log ContextListener: attributeAdded('StockTicker', 'async.Stockticker@1c409f6e')
17-Mar-2020 19:22:15.667 정보 [Thread-5] org.apache.catalina.core.ApplicationContext.log Destroying Spring FrameworkServlet 'dispatcherServlet'
17-Mar-2020 19:22:15.669 정보 [Thread-5] org.apache.catalina.core.ApplicationContext.log Closing Spring root WebApplicationContext
17-Mar-2020 19:22:15.695 정보 [Thread-5] org.apache.catalina.core.ApplicationContext.log Destroying Spring FrameworkServlet 'appServlet'
17-Mar-2020 19:22:15.698 정보 [Thread-5] org.apache.catalina.core.ApplicationContext.log Closing Spring root WebApplicationContext
17-Mar-2020 19:22:15.722 정보 [Thread-5] org.apache.catalina.core.ApplicationContext.log Destroying Spring FrameworkServlet 'appServlet'
17-Mar-2020 19:22:15.725 정보 [Thread-5] org.apache.catalina.core.ApplicationContext.log Closing Spring root WebApplicationContext
17-Mar-2020 19:22:15.744 정보 [Thread-5] org.apache.catalina.core.ApplicationContext.log Destroying Spring FrameworkServlet 'dispatcherServlet'
17-Mar-2020 19:22:15.766 정보 [Thread-5] org.apache.catalina.core.ApplicationContext.log Closing Spring root WebApplicationContext
17-Mar-2020 19:22:15.805 정보 [Thread-5] org.apache.catalina.core.ApplicationContext.log SessionListener: contextDestroyed()
17-Mar-2020 19:22:15.805 정보 [Thread-5] org.apache.catalina.core.ApplicationContext.log ContextListener: contextDestroyed()
17-Mar-2020 19:22:15.821 정보 [Thread-5] org.apache.catalina.core.ApplicationContext.log Destroying Spring FrameworkServlet 'action'
17-Mar-2020 19:22:15.824 정보 [Thread-5] org.apache.catalina.core.ApplicationContext.log Closing Spring root WebApplicationContext
