11-Feb-2020 16:34:39.069 정보 [main] org.apache.catalina.core.ApplicationContext.log No Spring WebApplicationInitializer types detected on classpath
11-Feb-2020 16:34:39.312 정보 [main] org.apache.catalina.core.ApplicationContext.log Initializing Spring root WebApplicationContext
11-Feb-2020 16:34:39.971 정보 [main] org.apache.catalina.core.ApplicationContext.log Initializing Spring DispatcherServlet 'dispatcherServlet'
11-Feb-2020 16:34:42.746 정보 [main] org.apache.catalina.core.ApplicationContext.log No Spring WebApplicationInitializer types detected on classpath
11-Feb-2020 16:34:42.912 정보 [main] org.apache.catalina.core.ApplicationContext.log Initializing Spring root WebApplicationContext
11-Feb-2020 16:34:43.356 정보 [main] org.apache.catalina.core.ApplicationContext.log Initializing Spring DispatcherServlet 'dispatcherServlet'
11-Feb-2020 16:34:44.398 정보 [main] org.apache.catalina.core.ApplicationContext.log No Spring WebApplicationInitializer types detected on classpath
11-Feb-2020 16:34:44.468 정보 [main] org.apache.catalina.core.ApplicationContext.log Initializing Spring root WebApplicationContext
11-Feb-2020 16:34:45.109 정보 [main] org.apache.catalina.core.ApplicationContext.log Initializing Spring DispatcherServlet 'appServlet'
11-Feb-2020 16:34:45.983 정보 [main] org.apache.catalina.core.ApplicationContext.log ContextListener: contextInitialized()
11-Feb-2020 16:34:45.983 정보 [main] org.apache.catalina.core.ApplicationContext.log SessionListener: contextInitialized()
11-Feb-2020 16:34:45.984 정보 [main] org.apache.catalina.core.ApplicationContext.log ContextListener: attributeAdded('StockTicker', 'async.Stockticker@3db2665d')
11-Feb-2020 16:36:18.958 정보 [Thread-3] org.apache.catalina.core.ApplicationContext.log Destroying Spring FrameworkServlet 'dispatcherServlet'
11-Feb-2020 16:36:18.961 정보 [Thread-3] org.apache.catalina.core.ApplicationContext.log Closing Spring root WebApplicationContext
11-Feb-2020 16:36:18.988 정보 [Thread-3] org.apache.catalina.core.ApplicationContext.log Destroying Spring FrameworkServlet 'appServlet'
11-Feb-2020 16:36:18.991 정보 [Thread-3] org.apache.catalina.core.ApplicationContext.log Closing Spring root WebApplicationContext
11-Feb-2020 16:36:19.000 정보 [Thread-3] org.apache.catalina.core.ApplicationContext.log Destroying Spring FrameworkServlet 'dispatcherServlet'
11-Feb-2020 16:36:19.001 정보 [Thread-3] org.apache.catalina.core.ApplicationContext.log Closing Spring root WebApplicationContext
11-Feb-2020 16:36:19.017 정보 [Thread-3] org.apache.catalina.core.ApplicationContext.log SessionListener: contextDestroyed()
11-Feb-2020 16:36:19.017 정보 [Thread-3] org.apache.catalina.core.ApplicationContext.log ContextListener: contextDestroyed()
11-Feb-2020 16:36:26.868 정보 [main] org.apache.catalina.core.ApplicationContext.log No Spring WebApplicationInitializer types detected on classpath
11-Feb-2020 16:36:26.988 정보 [main] org.apache.catalina.core.ApplicationContext.log Initializing Spring root WebApplicationContext
11-Feb-2020 16:36:27.547 정보 [main] org.apache.catalina.core.ApplicationContext.log Initializing Spring DispatcherServlet 'dispatcherServlet'
11-Feb-2020 16:36:28.630 정보 [main] org.apache.catalina.core.ApplicationContext.log No Spring WebApplicationInitializer types detected on classpath
11-Feb-2020 16:36:28.724 정보 [main] org.apache.catalina.core.ApplicationContext.log Initializing Spring root WebApplicationContext
11-Feb-2020 16:36:29.164 정보 [main] org.apache.catalina.core.ApplicationContext.log Initializing Spring DispatcherServlet 'dispatcherServlet'
11-Feb-2020 16:36:30.087 정보 [main] org.apache.catalina.core.ApplicationContext.log No Spring WebApplicationInitializer types detected on classpath
11-Feb-2020 16:36:30.171 정보 [main] org.apache.catalina.core.ApplicationContext.log Initializing Spring root WebApplicationContext
11-Feb-2020 16:36:30.796 정보 [main] org.apache.catalina.core.ApplicationContext.log Initializing Spring DispatcherServlet 'appServlet'
11-Feb-2020 16:36:31.655 정보 [main] org.apache.catalina.core.ApplicationContext.log ContextListener: contextInitialized()
11-Feb-2020 16:36:31.655 정보 [main] org.apache.catalina.core.ApplicationContext.log SessionListener: contextInitialized()
11-Feb-2020 16:36:31.657 정보 [main] org.apache.catalina.core.ApplicationContext.log ContextListener: attributeAdded('StockTicker', 'async.Stockticker@59a8891e')
11-Feb-2020 16:47:13.273 정보 [Catalina-utility-1] org.apache.catalina.core.ApplicationContext.log No Spring WebApplicationInitializer types detected on classpath
11-Feb-2020 16:47:13.371 정보 [Catalina-utility-1] org.apache.catalina.core.ApplicationContext.log Initializing Spring root WebApplicationContext
11-Feb-2020 16:47:13.686 정보 [Catalina-utility-1] org.apache.catalina.core.ApplicationContext.log Initializing Spring DispatcherServlet 'appServlet'
11-Feb-2020 16:55:32.465 정보 [Thread-5] org.apache.catalina.core.ApplicationContext.log Destroying Spring FrameworkServlet 'dispatcherServlet'
11-Feb-2020 16:55:32.468 정보 [Thread-5] org.apache.catalina.core.ApplicationContext.log Closing Spring root WebApplicationContext
11-Feb-2020 16:55:32.490 정보 [Thread-5] org.apache.catalina.core.ApplicationContext.log Destroying Spring FrameworkServlet 'appServlet'
11-Feb-2020 16:55:32.497 정보 [Thread-5] org.apache.catalina.core.ApplicationContext.log Closing Spring root WebApplicationContext
11-Feb-2020 16:55:32.523 정보 [Thread-5] org.apache.catalina.core.ApplicationContext.log Destroying Spring FrameworkServlet 'appServlet'
11-Feb-2020 16:55:32.526 정보 [Thread-5] org.apache.catalina.core.ApplicationContext.log Closing Spring root WebApplicationContext
11-Feb-2020 16:55:32.545 정보 [Thread-5] org.apache.catalina.core.ApplicationContext.log Destroying Spring FrameworkServlet 'dispatcherServlet'
11-Feb-2020 16:55:32.546 정보 [Thread-5] org.apache.catalina.core.ApplicationContext.log Closing Spring root WebApplicationContext
11-Feb-2020 16:55:32.560 정보 [Thread-5] org.apache.catalina.core.ApplicationContext.log SessionListener: contextDestroyed()
11-Feb-2020 16:55:32.560 정보 [Thread-5] org.apache.catalina.core.ApplicationContext.log ContextListener: contextDestroyed()
