!SESSION 2020-04-09 09:32:09.034 -----------------------------------------------
eclipse.buildId=4.9.0.I20180906-0745
java.version=1.8.0_221
java.vendor=Oracle Corporation
BootLoader constants: OS=win32, ARCH=x86_64, WS=win32, NL=ko_KR
Framework arguments:  -product org.eclipse.epp.package.jee.product
Command-line arguments:  -os win32 -ws win32 -arch x86_64 -product org.eclipse.epp.package.jee.product

This is a continuation of log file C:\MyCloud\OneDrive\java\jsp-workspace\.metadata\.bak_1.log
Created Time: 2020-04-09 09:41:40.147

!ENTRY org.eclipse.wst.jsdt.core 4 4 2020-04-09 09:41:40.147
!MESSAGE source not specified
!STACK 0
java.lang.IllegalStateException: source not specified
	at org.eclipse.wst.jsdt.core.dom.ASTParser.createAST(ASTParser.java:644)
	at org.eclipse.wst.jsdt.internal.core.search.indexing.SourceIndexer.indexDocument(SourceIndexer.java:93)
	at org.eclipse.wst.jsdt.internal.core.search.JavaSearchParticipant.indexDocument(JavaSearchParticipant.java:79)
	at org.eclipse.wst.jsdt.internal.core.search.indexing.IndexManager.indexDocument(IndexManager.java:325)
	at org.eclipse.wst.jsdt.internal.core.search.indexing.IndexManager$1.execute(IndexManager.java:728)
	at org.eclipse.wst.jsdt.internal.core.search.processing.JobManager.run(JobManager.java:393)
	at java.lang.Thread.run(Thread.java:748)

!ENTRY org.eclipse.wst.jsdt.core 4 4 2020-04-09 09:41:40.198
!MESSAGE source not specified
!STACK 0
java.lang.IllegalStateException: source not specified
	at org.eclipse.wst.jsdt.core.dom.ASTParser.createAST(ASTParser.java:644)
	at org.eclipse.wst.jsdt.internal.core.search.indexing.SourceIndexer.indexDocument(SourceIndexer.java:93)
	at org.eclipse.wst.jsdt.internal.core.search.JavaSearchParticipant.indexDocument(JavaSearchParticipant.java:79)
	at org.eclipse.wst.jsdt.internal.core.search.indexing.IndexManager.indexDocument(IndexManager.java:325)
	at org.eclipse.wst.jsdt.internal.core.search.indexing.IndexManager$1.execute(IndexManager.java:728)
	at org.eclipse.wst.jsdt.internal.core.search.processing.JobManager.run(JobManager.java:393)
	at java.lang.Thread.run(Thread.java:748)

!ENTRY org.eclipse.wst.jsdt.core 4 4 2020-04-09 09:41:40.248
!MESSAGE source not specified
!STACK 0
java.lang.IllegalStateException: source not specified
	at org.eclipse.wst.jsdt.core.dom.ASTParser.createAST(ASTParser.java:644)
	at org.eclipse.wst.jsdt.internal.core.search.indexing.SourceIndexer.indexDocument(SourceIndexer.java:93)
	at org.eclipse.wst.jsdt.internal.core.search.JavaSearchParticipant.indexDocument(JavaSearchParticipant.java:79)
	at org.eclipse.wst.jsdt.internal.core.search.indexing.IndexManager.indexDocument(IndexManager.java:325)
	at org.eclipse.wst.jsdt.internal.core.search.indexing.IndexManager$1.execute(IndexManager.java:728)
	at org.eclipse.wst.jsdt.internal.core.search.processing.JobManager.run(JobManager.java:393)
	at java.lang.Thread.run(Thread.java:748)

!ENTRY org.eclipse.wst.jsdt.core 4 4 2020-04-09 09:41:40.300
!MESSAGE source not specified
!STACK 0
java.lang.IllegalStateException: source not specified
	at org.eclipse.wst.jsdt.core.dom.ASTParser.createAST(ASTParser.java:644)
	at org.eclipse.wst.jsdt.internal.core.search.indexing.SourceIndexer.indexDocument(SourceIndexer.java:93)
	at org.eclipse.wst.jsdt.internal.core.search.JavaSearchParticipant.indexDocument(JavaSearchParticipant.java:79)
	at org.eclipse.wst.jsdt.internal.core.search.indexing.IndexManager.indexDocument(IndexManager.java:325)
	at org.eclipse.wst.jsdt.internal.core.search.indexing.IndexManager$1.execute(IndexManager.java:728)
	at org.eclipse.wst.jsdt.internal.core.search.processing.JobManager.run(JobManager.java:393)
	at java.lang.Thread.run(Thread.java:748)

!ENTRY org.eclipse.wst.jsdt.core 4 4 2020-04-09 09:41:40.351
!MESSAGE source not specified
!STACK 0
java.lang.IllegalStateException: source not specified
	at org.eclipse.wst.jsdt.core.dom.ASTParser.createAST(ASTParser.java:644)
	at org.eclipse.wst.jsdt.internal.core.search.indexing.SourceIndexer.indexDocument(SourceIndexer.java:93)
	at org.eclipse.wst.jsdt.internal.core.search.JavaSearchParticipant.indexDocument(JavaSearchParticipant.java:79)
	at org.eclipse.wst.jsdt.internal.core.search.indexing.IndexManager.indexDocument(IndexManager.java:325)
	at org.eclipse.wst.jsdt.internal.core.search.indexing.IndexManager$1.execute(IndexManager.java:728)
	at org.eclipse.wst.jsdt.internal.core.search.processing.JobManager.run(JobManager.java:393)
	at java.lang.Thread.run(Thread.java:748)

!ENTRY org.eclipse.wst.jsdt.core 4 4 2020-04-09 09:41:40.402
!MESSAGE source not specified
!STACK 0
java.lang.IllegalStateException: source not specified
	at org.eclipse.wst.jsdt.core.dom.ASTParser.createAST(ASTParser.java:644)
	at org.eclipse.wst.jsdt.internal.core.search.indexing.SourceIndexer.indexDocument(SourceIndexer.java:93)
	at org.eclipse.wst.jsdt.internal.core.search.JavaSearchParticipant.indexDocument(JavaSearchParticipant.java:79)
	at org.eclipse.wst.jsdt.internal.core.search.indexing.IndexManager.indexDocument(IndexManager.java:325)
	at org.eclipse.wst.jsdt.internal.core.search.indexing.IndexManager$1.execute(IndexManager.java:728)
	at org.eclipse.wst.jsdt.internal.core.search.processing.JobManager.run(JobManager.java:393)
	at java.lang.Thread.run(Thread.java:748)

!ENTRY org.eclipse.wst.jsdt.core 4 4 2020-04-09 09:41:40.453
!MESSAGE source not specified
!STACK 0
java.lang.IllegalStateException: source not specified
	at org.eclipse.wst.jsdt.core.dom.ASTParser.createAST(ASTParser.java:644)
	at org.eclipse.wst.jsdt.internal.core.search.indexing.SourceIndexer.indexDocument(SourceIndexer.java:93)
	at org.eclipse.wst.jsdt.internal.core.search.JavaSearchParticipant.indexDocument(JavaSearchParticipant.java:79)
	at org.eclipse.wst.jsdt.internal.core.search.indexing.IndexManager.indexDocument(IndexManager.java:325)
	at org.eclipse.wst.jsdt.internal.core.search.indexing.IndexManager$1.execute(IndexManager.java:728)
	at org.eclipse.wst.jsdt.internal.core.search.processing.JobManager.run(JobManager.java:393)
	at java.lang.Thread.run(Thread.java:748)

!ENTRY org.eclipse.wst.jsdt.core 4 4 2020-04-09 09:41:40.504
!MESSAGE source not specified
!STACK 0
java.lang.IllegalStateException: source not specified
	at org.eclipse.wst.jsdt.core.dom.ASTParser.createAST(ASTParser.java:644)
	at org.eclipse.wst.jsdt.internal.core.search.indexing.SourceIndexer.indexDocument(SourceIndexer.java:93)
	at org.eclipse.wst.jsdt.internal.core.search.JavaSearchParticipant.indexDocument(JavaSearchParticipant.java:79)
	at org.eclipse.wst.jsdt.internal.core.search.indexing.IndexManager.indexDocument(IndexManager.java:325)
	at org.eclipse.wst.jsdt.internal.core.search.indexing.IndexManager$1.execute(IndexManager.java:728)
	at org.eclipse.wst.jsdt.internal.core.search.processing.JobManager.run(JobManager.java:393)
	at java.lang.Thread.run(Thread.java:748)

!ENTRY org.eclipse.wst.jsdt.core 4 4 2020-04-09 09:41:40.555
!MESSAGE source not specified
!STACK 0
java.lang.IllegalStateException: source not specified
	at org.eclipse.wst.jsdt.core.dom.ASTParser.createAST(ASTParser.java:644)
	at org.eclipse.wst.jsdt.internal.core.search.indexing.SourceIndexer.indexDocument(SourceIndexer.java:93)
	at org.eclipse.wst.jsdt.internal.core.search.JavaSearchParticipant.indexDocument(JavaSearchParticipant.java:79)
	at org.eclipse.wst.jsdt.internal.core.search.indexing.IndexManager.indexDocument(IndexManager.java:325)
	at org.eclipse.wst.jsdt.internal.core.search.indexing.IndexManager$1.execute(IndexManager.java:728)
	at org.eclipse.wst.jsdt.internal.core.search.processing.JobManager.run(JobManager.java:393)
	at java.lang.Thread.run(Thread.java:748)

!ENTRY org.eclipse.wst.jsdt.core 4 4 2020-04-09 09:41:40.607
!MESSAGE source not specified
!STACK 0
java.lang.IllegalStateException: source not specified
	at org.eclipse.wst.jsdt.core.dom.ASTParser.createAST(ASTParser.java:644)
	at org.eclipse.wst.jsdt.internal.core.search.indexing.SourceIndexer.indexDocument(SourceIndexer.java:93)
	at org.eclipse.wst.jsdt.internal.core.search.JavaSearchParticipant.indexDocument(JavaSearchParticipant.java:79)
	at org.eclipse.wst.jsdt.internal.core.search.indexing.IndexManager.indexDocument(IndexManager.java:325)
	at org.eclipse.wst.jsdt.internal.core.search.indexing.IndexManager$1.execute(IndexManager.java:728)
	at org.eclipse.wst.jsdt.internal.core.search.processing.JobManager.run(JobManager.java:393)
	at java.lang.Thread.run(Thread.java:748)

!ENTRY org.eclipse.wst.jsdt.core 4 4 2020-04-09 09:41:40.658
!MESSAGE source not specified
!STACK 0
java.lang.IllegalStateException: source not specified
	at org.eclipse.wst.jsdt.core.dom.ASTParser.createAST(ASTParser.java:644)
	at org.eclipse.wst.jsdt.internal.core.search.indexing.SourceIndexer.indexDocument(SourceIndexer.java:93)
	at org.eclipse.wst.jsdt.internal.core.search.JavaSearchParticipant.indexDocument(JavaSearchParticipant.java:79)
	at org.eclipse.wst.jsdt.internal.core.search.indexing.IndexManager.indexDocument(IndexManager.java:325)
	at org.eclipse.wst.jsdt.internal.core.search.indexing.IndexManager$1.execute(IndexManager.java:728)
	at org.eclipse.wst.jsdt.internal.core.search.processing.JobManager.run(JobManager.java:393)
	at java.lang.Thread.run(Thread.java:748)

!ENTRY org.eclipse.wst.jsdt.core 4 4 2020-04-09 09:41:40.709
!MESSAGE source not specified
!STACK 0
java.lang.IllegalStateException: source not specified
	at org.eclipse.wst.jsdt.core.dom.ASTParser.createAST(ASTParser.java:644)
	at org.eclipse.wst.jsdt.internal.core.search.indexing.SourceIndexer.indexDocument(SourceIndexer.java:93)
	at org.eclipse.wst.jsdt.internal.core.search.JavaSearchParticipant.indexDocument(JavaSearchParticipant.java:79)
	at org.eclipse.wst.jsdt.internal.core.search.indexing.IndexManager.indexDocument(IndexManager.java:325)
	at org.eclipse.wst.jsdt.internal.core.search.indexing.IndexManager$1.execute(IndexManager.java:728)
	at org.eclipse.wst.jsdt.internal.core.search.processing.JobManager.run(JobManager.java:393)
	at java.lang.Thread.run(Thread.java:748)

!ENTRY org.eclipse.wst.jsdt.core 4 4 2020-04-09 09:41:40.760
!MESSAGE source not specified
!STACK 0
java.lang.IllegalStateException: source not specified
	at org.eclipse.wst.jsdt.core.dom.ASTParser.createAST(ASTParser.java:644)
	at org.eclipse.wst.jsdt.internal.core.search.indexing.SourceIndexer.indexDocument(SourceIndexer.java:93)
	at org.eclipse.wst.jsdt.internal.core.search.JavaSearchParticipant.indexDocument(JavaSearchParticipant.java:79)
	at org.eclipse.wst.jsdt.internal.core.search.indexing.IndexManager.indexDocument(IndexManager.java:325)
	at org.eclipse.wst.jsdt.internal.core.search.indexing.IndexManager$1.execute(IndexManager.java:728)
	at org.eclipse.wst.jsdt.internal.core.search.processing.JobManager.run(JobManager.java:393)
	at java.lang.Thread.run(Thread.java:748)

!ENTRY org.eclipse.wst.jsdt.core 4 4 2020-04-09 09:41:40.811
!MESSAGE source not specified
!STACK 0
java.lang.IllegalStateException: source not specified
	at org.eclipse.wst.jsdt.core.dom.ASTParser.createAST(ASTParser.java:644)
	at org.eclipse.wst.jsdt.internal.core.search.indexing.SourceIndexer.indexDocument(SourceIndexer.java:93)
	at org.eclipse.wst.jsdt.internal.core.search.JavaSearchParticipant.indexDocument(JavaSearchParticipant.java:79)
	at org.eclipse.wst.jsdt.internal.core.search.indexing.IndexManager.indexDocument(IndexManager.java:325)
	at org.eclipse.wst.jsdt.internal.core.search.indexing.IndexManager$1.execute(IndexManager.java:728)
	at org.eclipse.wst.jsdt.internal.core.search.processing.JobManager.run(JobManager.java:393)
	at java.lang.Thread.run(Thread.java:748)

!ENTRY org.eclipse.wst.jsdt.core 4 4 2020-04-09 09:41:40.862
!MESSAGE source not specified
!STACK 0
java.lang.IllegalStateException: source not specified
	at org.eclipse.wst.jsdt.core.dom.ASTParser.createAST(ASTParser.java:644)
	at org.eclipse.wst.jsdt.internal.core.search.indexing.SourceIndexer.indexDocument(SourceIndexer.java:93)
	at org.eclipse.wst.jsdt.internal.core.search.JavaSearchParticipant.indexDocument(JavaSearchParticipant.java:79)
	at org.eclipse.wst.jsdt.internal.core.search.indexing.IndexManager.indexDocument(IndexManager.java:325)
	at org.eclipse.wst.jsdt.internal.core.search.indexing.IndexManager$1.execute(IndexManager.java:728)
	at org.eclipse.wst.jsdt.internal.core.search.processing.JobManager.run(JobManager.java:393)
	at java.lang.Thread.run(Thread.java:748)

!ENTRY org.eclipse.wst.jsdt.core 4 4 2020-04-09 09:41:40.913
!MESSAGE source not specified
!STACK 0
java.lang.IllegalStateException: source not specified
	at org.eclipse.wst.jsdt.core.dom.ASTParser.createAST(ASTParser.java:644)
	at org.eclipse.wst.jsdt.internal.core.search.indexing.SourceIndexer.indexDocument(SourceIndexer.java:93)
	at org.eclipse.wst.jsdt.internal.core.search.JavaSearchParticipant.indexDocument(JavaSearchParticipant.java:79)
	at org.eclipse.wst.jsdt.internal.core.search.indexing.IndexManager.indexDocument(IndexManager.java:325)
	at org.eclipse.wst.jsdt.internal.core.search.indexing.IndexManager$1.execute(IndexManager.java:728)
	at org.eclipse.wst.jsdt.internal.core.search.processing.JobManager.run(JobManager.java:393)
	at java.lang.Thread.run(Thread.java:748)

!ENTRY org.eclipse.wst.jsdt.core 4 4 2020-04-09 09:41:40.963
!MESSAGE source not specified
!STACK 0
java.lang.IllegalStateException: source not specified
	at org.eclipse.wst.jsdt.core.dom.ASTParser.createAST(ASTParser.java:644)
	at org.eclipse.wst.jsdt.internal.core.search.indexing.SourceIndexer.indexDocument(SourceIndexer.java:93)
	at org.eclipse.wst.jsdt.internal.core.search.JavaSearchParticipant.indexDocument(JavaSearchParticipant.java:79)
	at org.eclipse.wst.jsdt.internal.core.search.indexing.IndexManager.indexDocument(IndexManager.java:325)
	at org.eclipse.wst.jsdt.internal.core.search.indexing.IndexManager$1.execute(IndexManager.java:728)
	at org.eclipse.wst.jsdt.internal.core.search.processing.JobManager.run(JobManager.java:393)
	at java.lang.Thread.run(Thread.java:748)

!ENTRY tern.eclipse.ide.core 4 0 2020-04-09 11:38:43.699
!MESSAGE Connection reset
!STACK 0
tern.TernException: Connection reset
	at tern.server.DefaultResponseHandler.getData(DefaultResponseHandler.java:54)
	at tern.server.protocol.TernResultsProcessorsFactory.makeRequestAndProcess(TernResultsProcessorsFactory.java:46)
	at tern.eclipse.ide.internal.core.resources.IDETernServerAsyncReqProcessor.run(IDETernServerAsyncReqProcessor.java:105)
	at org.eclipse.core.internal.jobs.Worker.run(Worker.java:63)
Caused by: java.net.SocketException: Connection reset
	at java.net.SocketInputStream.read(SocketInputStream.java:210)
	at java.net.SocketInputStream.read(SocketInputStream.java:141)
	at org.apache.http.impl.io.AbstractSessionInputBuffer.fillBuffer(AbstractSessionInputBuffer.java:161)
	at org.apache.http.impl.io.SocketInputBuffer.fillBuffer(SocketInputBuffer.java:82)
	at org.apache.http.impl.io.AbstractSessionInputBuffer.readLine(AbstractSessionInputBuffer.java:278)
	at org.apache.http.impl.conn.DefaultHttpResponseParser.parseHead(DefaultHttpResponseParser.java:138)
	at org.apache.http.impl.conn.DefaultHttpResponseParser.parseHead(DefaultHttpResponseParser.java:56)
	at org.apache.http.impl.io.AbstractMessageParser.parse(AbstractMessageParser.java:259)
	at org.apache.http.impl.AbstractHttpClientConnection.receiveResponseHeader(AbstractHttpClientConnection.java:286)
	at org.apache.http.impl.conn.DefaultClientConnection.receiveResponseHeader(DefaultClientConnection.java:257)
	at org.apache.http.impl.conn.ManagedClientConnectionImpl.receiveResponseHeader(ManagedClientConnectionImpl.java:207)
	at org.apache.http.protocol.HttpRequestExecutor.doReceiveResponse(HttpRequestExecutor.java:273)
	at org.apache.http.protocol.HttpRequestExecutor.execute(HttpRequestExecutor.java:125)
	at org.apache.http.impl.client.DefaultRequestDirector.tryExecute(DefaultRequestDirector.java:684)
	at org.apache.http.impl.client.DefaultRequestDirector.execute(DefaultRequestDirector.java:486)
	at org.apache.http.impl.client.AbstractHttpClient.doExecute(AbstractHttpClient.java:835)
	at org.apache.http.impl.client.CloseableHttpClient.execute(CloseableHttpClient.java:83)
	at org.apache.http.impl.client.CloseableHttpClient.execute(CloseableHttpClient.java:108)
	at org.apache.http.impl.client.CloseableHttpClient.execute(CloseableHttpClient.java:56)
	at tern.server.nodejs.NodejsTernHelper.makeRequest(NodejsTernHelper.java:82)
	at tern.server.nodejs.NodejsTernServer.makeRequest(NodejsTernServer.java:238)
	at tern.server.nodejs.NodejsTernServer.request(NodejsTernServer.java:204)
	at tern.server.protocol.TernResultsProcessorsFactory.makeRequestAndProcess(TernResultsProcessorsFactory.java:45)
	... 2 more

!ENTRY tern.eclipse.ide.core 4 0 2020-04-09 11:38:43.714
!MESSAGE Connection reset
!STACK 0
tern.TernException: Connection reset
	at tern.eclipse.ide.internal.core.resources.IDETernFileUploader$1.onError(IDETernFileUploader.java:133)
	at tern.server.nodejs.NodejsTernServer.request(NodejsTernServer.java:207)
	at tern.eclipse.ide.internal.core.resources.IDETernFileUploader.run(IDETernFileUploader.java:124)
	at org.eclipse.core.internal.jobs.Worker.run(Worker.java:63)
Caused by: java.net.SocketException: Connection reset
	at java.net.SocketInputStream.read(SocketInputStream.java:210)
	at java.net.SocketInputStream.read(SocketInputStream.java:141)
	at org.apache.http.impl.io.AbstractSessionInputBuffer.fillBuffer(AbstractSessionInputBuffer.java:161)
	at org.apache.http.impl.io.SocketInputBuffer.fillBuffer(SocketInputBuffer.java:82)
	at org.apache.http.impl.io.AbstractSessionInputBuffer.readLine(AbstractSessionInputBuffer.java:278)
	at org.apache.http.impl.conn.DefaultHttpResponseParser.parseHead(DefaultHttpResponseParser.java:138)
	at org.apache.http.impl.conn.DefaultHttpResponseParser.parseHead(DefaultHttpResponseParser.java:56)
	at org.apache.http.impl.io.AbstractMessageParser.parse(AbstractMessageParser.java:259)
	at org.apache.http.impl.AbstractHttpClientConnection.receiveResponseHeader(AbstractHttpClientConnection.java:286)
	at org.apache.http.impl.conn.DefaultClientConnection.receiveResponseHeader(DefaultClientConnection.java:257)
	at org.apache.http.impl.conn.ManagedClientConnectionImpl.receiveResponseHeader(ManagedClientConnectionImpl.java:207)
	at org.apache.http.protocol.HttpRequestExecutor.doReceiveResponse(HttpRequestExecutor.java:273)
	at org.apache.http.protocol.HttpRequestExecutor.execute(HttpRequestExecutor.java:125)
	at org.apache.http.impl.client.DefaultRequestDirector.tryExecute(DefaultRequestDirector.java:684)
	at org.apache.http.impl.client.DefaultRequestDirector.execute(DefaultRequestDirector.java:486)
	at org.apache.http.impl.client.AbstractHttpClient.doExecute(AbstractHttpClient.java:835)
	at org.apache.http.impl.client.CloseableHttpClient.execute(CloseableHttpClient.java:83)
	at org.apache.http.impl.client.CloseableHttpClient.execute(CloseableHttpClient.java:108)
	at org.apache.http.impl.client.CloseableHttpClient.execute(CloseableHttpClient.java:56)
	at tern.server.nodejs.NodejsTernHelper.makeRequest(NodejsTernHelper.java:82)
	at tern.server.nodejs.NodejsTernServer.makeRequest(NodejsTernServer.java:238)
	at tern.server.nodejs.NodejsTernServer.request(NodejsTernServer.java:204)
	... 2 more

!ENTRY org.eclipse.jface.text 2 0 2020-04-09 12:00:53.636
!MESSAGE Duplicate template id: 'org.eclipse.wst.xslt.templates.xpath.boolean'

!ENTRY tern.eclipse.ide.core 4 0 2020-04-09 12:05:15.741
!MESSAGE Connection reset
!STACK 0
tern.TernException: Connection reset
	at tern.server.DefaultResponseHandler.getData(DefaultResponseHandler.java:54)
	at tern.server.protocol.TernResultsProcessorsFactory.makeRequestAndProcess(TernResultsProcessorsFactory.java:46)
	at tern.eclipse.ide.internal.core.resources.IDETernServerAsyncReqProcessor.run(IDETernServerAsyncReqProcessor.java:105)
	at org.eclipse.core.internal.jobs.Worker.run(Worker.java:63)
Caused by: java.net.SocketException: Connection reset
	at java.net.SocketInputStream.read(SocketInputStream.java:210)
	at java.net.SocketInputStream.read(SocketInputStream.java:141)
	at org.apache.http.impl.io.AbstractSessionInputBuffer.fillBuffer(AbstractSessionInputBuffer.java:161)
	at org.apache.http.impl.io.SocketInputBuffer.fillBuffer(SocketInputBuffer.java:82)
	at org.apache.http.impl.io.AbstractSessionInputBuffer.readLine(AbstractSessionInputBuffer.java:278)
	at org.apache.http.impl.conn.DefaultHttpResponseParser.parseHead(DefaultHttpResponseParser.java:138)
	at org.apache.http.impl.conn.DefaultHttpResponseParser.parseHead(DefaultHttpResponseParser.java:56)
	at org.apache.http.impl.io.AbstractMessageParser.parse(AbstractMessageParser.java:259)
	at org.apache.http.impl.AbstractHttpClientConnection.receiveResponseHeader(AbstractHttpClientConnection.java:286)
	at org.apache.http.impl.conn.DefaultClientConnection.receiveResponseHeader(DefaultClientConnection.java:257)
	at org.apache.http.impl.conn.ManagedClientConnectionImpl.receiveResponseHeader(ManagedClientConnectionImpl.java:207)
	at org.apache.http.protocol.HttpRequestExecutor.doReceiveResponse(HttpRequestExecutor.java:273)
	at org.apache.http.protocol.HttpRequestExecutor.execute(HttpRequestExecutor.java:125)
	at org.apache.http.impl.client.DefaultRequestDirector.tryExecute(DefaultRequestDirector.java:684)
	at org.apache.http.impl.client.DefaultRequestDirector.execute(DefaultRequestDirector.java:486)
	at org.apache.http.impl.client.AbstractHttpClient.doExecute(AbstractHttpClient.java:835)
	at org.apache.http.impl.client.CloseableHttpClient.execute(CloseableHttpClient.java:83)
	at org.apache.http.impl.client.CloseableHttpClient.execute(CloseableHttpClient.java:108)
	at org.apache.http.impl.client.CloseableHttpClient.execute(CloseableHttpClient.java:56)
	at tern.server.nodejs.NodejsTernHelper.makeRequest(NodejsTernHelper.java:82)
	at tern.server.nodejs.NodejsTernServer.makeRequest(NodejsTernServer.java:238)
	at tern.server.nodejs.NodejsTernServer.request(NodejsTernServer.java:204)
	at tern.server.protocol.TernResultsProcessorsFactory.makeRequestAndProcess(TernResultsProcessorsFactory.java:45)
	... 2 more

!ENTRY tern.eclipse.ide.core 4 0 2020-04-09 12:15:27.105
!MESSAGE Connection reset
!STACK 0
tern.TernException: Connection reset
	at tern.server.DefaultResponseHandler.getData(DefaultResponseHandler.java:54)
	at tern.server.protocol.TernResultsProcessorsFactory.makeRequestAndProcess(TernResultsProcessorsFactory.java:46)
	at tern.eclipse.ide.internal.core.resources.IDETernServerAsyncReqProcessor.run(IDETernServerAsyncReqProcessor.java:105)
	at org.eclipse.core.internal.jobs.Worker.run(Worker.java:63)
Caused by: java.net.SocketException: Connection reset
	at java.net.SocketInputStream.read(SocketInputStream.java:210)
	at java.net.SocketInputStream.read(SocketInputStream.java:141)
	at org.apache.http.impl.io.AbstractSessionInputBuffer.fillBuffer(AbstractSessionInputBuffer.java:161)
	at org.apache.http.impl.io.SocketInputBuffer.fillBuffer(SocketInputBuffer.java:82)
	at org.apache.http.impl.io.AbstractSessionInputBuffer.readLine(AbstractSessionInputBuffer.java:278)
	at org.apache.http.impl.conn.DefaultHttpResponseParser.parseHead(DefaultHttpResponseParser.java:138)
	at org.apache.http.impl.conn.DefaultHttpResponseParser.parseHead(DefaultHttpResponseParser.java:56)
	at org.apache.http.impl.io.AbstractMessageParser.parse(AbstractMessageParser.java:259)
	at org.apache.http.impl.AbstractHttpClientConnection.receiveResponseHeader(AbstractHttpClientConnection.java:286)
	at org.apache.http.impl.conn.DefaultClientConnection.receiveResponseHeader(DefaultClientConnection.java:257)
	at org.apache.http.impl.conn.ManagedClientConnectionImpl.receiveResponseHeader(ManagedClientConnectionImpl.java:207)
	at org.apache.http.protocol.HttpRequestExecutor.doReceiveResponse(HttpRequestExecutor.java:273)
	at org.apache.http.protocol.HttpRequestExecutor.execute(HttpRequestExecutor.java:125)
	at org.apache.http.impl.client.DefaultRequestDirector.tryExecute(DefaultRequestDirector.java:684)
	at org.apache.http.impl.client.DefaultRequestDirector.execute(DefaultRequestDirector.java:486)
	at org.apache.http.impl.client.AbstractHttpClient.doExecute(AbstractHttpClient.java:835)
	at org.apache.http.impl.client.CloseableHttpClient.execute(CloseableHttpClient.java:83)
	at org.apache.http.impl.client.CloseableHttpClient.execute(CloseableHttpClient.java:108)
	at org.apache.http.impl.client.CloseableHttpClient.execute(CloseableHttpClient.java:56)
	at tern.server.nodejs.NodejsTernHelper.makeRequest(NodejsTernHelper.java:82)
	at tern.server.nodejs.NodejsTernServer.makeRequest(NodejsTernServer.java:238)
	at tern.server.nodejs.NodejsTernServer.request(NodejsTernServer.java:204)
	at tern.server.protocol.TernResultsProcessorsFactory.makeRequestAndProcess(TernResultsProcessorsFactory.java:45)
	... 2 more

!ENTRY tern.eclipse.ide.core 4 0 2020-04-09 12:22:09.866
!MESSAGE Connection reset
!STACK 0
tern.TernException: Connection reset
	at tern.server.DefaultResponseHandler.getData(DefaultResponseHandler.java:54)
	at tern.server.protocol.TernResultsProcessorsFactory.makeRequestAndProcess(TernResultsProcessorsFactory.java:46)
	at tern.eclipse.ide.internal.core.resources.IDETernServerAsyncReqProcessor.run(IDETernServerAsyncReqProcessor.java:105)
	at org.eclipse.core.internal.jobs.Worker.run(Worker.java:63)
Caused by: java.net.SocketException: Connection reset
	at java.net.SocketInputStream.read(SocketInputStream.java:210)
	at java.net.SocketInputStream.read(SocketInputStream.java:141)
	at org.apache.http.impl.io.AbstractSessionInputBuffer.fillBuffer(AbstractSessionInputBuffer.java:161)
	at org.apache.http.impl.io.SocketInputBuffer.fillBuffer(SocketInputBuffer.java:82)
	at org.apache.http.impl.io.AbstractSessionInputBuffer.readLine(AbstractSessionInputBuffer.java:278)
	at org.apache.http.impl.conn.DefaultHttpResponseParser.parseHead(DefaultHttpResponseParser.java:138)
	at org.apache.http.impl.conn.DefaultHttpResponseParser.parseHead(DefaultHttpResponseParser.java:56)
	at org.apache.http.impl.io.AbstractMessageParser.parse(AbstractMessageParser.java:259)
	at org.apache.http.impl.AbstractHttpClientConnection.receiveResponseHeader(AbstractHttpClientConnection.java:286)
	at org.apache.http.impl.conn.DefaultClientConnection.receiveResponseHeader(DefaultClientConnection.java:257)
	at org.apache.http.impl.conn.ManagedClientConnectionImpl.receiveResponseHeader(ManagedClientConnectionImpl.java:207)
	at org.apache.http.protocol.HttpRequestExecutor.doReceiveResponse(HttpRequestExecutor.java:273)
	at org.apache.http.protocol.HttpRequestExecutor.execute(HttpRequestExecutor.java:125)
	at org.apache.http.impl.client.DefaultRequestDirector.tryExecute(DefaultRequestDirector.java:684)
	at org.apache.http.impl.client.DefaultRequestDirector.execute(DefaultRequestDirector.java:486)
	at org.apache.http.impl.client.AbstractHttpClient.doExecute(AbstractHttpClient.java:835)
	at org.apache.http.impl.client.CloseableHttpClient.execute(CloseableHttpClient.java:83)
	at org.apache.http.impl.client.CloseableHttpClient.execute(CloseableHttpClient.java:108)
	at org.apache.http.impl.client.CloseableHttpClient.execute(CloseableHttpClient.java:56)
	at tern.server.nodejs.NodejsTernHelper.makeRequest(NodejsTernHelper.java:82)
	at tern.server.nodejs.NodejsTernServer.makeRequest(NodejsTernServer.java:238)
	at tern.server.nodejs.NodejsTernServer.request(NodejsTernServer.java:204)
	at tern.server.protocol.TernResultsProcessorsFactory.makeRequestAndProcess(TernResultsProcessorsFactory.java:45)
	... 2 more

!ENTRY tern.eclipse.ide.core 4 0 2020-04-09 12:28:05.798
!MESSAGE Connection reset
!STACK 0
tern.TernException: Connection reset
	at tern.server.DefaultResponseHandler.getData(DefaultResponseHandler.java:54)
	at tern.server.protocol.TernResultsProcessorsFactory.makeRequestAndProcess(TernResultsProcessorsFactory.java:46)
	at tern.eclipse.ide.internal.core.resources.IDETernServerAsyncReqProcessor.run(IDETernServerAsyncReqProcessor.java:105)
	at org.eclipse.core.internal.jobs.Worker.run(Worker.java:63)
Caused by: java.net.SocketException: Connection reset
	at java.net.SocketInputStream.read(SocketInputStream.java:210)
	at java.net.SocketInputStream.read(SocketInputStream.java:141)
	at org.apache.http.impl.io.AbstractSessionInputBuffer.fillBuffer(AbstractSessionInputBuffer.java:161)
	at org.apache.http.impl.io.SocketInputBuffer.fillBuffer(SocketInputBuffer.java:82)
	at org.apache.http.impl.io.AbstractSessionInputBuffer.readLine(AbstractSessionInputBuffer.java:278)
	at org.apache.http.impl.conn.DefaultHttpResponseParser.parseHead(DefaultHttpResponseParser.java:138)
	at org.apache.http.impl.conn.DefaultHttpResponseParser.parseHead(DefaultHttpResponseParser.java:56)
	at org.apache.http.impl.io.AbstractMessageParser.parse(AbstractMessageParser.java:259)
	at org.apache.http.impl.AbstractHttpClientConnection.receiveResponseHeader(AbstractHttpClientConnection.java:286)
	at org.apache.http.impl.conn.DefaultClientConnection.receiveResponseHeader(DefaultClientConnection.java:257)
	at org.apache.http.impl.conn.ManagedClientConnectionImpl.receiveResponseHeader(ManagedClientConnectionImpl.java:207)
	at org.apache.http.protocol.HttpRequestExecutor.doReceiveResponse(HttpRequestExecutor.java:273)
	at org.apache.http.protocol.HttpRequestExecutor.execute(HttpRequestExecutor.java:125)
	at org.apache.http.impl.client.DefaultRequestDirector.tryExecute(DefaultRequestDirector.java:684)
	at org.apache.http.impl.client.DefaultRequestDirector.execute(DefaultRequestDirector.java:486)
	at org.apache.http.impl.client.AbstractHttpClient.doExecute(AbstractHttpClient.java:835)
	at org.apache.http.impl.client.CloseableHttpClient.execute(CloseableHttpClient.java:83)
	at org.apache.http.impl.client.CloseableHttpClient.execute(CloseableHttpClient.java:108)
	at org.apache.http.impl.client.CloseableHttpClient.execute(CloseableHttpClient.java:56)
	at tern.server.nodejs.NodejsTernHelper.makeRequest(NodejsTernHelper.java:82)
	at tern.server.nodejs.NodejsTernServer.makeRequest(NodejsTernServer.java:238)
	at tern.server.nodejs.NodejsTernServer.request(NodejsTernServer.java:204)
	at tern.server.protocol.TernResultsProcessorsFactory.makeRequestAndProcess(TernResultsProcessorsFactory.java:45)
	... 2 more

!ENTRY tern.eclipse.ide.core 4 0 2020-04-09 12:33:12.946
!MESSAGE Connection reset
!STACK 0
tern.TernException: Connection reset
	at tern.server.DefaultResponseHandler.getData(DefaultResponseHandler.java:54)
	at tern.server.protocol.TernResultsProcessorsFactory.makeRequestAndProcess(TernResultsProcessorsFactory.java:46)
	at tern.eclipse.ide.internal.core.resources.IDETernServerAsyncReqProcessor.run(IDETernServerAsyncReqProcessor.java:105)
	at org.eclipse.core.internal.jobs.Worker.run(Worker.java:63)
Caused by: java.net.SocketException: Connection reset
	at java.net.SocketInputStream.read(SocketInputStream.java:210)
	at java.net.SocketInputStream.read(SocketInputStream.java:141)
	at org.apache.http.impl.io.AbstractSessionInputBuffer.fillBuffer(AbstractSessionInputBuffer.java:161)
	at org.apache.http.impl.io.SocketInputBuffer.fillBuffer(SocketInputBuffer.java:82)
	at org.apache.http.impl.io.AbstractSessionInputBuffer.readLine(AbstractSessionInputBuffer.java:278)
	at org.apache.http.impl.conn.DefaultHttpResponseParser.parseHead(DefaultHttpResponseParser.java:138)
	at org.apache.http.impl.conn.DefaultHttpResponseParser.parseHead(DefaultHttpResponseParser.java:56)
	at org.apache.http.impl.io.AbstractMessageParser.parse(AbstractMessageParser.java:259)
	at org.apache.http.impl.AbstractHttpClientConnection.receiveResponseHeader(AbstractHttpClientConnection.java:286)
	at org.apache.http.impl.conn.DefaultClientConnection.receiveResponseHeader(DefaultClientConnection.java:257)
	at org.apache.http.impl.conn.ManagedClientConnectionImpl.receiveResponseHeader(ManagedClientConnectionImpl.java:207)
	at org.apache.http.protocol.HttpRequestExecutor.doReceiveResponse(HttpRequestExecutor.java:273)
	at org.apache.http.protocol.HttpRequestExecutor.execute(HttpRequestExecutor.java:125)
	at org.apache.http.impl.client.DefaultRequestDirector.tryExecute(DefaultRequestDirector.java:684)
	at org.apache.http.impl.client.DefaultRequestDirector.execute(DefaultRequestDirector.java:486)
	at org.apache.http.impl.client.AbstractHttpClient.doExecute(AbstractHttpClient.java:835)
	at org.apache.http.impl.client.CloseableHttpClient.execute(CloseableHttpClient.java:83)
	at org.apache.http.impl.client.CloseableHttpClient.execute(CloseableHttpClient.java:108)
	at org.apache.http.impl.client.CloseableHttpClient.execute(CloseableHttpClient.java:56)
	at tern.server.nodejs.NodejsTernHelper.makeRequest(NodejsTernHelper.java:82)
	at tern.server.nodejs.NodejsTernServer.makeRequest(NodejsTernServer.java:238)
	at tern.server.nodejs.NodejsTernServer.request(NodejsTernServer.java:204)
	at tern.server.protocol.TernResultsProcessorsFactory.makeRequestAndProcess(TernResultsProcessorsFactory.java:45)
	... 2 more

!ENTRY tern.eclipse.ide.core 4 0 2020-04-09 12:41:04.784
!MESSAGE Connection reset
!STACK 0
tern.TernException: Connection reset
	at tern.server.DefaultResponseHandler.getData(DefaultResponseHandler.java:54)
	at tern.server.protocol.TernResultsProcessorsFactory.makeRequestAndProcess(TernResultsProcessorsFactory.java:46)
	at tern.eclipse.ide.internal.core.resources.IDETernServerAsyncReqProcessor.run(IDETernServerAsyncReqProcessor.java:105)
	at org.eclipse.core.internal.jobs.Worker.run(Worker.java:63)
Caused by: java.net.SocketException: Connection reset
	at java.net.SocketInputStream.read(SocketInputStream.java:210)
	at java.net.SocketInputStream.read(SocketInputStream.java:141)
	at org.apache.http.impl.io.AbstractSessionInputBuffer.fillBuffer(AbstractSessionInputBuffer.java:161)
	at org.apache.http.impl.io.SocketInputBuffer.fillBuffer(SocketInputBuffer.java:82)
	at org.apache.http.impl.io.AbstractSessionInputBuffer.readLine(AbstractSessionInputBuffer.java:278)
	at org.apache.http.impl.conn.DefaultHttpResponseParser.parseHead(DefaultHttpResponseParser.java:138)
	at org.apache.http.impl.conn.DefaultHttpResponseParser.parseHead(DefaultHttpResponseParser.java:56)
	at org.apache.http.impl.io.AbstractMessageParser.parse(AbstractMessageParser.java:259)
	at org.apache.http.impl.AbstractHttpClientConnection.receiveResponseHeader(AbstractHttpClientConnection.java:286)
	at org.apache.http.impl.conn.DefaultClientConnection.receiveResponseHeader(DefaultClientConnection.java:257)
	at org.apache.http.impl.conn.ManagedClientConnectionImpl.receiveResponseHeader(ManagedClientConnectionImpl.java:207)
	at org.apache.http.protocol.HttpRequestExecutor.doReceiveResponse(HttpRequestExecutor.java:273)
	at org.apache.http.protocol.HttpRequestExecutor.execute(HttpRequestExecutor.java:125)
	at org.apache.http.impl.client.DefaultRequestDirector.tryExecute(DefaultRequestDirector.java:684)
	at org.apache.http.impl.client.DefaultRequestDirector.execute(DefaultRequestDirector.java:486)
	at org.apache.http.impl.client.AbstractHttpClient.doExecute(AbstractHttpClient.java:835)
	at org.apache.http.impl.client.CloseableHttpClient.execute(CloseableHttpClient.java:83)
	at org.apache.http.impl.client.CloseableHttpClient.execute(CloseableHttpClient.java:108)
	at org.apache.http.impl.client.CloseableHttpClient.execute(CloseableHttpClient.java:56)
	at tern.server.nodejs.NodejsTernHelper.makeRequest(NodejsTernHelper.java:82)
	at tern.server.nodejs.NodejsTernServer.makeRequest(NodejsTernServer.java:238)
	at tern.server.nodejs.NodejsTernServer.request(NodejsTernServer.java:204)
	at tern.server.protocol.TernResultsProcessorsFactory.makeRequestAndProcess(TernResultsProcessorsFactory.java:45)
	... 2 more

!ENTRY tern.eclipse.ide.core 4 0 2020-04-09 12:41:04.785
!MESSAGE Unrecognized Windows Sockets error: 0: recv failed
!STACK 0
tern.TernException: Unrecognized Windows Sockets error: 0: recv failed
	at tern.eclipse.ide.internal.core.resources.IDETernFileUploader$1.onError(IDETernFileUploader.java:133)
	at tern.server.nodejs.NodejsTernServer.request(NodejsTernServer.java:207)
	at tern.eclipse.ide.internal.core.resources.IDETernFileUploader.run(IDETernFileUploader.java:124)
	at org.eclipse.core.internal.jobs.Worker.run(Worker.java:63)
Caused by: java.net.SocketException: Unrecognized Windows Sockets error: 0: recv failed
	at java.net.SocketInputStream.socketRead0(Native Method)
	at java.net.SocketInputStream.socketRead(SocketInputStream.java:116)
	at java.net.SocketInputStream.read(SocketInputStream.java:171)
	at java.net.SocketInputStream.read(SocketInputStream.java:141)
	at org.apache.http.impl.io.AbstractSessionInputBuffer.fillBuffer(AbstractSessionInputBuffer.java:161)
	at org.apache.http.impl.io.SocketInputBuffer.fillBuffer(SocketInputBuffer.java:82)
	at org.apache.http.impl.io.AbstractSessionInputBuffer.readLine(AbstractSessionInputBuffer.java:278)
	at org.apache.http.impl.conn.DefaultHttpResponseParser.parseHead(DefaultHttpResponseParser.java:138)
	at org.apache.http.impl.conn.DefaultHttpResponseParser.parseHead(DefaultHttpResponseParser.java:56)
	at org.apache.http.impl.io.AbstractMessageParser.parse(AbstractMessageParser.java:259)
	at org.apache.http.impl.AbstractHttpClientConnection.receiveResponseHeader(AbstractHttpClientConnection.java:286)
	at org.apache.http.impl.conn.DefaultClientConnection.receiveResponseHeader(DefaultClientConnection.java:257)
	at org.apache.http.impl.conn.ManagedClientConnectionImpl.receiveResponseHeader(ManagedClientConnectionImpl.java:207)
	at org.apache.http.protocol.HttpRequestExecutor.doReceiveResponse(HttpRequestExecutor.java:273)
	at org.apache.http.protocol.HttpRequestExecutor.execute(HttpRequestExecutor.java:125)
	at org.apache.http.impl.client.DefaultRequestDirector.tryExecute(DefaultRequestDirector.java:684)
	at org.apache.http.impl.client.DefaultRequestDirector.execute(DefaultRequestDirector.java:486)
	at org.apache.http.impl.client.AbstractHttpClient.doExecute(AbstractHttpClient.java:835)
	at org.apache.http.impl.client.CloseableHttpClient.execute(CloseableHttpClient.java:83)
	at org.apache.http.impl.client.CloseableHttpClient.execute(CloseableHttpClient.java:108)
	at org.apache.http.impl.client.CloseableHttpClient.execute(CloseableHttpClient.java:56)
	at tern.server.nodejs.NodejsTernHelper.makeRequest(NodejsTernHelper.java:82)
	at tern.server.nodejs.NodejsTernServer.makeRequest(NodejsTernServer.java:238)
	at tern.server.nodejs.NodejsTernServer.request(NodejsTernServer.java:204)
	... 2 more

!ENTRY tern.eclipse.ide.core 4 0 2020-04-09 12:46:41.234
!MESSAGE Connection reset
!STACK 0
tern.TernException: Connection reset
	at tern.server.DefaultResponseHandler.getData(DefaultResponseHandler.java:54)
	at tern.server.protocol.TernResultsProcessorsFactory.makeRequestAndProcess(TernResultsProcessorsFactory.java:46)
	at tern.eclipse.ide.internal.core.resources.IDETernServerAsyncReqProcessor.run(IDETernServerAsyncReqProcessor.java:105)
	at org.eclipse.core.internal.jobs.Worker.run(Worker.java:63)
Caused by: java.net.SocketException: Connection reset
	at java.net.SocketInputStream.read(SocketInputStream.java:210)
	at java.net.SocketInputStream.read(SocketInputStream.java:141)
	at org.apache.http.impl.io.AbstractSessionInputBuffer.fillBuffer(AbstractSessionInputBuffer.java:161)
	at org.apache.http.impl.io.SocketInputBuffer.fillBuffer(SocketInputBuffer.java:82)
	at org.apache.http.impl.io.AbstractSessionInputBuffer.readLine(AbstractSessionInputBuffer.java:278)
	at org.apache.http.impl.conn.DefaultHttpResponseParser.parseHead(DefaultHttpResponseParser.java:138)
	at org.apache.http.impl.conn.DefaultHttpResponseParser.parseHead(DefaultHttpResponseParser.java:56)
	at org.apache.http.impl.io.AbstractMessageParser.parse(AbstractMessageParser.java:259)
	at org.apache.http.impl.AbstractHttpClientConnection.receiveResponseHeader(AbstractHttpClientConnection.java:286)
	at org.apache.http.impl.conn.DefaultClientConnection.receiveResponseHeader(DefaultClientConnection.java:257)
	at org.apache.http.impl.conn.ManagedClientConnectionImpl.receiveResponseHeader(ManagedClientConnectionImpl.java:207)
	at org.apache.http.protocol.HttpRequestExecutor.doReceiveResponse(HttpRequestExecutor.java:273)
	at org.apache.http.protocol.HttpRequestExecutor.execute(HttpRequestExecutor.java:125)
	at org.apache.http.impl.client.DefaultRequestDirector.tryExecute(DefaultRequestDirector.java:684)
	at org.apache.http.impl.client.DefaultRequestDirector.execute(DefaultRequestDirector.java:486)
	at org.apache.http.impl.client.AbstractHttpClient.doExecute(AbstractHttpClient.java:835)
	at org.apache.http.impl.client.CloseableHttpClient.execute(CloseableHttpClient.java:83)
	at org.apache.http.impl.client.CloseableHttpClient.execute(CloseableHttpClient.java:108)
	at org.apache.http.impl.client.CloseableHttpClient.execute(CloseableHttpClient.java:56)
	at tern.server.nodejs.NodejsTernHelper.makeRequest(NodejsTernHelper.java:82)
	at tern.server.nodejs.NodejsTernServer.makeRequest(NodejsTernServer.java:238)
	at tern.server.nodejs.NodejsTernServer.request(NodejsTernServer.java:204)
	at tern.server.protocol.TernResultsProcessorsFactory.makeRequestAndProcess(TernResultsProcessorsFactory.java:45)
	... 2 more

!ENTRY tern.eclipse.ide.core 4 0 2020-04-09 14:56:02.909
!MESSAGE Connection reset
!STACK 0
tern.TernException: Connection reset
	at tern.server.DefaultResponseHandler.getData(DefaultResponseHandler.java:54)
	at tern.server.protocol.TernResultsProcessorsFactory.makeRequestAndProcess(TernResultsProcessorsFactory.java:46)
	at tern.eclipse.ide.internal.core.resources.IDETernServerAsyncReqProcessor.run(IDETernServerAsyncReqProcessor.java:105)
	at org.eclipse.core.internal.jobs.Worker.run(Worker.java:63)
Caused by: java.net.SocketException: Connection reset
	at java.net.SocketInputStream.read(SocketInputStream.java:210)
	at java.net.SocketInputStream.read(SocketInputStream.java:141)
	at org.apache.http.impl.io.AbstractSessionInputBuffer.fillBuffer(AbstractSessionInputBuffer.java:161)
	at org.apache.http.impl.io.SocketInputBuffer.fillBuffer(SocketInputBuffer.java:82)
	at org.apache.http.impl.io.AbstractSessionInputBuffer.readLine(AbstractSessionInputBuffer.java:278)
	at org.apache.http.impl.conn.DefaultHttpResponseParser.parseHead(DefaultHttpResponseParser.java:138)
	at org.apache.http.impl.conn.DefaultHttpResponseParser.parseHead(DefaultHttpResponseParser.java:56)
	at org.apache.http.impl.io.AbstractMessageParser.parse(AbstractMessageParser.java:259)
	at org.apache.http.impl.AbstractHttpClientConnection.receiveResponseHeader(AbstractHttpClientConnection.java:286)
	at org.apache.http.impl.conn.DefaultClientConnection.receiveResponseHeader(DefaultClientConnection.java:257)
	at org.apache.http.impl.conn.ManagedClientConnectionImpl.receiveResponseHeader(ManagedClientConnectionImpl.java:207)
	at org.apache.http.protocol.HttpRequestExecutor.doReceiveResponse(HttpRequestExecutor.java:273)
	at org.apache.http.protocol.HttpRequestExecutor.execute(HttpRequestExecutor.java:125)
	at org.apache.http.impl.client.DefaultRequestDirector.tryExecute(DefaultRequestDirector.java:684)
	at org.apache.http.impl.client.DefaultRequestDirector.execute(DefaultRequestDirector.java:486)
	at org.apache.http.impl.client.AbstractHttpClient.doExecute(AbstractHttpClient.java:835)
	at org.apache.http.impl.client.CloseableHttpClient.execute(CloseableHttpClient.java:83)
	at org.apache.http.impl.client.CloseableHttpClient.execute(CloseableHttpClient.java:108)
	at org.apache.http.impl.client.CloseableHttpClient.execute(CloseableHttpClient.java:56)
	at tern.server.nodejs.NodejsTernHelper.makeRequest(NodejsTernHelper.java:82)
	at tern.server.nodejs.NodejsTernServer.makeRequest(NodejsTernServer.java:238)
	at tern.server.nodejs.NodejsTernServer.request(NodejsTernServer.java:204)
	at tern.server.protocol.TernResultsProcessorsFactory.makeRequestAndProcess(TernResultsProcessorsFactory.java:45)
	... 2 more

!ENTRY tern.eclipse.ide.core 4 0 2020-04-09 15:10:12.493
!MESSAGE Connection reset
!STACK 0
tern.TernException: Connection reset
	at tern.server.DefaultResponseHandler.getData(DefaultResponseHandler.java:54)
	at tern.server.protocol.TernResultsProcessorsFactory.makeRequestAndProcess(TernResultsProcessorsFactory.java:46)
	at tern.eclipse.ide.internal.core.resources.IDETernServerAsyncReqProcessor.run(IDETernServerAsyncReqProcessor.java:105)
	at org.eclipse.core.internal.jobs.Worker.run(Worker.java:63)
Caused by: java.net.SocketException: Connection reset
	at java.net.SocketInputStream.read(SocketInputStream.java:210)
	at java.net.SocketInputStream.read(SocketInputStream.java:141)
	at org.apache.http.impl.io.AbstractSessionInputBuffer.fillBuffer(AbstractSessionInputBuffer.java:161)
	at org.apache.http.impl.io.SocketInputBuffer.fillBuffer(SocketInputBuffer.java:82)
	at org.apache.http.impl.io.AbstractSessionInputBuffer.readLine(AbstractSessionInputBuffer.java:278)
	at org.apache.http.impl.conn.DefaultHttpResponseParser.parseHead(DefaultHttpResponseParser.java:138)
	at org.apache.http.impl.conn.DefaultHttpResponseParser.parseHead(DefaultHttpResponseParser.java:56)
	at org.apache.http.impl.io.AbstractMessageParser.parse(AbstractMessageParser.java:259)
	at org.apache.http.impl.AbstractHttpClientConnection.receiveResponseHeader(AbstractHttpClientConnection.java:286)
	at org.apache.http.impl.conn.DefaultClientConnection.receiveResponseHeader(DefaultClientConnection.java:257)
	at org.apache.http.impl.conn.ManagedClientConnectionImpl.receiveResponseHeader(ManagedClientConnectionImpl.java:207)
	at org.apache.http.protocol.HttpRequestExecutor.doReceiveResponse(HttpRequestExecutor.java:273)
	at org.apache.http.protocol.HttpRequestExecutor.execute(HttpRequestExecutor.java:125)
	at org.apache.http.impl.client.DefaultRequestDirector.tryExecute(DefaultRequestDirector.java:684)
	at org.apache.http.impl.client.DefaultRequestDirector.execute(DefaultRequestDirector.java:486)
	at org.apache.http.impl.client.AbstractHttpClient.doExecute(AbstractHttpClient.java:835)
	at org.apache.http.impl.client.CloseableHttpClient.execute(CloseableHttpClient.java:83)
	at org.apache.http.impl.client.CloseableHttpClient.execute(CloseableHttpClient.java:108)
	at org.apache.http.impl.client.CloseableHttpClient.execute(CloseableHttpClient.java:56)
	at tern.server.nodejs.NodejsTernHelper.makeRequest(NodejsTernHelper.java:82)
	at tern.server.nodejs.NodejsTernServer.makeRequest(NodejsTernServer.java:238)
	at tern.server.nodejs.NodejsTernServer.request(NodejsTernServer.java:204)
	at tern.server.protocol.TernResultsProcessorsFactory.makeRequestAndProcess(TernResultsProcessorsFactory.java:45)
	... 2 more

!ENTRY tern.eclipse.ide.core 4 0 2020-04-09 15:18:04.285
!MESSAGE Connection reset
!STACK 0
tern.TernException: Connection reset
	at tern.server.DefaultResponseHandler.getData(DefaultResponseHandler.java:54)
	at tern.server.protocol.TernResultsProcessorsFactory.makeRequestAndProcess(TernResultsProcessorsFactory.java:46)
	at tern.eclipse.ide.internal.core.resources.IDETernServerAsyncReqProcessor.run(IDETernServerAsyncReqProcessor.java:105)
	at org.eclipse.core.internal.jobs.Worker.run(Worker.java:63)
Caused by: java.net.SocketException: Connection reset
	at java.net.SocketInputStream.read(SocketInputStream.java:210)
	at java.net.SocketInputStream.read(SocketInputStream.java:141)
	at org.apache.http.impl.io.AbstractSessionInputBuffer.fillBuffer(AbstractSessionInputBuffer.java:161)
	at org.apache.http.impl.io.SocketInputBuffer.fillBuffer(SocketInputBuffer.java:82)
	at org.apache.http.impl.io.AbstractSessionInputBuffer.readLine(AbstractSessionInputBuffer.java:278)
	at org.apache.http.impl.conn.DefaultHttpResponseParser.parseHead(DefaultHttpResponseParser.java:138)
	at org.apache.http.impl.conn.DefaultHttpResponseParser.parseHead(DefaultHttpResponseParser.java:56)
	at org.apache.http.impl.io.AbstractMessageParser.parse(AbstractMessageParser.java:259)
	at org.apache.http.impl.AbstractHttpClientConnection.receiveResponseHeader(AbstractHttpClientConnection.java:286)
	at org.apache.http.impl.conn.DefaultClientConnection.receiveResponseHeader(DefaultClientConnection.java:257)
	at org.apache.http.impl.conn.ManagedClientConnectionImpl.receiveResponseHeader(ManagedClientConnectionImpl.java:207)
	at org.apache.http.protocol.HttpRequestExecutor.doReceiveResponse(HttpRequestExecutor.java:273)
	at org.apache.http.protocol.HttpRequestExecutor.execute(HttpRequestExecutor.java:125)
	at org.apache.http.impl.client.DefaultRequestDirector.tryExecute(DefaultRequestDirector.java:684)
	at org.apache.http.impl.client.DefaultRequestDirector.execute(DefaultRequestDirector.java:486)
	at org.apache.http.impl.client.AbstractHttpClient.doExecute(AbstractHttpClient.java:835)
	at org.apache.http.impl.client.CloseableHttpClient.execute(CloseableHttpClient.java:83)
	at org.apache.http.impl.client.CloseableHttpClient.execute(CloseableHttpClient.java:108)
	at org.apache.http.impl.client.CloseableHttpClient.execute(CloseableHttpClient.java:56)
	at tern.server.nodejs.NodejsTernHelper.makeRequest(NodejsTernHelper.java:82)
	at tern.server.nodejs.NodejsTernServer.makeRequest(NodejsTernServer.java:238)
	at tern.server.nodejs.NodejsTernServer.request(NodejsTernServer.java:204)
	at tern.server.protocol.TernResultsProcessorsFactory.makeRequestAndProcess(TernResultsProcessorsFactory.java:45)
	... 2 more

!ENTRY tern.eclipse.ide.core 4 0 2020-04-09 15:44:49.178
!MESSAGE Connection reset
!STACK 0
tern.TernException: Connection reset
	at tern.server.DefaultResponseHandler.getData(DefaultResponseHandler.java:54)
	at tern.server.protocol.TernResultsProcessorsFactory.makeRequestAndProcess(TernResultsProcessorsFactory.java:46)
	at tern.eclipse.ide.internal.core.resources.IDETernServerAsyncReqProcessor.run(IDETernServerAsyncReqProcessor.java:105)
	at org.eclipse.core.internal.jobs.Worker.run(Worker.java:63)
Caused by: java.net.SocketException: Connection reset
	at java.net.SocketInputStream.read(SocketInputStream.java:210)
	at java.net.SocketInputStream.read(SocketInputStream.java:141)
	at org.apache.http.impl.io.AbstractSessionInputBuffer.fillBuffer(AbstractSessionInputBuffer.java:161)
	at org.apache.http.impl.io.SocketInputBuffer.fillBuffer(SocketInputBuffer.java:82)
	at org.apache.http.impl.io.AbstractSessionInputBuffer.readLine(AbstractSessionInputBuffer.java:278)
	at org.apache.http.impl.conn.DefaultHttpResponseParser.parseHead(DefaultHttpResponseParser.java:138)
	at org.apache.http.impl.conn.DefaultHttpResponseParser.parseHead(DefaultHttpResponseParser.java:56)
	at org.apache.http.impl.io.AbstractMessageParser.parse(AbstractMessageParser.java:259)
	at org.apache.http.impl.AbstractHttpClientConnection.receiveResponseHeader(AbstractHttpClientConnection.java:286)
	at org.apache.http.impl.conn.DefaultClientConnection.receiveResponseHeader(DefaultClientConnection.java:257)
	at org.apache.http.impl.conn.ManagedClientConnectionImpl.receiveResponseHeader(ManagedClientConnectionImpl.java:207)
	at org.apache.http.protocol.HttpRequestExecutor.doReceiveResponse(HttpRequestExecutor.java:273)
	at org.apache.http.protocol.HttpRequestExecutor.execute(HttpRequestExecutor.java:125)
	at org.apache.http.impl.client.DefaultRequestDirector.tryExecute(DefaultRequestDirector.java:684)
	at org.apache.http.impl.client.DefaultRequestDirector.execute(DefaultRequestDirector.java:486)
	at org.apache.http.impl.client.AbstractHttpClient.doExecute(AbstractHttpClient.java:835)
	at org.apache.http.impl.client.CloseableHttpClient.execute(CloseableHttpClient.java:83)
	at org.apache.http.impl.client.CloseableHttpClient.execute(CloseableHttpClient.java:108)
	at org.apache.http.impl.client.CloseableHttpClient.execute(CloseableHttpClient.java:56)
	at tern.server.nodejs.NodejsTernHelper.makeRequest(NodejsTernHelper.java:82)
	at tern.server.nodejs.NodejsTernServer.makeRequest(NodejsTernServer.java:238)
	at tern.server.nodejs.NodejsTernServer.request(NodejsTernServer.java:204)
	at tern.server.protocol.TernResultsProcessorsFactory.makeRequestAndProcess(TernResultsProcessorsFactory.java:45)
	... 2 more

!ENTRY tern.eclipse.ide.core 4 0 2020-04-09 16:00:22.933
!MESSAGE Connection reset
!STACK 0
tern.TernException: Connection reset
	at tern.server.DefaultResponseHandler.getData(DefaultResponseHandler.java:54)
	at tern.server.protocol.TernResultsProcessorsFactory.makeRequestAndProcess(TernResultsProcessorsFactory.java:46)
	at tern.eclipse.ide.internal.core.resources.IDETernServerAsyncReqProcessor.run(IDETernServerAsyncReqProcessor.java:105)
	at org.eclipse.core.internal.jobs.Worker.run(Worker.java:63)
Caused by: java.net.SocketException: Connection reset
	at java.net.SocketInputStream.read(SocketInputStream.java:210)
	at java.net.SocketInputStream.read(SocketInputStream.java:141)
	at org.apache.http.impl.io.AbstractSessionInputBuffer.fillBuffer(AbstractSessionInputBuffer.java:161)
	at org.apache.http.impl.io.SocketInputBuffer.fillBuffer(SocketInputBuffer.java:82)
	at org.apache.http.impl.io.AbstractSessionInputBuffer.readLine(AbstractSessionInputBuffer.java:278)
	at org.apache.http.impl.conn.DefaultHttpResponseParser.parseHead(DefaultHttpResponseParser.java:138)
	at org.apache.http.impl.conn.DefaultHttpResponseParser.parseHead(DefaultHttpResponseParser.java:56)
	at org.apache.http.impl.io.AbstractMessageParser.parse(AbstractMessageParser.java:259)
	at org.apache.http.impl.AbstractHttpClientConnection.receiveResponseHeader(AbstractHttpClientConnection.java:286)
	at org.apache.http.impl.conn.DefaultClientConnection.receiveResponseHeader(DefaultClientConnection.java:257)
	at org.apache.http.impl.conn.ManagedClientConnectionImpl.receiveResponseHeader(ManagedClientConnectionImpl.java:207)
	at org.apache.http.protocol.HttpRequestExecutor.doReceiveResponse(HttpRequestExecutor.java:273)
	at org.apache.http.protocol.HttpRequestExecutor.execute(HttpRequestExecutor.java:125)
	at org.apache.http.impl.client.DefaultRequestDirector.tryExecute(DefaultRequestDirector.java:684)
	at org.apache.http.impl.client.DefaultRequestDirector.execute(DefaultRequestDirector.java:486)
	at org.apache.http.impl.client.AbstractHttpClient.doExecute(AbstractHttpClient.java:835)
	at org.apache.http.impl.client.CloseableHttpClient.execute(CloseableHttpClient.java:83)
	at org.apache.http.impl.client.CloseableHttpClient.execute(CloseableHttpClient.java:108)
	at org.apache.http.impl.client.CloseableHttpClient.execute(CloseableHttpClient.java:56)
	at tern.server.nodejs.NodejsTernHelper.makeRequest(NodejsTernHelper.java:82)
	at tern.server.nodejs.NodejsTernServer.makeRequest(NodejsTernServer.java:238)
	at tern.server.nodejs.NodejsTernServer.request(NodejsTernServer.java:204)
	at tern.server.protocol.TernResultsProcessorsFactory.makeRequestAndProcess(TernResultsProcessorsFactory.java:45)
	... 2 more

!ENTRY tern.eclipse.ide.core 4 0 2020-04-09 17:36:44.370
!MESSAGE Connection reset
!STACK 0
tern.TernException: Connection reset
	at tern.server.DefaultResponseHandler.getData(DefaultResponseHandler.java:54)
	at tern.server.protocol.TernResultsProcessorsFactory.makeRequestAndProcess(TernResultsProcessorsFactory.java:46)
	at tern.eclipse.ide.internal.core.resources.IDETernServerAsyncReqProcessor.run(IDETernServerAsyncReqProcessor.java:105)
	at org.eclipse.core.internal.jobs.Worker.run(Worker.java:63)
Caused by: java.net.SocketException: Connection reset
	at java.net.SocketInputStream.read(SocketInputStream.java:210)
	at java.net.SocketInputStream.read(SocketInputStream.java:141)
	at org.apache.http.impl.io.AbstractSessionInputBuffer.fillBuffer(AbstractSessionInputBuffer.java:161)
	at org.apache.http.impl.io.SocketInputBuffer.fillBuffer(SocketInputBuffer.java:82)
	at org.apache.http.impl.io.AbstractSessionInputBuffer.readLine(AbstractSessionInputBuffer.java:278)
	at org.apache.http.impl.conn.DefaultHttpResponseParser.parseHead(DefaultHttpResponseParser.java:138)
	at org.apache.http.impl.conn.DefaultHttpResponseParser.parseHead(DefaultHttpResponseParser.java:56)
	at org.apache.http.impl.io.AbstractMessageParser.parse(AbstractMessageParser.java:259)
	at org.apache.http.impl.AbstractHttpClientConnection.receiveResponseHeader(AbstractHttpClientConnection.java:286)
	at org.apache.http.impl.conn.DefaultClientConnection.receiveResponseHeader(DefaultClientConnection.java:257)
	at org.apache.http.impl.conn.ManagedClientConnectionImpl.receiveResponseHeader(ManagedClientConnectionImpl.java:207)
	at org.apache.http.protocol.HttpRequestExecutor.doReceiveResponse(HttpRequestExecutor.java:273)
	at org.apache.http.protocol.HttpRequestExecutor.execute(HttpRequestExecutor.java:125)
	at org.apache.http.impl.client.DefaultRequestDirector.tryExecute(DefaultRequestDirector.java:684)
	at org.apache.http.impl.client.DefaultRequestDirector.execute(DefaultRequestDirector.java:486)
	at org.apache.http.impl.client.AbstractHttpClient.doExecute(AbstractHttpClient.java:835)
	at org.apache.http.impl.client.CloseableHttpClient.execute(CloseableHttpClient.java:83)
	at org.apache.http.impl.client.CloseableHttpClient.execute(CloseableHttpClient.java:108)
	at org.apache.http.impl.client.CloseableHttpClient.execute(CloseableHttpClient.java:56)
	at tern.server.nodejs.NodejsTernHelper.makeRequest(NodejsTernHelper.java:82)
	at tern.server.nodejs.NodejsTernServer.makeRequest(NodejsTernServer.java:238)
	at tern.server.nodejs.NodejsTernServer.request(NodejsTernServer.java:204)
	at tern.server.protocol.TernResultsProcessorsFactory.makeRequestAndProcess(TernResultsProcessorsFactory.java:45)
	... 2 more

!ENTRY org.eclipse.egit.ui 4 0 2020-04-09 18:15:32.285
!MESSAGE Cannot pull into a repository with state: MERGING
!STACK 0
org.eclipse.jgit.api.errors.WrongRepositoryStateException: Cannot pull into a repository with state: MERGING
	at org.eclipse.jgit.api.PullCommand.call(PullCommand.java:244)
	at org.eclipse.egit.core.op.PullOperation$1.run(PullOperation.java:203)
	at org.eclipse.core.internal.resources.Workspace.run(Workspace.java:2292)
	at org.eclipse.core.internal.resources.Workspace.run(Workspace.java:2319)
	at org.eclipse.egit.core.op.PullOperation.execute(PullOperation.java:235)
	at org.eclipse.egit.ui.internal.pull.PullOperationUI.execute(PullOperationUI.java:178)
	at org.eclipse.egit.ui.internal.pull.PullOperationUI.access$0(PullOperationUI.java:170)
	at org.eclipse.egit.ui.internal.pull.PullOperationUI$1.runInWorkspace(PullOperationUI.java:143)
	at org.eclipse.core.internal.resources.InternalWorkspaceJob.run(InternalWorkspaceJob.java:42)
	at org.eclipse.core.internal.jobs.Worker.run(Worker.java:63)
!SESSION 2020-04-09 18:45:21.840 -----------------------------------------------
eclipse.buildId=4.9.0.I20180906-0745
java.version=1.8.0_221
java.vendor=Oracle Corporation
BootLoader constants: OS=win32, ARCH=x86_64, WS=win32, NL=ko_KR
Framework arguments:  -product org.eclipse.epp.package.jee.product
Command-line arguments:  -os win32 -ws win32 -arch x86_64 -product org.eclipse.epp.package.jee.product

!ENTRY org.eclipse.egit.ui 2 0 2020-04-09 18:46:07.425
!MESSAGE Warning: The environment variable HOME is not set. The following directory will be used to store the Git
user global configuration and to define the default location to store repositories: 'C:\Users\acorn'. If this is
not correct please set the HOME environment variable and restart Eclipse. Otherwise Git for Windows and
EGit might behave differently since they see different configuration options.
This warning can be switched off on the Team > Git > Confirmations and Warnings preference page.

!ENTRY org.eclipse.epp.logging.aeri.ide 2 17 2020-04-09 18:46:12.401
!MESSAGE Server org.eclipse.epp.logging.aeri.ide.server failed with exception: java.lang.IllegalStateException: Expected BEGIN_OBJECT but was STRING at line 1 column 1 path $. ; version: 2.0.7.v20180504-0806
!STACK 0
com.google.gson.JsonSyntaxException: java.lang.IllegalStateException: Expected BEGIN_OBJECT but was STRING at line 1 column 1 path $
	at com.google.gson.internal.bind.ReflectiveTypeAdapterFactory$Adapter.read(ReflectiveTypeAdapterFactory.java:224)
	at com.google.gson.Gson.fromJson(Gson.java:888)
	at com.google.gson.Gson.fromJson(Gson.java:853)
	at com.google.gson.Gson.fromJson(Gson.java:802)
	at org.eclipse.epp.internal.logging.aeri.ide.server.json.Json.deserialize(Json.java:91)
	at org.eclipse.epp.internal.logging.aeri.ide.server.mars.IO.refreshConfiguration(IO.java:66)
	at org.eclipse.epp.internal.logging.aeri.ide.server.mars.ServerConnection.startUp(ServerConnection.java:124)
	at com.google.common.util.concurrent.AbstractIdleService$DelegateService$1.run(AbstractIdleService.java:62)
	at com.google.common.util.concurrent.Callables$4.run(Callables.java:122)
	at java.lang.Thread.run(Thread.java:748)
Caused by: java.lang.IllegalStateException: Expected BEGIN_OBJECT but was STRING at line 1 column 1 path $
	at com.google.gson.stream.JsonReader.beginObject(JsonReader.java:385)
	at com.google.gson.internal.bind.ReflectiveTypeAdapterFactory$Adapter.read(ReflectiveTypeAdapterFactory.java:213)
	... 9 more

!ENTRY org.eclipse.m2e.logback.appender 2 0 2020-04-09 18:46:19.960
!MESSAGE 
!SESSION 2020-04-10 13:56:57.553 -----------------------------------------------
eclipse.buildId=4.9.0.I20180906-0745
java.version=1.8.0_221
java.vendor=Oracle Corporation
BootLoader constants: OS=win32, ARCH=x86_64, WS=win32, NL=ko_KR
Framework arguments:  -product org.eclipse.epp.package.jee.product
Command-line arguments:  -os win32 -ws win32 -arch x86_64 -product org.eclipse.epp.package.jee.product

!ENTRY org.eclipse.egit.ui 2 0 2020-04-10 13:57:33.552
!MESSAGE Warning: The environment variable HOME is not set. The following directory will be used to store the Git
user global configuration and to define the default location to store repositories: 'C:\Users\acorn'. If this is
not correct please set the HOME environment variable and restart Eclipse. Otherwise Git for Windows and
EGit might behave differently since they see different configuration options.
This warning can be switched off on the Team > Git > Confirmations and Warnings preference page.

!ENTRY org.eclipse.epp.logging.aeri.ide 2 17 2020-04-10 13:57:39.215
!MESSAGE Server org.eclipse.epp.logging.aeri.ide.server failed with exception: java.lang.IllegalStateException: Expected BEGIN_OBJECT but was STRING at line 1 column 1 path $. ; version: 2.0.7.v20180504-0806
!STACK 0
com.google.gson.JsonSyntaxException: java.lang.IllegalStateException: Expected BEGIN_OBJECT but was STRING at line 1 column 1 path $
	at com.google.gson.internal.bind.ReflectiveTypeAdapterFactory$Adapter.read(ReflectiveTypeAdapterFactory.java:224)
	at com.google.gson.Gson.fromJson(Gson.java:888)
	at com.google.gson.Gson.fromJson(Gson.java:853)
	at com.google.gson.Gson.fromJson(Gson.java:802)
	at org.eclipse.epp.internal.logging.aeri.ide.server.json.Json.deserialize(Json.java:91)
	at org.eclipse.epp.internal.logging.aeri.ide.server.mars.IO.refreshConfiguration(IO.java:66)
	at org.eclipse.epp.internal.logging.aeri.ide.server.mars.ServerConnection.startUp(ServerConnection.java:124)
	at com.google.common.util.concurrent.AbstractIdleService$DelegateService$1.run(AbstractIdleService.java:62)
	at com.google.common.util.concurrent.Callables$4.run(Callables.java:122)
	at java.lang.Thread.run(Thread.java:748)
Caused by: java.lang.IllegalStateException: Expected BEGIN_OBJECT but was STRING at line 1 column 1 path $
	at com.google.gson.stream.JsonReader.beginObject(JsonReader.java:385)
	at com.google.gson.internal.bind.ReflectiveTypeAdapterFactory$Adapter.read(ReflectiveTypeAdapterFactory.java:213)
	... 9 more

!ENTRY org.eclipse.m2e.logback.appender 2 0 2020-04-10 13:57:42.097
!MESSAGE 

!ENTRY org.eclipse.core.jobs 4 2 2020-04-10 13:58:13.348
!MESSAGE An internal error occurred during: "Synchronizing script resources with Tern server...".
!STACK 0
java.lang.NullPointerException
	at tern.eclipse.ide.internal.core.Trace.trace(Trace.java:82)
	at tern.eclipse.ide.internal.core.resources.IDETernProject.handleException(IDETernProject.java:373)
	at tern.eclipse.ide.internal.core.resources.IDETernFileUploader$1.onError(IDETernFileUploader.java:133)
	at tern.server.nodejs.NodejsTernServer.request(NodejsTernServer.java:207)
	at tern.eclipse.ide.internal.core.resources.IDETernFileUploader.run(IDETernFileUploader.java:124)
	at org.eclipse.core.internal.jobs.Worker.run(Worker.java:63)

!ENTRY org.eclipse.core.jobs 4 2 2020-04-10 13:58:13.349
!MESSAGE An internal error occurred during: "Synchronizing script resources with Tern server...".
!STACK 0
java.lang.NullPointerException
	at tern.eclipse.ide.internal.core.Trace.trace(Trace.java:82)
	at tern.eclipse.ide.internal.core.resources.IDETernProject.getTernServer(IDETernProject.java:172)
	at tern.eclipse.ide.internal.core.resources.IDETernFileUploader.run(IDETernFileUploader.java:101)
	at org.eclipse.core.internal.jobs.Worker.run(Worker.java:63)
